<?xml version="1.0" encoding="UTF-8"?>
<testsuite xmlns:xsi="http://www.w3.org/2001/XMLSchema-instance" xsi:noNamespaceSchemaLocation="https://maven.apache.org/surefire/maven-failsafe-plugin/xsd/failsafe-test-report-3.0.xsd" version="3.0" name="CucumberTestSuite" time="82.9" tests="5" errors="0" skipped="0" failures="0">
  <properties>
    <property name="java.specification.version" value="17"/>
    <property name="webdriver.chrome.driver" value="D:\WebProgramming\section20\src\test\resources\webdriver\chromedriver.exe"/>
    <property name="sun.cpu.isalist" value="amd64"/>
    <property name="sun.jnu.encoding" value="Cp1252"/>
    <property name="java.class.path" value="D:\WebProgramming\section20\target\test-classes;C:\Users\USER\.m2\repository\net\serenity-bdd\serenity-core\3.2.1\serenity-core-3.2.1.jar;C:\Users\USER\.m2\repository\net\serenity-bdd\serenity-model\3.2.1\serenity-model-3.2.1.jar;C:\Users\USER\.m2\repository\org\apache\commons\commons-text\1.9\commons-text-1.9.jar;C:\Users\USER\.m2\repository\commons-net\commons-net\3.8.0\commons-net-3.8.0.jar;C:\Users\USER\.m2\repository\com\google\guava\guava\31.1-jre\guava-31.1-jre.jar;C:\Users\USER\.m2\repository\com\google\guava\failureaccess\1.0.1\failureaccess-1.0.1.jar;C:\Users\USER\.m2\repository\com\google\guava\listenablefuture\9999.0-empty-to-avoid-conflict-with-guava\listenablefuture-9999.0-empty-to-avoid-conflict-with-guava.jar;C:\Users\USER\.m2\repository\com\google\code\findbugs\jsr305\3.0.2\jsr305-3.0.2.jar;C:\Users\USER\.m2\repository\org\checkerframework\checker-qual\3.12.0\checker-qual-3.12.0.jar;C:\Users\USER\.m2\repository\com\google\errorprone\error_prone_annotations\2.11.0\error_prone_annotations-2.11.0.jar;C:\Users\USER\.m2\repository\com\google\j2objc\j2objc-annotations\1.3\j2objc-annotations-1.3.jar;C:\Users\USER\.m2\repository\com\google\inject\guice\5.1.0\guice-5.1.0.jar;C:\Users\USER\.m2\repository\javax\inject\javax.inject\1\javax.inject-1.jar;C:\Users\USER\.m2\repository\aopalliance\aopalliance\1.0\aopalliance-1.0.jar;C:\Users\USER\.m2\repository\org\jsoup\jsoup\1.14.3\jsoup-1.14.3.jar;C:\Users\USER\.m2\repository\com\thoughtworks\xstream\xstream\1.4.19\xstream-1.4.19.jar;C:\Users\USER\.m2\repository\io\github\x-stream\mxparser\1.2.2\mxparser-1.2.2.jar;C:\Users\USER\.m2\repository\xmlpull\xmlpull\1.1.3.1\xmlpull-1.1.3.1.jar;C:\Users\USER\.m2\repository\io\cucumber\cucumber-java\7.2.3\cucumber-java-7.2.3.jar;C:\Users\USER\.m2\repository\com\typesafe\config\1.4.2\config-1.4.2.jar;C:\Users\USER\.m2\repository\org\imgscalr\imgscalr-lib\4.2\imgscalr-lib-4.2.jar;C:\Users\USER\.m2\repository\org\awaitility\awaitility\4.2.0\awaitility-4.2.0.jar;C:\Users\USER\.m2\repository\org\freemarker\freemarker\2.3.31\freemarker-2.3.31.jar;C:\Users\USER\.m2\repository\io\github\classgraph\classgraph\4.8.138\classgraph-4.8.138.jar;C:\Users\USER\.m2\repository\net\sourceforge\jexcelapi\jxl\2.6.12\jxl-2.6.12.jar;C:\Users\USER\.m2\repository\net\bytebuddy\byte-buddy\1.12.8\byte-buddy-1.12.8.jar;C:\Users\USER\.m2\repository\net\bytebuddy\byte-buddy-agent\1.12.8\byte-buddy-agent-1.12.8.jar;C:\Users\USER\.m2\repository\org\objenesis\objenesis\3.1\objenesis-3.1.jar;C:\Users\USER\.m2\repository\net\serenity-bdd\serenity-reports\3.2.1\serenity-reports-3.2.1.jar;C:\Users\USER\.m2\repository\net\serenity-bdd\serenity-stats\3.2.1\serenity-stats-3.2.1.jar;C:\Users\USER\.m2\repository\net\serenity-bdd\serenity-reports-configuration\3.2.1\serenity-reports-configuration-3.2.1.jar;C:\Users\USER\.m2\repository\com\vladsch\flexmark\flexmark-all\0.34.30\flexmark-all-0.34.30.jar;C:\Users\USER\.m2\repository\com\vladsch\flexmark\flexmark\0.34.30\flexmark-0.34.30.jar;C:\Users\USER\.m2\repository\com\vladsch\flexmark\flexmark-ext-abbreviation\0.34.30\flexmark-ext-abbreviation-0.34.30.jar;C:\Users\USER\.m2\repository\com\vladsch\flexmark\flexmark-ext-admonition\0.34.30\flexmark-ext-admonition-0.34.30.jar;C:\Users\USER\.m2\repository\com\vladsch\flexmark\flexmark-ext-anchorlink\0.34.30\flexmark-ext-anchorlink-0.34.30.jar;C:\Users\USER\.m2\repository\com\vladsch\flexmark\flexmark-ext-aside\0.34.30\flexmark-ext-aside-0.34.30.jar;C:\Users\USER\.m2\repository\com\vladsch\flexmark\flexmark-ext-attributes\0.34.30\flexmark-ext-attributes-0.34.30.jar;C:\Users\USER\.m2\repository\com\vladsch\flexmark\flexmark-ext-autolink\0.34.30\flexmark-ext-autolink-0.34.30.jar;C:\Users\USER\.m2\repository\org\nibor\autolink\autolink\0.6.0\autolink-0.6.0.jar;C:\Users\USER\.m2\repository\com\vladsch\flexmark\flexmark-ext-definition\0.34.30\flexmark-ext-definition-0.34.30.jar;C:\Users\USER\.m2\repository\com\vladsch\flexmark\flexmark-ext-emoji\0.34.30\flexmark-ext-emoji-0.34.30.jar;C:\Users\USER\.m2\repository\com\vladsch\flexmark\flexmark-ext-enumerated-reference\0.34.30\flexmark-ext-enumerated-reference-0.34.30.jar;C:\Users\USER\.m2\repository\com\vladsch\flexmark\flexmark-ext-escaped-character\0.34.30\flexmark-ext-escaped-character-0.34.30.jar;C:\Users\USER\.m2\repository\com\vladsch\flexmark\flexmark-ext-footnotes\0.34.30\flexmark-ext-footnotes-0.34.30.jar;C:\Users\USER\.m2\repository\com\vladsch\flexmark\flexmark-ext-gfm-issues\0.34.30\flexmark-ext-gfm-issues-0.34.30.jar;C:\Users\USER\.m2\repository\com\vladsch\flexmark\flexmark-ext-gfm-strikethrough\0.34.30\flexmark-ext-gfm-strikethrough-0.34.30.jar;C:\Users\USER\.m2\repository\com\vladsch\flexmark\flexmark-ext-gfm-tables\0.34.30\flexmark-ext-gfm-tables-0.34.30.jar;C:\Users\USER\.m2\repository\com\vladsch\flexmark\flexmark-ext-gfm-tasklist\0.34.30\flexmark-ext-gfm-tasklist-0.34.30.jar;C:\Users\USER\.m2\repository\com\vladsch\flexmark\flexmark-ext-gfm-users\0.34.30\flexmark-ext-gfm-users-0.34.30.jar;C:\Users\USER\.m2\repository\com\vladsch\flexmark\flexmark-ext-gitlab\0.34.30\flexmark-ext-gitlab-0.34.30.jar;C:\Users\USER\.m2\repository\com\vladsch\flexmark\flexmark-ext-jekyll-front-matter\0.34.30\flexmark-ext-jekyll-front-matter-0.34.30.jar;C:\Users\USER\.m2\repository\com\vladsch\flexmark\flexmark-ext-jekyll-tag\0.34.30\flexmark-ext-jekyll-tag-0.34.30.jar;C:\Users\USER\.m2\repository\com\vladsch\flexmark\flexmark-ext-media-tags\0.34.30\flexmark-ext-media-tags-0.34.30.jar;C:\Users\USER\.m2\repository\com\vladsch\flexmark\flexmark-test-util\0.34.30\flexmark-test-util-0.34.30.jar;C:\Users\USER\.m2\repository\com\vladsch\flexmark\flexmark-ext-ins\0.34.30\flexmark-ext-ins-0.34.30.jar;C:\Users\USER\.m2\repository\com\vladsch\flexmark\flexmark-ext-xwiki-macros\0.34.30\flexmark-ext-xwiki-macros-0.34.30.jar;C:\Users\USER\.m2\repository\com\vladsch\flexmark\flexmark-ext-superscript\0.34.30\flexmark-ext-superscript-0.34.30.jar;C:\Users\USER\.m2\repository\com\vladsch\flexmark\flexmark-ext-tables\0.34.30\flexmark-ext-tables-0.34.30.jar;C:\Users\USER\.m2\repository\com\vladsch\flexmark\flexmark-ext-toc\0.34.30\flexmark-ext-toc-0.34.30.jar;C:\Users\USER\.m2\repository\com\vladsch\flexmark\flexmark-ext-typographic\0.34.30\flexmark-ext-typographic-0.34.30.jar;C:\Users\USER\.m2\repository\com\vladsch\flexmark\flexmark-ext-wikilink\0.34.30\flexmark-ext-wikilink-0.34.30.jar;C:\Users\USER\.m2\repository\com\vladsch\flexmark\flexmark-ext-yaml-front-matter\0.34.30\flexmark-ext-yaml-front-matter-0.34.30.jar;C:\Users\USER\.m2\repository\com\vladsch\flexmark\flexmark-ext-youtube-embedded\0.34.30\flexmark-ext-youtube-embedded-0.34.30.jar;C:\Users\USER\.m2\repository\com\vladsch\flexmark\flexmark-formatter\0.34.30\flexmark-formatter-0.34.30.jar;C:\Users\USER\.m2\repository\com\vladsch\flexmark\flexmark-html-parser\0.34.30\flexmark-html-parser-0.34.30.jar;C:\Users\USER\.m2\repository\com\vladsch\flexmark\flexmark-jira-converter\0.34.30\flexmark-jira-converter-0.34.30.jar;C:\Users\USER\.m2\repository\com\vladsch\flexmark\flexmark-pdf-converter\0.34.30\flexmark-pdf-converter-0.34.30.jar;C:\Users\USER\.m2\repository\com\openhtmltopdf\openhtmltopdf-core\0.0.1-RC13\openhtmltopdf-core-0.0.1-RC13.jar;C:\Users\USER\.m2\repository\com\openhtmltopdf\openhtmltopdf-pdfbox\0.0.1-RC13\openhtmltopdf-pdfbox-0.0.1-RC13.jar;C:\Users\USER\.m2\repository\org\apache\pdfbox\pdfbox\2.0.8\pdfbox-2.0.8.jar;C:\Users\USER\.m2\repository\org\apache\pdfbox\fontbox\2.0.8\fontbox-2.0.8.jar;C:\Users\USER\.m2\repository\commons-logging\commons-logging\1.2\commons-logging-1.2.jar;C:\Users\USER\.m2\repository\org\apache\pdfbox\xmpbox\2.0.8\xmpbox-2.0.8.jar;C:\Users\USER\.m2\repository\de\rototor\pdfbox\graphics2d\0.12\graphics2d-0.12.jar;C:\Users\USER\.m2\repository\com\openhtmltopdf\openhtmltopdf-rtl-support\0.0.1-RC13\openhtmltopdf-rtl-support-0.0.1-RC13.jar;C:\Users\USER\.m2\repository\com\ibm\icu\icu4j\59.1\icu4j-59.1.jar;C:\Users\USER\.m2\repository\com\openhtmltopdf\openhtmltopdf-jsoup-dom-converter\0.0.1-RC13\openhtmltopdf-jsoup-dom-converter-0.0.1-RC13.jar;C:\Users\USER\.m2\repository\com\vladsch\flexmark\flexmark-profile-pegdown\0.34.30\flexmark-profile-pegdown-0.34.30.jar;C:\Users\USER\.m2\repository\com\vladsch\flexmark\flexmark-util\0.34.30\flexmark-util-0.34.30.jar;C:\Users\USER\.m2\repository\com\vladsch\flexmark\flexmark-youtrack-converter\0.34.30\flexmark-youtrack-converter-0.34.30.jar;C:\Users\USER\.m2\repository\es\nitaur\markdown\txtmark\0.16\txtmark-0.16.jar;C:\Users\USER\.m2\repository\net\serenity-bdd\serenity-report-resources\3.2.1\serenity-report-resources-3.2.1.jar;C:\Users\USER\.m2\repository\com\google\code\gson\gson\2.9.0\gson-2.9.0.jar;C:\Users\USER\.m2\repository\com\fasterxml\jackson\core\jackson-core\2.13.2\jackson-core-2.13.2.jar;C:\Users\USER\.m2\repository\com\fasterxml\jackson\core\jackson-databind\2.13.2\jackson-databind-2.13.2.jar;C:\Users\USER\.m2\repository\com\fasterxml\jackson\core\jackson-annotations\2.13.2\jackson-annotations-2.13.2.jar;C:\Users\USER\.m2\repository\commons-codec\commons-codec\1.15\commons-codec-1.15.jar;C:\Users\USER\.m2\repository\commons-io\commons-io\2.11.0\commons-io-2.11.0.jar;C:\Users\USER\.m2\repository\org\seleniumhq\selenium\selenium-java\4.1.2\selenium-java-4.1.2.jar;C:\Users\USER\.m2\repository\org\seleniumhq\selenium\selenium-devtools-v85\4.1.2\selenium-devtools-v85-4.1.2.jar;C:\Users\USER\.m2\repository\org\seleniumhq\selenium\selenium-devtools-v95\4.1.2\selenium-devtools-v95-4.1.2.jar;C:\Users\USER\.m2\repository\org\seleniumhq\selenium\selenium-devtools-v96\4.1.2\selenium-devtools-v96-4.1.2.jar;C:\Users\USER\.m2\repository\org\seleniumhq\selenium\selenium-devtools-v97\4.1.2\selenium-devtools-v97-4.1.2.jar;C:\Users\USER\.m2\repository\org\seleniumhq\selenium\selenium-firefox-xpi-driver\4.1.2\selenium-firefox-xpi-driver-4.1.2.jar;C:\Users\USER\.m2\repository\org\seleniumhq\selenium\selenium-opera-driver\4.1.2\selenium-opera-driver-4.1.2.jar;C:\Users\USER\.m2\repository\org\seleniumhq\selenium\selenium-remote-driver\4.1.2\selenium-remote-driver-4.1.2.jar;C:\Users\USER\.m2\repository\com\beust\jcommander\1.82\jcommander-1.82.jar;C:\Users\USER\.m2\repository\io\netty\netty-buffer\4.1.73.Final\netty-buffer-4.1.73.Final.jar;C:\Users\USER\.m2\repository\io\netty\netty-codec-http\4.1.73.Final\netty-codec-http-4.1.73.Final.jar;C:\Users\USER\.m2\repository\io\netty\netty-codec\4.1.73.Final\netty-codec-4.1.73.Final.jar;C:\Users\USER\.m2\repository\io\netty\netty-handler\4.1.73.Final\netty-handler-4.1.73.Final.jar;C:\Users\USER\.m2\repository\io\netty\netty-tcnative-classes\2.0.46.Final\netty-tcnative-classes-2.0.46.Final.jar;C:\Users\USER\.m2\repository\io\netty\netty-common\4.1.73.Final\netty-common-4.1.73.Final.jar;C:\Users\USER\.m2\repository\io\netty\netty-transport-classes-epoll\4.1.73.Final\netty-transport-classes-epoll-4.1.73.Final.jar;C:\Users\USER\.m2\repository\io\netty\netty-transport-classes-kqueue\4.1.73.Final\netty-transport-classes-kqueue-4.1.73.Final.jar;C:\Users\USER\.m2\repository\io\netty\netty-transport-native-epoll\4.1.73.Final\netty-transport-native-epoll-4.1.73.Final.jar;C:\Users\USER\.m2\repository\io\netty\netty-transport-native-kqueue\4.1.73.Final\netty-transport-native-kqueue-4.1.73.Final.jar;C:\Users\USER\.m2\repository\io\netty\netty-transport-native-unix-common\4.1.73.Final\netty-transport-native-unix-common-4.1.73.Final.jar;C:\Users\USER\.m2\repository\io\netty\netty-transport\4.1.73.Final\netty-transport-4.1.73.Final.jar;C:\Users\USER\.m2\repository\io\netty\netty-resolver\4.1.73.Final\netty-resolver-4.1.73.Final.jar;C:\Users\USER\.m2\repository\io\opentelemetry\opentelemetry-api\1.10.1\opentelemetry-api-1.10.1.jar;C:\Users\USER\.m2\repository\io\opentelemetry\opentelemetry-context\1.10.1\opentelemetry-context-1.10.1.jar;C:\Users\USER\.m2\repository\io\opentelemetry\opentelemetry-exporter-logging\1.10.1\opentelemetry-exporter-logging-1.10.1.jar;C:\Users\USER\.m2\repository\io\opentelemetry\opentelemetry-sdk-metrics\1.10.1-alpha\opentelemetry-sdk-metrics-1.10.1-alpha.jar;C:\Users\USER\.m2\repository\io\opentelemetry\opentelemetry-sdk-logs\1.10.1-alpha\opentelemetry-sdk-logs-1.10.1-alpha.jar;C:\Users\USER\.m2\repository\io\opentelemetry\opentelemetry-sdk-common\1.10.1\opentelemetry-sdk-common-1.10.1.jar;C:\Users\USER\.m2\repository\io\opentelemetry\opentelemetry-sdk-extension-autoconfigure-spi\1.10.1\opentelemetry-sdk-extension-autoconfigure-spi-1.10.1.jar;C:\Users\USER\.m2\repository\io\opentelemetry\opentelemetry-sdk-extension-autoconfigure\1.10.1-alpha\opentelemetry-sdk-extension-autoconfigure-1.10.1-alpha.jar;C:\Users\USER\.m2\repository\io\opentelemetry\opentelemetry-sdk-trace\1.10.1\opentelemetry-sdk-trace-1.10.1.jar;C:\Users\USER\.m2\repository\io\opentelemetry\opentelemetry-sdk\1.10.1\opentelemetry-sdk-1.10.1.jar;C:\Users\USER\.m2\repository\io\opentelemetry\opentelemetry-semconv\1.10.1-alpha\opentelemetry-semconv-1.10.1-alpha.jar;C:\Users\USER\.m2\repository\io\ous\jtoml\2.0.0\jtoml-2.0.0.jar;C:\Users\USER\.m2\repository\org\apache\commons\commons-exec\1.3\commons-exec-1.3.jar;C:\Users\USER\.m2\repository\org\asynchttpclient\async-http-client\2.12.3\async-http-client-2.12.3.jar;C:\Users\USER\.m2\repository\org\asynchttpclient\async-http-client-netty-utils\2.12.3\async-http-client-netty-utils-2.12.3.jar;C:\Users\USER\.m2\repository\io\netty\netty-codec-socks\4.1.60.Final\netty-codec-socks-4.1.60.Final.jar;C:\Users\USER\.m2\repository\io\netty\netty-handler-proxy\4.1.60.Final\netty-handler-proxy-4.1.60.Final.jar;C:\Users\USER\.m2\repository\io\netty\netty-transport-native-epoll\4.1.60.Final\netty-transport-native-epoll-4.1.60.Final-linux-x86_64.jar;C:\Users\USER\.m2\repository\io\netty\netty-transport-native-kqueue\4.1.60.Final\netty-transport-native-kqueue-4.1.60.Final-osx-x86_64.jar;C:\Users\USER\.m2\repository\org\reactivestreams\reactive-streams\1.0.3\reactive-streams-1.0.3.jar;C:\Users\USER\.m2\repository\com\typesafe\netty\netty-reactive-streams\2.0.4\netty-reactive-streams-2.0.4.jar;C:\Users\USER\.m2\repository\org\seleniumhq\selenium\selenium-http\4.1.2\selenium-http-4.1.2.jar;C:\Users\USER\.m2\repository\net\jodah\failsafe\2.4.4\failsafe-2.4.4.jar;C:\Users\USER\.m2\repository\org\seleniumhq\selenium\selenium-safari-driver\4.1.2\selenium-safari-driver-4.1.2.jar;C:\Users\USER\.m2\repository\org\seleniumhq\selenium\selenium-api\4.1.2\selenium-api-4.1.2.jar;C:\Users\USER\.m2\repository\org\seleniumhq\selenium\selenium-support\4.1.2\selenium-support-4.1.2.jar;C:\Users\USER\.m2\repository\com\google\auto\service\auto-service-annotations\1.0.1\auto-service-annotations-1.0.1.jar;C:\Users\USER\.m2\repository\com\google\auto\service\auto-service\1.0.1\auto-service-1.0.1.jar;C:\Users\USER\.m2\repository\com\google\auto\auto-common\1.2\auto-common-1.2.jar;C:\Users\USER\.m2\repository\org\seleniumhq\selenium\selenium-json\4.1.2\selenium-json-4.1.2.jar;C:\Users\USER\.m2\repository\org\seleniumhq\selenium\selenium-chrome-driver\4.1.2\selenium-chrome-driver-4.1.2.jar;C:\Users\USER\.m2\repository\org\seleniumhq\selenium\selenium-chromium-driver\4.1.2\selenium-chromium-driver-4.1.2.jar;C:\Users\USER\.m2\repository\org\seleniumhq\selenium\selenium-firefox-driver\4.1.2\selenium-firefox-driver-4.1.2.jar;C:\Users\USER\.m2\repository\org\seleniumhq\selenium\selenium-edge-driver\4.1.2\selenium-edge-driver-4.1.2.jar;C:\Users\USER\.m2\repository\org\seleniumhq\selenium\selenium-ie-driver\4.1.2\selenium-ie-driver-4.1.2.jar;C:\Users\USER\.m2\repository\org\projectlombok\lombok\1.18.20\lombok-1.18.20.jar;C:\Users\USER\.m2\repository\io\appium\java-client\8.0.0\java-client-8.0.0.jar;C:\Users\USER\.m2\repository\commons-validator\commons-validator\1.7\commons-validator-1.7.jar;C:\Users\USER\.m2\repository\commons-digester\commons-digester\2.1\commons-digester-2.1.jar;C:\Users\USER\.m2\repository\org\aspectj\aspectjweaver\1.9.8\aspectjweaver-1.9.8.jar;C:\Users\USER\.m2\repository\org\codehaus\groovy\groovy\3.0.10\groovy-3.0.10.jar;C:\Users\USER\.m2\repository\net\sf\opencsv\opencsv\2.0\opencsv-2.0.jar;C:\Users\USER\.m2\repository\commons-beanutils\commons-beanutils\1.9.4\commons-beanutils-1.9.4.jar;C:\Users\USER\.m2\repository\org\apache\commons\commons-lang3\3.12.0\commons-lang3-3.12.0.jar;C:\Users\USER\.m2\repository\commons-collections\commons-collections\3.2.2\commons-collections-3.2.2.jar;C:\Users\USER\.m2\repository\org\fluentlenium\fluentlenium-core\0.10.2\fluentlenium-core-0.10.2.jar;C:\Users\USER\.m2\repository\io\github\bonigarcia\webdrivermanager\5.1.0\webdrivermanager-5.1.0.jar;C:\Users\USER\.m2\repository\com\github\docker-java\docker-java\3.2.13\docker-java-3.2.13.jar;C:\Users\USER\.m2\repository\com\github\docker-java\docker-java-core\3.2.13\docker-java-core-3.2.13.jar;C:\Users\USER\.m2\repository\com\github\docker-java\docker-java-api\3.2.13\docker-java-api-3.2.13.jar;C:\Users\USER\.m2\repository\org\apache\commons\commons-compress\1.21\commons-compress-1.21.jar;C:\Users\USER\.m2\repository\org\bouncycastle\bcpkix-jdk15on\1.64\bcpkix-jdk15on-1.64.jar;C:\Users\USER\.m2\repository\org\bouncycastle\bcprov-jdk15on\1.64\bcprov-jdk15on-1.64.jar;C:\Users\USER\.m2\repository\org\slf4j\jcl-over-slf4j\1.7.30\jcl-over-slf4j-1.7.30.jar;C:\Users\USER\.m2\repository\com\github\docker-java\docker-java-transport-httpclient5\3.2.13\docker-java-transport-httpclient5-3.2.13.jar;C:\Users\USER\.m2\repository\com\github\docker-java\docker-java-transport\3.2.13\docker-java-transport-3.2.13.jar;C:\Users\USER\.m2\repository\org\apache\httpcomponents\client5\httpclient5\5.0.3\httpclient5-5.0.3.jar;C:\Users\USER\.m2\repository\org\apache\httpcomponents\core5\httpcore5\5.0.2\httpcore5-5.0.2.jar;C:\Users\USER\.m2\repository\net\java\dev\jna\jna\5.8.0\jna-5.8.0.jar;C:\Users\USER\.m2\repository\org\brotli\dec\0.1.2\dec-0.1.2.jar;C:\Users\USER\.m2\repository\com\jhlabs\filters\2.0.235\filters-2.0.235.jar;C:\Users\USER\.m2\repository\com\paulhammant\ngwebdriver\1.1.6\ngwebdriver-1.1.6.jar;C:\Users\USER\.m2\repository\joda-time\joda-time\2.8.2\joda-time-2.8.2.jar;C:\Users\USER\.m2\repository\org\hamcrest\hamcrest\2.2\hamcrest-2.2.jar;C:\Users\USER\.m2\repository\com\google\jimfs\jimfs\1.2\jimfs-1.2.jar;C:\Users\USER\.m2\repository\org\mockito\mockito-core\3.3.3\mockito-core-3.3.3.jar;C:\Users\USER\.m2\repository\javax\xml\bind\jaxb-api\2.3.1\jaxb-api-2.3.1.jar;C:\Users\USER\.m2\repository\javax\activation\javax.activation-api\1.2.0\javax.activation-api-1.2.0.jar;C:\Users\USER\.m2\repository\com\sun\xml\bind\jaxb-core\2.3.0.1\jaxb-core-2.3.0.1.jar;C:\Users\USER\.m2\repository\com\sun\xml\bind\jaxb-impl\2.3.3\jaxb-impl-2.3.3.jar;C:\Users\USER\.m2\repository\jakarta\xml\bind\jakarta.xml.bind-api\2.3.3\jakarta.xml.bind-api-2.3.3.jar;C:\Users\USER\.m2\repository\com\sun\activation\jakarta.activation\1.2.2\jakarta.activation-1.2.2.jar;C:\Users\USER\.m2\repository\javax\activation\activation\1.1.1\activation-1.1.1.jar;C:\Users\USER\.m2\repository\net\serenity-bdd\serenity-cucumber\3.2.1\serenity-cucumber-3.2.1.jar;C:\Users\USER\.m2\repository\io\cucumber\cucumber-core\7.2.3\cucumber-core-7.2.3.jar;C:\Users\USER\.m2\repository\io\cucumber\cucumber-gherkin\7.2.3\cucumber-gherkin-7.2.3.jar;C:\Users\USER\.m2\repository\io\cucumber\cucumber-gherkin-messages\7.2.3\cucumber-gherkin-messages-7.2.3.jar;C:\Users\USER\.m2\repository\io\cucumber\messages\17.1.1\messages-17.1.1.jar;C:\Users\USER\.m2\repository\io\cucumber\tag-expressions\4.1.0\tag-expressions-4.1.0.jar;C:\Users\USER\.m2\repository\io\cucumber\cucumber-expressions\15.0.1\cucumber-expressions-15.0.1.jar;C:\Users\USER\.m2\repository\io\cucumber\datatable\7.2.3\datatable-7.2.3.jar;C:\Users\USER\.m2\repository\io\cucumber\cucumber-plugin\7.2.3\cucumber-plugin-7.2.3.jar;C:\Users\USER\.m2\repository\io\cucumber\docstring\7.2.3\docstring-7.2.3.jar;C:\Users\USER\.m2\repository\io\cucumber\html-formatter\17.0.0\html-formatter-17.0.0.jar;C:\Users\USER\.m2\repository\io\cucumber\ci-environment\8.1.0\ci-environment-8.1.0.jar;C:\Users\USER\.m2\repository\io\cucumber\cucumber-junit\7.2.3\cucumber-junit-7.2.3.jar;C:\Users\USER\.m2\repository\org\apache\commons\commons-csv\1.5\commons-csv-1.5.jar;C:\Users\USER\.m2\repository\net\serenity-bdd\serenity-screenplay\3.2.1\serenity-screenplay-3.2.1.jar;C:\Users\USER\.m2\repository\net\serenity-bdd\serenity-screenplay-webdriver\3.2.1\serenity-screenplay-webdriver-3.2.1.jar;C:\Users\USER\.m2\repository\net\serenity-bdd\serenity-ensure\3.2.1\serenity-ensure-3.2.1.jar;C:\Users\USER\.m2\repository\net\serenity-bdd\serenity-junit\3.2.1\serenity-junit-3.2.1.jar;C:\Users\USER\.m2\repository\org\jetbrains\kotlin\kotlin-stdlib\1.6.0\kotlin-stdlib-1.6.0.jar;C:\Users\USER\.m2\repository\org\jetbrains\annotations\13.0\annotations-13.0.jar;C:\Users\USER\.m2\repository\org\jetbrains\kotlin\kotlin-stdlib-common\1.6.0\kotlin-stdlib-common-1.6.0.jar;C:\Users\USER\.m2\repository\org\junit\platform\junit-platform-launcher\1.8.2\junit-platform-launcher-1.8.2.jar;C:\Users\USER\.m2\repository\org\junit\platform\junit-platform-engine\1.8.2\junit-platform-engine-1.8.2.jar;C:\Users\USER\.m2\repository\org\opentest4j\opentest4j\1.2.0\opentest4j-1.2.0.jar;C:\Users\USER\.m2\repository\org\junit\platform\junit-platform-commons\1.8.2\junit-platform-commons-1.8.2.jar;C:\Users\USER\.m2\repository\org\apiguardian\apiguardian-api\1.1.2\apiguardian-api-1.1.2.jar;C:\Users\USER\.m2\repository\org\junit\jupiter\junit-jupiter-engine\5.8.2\junit-jupiter-engine-5.8.2.jar;C:\Users\USER\.m2\repository\org\junit\jupiter\junit-jupiter-api\5.8.2\junit-jupiter-api-5.8.2.jar;C:\Users\USER\.m2\repository\org\junit\vintage\junit-vintage-engine\5.8.2\junit-vintage-engine-5.8.2.jar;C:\Users\USER\.m2\repository\junit\junit\4.13.2\junit-4.13.2.jar;C:\Users\USER\.m2\repository\org\hamcrest\hamcrest-core\1.3\hamcrest-core-1.3.jar;C:\Users\USER\.m2\repository\ch\qos\logback\logback-classic\1.2.11\logback-classic-1.2.11.jar;C:\Users\USER\.m2\repository\ch\qos\logback\logback-core\1.2.11\logback-core-1.2.11.jar;C:\Users\USER\.m2\repository\org\slf4j\slf4j-api\1.7.32\slf4j-api-1.7.32.jar;C:\Users\USER\.m2\repository\org\assertj\assertj-core\3.22.0\assertj-core-3.22.0.jar;"/>
    <property name="java.vm.vendor" value="Oracle Corporation"/>
    <property name="sun.arch.data.model" value="64"/>
    <property name="user.variant" value=""/>
    <property name="java.vendor.url" value="https://java.oracle.com/"/>
    <property name="user.timezone" value="Asia/Jakarta"/>
    <property name="log4j2.formatMsgNoLookups" value="true"/>
    <property name="user.country.format" value="ID"/>
    <property name="os.name" value="Windows 10"/>
    <property name="java.vm.specification.version" value="17"/>
    <property name="sun.java.launcher" value="SUN_STANDARD"/>
    <property name="user.country" value="US"/>
    <property name="sun.boot.library.path" value="C:\Program Files\Java\jdk-17.0.2\bin"/>
    <property name="sun.java.command" value="org.apache.maven.surefire.booter.ForkedBooter C:\Users\USER\AppData\Local\Temp\surefire17046695113499984870 2022-03-30T10-26-39_800-jvmRun1 surefire16266156674313506553tmp surefire_02877007553883433190tmp"/>
    <property name="jdk.debug" value="release"/>
    <property name="surefire.test.class.path" value="D:\WebProgramming\section20\target\test-classes;C:\Users\USER\.m2\repository\net\serenity-bdd\serenity-core\3.2.1\serenity-core-3.2.1.jar;C:\Users\USER\.m2\repository\net\serenity-bdd\serenity-model\3.2.1\serenity-model-3.2.1.jar;C:\Users\USER\.m2\repository\org\apache\commons\commons-text\1.9\commons-text-1.9.jar;C:\Users\USER\.m2\repository\commons-net\commons-net\3.8.0\commons-net-3.8.0.jar;C:\Users\USER\.m2\repository\com\google\guava\guava\31.1-jre\guava-31.1-jre.jar;C:\Users\USER\.m2\repository\com\google\guava\failureaccess\1.0.1\failureaccess-1.0.1.jar;C:\Users\USER\.m2\repository\com\google\guava\listenablefuture\9999.0-empty-to-avoid-conflict-with-guava\listenablefuture-9999.0-empty-to-avoid-conflict-with-guava.jar;C:\Users\USER\.m2\repository\com\google\code\findbugs\jsr305\3.0.2\jsr305-3.0.2.jar;C:\Users\USER\.m2\repository\org\checkerframework\checker-qual\3.12.0\checker-qual-3.12.0.jar;C:\Users\USER\.m2\repository\com\google\errorprone\error_prone_annotations\2.11.0\error_prone_annotations-2.11.0.jar;C:\Users\USER\.m2\repository\com\google\j2objc\j2objc-annotations\1.3\j2objc-annotations-1.3.jar;C:\Users\USER\.m2\repository\com\google\inject\guice\5.1.0\guice-5.1.0.jar;C:\Users\USER\.m2\repository\javax\inject\javax.inject\1\javax.inject-1.jar;C:\Users\USER\.m2\repository\aopalliance\aopalliance\1.0\aopalliance-1.0.jar;C:\Users\USER\.m2\repository\org\jsoup\jsoup\1.14.3\jsoup-1.14.3.jar;C:\Users\USER\.m2\repository\com\thoughtworks\xstream\xstream\1.4.19\xstream-1.4.19.jar;C:\Users\USER\.m2\repository\io\github\x-stream\mxparser\1.2.2\mxparser-1.2.2.jar;C:\Users\USER\.m2\repository\xmlpull\xmlpull\1.1.3.1\xmlpull-1.1.3.1.jar;C:\Users\USER\.m2\repository\io\cucumber\cucumber-java\7.2.3\cucumber-java-7.2.3.jar;C:\Users\USER\.m2\repository\com\typesafe\config\1.4.2\config-1.4.2.jar;C:\Users\USER\.m2\repository\org\imgscalr\imgscalr-lib\4.2\imgscalr-lib-4.2.jar;C:\Users\USER\.m2\repository\org\awaitility\awaitility\4.2.0\awaitility-4.2.0.jar;C:\Users\USER\.m2\repository\org\freemarker\freemarker\2.3.31\freemarker-2.3.31.jar;C:\Users\USER\.m2\repository\io\github\classgraph\classgraph\4.8.138\classgraph-4.8.138.jar;C:\Users\USER\.m2\repository\net\sourceforge\jexcelapi\jxl\2.6.12\jxl-2.6.12.jar;C:\Users\USER\.m2\repository\net\bytebuddy\byte-buddy\1.12.8\byte-buddy-1.12.8.jar;C:\Users\USER\.m2\repository\net\bytebuddy\byte-buddy-agent\1.12.8\byte-buddy-agent-1.12.8.jar;C:\Users\USER\.m2\repository\org\objenesis\objenesis\3.1\objenesis-3.1.jar;C:\Users\USER\.m2\repository\net\serenity-bdd\serenity-reports\3.2.1\serenity-reports-3.2.1.jar;C:\Users\USER\.m2\repository\net\serenity-bdd\serenity-stats\3.2.1\serenity-stats-3.2.1.jar;C:\Users\USER\.m2\repository\net\serenity-bdd\serenity-reports-configuration\3.2.1\serenity-reports-configuration-3.2.1.jar;C:\Users\USER\.m2\repository\com\vladsch\flexmark\flexmark-all\0.34.30\flexmark-all-0.34.30.jar;C:\Users\USER\.m2\repository\com\vladsch\flexmark\flexmark\0.34.30\flexmark-0.34.30.jar;C:\Users\USER\.m2\repository\com\vladsch\flexmark\flexmark-ext-abbreviation\0.34.30\flexmark-ext-abbreviation-0.34.30.jar;C:\Users\USER\.m2\repository\com\vladsch\flexmark\flexmark-ext-admonition\0.34.30\flexmark-ext-admonition-0.34.30.jar;C:\Users\USER\.m2\repository\com\vladsch\flexmark\flexmark-ext-anchorlink\0.34.30\flexmark-ext-anchorlink-0.34.30.jar;C:\Users\USER\.m2\repository\com\vladsch\flexmark\flexmark-ext-aside\0.34.30\flexmark-ext-aside-0.34.30.jar;C:\Users\USER\.m2\repository\com\vladsch\flexmark\flexmark-ext-attributes\0.34.30\flexmark-ext-attributes-0.34.30.jar;C:\Users\USER\.m2\repository\com\vladsch\flexmark\flexmark-ext-autolink\0.34.30\flexmark-ext-autolink-0.34.30.jar;C:\Users\USER\.m2\repository\org\nibor\autolink\autolink\0.6.0\autolink-0.6.0.jar;C:\Users\USER\.m2\repository\com\vladsch\flexmark\flexmark-ext-definition\0.34.30\flexmark-ext-definition-0.34.30.jar;C:\Users\USER\.m2\repository\com\vladsch\flexmark\flexmark-ext-emoji\0.34.30\flexmark-ext-emoji-0.34.30.jar;C:\Users\USER\.m2\repository\com\vladsch\flexmark\flexmark-ext-enumerated-reference\0.34.30\flexmark-ext-enumerated-reference-0.34.30.jar;C:\Users\USER\.m2\repository\com\vladsch\flexmark\flexmark-ext-escaped-character\0.34.30\flexmark-ext-escaped-character-0.34.30.jar;C:\Users\USER\.m2\repository\com\vladsch\flexmark\flexmark-ext-footnotes\0.34.30\flexmark-ext-footnotes-0.34.30.jar;C:\Users\USER\.m2\repository\com\vladsch\flexmark\flexmark-ext-gfm-issues\0.34.30\flexmark-ext-gfm-issues-0.34.30.jar;C:\Users\USER\.m2\repository\com\vladsch\flexmark\flexmark-ext-gfm-strikethrough\0.34.30\flexmark-ext-gfm-strikethrough-0.34.30.jar;C:\Users\USER\.m2\repository\com\vladsch\flexmark\flexmark-ext-gfm-tables\0.34.30\flexmark-ext-gfm-tables-0.34.30.jar;C:\Users\USER\.m2\repository\com\vladsch\flexmark\flexmark-ext-gfm-tasklist\0.34.30\flexmark-ext-gfm-tasklist-0.34.30.jar;C:\Users\USER\.m2\repository\com\vladsch\flexmark\flexmark-ext-gfm-users\0.34.30\flexmark-ext-gfm-users-0.34.30.jar;C:\Users\USER\.m2\repository\com\vladsch\flexmark\flexmark-ext-gitlab\0.34.30\flexmark-ext-gitlab-0.34.30.jar;C:\Users\USER\.m2\repository\com\vladsch\flexmark\flexmark-ext-jekyll-front-matter\0.34.30\flexmark-ext-jekyll-front-matter-0.34.30.jar;C:\Users\USER\.m2\repository\com\vladsch\flexmark\flexmark-ext-jekyll-tag\0.34.30\flexmark-ext-jekyll-tag-0.34.30.jar;C:\Users\USER\.m2\repository\com\vladsch\flexmark\flexmark-ext-media-tags\0.34.30\flexmark-ext-media-tags-0.34.30.jar;C:\Users\USER\.m2\repository\com\vladsch\flexmark\flexmark-test-util\0.34.30\flexmark-test-util-0.34.30.jar;C:\Users\USER\.m2\repository\com\vladsch\flexmark\flexmark-ext-ins\0.34.30\flexmark-ext-ins-0.34.30.jar;C:\Users\USER\.m2\repository\com\vladsch\flexmark\flexmark-ext-xwiki-macros\0.34.30\flexmark-ext-xwiki-macros-0.34.30.jar;C:\Users\USER\.m2\repository\com\vladsch\flexmark\flexmark-ext-superscript\0.34.30\flexmark-ext-superscript-0.34.30.jar;C:\Users\USER\.m2\repository\com\vladsch\flexmark\flexmark-ext-tables\0.34.30\flexmark-ext-tables-0.34.30.jar;C:\Users\USER\.m2\repository\com\vladsch\flexmark\flexmark-ext-toc\0.34.30\flexmark-ext-toc-0.34.30.jar;C:\Users\USER\.m2\repository\com\vladsch\flexmark\flexmark-ext-typographic\0.34.30\flexmark-ext-typographic-0.34.30.jar;C:\Users\USER\.m2\repository\com\vladsch\flexmark\flexmark-ext-wikilink\0.34.30\flexmark-ext-wikilink-0.34.30.jar;C:\Users\USER\.m2\repository\com\vladsch\flexmark\flexmark-ext-yaml-front-matter\0.34.30\flexmark-ext-yaml-front-matter-0.34.30.jar;C:\Users\USER\.m2\repository\com\vladsch\flexmark\flexmark-ext-youtube-embedded\0.34.30\flexmark-ext-youtube-embedded-0.34.30.jar;C:\Users\USER\.m2\repository\com\vladsch\flexmark\flexmark-formatter\0.34.30\flexmark-formatter-0.34.30.jar;C:\Users\USER\.m2\repository\com\vladsch\flexmark\flexmark-html-parser\0.34.30\flexmark-html-parser-0.34.30.jar;C:\Users\USER\.m2\repository\com\vladsch\flexmark\flexmark-jira-converter\0.34.30\flexmark-jira-converter-0.34.30.jar;C:\Users\USER\.m2\repository\com\vladsch\flexmark\flexmark-pdf-converter\0.34.30\flexmark-pdf-converter-0.34.30.jar;C:\Users\USER\.m2\repository\com\openhtmltopdf\openhtmltopdf-core\0.0.1-RC13\openhtmltopdf-core-0.0.1-RC13.jar;C:\Users\USER\.m2\repository\com\openhtmltopdf\openhtmltopdf-pdfbox\0.0.1-RC13\openhtmltopdf-pdfbox-0.0.1-RC13.jar;C:\Users\USER\.m2\repository\org\apache\pdfbox\pdfbox\2.0.8\pdfbox-2.0.8.jar;C:\Users\USER\.m2\repository\org\apache\pdfbox\fontbox\2.0.8\fontbox-2.0.8.jar;C:\Users\USER\.m2\repository\commons-logging\commons-logging\1.2\commons-logging-1.2.jar;C:\Users\USER\.m2\repository\org\apache\pdfbox\xmpbox\2.0.8\xmpbox-2.0.8.jar;C:\Users\USER\.m2\repository\de\rototor\pdfbox\graphics2d\0.12\graphics2d-0.12.jar;C:\Users\USER\.m2\repository\com\openhtmltopdf\openhtmltopdf-rtl-support\0.0.1-RC13\openhtmltopdf-rtl-support-0.0.1-RC13.jar;C:\Users\USER\.m2\repository\com\ibm\icu\icu4j\59.1\icu4j-59.1.jar;C:\Users\USER\.m2\repository\com\openhtmltopdf\openhtmltopdf-jsoup-dom-converter\0.0.1-RC13\openhtmltopdf-jsoup-dom-converter-0.0.1-RC13.jar;C:\Users\USER\.m2\repository\com\vladsch\flexmark\flexmark-profile-pegdown\0.34.30\flexmark-profile-pegdown-0.34.30.jar;C:\Users\USER\.m2\repository\com\vladsch\flexmark\flexmark-util\0.34.30\flexmark-util-0.34.30.jar;C:\Users\USER\.m2\repository\com\vladsch\flexmark\flexmark-youtrack-converter\0.34.30\flexmark-youtrack-converter-0.34.30.jar;C:\Users\USER\.m2\repository\es\nitaur\markdown\txtmark\0.16\txtmark-0.16.jar;C:\Users\USER\.m2\repository\net\serenity-bdd\serenity-report-resources\3.2.1\serenity-report-resources-3.2.1.jar;C:\Users\USER\.m2\repository\com\google\code\gson\gson\2.9.0\gson-2.9.0.jar;C:\Users\USER\.m2\repository\com\fasterxml\jackson\core\jackson-core\2.13.2\jackson-core-2.13.2.jar;C:\Users\USER\.m2\repository\com\fasterxml\jackson\core\jackson-databind\2.13.2\jackson-databind-2.13.2.jar;C:\Users\USER\.m2\repository\com\fasterxml\jackson\core\jackson-annotations\2.13.2\jackson-annotations-2.13.2.jar;C:\Users\USER\.m2\repository\commons-codec\commons-codec\1.15\commons-codec-1.15.jar;C:\Users\USER\.m2\repository\commons-io\commons-io\2.11.0\commons-io-2.11.0.jar;C:\Users\USER\.m2\repository\org\seleniumhq\selenium\selenium-java\4.1.2\selenium-java-4.1.2.jar;C:\Users\USER\.m2\repository\org\seleniumhq\selenium\selenium-devtools-v85\4.1.2\selenium-devtools-v85-4.1.2.jar;C:\Users\USER\.m2\repository\org\seleniumhq\selenium\selenium-devtools-v95\4.1.2\selenium-devtools-v95-4.1.2.jar;C:\Users\USER\.m2\repository\org\seleniumhq\selenium\selenium-devtools-v96\4.1.2\selenium-devtools-v96-4.1.2.jar;C:\Users\USER\.m2\repository\org\seleniumhq\selenium\selenium-devtools-v97\4.1.2\selenium-devtools-v97-4.1.2.jar;C:\Users\USER\.m2\repository\org\seleniumhq\selenium\selenium-firefox-xpi-driver\4.1.2\selenium-firefox-xpi-driver-4.1.2.jar;C:\Users\USER\.m2\repository\org\seleniumhq\selenium\selenium-opera-driver\4.1.2\selenium-opera-driver-4.1.2.jar;C:\Users\USER\.m2\repository\org\seleniumhq\selenium\selenium-remote-driver\4.1.2\selenium-remote-driver-4.1.2.jar;C:\Users\USER\.m2\repository\com\beust\jcommander\1.82\jcommander-1.82.jar;C:\Users\USER\.m2\repository\io\netty\netty-buffer\4.1.73.Final\netty-buffer-4.1.73.Final.jar;C:\Users\USER\.m2\repository\io\netty\netty-codec-http\4.1.73.Final\netty-codec-http-4.1.73.Final.jar;C:\Users\USER\.m2\repository\io\netty\netty-codec\4.1.73.Final\netty-codec-4.1.73.Final.jar;C:\Users\USER\.m2\repository\io\netty\netty-handler\4.1.73.Final\netty-handler-4.1.73.Final.jar;C:\Users\USER\.m2\repository\io\netty\netty-tcnative-classes\2.0.46.Final\netty-tcnative-classes-2.0.46.Final.jar;C:\Users\USER\.m2\repository\io\netty\netty-common\4.1.73.Final\netty-common-4.1.73.Final.jar;C:\Users\USER\.m2\repository\io\netty\netty-transport-classes-epoll\4.1.73.Final\netty-transport-classes-epoll-4.1.73.Final.jar;C:\Users\USER\.m2\repository\io\netty\netty-transport-classes-kqueue\4.1.73.Final\netty-transport-classes-kqueue-4.1.73.Final.jar;C:\Users\USER\.m2\repository\io\netty\netty-transport-native-epoll\4.1.73.Final\netty-transport-native-epoll-4.1.73.Final.jar;C:\Users\USER\.m2\repository\io\netty\netty-transport-native-kqueue\4.1.73.Final\netty-transport-native-kqueue-4.1.73.Final.jar;C:\Users\USER\.m2\repository\io\netty\netty-transport-native-unix-common\4.1.73.Final\netty-transport-native-unix-common-4.1.73.Final.jar;C:\Users\USER\.m2\repository\io\netty\netty-transport\4.1.73.Final\netty-transport-4.1.73.Final.jar;C:\Users\USER\.m2\repository\io\netty\netty-resolver\4.1.73.Final\netty-resolver-4.1.73.Final.jar;C:\Users\USER\.m2\repository\io\opentelemetry\opentelemetry-api\1.10.1\opentelemetry-api-1.10.1.jar;C:\Users\USER\.m2\repository\io\opentelemetry\opentelemetry-context\1.10.1\opentelemetry-context-1.10.1.jar;C:\Users\USER\.m2\repository\io\opentelemetry\opentelemetry-exporter-logging\1.10.1\opentelemetry-exporter-logging-1.10.1.jar;C:\Users\USER\.m2\repository\io\opentelemetry\opentelemetry-sdk-metrics\1.10.1-alpha\opentelemetry-sdk-metrics-1.10.1-alpha.jar;C:\Users\USER\.m2\repository\io\opentelemetry\opentelemetry-sdk-logs\1.10.1-alpha\opentelemetry-sdk-logs-1.10.1-alpha.jar;C:\Users\USER\.m2\repository\io\opentelemetry\opentelemetry-sdk-common\1.10.1\opentelemetry-sdk-common-1.10.1.jar;C:\Users\USER\.m2\repository\io\opentelemetry\opentelemetry-sdk-extension-autoconfigure-spi\1.10.1\opentelemetry-sdk-extension-autoconfigure-spi-1.10.1.jar;C:\Users\USER\.m2\repository\io\opentelemetry\opentelemetry-sdk-extension-autoconfigure\1.10.1-alpha\opentelemetry-sdk-extension-autoconfigure-1.10.1-alpha.jar;C:\Users\USER\.m2\repository\io\opentelemetry\opentelemetry-sdk-trace\1.10.1\opentelemetry-sdk-trace-1.10.1.jar;C:\Users\USER\.m2\repository\io\opentelemetry\opentelemetry-sdk\1.10.1\opentelemetry-sdk-1.10.1.jar;C:\Users\USER\.m2\repository\io\opentelemetry\opentelemetry-semconv\1.10.1-alpha\opentelemetry-semconv-1.10.1-alpha.jar;C:\Users\USER\.m2\repository\io\ous\jtoml\2.0.0\jtoml-2.0.0.jar;C:\Users\USER\.m2\repository\org\apache\commons\commons-exec\1.3\commons-exec-1.3.jar;C:\Users\USER\.m2\repository\org\asynchttpclient\async-http-client\2.12.3\async-http-client-2.12.3.jar;C:\Users\USER\.m2\repository\org\asynchttpclient\async-http-client-netty-utils\2.12.3\async-http-client-netty-utils-2.12.3.jar;C:\Users\USER\.m2\repository\io\netty\netty-codec-socks\4.1.60.Final\netty-codec-socks-4.1.60.Final.jar;C:\Users\USER\.m2\repository\io\netty\netty-handler-proxy\4.1.60.Final\netty-handler-proxy-4.1.60.Final.jar;C:\Users\USER\.m2\repository\io\netty\netty-transport-native-epoll\4.1.60.Final\netty-transport-native-epoll-4.1.60.Final-linux-x86_64.jar;C:\Users\USER\.m2\repository\io\netty\netty-transport-native-kqueue\4.1.60.Final\netty-transport-native-kqueue-4.1.60.Final-osx-x86_64.jar;C:\Users\USER\.m2\repository\org\reactivestreams\reactive-streams\1.0.3\reactive-streams-1.0.3.jar;C:\Users\USER\.m2\repository\com\typesafe\netty\netty-reactive-streams\2.0.4\netty-reactive-streams-2.0.4.jar;C:\Users\USER\.m2\repository\org\seleniumhq\selenium\selenium-http\4.1.2\selenium-http-4.1.2.jar;C:\Users\USER\.m2\repository\net\jodah\failsafe\2.4.4\failsafe-2.4.4.jar;C:\Users\USER\.m2\repository\org\seleniumhq\selenium\selenium-safari-driver\4.1.2\selenium-safari-driver-4.1.2.jar;C:\Users\USER\.m2\repository\org\seleniumhq\selenium\selenium-api\4.1.2\selenium-api-4.1.2.jar;C:\Users\USER\.m2\repository\org\seleniumhq\selenium\selenium-support\4.1.2\selenium-support-4.1.2.jar;C:\Users\USER\.m2\repository\com\google\auto\service\auto-service-annotations\1.0.1\auto-service-annotations-1.0.1.jar;C:\Users\USER\.m2\repository\com\google\auto\service\auto-service\1.0.1\auto-service-1.0.1.jar;C:\Users\USER\.m2\repository\com\google\auto\auto-common\1.2\auto-common-1.2.jar;C:\Users\USER\.m2\repository\org\seleniumhq\selenium\selenium-json\4.1.2\selenium-json-4.1.2.jar;C:\Users\USER\.m2\repository\org\seleniumhq\selenium\selenium-chrome-driver\4.1.2\selenium-chrome-driver-4.1.2.jar;C:\Users\USER\.m2\repository\org\seleniumhq\selenium\selenium-chromium-driver\4.1.2\selenium-chromium-driver-4.1.2.jar;C:\Users\USER\.m2\repository\org\seleniumhq\selenium\selenium-firefox-driver\4.1.2\selenium-firefox-driver-4.1.2.jar;C:\Users\USER\.m2\repository\org\seleniumhq\selenium\selenium-edge-driver\4.1.2\selenium-edge-driver-4.1.2.jar;C:\Users\USER\.m2\repository\org\seleniumhq\selenium\selenium-ie-driver\4.1.2\selenium-ie-driver-4.1.2.jar;C:\Users\USER\.m2\repository\org\projectlombok\lombok\1.18.20\lombok-1.18.20.jar;C:\Users\USER\.m2\repository\io\appium\java-client\8.0.0\java-client-8.0.0.jar;C:\Users\USER\.m2\repository\commons-validator\commons-validator\1.7\commons-validator-1.7.jar;C:\Users\USER\.m2\repository\commons-digester\commons-digester\2.1\commons-digester-2.1.jar;C:\Users\USER\.m2\repository\org\aspectj\aspectjweaver\1.9.8\aspectjweaver-1.9.8.jar;C:\Users\USER\.m2\repository\org\codehaus\groovy\groovy\3.0.10\groovy-3.0.10.jar;C:\Users\USER\.m2\repository\net\sf\opencsv\opencsv\2.0\opencsv-2.0.jar;C:\Users\USER\.m2\repository\commons-beanutils\commons-beanutils\1.9.4\commons-beanutils-1.9.4.jar;C:\Users\USER\.m2\repository\org\apache\commons\commons-lang3\3.12.0\commons-lang3-3.12.0.jar;C:\Users\USER\.m2\repository\commons-collections\commons-collections\3.2.2\commons-collections-3.2.2.jar;C:\Users\USER\.m2\repository\org\fluentlenium\fluentlenium-core\0.10.2\fluentlenium-core-0.10.2.jar;C:\Users\USER\.m2\repository\io\github\bonigarcia\webdrivermanager\5.1.0\webdrivermanager-5.1.0.jar;C:\Users\USER\.m2\repository\com\github\docker-java\docker-java\3.2.13\docker-java-3.2.13.jar;C:\Users\USER\.m2\repository\com\github\docker-java\docker-java-core\3.2.13\docker-java-core-3.2.13.jar;C:\Users\USER\.m2\repository\com\github\docker-java\docker-java-api\3.2.13\docker-java-api-3.2.13.jar;C:\Users\USER\.m2\repository\org\apache\commons\commons-compress\1.21\commons-compress-1.21.jar;C:\Users\USER\.m2\repository\org\bouncycastle\bcpkix-jdk15on\1.64\bcpkix-jdk15on-1.64.jar;C:\Users\USER\.m2\repository\org\bouncycastle\bcprov-jdk15on\1.64\bcprov-jdk15on-1.64.jar;C:\Users\USER\.m2\repository\org\slf4j\jcl-over-slf4j\1.7.30\jcl-over-slf4j-1.7.30.jar;C:\Users\USER\.m2\repository\com\github\docker-java\docker-java-transport-httpclient5\3.2.13\docker-java-transport-httpclient5-3.2.13.jar;C:\Users\USER\.m2\repository\com\github\docker-java\docker-java-transport\3.2.13\docker-java-transport-3.2.13.jar;C:\Users\USER\.m2\repository\org\apache\httpcomponents\client5\httpclient5\5.0.3\httpclient5-5.0.3.jar;C:\Users\USER\.m2\repository\org\apache\httpcomponents\core5\httpcore5\5.0.2\httpcore5-5.0.2.jar;C:\Users\USER\.m2\repository\net\java\dev\jna\jna\5.8.0\jna-5.8.0.jar;C:\Users\USER\.m2\repository\org\brotli\dec\0.1.2\dec-0.1.2.jar;C:\Users\USER\.m2\repository\com\jhlabs\filters\2.0.235\filters-2.0.235.jar;C:\Users\USER\.m2\repository\com\paulhammant\ngwebdriver\1.1.6\ngwebdriver-1.1.6.jar;C:\Users\USER\.m2\repository\joda-time\joda-time\2.8.2\joda-time-2.8.2.jar;C:\Users\USER\.m2\repository\org\hamcrest\hamcrest\2.2\hamcrest-2.2.jar;C:\Users\USER\.m2\repository\com\google\jimfs\jimfs\1.2\jimfs-1.2.jar;C:\Users\USER\.m2\repository\org\mockito\mockito-core\3.3.3\mockito-core-3.3.3.jar;C:\Users\USER\.m2\repository\javax\xml\bind\jaxb-api\2.3.1\jaxb-api-2.3.1.jar;C:\Users\USER\.m2\repository\javax\activation\javax.activation-api\1.2.0\javax.activation-api-1.2.0.jar;C:\Users\USER\.m2\repository\com\sun\xml\bind\jaxb-core\2.3.0.1\jaxb-core-2.3.0.1.jar;C:\Users\USER\.m2\repository\com\sun\xml\bind\jaxb-impl\2.3.3\jaxb-impl-2.3.3.jar;C:\Users\USER\.m2\repository\jakarta\xml\bind\jakarta.xml.bind-api\2.3.3\jakarta.xml.bind-api-2.3.3.jar;C:\Users\USER\.m2\repository\com\sun\activation\jakarta.activation\1.2.2\jakarta.activation-1.2.2.jar;C:\Users\USER\.m2\repository\javax\activation\activation\1.1.1\activation-1.1.1.jar;C:\Users\USER\.m2\repository\net\serenity-bdd\serenity-cucumber\3.2.1\serenity-cucumber-3.2.1.jar;C:\Users\USER\.m2\repository\io\cucumber\cucumber-core\7.2.3\cucumber-core-7.2.3.jar;C:\Users\USER\.m2\repository\io\cucumber\cucumber-gherkin\7.2.3\cucumber-gherkin-7.2.3.jar;C:\Users\USER\.m2\repository\io\cucumber\cucumber-gherkin-messages\7.2.3\cucumber-gherkin-messages-7.2.3.jar;C:\Users\USER\.m2\repository\io\cucumber\messages\17.1.1\messages-17.1.1.jar;C:\Users\USER\.m2\repository\io\cucumber\tag-expressions\4.1.0\tag-expressions-4.1.0.jar;C:\Users\USER\.m2\repository\io\cucumber\cucumber-expressions\15.0.1\cucumber-expressions-15.0.1.jar;C:\Users\USER\.m2\repository\io\cucumber\datatable\7.2.3\datatable-7.2.3.jar;C:\Users\USER\.m2\repository\io\cucumber\cucumber-plugin\7.2.3\cucumber-plugin-7.2.3.jar;C:\Users\USER\.m2\repository\io\cucumber\docstring\7.2.3\docstring-7.2.3.jar;C:\Users\USER\.m2\repository\io\cucumber\html-formatter\17.0.0\html-formatter-17.0.0.jar;C:\Users\USER\.m2\repository\io\cucumber\ci-environment\8.1.0\ci-environment-8.1.0.jar;C:\Users\USER\.m2\repository\io\cucumber\cucumber-junit\7.2.3\cucumber-junit-7.2.3.jar;C:\Users\USER\.m2\repository\org\apache\commons\commons-csv\1.5\commons-csv-1.5.jar;C:\Users\USER\.m2\repository\net\serenity-bdd\serenity-screenplay\3.2.1\serenity-screenplay-3.2.1.jar;C:\Users\USER\.m2\repository\net\serenity-bdd\serenity-screenplay-webdriver\3.2.1\serenity-screenplay-webdriver-3.2.1.jar;C:\Users\USER\.m2\repository\net\serenity-bdd\serenity-ensure\3.2.1\serenity-ensure-3.2.1.jar;C:\Users\USER\.m2\repository\net\serenity-bdd\serenity-junit\3.2.1\serenity-junit-3.2.1.jar;C:\Users\USER\.m2\repository\org\jetbrains\kotlin\kotlin-stdlib\1.6.0\kotlin-stdlib-1.6.0.jar;C:\Users\USER\.m2\repository\org\jetbrains\annotations\13.0\annotations-13.0.jar;C:\Users\USER\.m2\repository\org\jetbrains\kotlin\kotlin-stdlib-common\1.6.0\kotlin-stdlib-common-1.6.0.jar;C:\Users\USER\.m2\repository\org\junit\platform\junit-platform-launcher\1.8.2\junit-platform-launcher-1.8.2.jar;C:\Users\USER\.m2\repository\org\junit\platform\junit-platform-engine\1.8.2\junit-platform-engine-1.8.2.jar;C:\Users\USER\.m2\repository\org\opentest4j\opentest4j\1.2.0\opentest4j-1.2.0.jar;C:\Users\USER\.m2\repository\org\junit\platform\junit-platform-commons\1.8.2\junit-platform-commons-1.8.2.jar;C:\Users\USER\.m2\repository\org\apiguardian\apiguardian-api\1.1.2\apiguardian-api-1.1.2.jar;C:\Users\USER\.m2\repository\org\junit\jupiter\junit-jupiter-engine\5.8.2\junit-jupiter-engine-5.8.2.jar;C:\Users\USER\.m2\repository\org\junit\jupiter\junit-jupiter-api\5.8.2\junit-jupiter-api-5.8.2.jar;C:\Users\USER\.m2\repository\org\junit\vintage\junit-vintage-engine\5.8.2\junit-vintage-engine-5.8.2.jar;C:\Users\USER\.m2\repository\junit\junit\4.13.2\junit-4.13.2.jar;C:\Users\USER\.m2\repository\org\hamcrest\hamcrest-core\1.3\hamcrest-core-1.3.jar;C:\Users\USER\.m2\repository\ch\qos\logback\logback-classic\1.2.11\logback-classic-1.2.11.jar;C:\Users\USER\.m2\repository\ch\qos\logback\logback-core\1.2.11\logback-core-1.2.11.jar;C:\Users\USER\.m2\repository\org\slf4j\slf4j-api\1.7.32\slf4j-api-1.7.32.jar;C:\Users\USER\.m2\repository\org\assertj\assertj-core\3.22.0\assertj-core-3.22.0.jar;"/>
    <property name="sun.cpu.endian" value="little"/>
    <property name="user.home" value="C:\Users\USER"/>
    <property name="user.language" value="en"/>
    <property name="java.specification.vendor" value="Oracle Corporation"/>
    <property name="jdk.module.path" value="D:\WebProgramming\section20\target\section20-1.0-SNAPSHOT.jar"/>
    <property name="java.version.date" value="2022-01-18"/>
    <property name="java.home" value="C:\Program Files\Java\jdk-17.0.2"/>
    <property name="file.separator" value="\"/>
    <property name="basedir" value="D:\WebProgramming\section20"/>
    <property name="java.vm.compressedOopsMode" value="32-bit"/>
    <property name="line.separator" value="&#10;"/>
    <property name="java.vm.specification.vendor" value="Oracle Corporation"/>
    <property name="java.specification.name" value="Java Platform API Specification"/>
    <property name="surefire.real.class.path" value="C:\Users\USER\.m2\repository\org\apache\maven\surefire\surefire-booter\3.0.0-M5\surefire-booter-3.0.0-M5.jar;C:\Users\USER\.m2\repository\org\apache\maven\surefire\surefire-api\3.0.0-M5\surefire-api-3.0.0-M5.jar;C:\Users\USER\.m2\repository\org\apache\maven\surefire\surefire-logger-api\3.0.0-M5\surefire-logger-api-3.0.0-M5.jar;C:\Users\USER\.m2\repository\org\apache\maven\surefire\surefire-shared-utils\3.0.0-M4\surefire-shared-utils-3.0.0-M4.jar;C:\Users\USER\.m2\repository\org\apache\maven\surefire\surefire-extensions-spi\3.0.0-M5\surefire-extensions-spi-3.0.0-M5.jar;D:\WebProgramming\section20\target\test-classes;C:\Users\USER\.m2\repository\net\serenity-bdd\serenity-core\3.2.1\serenity-core-3.2.1.jar;C:\Users\USER\.m2\repository\net\serenity-bdd\serenity-model\3.2.1\serenity-model-3.2.1.jar;C:\Users\USER\.m2\repository\org\apache\commons\commons-text\1.9\commons-text-1.9.jar;C:\Users\USER\.m2\repository\commons-net\commons-net\3.8.0\commons-net-3.8.0.jar;C:\Users\USER\.m2\repository\com\google\guava\guava\31.1-jre\guava-31.1-jre.jar;C:\Users\USER\.m2\repository\com\google\guava\failureaccess\1.0.1\failureaccess-1.0.1.jar;C:\Users\USER\.m2\repository\com\google\guava\listenablefuture\9999.0-empty-to-avoid-conflict-with-guava\listenablefuture-9999.0-empty-to-avoid-conflict-with-guava.jar;C:\Users\USER\.m2\repository\com\google\code\findbugs\jsr305\3.0.2\jsr305-3.0.2.jar;C:\Users\USER\.m2\repository\org\checkerframework\checker-qual\3.12.0\checker-qual-3.12.0.jar;C:\Users\USER\.m2\repository\com\google\errorprone\error_prone_annotations\2.11.0\error_prone_annotations-2.11.0.jar;C:\Users\USER\.m2\repository\com\google\j2objc\j2objc-annotations\1.3\j2objc-annotations-1.3.jar;C:\Users\USER\.m2\repository\com\google\inject\guice\5.1.0\guice-5.1.0.jar;C:\Users\USER\.m2\repository\javax\inject\javax.inject\1\javax.inject-1.jar;C:\Users\USER\.m2\repository\aopalliance\aopalliance\1.0\aopalliance-1.0.jar;C:\Users\USER\.m2\repository\org\jsoup\jsoup\1.14.3\jsoup-1.14.3.jar;C:\Users\USER\.m2\repository\com\thoughtworks\xstream\xstream\1.4.19\xstream-1.4.19.jar;C:\Users\USER\.m2\repository\io\github\x-stream\mxparser\1.2.2\mxparser-1.2.2.jar;C:\Users\USER\.m2\repository\xmlpull\xmlpull\1.1.3.1\xmlpull-1.1.3.1.jar;C:\Users\USER\.m2\repository\io\cucumber\cucumber-java\7.2.3\cucumber-java-7.2.3.jar;C:\Users\USER\.m2\repository\com\typesafe\config\1.4.2\config-1.4.2.jar;C:\Users\USER\.m2\repository\org\imgscalr\imgscalr-lib\4.2\imgscalr-lib-4.2.jar;C:\Users\USER\.m2\repository\org\awaitility\awaitility\4.2.0\awaitility-4.2.0.jar;C:\Users\USER\.m2\repository\org\freemarker\freemarker\2.3.31\freemarker-2.3.31.jar;C:\Users\USER\.m2\repository\io\github\classgraph\classgraph\4.8.138\classgraph-4.8.138.jar;C:\Users\USER\.m2\repository\net\sourceforge\jexcelapi\jxl\2.6.12\jxl-2.6.12.jar;C:\Users\USER\.m2\repository\net\bytebuddy\byte-buddy\1.12.8\byte-buddy-1.12.8.jar;C:\Users\USER\.m2\repository\net\bytebuddy\byte-buddy-agent\1.12.8\byte-buddy-agent-1.12.8.jar;C:\Users\USER\.m2\repository\org\objenesis\objenesis\3.1\objenesis-3.1.jar;C:\Users\USER\.m2\repository\net\serenity-bdd\serenity-reports\3.2.1\serenity-reports-3.2.1.jar;C:\Users\USER\.m2\repository\net\serenity-bdd\serenity-stats\3.2.1\serenity-stats-3.2.1.jar;C:\Users\USER\.m2\repository\net\serenity-bdd\serenity-reports-configuration\3.2.1\serenity-reports-configuration-3.2.1.jar;C:\Users\USER\.m2\repository\com\vladsch\flexmark\flexmark-all\0.34.30\flexmark-all-0.34.30.jar;C:\Users\USER\.m2\repository\com\vladsch\flexmark\flexmark\0.34.30\flexmark-0.34.30.jar;C:\Users\USER\.m2\repository\com\vladsch\flexmark\flexmark-ext-abbreviation\0.34.30\flexmark-ext-abbreviation-0.34.30.jar;C:\Users\USER\.m2\repository\com\vladsch\flexmark\flexmark-ext-admonition\0.34.30\flexmark-ext-admonition-0.34.30.jar;C:\Users\USER\.m2\repository\com\vladsch\flexmark\flexmark-ext-anchorlink\0.34.30\flexmark-ext-anchorlink-0.34.30.jar;C:\Users\USER\.m2\repository\com\vladsch\flexmark\flexmark-ext-aside\0.34.30\flexmark-ext-aside-0.34.30.jar;C:\Users\USER\.m2\repository\com\vladsch\flexmark\flexmark-ext-attributes\0.34.30\flexmark-ext-attributes-0.34.30.jar;C:\Users\USER\.m2\repository\com\vladsch\flexmark\flexmark-ext-autolink\0.34.30\flexmark-ext-autolink-0.34.30.jar;C:\Users\USER\.m2\repository\org\nibor\autolink\autolink\0.6.0\autolink-0.6.0.jar;C:\Users\USER\.m2\repository\com\vladsch\flexmark\flexmark-ext-definition\0.34.30\flexmark-ext-definition-0.34.30.jar;C:\Users\USER\.m2\repository\com\vladsch\flexmark\flexmark-ext-emoji\0.34.30\flexmark-ext-emoji-0.34.30.jar;C:\Users\USER\.m2\repository\com\vladsch\flexmark\flexmark-ext-enumerated-reference\0.34.30\flexmark-ext-enumerated-reference-0.34.30.jar;C:\Users\USER\.m2\repository\com\vladsch\flexmark\flexmark-ext-escaped-character\0.34.30\flexmark-ext-escaped-character-0.34.30.jar;C:\Users\USER\.m2\repository\com\vladsch\flexmark\flexmark-ext-footnotes\0.34.30\flexmark-ext-footnotes-0.34.30.jar;C:\Users\USER\.m2\repository\com\vladsch\flexmark\flexmark-ext-gfm-issues\0.34.30\flexmark-ext-gfm-issues-0.34.30.jar;C:\Users\USER\.m2\repository\com\vladsch\flexmark\flexmark-ext-gfm-strikethrough\0.34.30\flexmark-ext-gfm-strikethrough-0.34.30.jar;C:\Users\USER\.m2\repository\com\vladsch\flexmark\flexmark-ext-gfm-tables\0.34.30\flexmark-ext-gfm-tables-0.34.30.jar;C:\Users\USER\.m2\repository\com\vladsch\flexmark\flexmark-ext-gfm-tasklist\0.34.30\flexmark-ext-gfm-tasklist-0.34.30.jar;C:\Users\USER\.m2\repository\com\vladsch\flexmark\flexmark-ext-gfm-users\0.34.30\flexmark-ext-gfm-users-0.34.30.jar;C:\Users\USER\.m2\repository\com\vladsch\flexmark\flexmark-ext-gitlab\0.34.30\flexmark-ext-gitlab-0.34.30.jar;C:\Users\USER\.m2\repository\com\vladsch\flexmark\flexmark-ext-jekyll-front-matter\0.34.30\flexmark-ext-jekyll-front-matter-0.34.30.jar;C:\Users\USER\.m2\repository\com\vladsch\flexmark\flexmark-ext-jekyll-tag\0.34.30\flexmark-ext-jekyll-tag-0.34.30.jar;C:\Users\USER\.m2\repository\com\vladsch\flexmark\flexmark-ext-media-tags\0.34.30\flexmark-ext-media-tags-0.34.30.jar;C:\Users\USER\.m2\repository\com\vladsch\flexmark\flexmark-test-util\0.34.30\flexmark-test-util-0.34.30.jar;C:\Users\USER\.m2\repository\com\vladsch\flexmark\flexmark-ext-ins\0.34.30\flexmark-ext-ins-0.34.30.jar;C:\Users\USER\.m2\repository\com\vladsch\flexmark\flexmark-ext-xwiki-macros\0.34.30\flexmark-ext-xwiki-macros-0.34.30.jar;C:\Users\USER\.m2\repository\com\vladsch\flexmark\flexmark-ext-superscript\0.34.30\flexmark-ext-superscript-0.34.30.jar;C:\Users\USER\.m2\repository\com\vladsch\flexmark\flexmark-ext-tables\0.34.30\flexmark-ext-tables-0.34.30.jar;C:\Users\USER\.m2\repository\com\vladsch\flexmark\flexmark-ext-toc\0.34.30\flexmark-ext-toc-0.34.30.jar;C:\Users\USER\.m2\repository\com\vladsch\flexmark\flexmark-ext-typographic\0.34.30\flexmark-ext-typographic-0.34.30.jar;C:\Users\USER\.m2\repository\com\vladsch\flexmark\flexmark-ext-wikilink\0.34.30\flexmark-ext-wikilink-0.34.30.jar;C:\Users\USER\.m2\repository\com\vladsch\flexmark\flexmark-ext-yaml-front-matter\0.34.30\flexmark-ext-yaml-front-matter-0.34.30.jar;C:\Users\USER\.m2\repository\com\vladsch\flexmark\flexmark-ext-youtube-embedded\0.34.30\flexmark-ext-youtube-embedded-0.34.30.jar;C:\Users\USER\.m2\repository\com\vladsch\flexmark\flexmark-formatter\0.34.30\flexmark-formatter-0.34.30.jar;C:\Users\USER\.m2\repository\com\vladsch\flexmark\flexmark-html-parser\0.34.30\flexmark-html-parser-0.34.30.jar;C:\Users\USER\.m2\repository\com\vladsch\flexmark\flexmark-jira-converter\0.34.30\flexmark-jira-converter-0.34.30.jar;C:\Users\USER\.m2\repository\com\vladsch\flexmark\flexmark-pdf-converter\0.34.30\flexmark-pdf-converter-0.34.30.jar;C:\Users\USER\.m2\repository\com\openhtmltopdf\openhtmltopdf-core\0.0.1-RC13\openhtmltopdf-core-0.0.1-RC13.jar;C:\Users\USER\.m2\repository\com\openhtmltopdf\openhtmltopdf-pdfbox\0.0.1-RC13\openhtmltopdf-pdfbox-0.0.1-RC13.jar;C:\Users\USER\.m2\repository\org\apache\pdfbox\pdfbox\2.0.8\pdfbox-2.0.8.jar;C:\Users\USER\.m2\repository\org\apache\pdfbox\fontbox\2.0.8\fontbox-2.0.8.jar;C:\Users\USER\.m2\repository\commons-logging\commons-logging\1.2\commons-logging-1.2.jar;C:\Users\USER\.m2\repository\org\apache\pdfbox\xmpbox\2.0.8\xmpbox-2.0.8.jar;C:\Users\USER\.m2\repository\de\rototor\pdfbox\graphics2d\0.12\graphics2d-0.12.jar;C:\Users\USER\.m2\repository\com\openhtmltopdf\openhtmltopdf-rtl-support\0.0.1-RC13\openhtmltopdf-rtl-support-0.0.1-RC13.jar;C:\Users\USER\.m2\repository\com\ibm\icu\icu4j\59.1\icu4j-59.1.jar;C:\Users\USER\.m2\repository\com\openhtmltopdf\openhtmltopdf-jsoup-dom-converter\0.0.1-RC13\openhtmltopdf-jsoup-dom-converter-0.0.1-RC13.jar;C:\Users\USER\.m2\repository\com\vladsch\flexmark\flexmark-profile-pegdown\0.34.30\flexmark-profile-pegdown-0.34.30.jar;C:\Users\USER\.m2\repository\com\vladsch\flexmark\flexmark-util\0.34.30\flexmark-util-0.34.30.jar;C:\Users\USER\.m2\repository\com\vladsch\flexmark\flexmark-youtrack-converter\0.34.30\flexmark-youtrack-converter-0.34.30.jar;C:\Users\USER\.m2\repository\es\nitaur\markdown\txtmark\0.16\txtmark-0.16.jar;C:\Users\USER\.m2\repository\net\serenity-bdd\serenity-report-resources\3.2.1\serenity-report-resources-3.2.1.jar;C:\Users\USER\.m2\repository\com\google\code\gson\gson\2.9.0\gson-2.9.0.jar;C:\Users\USER\.m2\repository\com\fasterxml\jackson\core\jackson-core\2.13.2\jackson-core-2.13.2.jar;C:\Users\USER\.m2\repository\com\fasterxml\jackson\core\jackson-databind\2.13.2\jackson-databind-2.13.2.jar;C:\Users\USER\.m2\repository\com\fasterxml\jackson\core\jackson-annotations\2.13.2\jackson-annotations-2.13.2.jar;C:\Users\USER\.m2\repository\commons-codec\commons-codec\1.15\commons-codec-1.15.jar;C:\Users\USER\.m2\repository\commons-io\commons-io\2.11.0\commons-io-2.11.0.jar;C:\Users\USER\.m2\repository\org\seleniumhq\selenium\selenium-java\4.1.2\selenium-java-4.1.2.jar;C:\Users\USER\.m2\repository\org\seleniumhq\selenium\selenium-devtools-v85\4.1.2\selenium-devtools-v85-4.1.2.jar;C:\Users\USER\.m2\repository\org\seleniumhq\selenium\selenium-devtools-v95\4.1.2\selenium-devtools-v95-4.1.2.jar;C:\Users\USER\.m2\repository\org\seleniumhq\selenium\selenium-devtools-v96\4.1.2\selenium-devtools-v96-4.1.2.jar;C:\Users\USER\.m2\repository\org\seleniumhq\selenium\selenium-devtools-v97\4.1.2\selenium-devtools-v97-4.1.2.jar;C:\Users\USER\.m2\repository\org\seleniumhq\selenium\selenium-firefox-xpi-driver\4.1.2\selenium-firefox-xpi-driver-4.1.2.jar;C:\Users\USER\.m2\repository\org\seleniumhq\selenium\selenium-opera-driver\4.1.2\selenium-opera-driver-4.1.2.jar;C:\Users\USER\.m2\repository\org\seleniumhq\selenium\selenium-remote-driver\4.1.2\selenium-remote-driver-4.1.2.jar;C:\Users\USER\.m2\repository\com\beust\jcommander\1.82\jcommander-1.82.jar;C:\Users\USER\.m2\repository\io\netty\netty-buffer\4.1.73.Final\netty-buffer-4.1.73.Final.jar;C:\Users\USER\.m2\repository\io\netty\netty-codec-http\4.1.73.Final\netty-codec-http-4.1.73.Final.jar;C:\Users\USER\.m2\repository\io\netty\netty-codec\4.1.73.Final\netty-codec-4.1.73.Final.jar;C:\Users\USER\.m2\repository\io\netty\netty-handler\4.1.73.Final\netty-handler-4.1.73.Final.jar;C:\Users\USER\.m2\repository\io\netty\netty-tcnative-classes\2.0.46.Final\netty-tcnative-classes-2.0.46.Final.jar;C:\Users\USER\.m2\repository\io\netty\netty-common\4.1.73.Final\netty-common-4.1.73.Final.jar;C:\Users\USER\.m2\repository\io\netty\netty-transport-classes-epoll\4.1.73.Final\netty-transport-classes-epoll-4.1.73.Final.jar;C:\Users\USER\.m2\repository\io\netty\netty-transport-classes-kqueue\4.1.73.Final\netty-transport-classes-kqueue-4.1.73.Final.jar;C:\Users\USER\.m2\repository\io\netty\netty-transport-native-epoll\4.1.73.Final\netty-transport-native-epoll-4.1.73.Final.jar;C:\Users\USER\.m2\repository\io\netty\netty-transport-native-kqueue\4.1.73.Final\netty-transport-native-kqueue-4.1.73.Final.jar;C:\Users\USER\.m2\repository\io\netty\netty-transport-native-unix-common\4.1.73.Final\netty-transport-native-unix-common-4.1.73.Final.jar;C:\Users\USER\.m2\repository\io\netty\netty-transport\4.1.73.Final\netty-transport-4.1.73.Final.jar;C:\Users\USER\.m2\repository\io\netty\netty-resolver\4.1.73.Final\netty-resolver-4.1.73.Final.jar;C:\Users\USER\.m2\repository\io\opentelemetry\opentelemetry-api\1.10.1\opentelemetry-api-1.10.1.jar;C:\Users\USER\.m2\repository\io\opentelemetry\opentelemetry-context\1.10.1\opentelemetry-context-1.10.1.jar;C:\Users\USER\.m2\repository\io\opentelemetry\opentelemetry-exporter-logging\1.10.1\opentelemetry-exporter-logging-1.10.1.jar;C:\Users\USER\.m2\repository\io\opentelemetry\opentelemetry-sdk-metrics\1.10.1-alpha\opentelemetry-sdk-metrics-1.10.1-alpha.jar;C:\Users\USER\.m2\repository\io\opentelemetry\opentelemetry-sdk-logs\1.10.1-alpha\opentelemetry-sdk-logs-1.10.1-alpha.jar;C:\Users\USER\.m2\repository\io\opentelemetry\opentelemetry-sdk-common\1.10.1\opentelemetry-sdk-common-1.10.1.jar;C:\Users\USER\.m2\repository\io\opentelemetry\opentelemetry-sdk-extension-autoconfigure-spi\1.10.1\opentelemetry-sdk-extension-autoconfigure-spi-1.10.1.jar;C:\Users\USER\.m2\repository\io\opentelemetry\opentelemetry-sdk-extension-autoconfigure\1.10.1-alpha\opentelemetry-sdk-extension-autoconfigure-1.10.1-alpha.jar;C:\Users\USER\.m2\repository\io\opentelemetry\opentelemetry-sdk-trace\1.10.1\opentelemetry-sdk-trace-1.10.1.jar;C:\Users\USER\.m2\repository\io\opentelemetry\opentelemetry-sdk\1.10.1\opentelemetry-sdk-1.10.1.jar;C:\Users\USER\.m2\repository\io\opentelemetry\opentelemetry-semconv\1.10.1-alpha\opentelemetry-semconv-1.10.1-alpha.jar;C:\Users\USER\.m2\repository\io\ous\jtoml\2.0.0\jtoml-2.0.0.jar;C:\Users\USER\.m2\repository\org\apache\commons\commons-exec\1.3\commons-exec-1.3.jar;C:\Users\USER\.m2\repository\org\asynchttpclient\async-http-client\2.12.3\async-http-client-2.12.3.jar;C:\Users\USER\.m2\repository\org\asynchttpclient\async-http-client-netty-utils\2.12.3\async-http-client-netty-utils-2.12.3.jar;C:\Users\USER\.m2\repository\io\netty\netty-codec-socks\4.1.60.Final\netty-codec-socks-4.1.60.Final.jar;C:\Users\USER\.m2\repository\io\netty\netty-handler-proxy\4.1.60.Final\netty-handler-proxy-4.1.60.Final.jar;C:\Users\USER\.m2\repository\io\netty\netty-transport-native-epoll\4.1.60.Final\netty-transport-native-epoll-4.1.60.Final-linux-x86_64.jar;C:\Users\USER\.m2\repository\io\netty\netty-transport-native-kqueue\4.1.60.Final\netty-transport-native-kqueue-4.1.60.Final-osx-x86_64.jar;C:\Users\USER\.m2\repository\org\reactivestreams\reactive-streams\1.0.3\reactive-streams-1.0.3.jar;C:\Users\USER\.m2\repository\com\typesafe\netty\netty-reactive-streams\2.0.4\netty-reactive-streams-2.0.4.jar;C:\Users\USER\.m2\repository\org\seleniumhq\selenium\selenium-http\4.1.2\selenium-http-4.1.2.jar;C:\Users\USER\.m2\repository\net\jodah\failsafe\2.4.4\failsafe-2.4.4.jar;C:\Users\USER\.m2\repository\org\seleniumhq\selenium\selenium-safari-driver\4.1.2\selenium-safari-driver-4.1.2.jar;C:\Users\USER\.m2\repository\org\seleniumhq\selenium\selenium-api\4.1.2\selenium-api-4.1.2.jar;C:\Users\USER\.m2\repository\org\seleniumhq\selenium\selenium-support\4.1.2\selenium-support-4.1.2.jar;C:\Users\USER\.m2\repository\com\google\auto\service\auto-service-annotations\1.0.1\auto-service-annotations-1.0.1.jar;C:\Users\USER\.m2\repository\com\google\auto\service\auto-service\1.0.1\auto-service-1.0.1.jar;C:\Users\USER\.m2\repository\com\google\auto\auto-common\1.2\auto-common-1.2.jar;C:\Users\USER\.m2\repository\org\seleniumhq\selenium\selenium-json\4.1.2\selenium-json-4.1.2.jar;C:\Users\USER\.m2\repository\org\seleniumhq\selenium\selenium-chrome-driver\4.1.2\selenium-chrome-driver-4.1.2.jar;C:\Users\USER\.m2\repository\org\seleniumhq\selenium\selenium-chromium-driver\4.1.2\selenium-chromium-driver-4.1.2.jar;C:\Users\USER\.m2\repository\org\seleniumhq\selenium\selenium-firefox-driver\4.1.2\selenium-firefox-driver-4.1.2.jar;C:\Users\USER\.m2\repository\org\seleniumhq\selenium\selenium-edge-driver\4.1.2\selenium-edge-driver-4.1.2.jar;C:\Users\USER\.m2\repository\org\seleniumhq\selenium\selenium-ie-driver\4.1.2\selenium-ie-driver-4.1.2.jar;C:\Users\USER\.m2\repository\org\projectlombok\lombok\1.18.20\lombok-1.18.20.jar;C:\Users\USER\.m2\repository\io\appium\java-client\8.0.0\java-client-8.0.0.jar;C:\Users\USER\.m2\repository\commons-validator\commons-validator\1.7\commons-validator-1.7.jar;C:\Users\USER\.m2\repository\commons-digester\commons-digester\2.1\commons-digester-2.1.jar;C:\Users\USER\.m2\repository\org\aspectj\aspectjweaver\1.9.8\aspectjweaver-1.9.8.jar;C:\Users\USER\.m2\repository\org\codehaus\groovy\groovy\3.0.10\groovy-3.0.10.jar;C:\Users\USER\.m2\repository\net\sf\opencsv\opencsv\2.0\opencsv-2.0.jar;C:\Users\USER\.m2\repository\commons-beanutils\commons-beanutils\1.9.4\commons-beanutils-1.9.4.jar;C:\Users\USER\.m2\repository\org\apache\commons\commons-lang3\3.12.0\commons-lang3-3.12.0.jar;C:\Users\USER\.m2\repository\commons-collections\commons-collections\3.2.2\commons-collections-3.2.2.jar;C:\Users\USER\.m2\repository\org\fluentlenium\fluentlenium-core\0.10.2\fluentlenium-core-0.10.2.jar;C:\Users\USER\.m2\repository\io\github\bonigarcia\webdrivermanager\5.1.0\webdrivermanager-5.1.0.jar;C:\Users\USER\.m2\repository\com\github\docker-java\docker-java\3.2.13\docker-java-3.2.13.jar;C:\Users\USER\.m2\repository\com\github\docker-java\docker-java-core\3.2.13\docker-java-core-3.2.13.jar;C:\Users\USER\.m2\repository\com\github\docker-java\docker-java-api\3.2.13\docker-java-api-3.2.13.jar;C:\Users\USER\.m2\repository\org\apache\commons\commons-compress\1.21\commons-compress-1.21.jar;C:\Users\USER\.m2\repository\org\bouncycastle\bcpkix-jdk15on\1.64\bcpkix-jdk15on-1.64.jar;C:\Users\USER\.m2\repository\org\bouncycastle\bcprov-jdk15on\1.64\bcprov-jdk15on-1.64.jar;C:\Users\USER\.m2\repository\org\slf4j\jcl-over-slf4j\1.7.30\jcl-over-slf4j-1.7.30.jar;C:\Users\USER\.m2\repository\com\github\docker-java\docker-java-transport-httpclient5\3.2.13\docker-java-transport-httpclient5-3.2.13.jar;C:\Users\USER\.m2\repository\com\github\docker-java\docker-java-transport\3.2.13\docker-java-transport-3.2.13.jar;C:\Users\USER\.m2\repository\org\apache\httpcomponents\client5\httpclient5\5.0.3\httpclient5-5.0.3.jar;C:\Users\USER\.m2\repository\org\apache\httpcomponents\core5\httpcore5\5.0.2\httpcore5-5.0.2.jar;C:\Users\USER\.m2\repository\net\java\dev\jna\jna\5.8.0\jna-5.8.0.jar;C:\Users\USER\.m2\repository\org\brotli\dec\0.1.2\dec-0.1.2.jar;C:\Users\USER\.m2\repository\com\jhlabs\filters\2.0.235\filters-2.0.235.jar;C:\Users\USER\.m2\repository\com\paulhammant\ngwebdriver\1.1.6\ngwebdriver-1.1.6.jar;C:\Users\USER\.m2\repository\joda-time\joda-time\2.8.2\joda-time-2.8.2.jar;C:\Users\USER\.m2\repository\org\hamcrest\hamcrest\2.2\hamcrest-2.2.jar;C:\Users\USER\.m2\repository\com\google\jimfs\jimfs\1.2\jimfs-1.2.jar;C:\Users\USER\.m2\repository\org\mockito\mockito-core\3.3.3\mockito-core-3.3.3.jar;C:\Users\USER\.m2\repository\javax\xml\bind\jaxb-api\2.3.1\jaxb-api-2.3.1.jar;C:\Users\USER\.m2\repository\javax\activation\javax.activation-api\1.2.0\javax.activation-api-1.2.0.jar;C:\Users\USER\.m2\repository\com\sun\xml\bind\jaxb-core\2.3.0.1\jaxb-core-2.3.0.1.jar;C:\Users\USER\.m2\repository\com\sun\xml\bind\jaxb-impl\2.3.3\jaxb-impl-2.3.3.jar;C:\Users\USER\.m2\repository\jakarta\xml\bind\jakarta.xml.bind-api\2.3.3\jakarta.xml.bind-api-2.3.3.jar;C:\Users\USER\.m2\repository\com\sun\activation\jakarta.activation\1.2.2\jakarta.activation-1.2.2.jar;C:\Users\USER\.m2\repository\javax\activation\activation\1.1.1\activation-1.1.1.jar;C:\Users\USER\.m2\repository\net\serenity-bdd\serenity-cucumber\3.2.1\serenity-cucumber-3.2.1.jar;C:\Users\USER\.m2\repository\io\cucumber\cucumber-core\7.2.3\cucumber-core-7.2.3.jar;C:\Users\USER\.m2\repository\io\cucumber\cucumber-gherkin\7.2.3\cucumber-gherkin-7.2.3.jar;C:\Users\USER\.m2\repository\io\cucumber\cucumber-gherkin-messages\7.2.3\cucumber-gherkin-messages-7.2.3.jar;C:\Users\USER\.m2\repository\io\cucumber\messages\17.1.1\messages-17.1.1.jar;C:\Users\USER\.m2\repository\io\cucumber\tag-expressions\4.1.0\tag-expressions-4.1.0.jar;C:\Users\USER\.m2\repository\io\cucumber\cucumber-expressions\15.0.1\cucumber-expressions-15.0.1.jar;C:\Users\USER\.m2\repository\io\cucumber\datatable\7.2.3\datatable-7.2.3.jar;C:\Users\USER\.m2\repository\io\cucumber\cucumber-plugin\7.2.3\cucumber-plugin-7.2.3.jar;C:\Users\USER\.m2\repository\io\cucumber\docstring\7.2.3\docstring-7.2.3.jar;C:\Users\USER\.m2\repository\io\cucumber\html-formatter\17.0.0\html-formatter-17.0.0.jar;C:\Users\USER\.m2\repository\io\cucumber\ci-environment\8.1.0\ci-environment-8.1.0.jar;C:\Users\USER\.m2\repository\io\cucumber\cucumber-junit\7.2.3\cucumber-junit-7.2.3.jar;C:\Users\USER\.m2\repository\org\apache\commons\commons-csv\1.5\commons-csv-1.5.jar;C:\Users\USER\.m2\repository\net\serenity-bdd\serenity-screenplay\3.2.1\serenity-screenplay-3.2.1.jar;C:\Users\USER\.m2\repository\net\serenity-bdd\serenity-screenplay-webdriver\3.2.1\serenity-screenplay-webdriver-3.2.1.jar;C:\Users\USER\.m2\repository\net\serenity-bdd\serenity-ensure\3.2.1\serenity-ensure-3.2.1.jar;C:\Users\USER\.m2\repository\net\serenity-bdd\serenity-junit\3.2.1\serenity-junit-3.2.1.jar;C:\Users\USER\.m2\repository\org\jetbrains\kotlin\kotlin-stdlib\1.6.0\kotlin-stdlib-1.6.0.jar;C:\Users\USER\.m2\repository\org\jetbrains\annotations\13.0\annotations-13.0.jar;C:\Users\USER\.m2\repository\org\jetbrains\kotlin\kotlin-stdlib-common\1.6.0\kotlin-stdlib-common-1.6.0.jar;C:\Users\USER\.m2\repository\org\junit\platform\junit-platform-launcher\1.8.2\junit-platform-launcher-1.8.2.jar;C:\Users\USER\.m2\repository\org\junit\platform\junit-platform-engine\1.8.2\junit-platform-engine-1.8.2.jar;C:\Users\USER\.m2\repository\org\opentest4j\opentest4j\1.2.0\opentest4j-1.2.0.jar;C:\Users\USER\.m2\repository\org\junit\platform\junit-platform-commons\1.8.2\junit-platform-commons-1.8.2.jar;C:\Users\USER\.m2\repository\org\apiguardian\apiguardian-api\1.1.2\apiguardian-api-1.1.2.jar;C:\Users\USER\.m2\repository\org\junit\jupiter\junit-jupiter-engine\5.8.2\junit-jupiter-engine-5.8.2.jar;C:\Users\USER\.m2\repository\org\junit\jupiter\junit-jupiter-api\5.8.2\junit-jupiter-api-5.8.2.jar;C:\Users\USER\.m2\repository\org\junit\vintage\junit-vintage-engine\5.8.2\junit-vintage-engine-5.8.2.jar;C:\Users\USER\.m2\repository\junit\junit\4.13.2\junit-4.13.2.jar;C:\Users\USER\.m2\repository\org\hamcrest\hamcrest-core\1.3\hamcrest-core-1.3.jar;C:\Users\USER\.m2\repository\ch\qos\logback\logback-classic\1.2.11\logback-classic-1.2.11.jar;C:\Users\USER\.m2\repository\ch\qos\logback\logback-core\1.2.11\logback-core-1.2.11.jar;C:\Users\USER\.m2\repository\org\slf4j\slf4j-api\1.7.32\slf4j-api-1.7.32.jar;C:\Users\USER\.m2\repository\org\assertj\assertj-core\3.22.0\assertj-core-3.22.0.jar;C:\Users\USER\.m2\repository\org\apache\maven\surefire\surefire-junit-platform\3.0.0-M5\surefire-junit-platform-3.0.0-M5.jar;C:\Users\USER\.m2\repository\org\apache\maven\surefire\common-java5\3.0.0-M5\common-java5-3.0.0-M5.jar"/>
    <property name="user.script" value=""/>
    <property name="java.protocol.handler.pkgs" value="com.google.common"/>
    <property name="sun.management.compiler" value="HotSpot 64-Bit Tiered Compilers"/>
    <property name="java.runtime.version" value="17.0.2+8-LTS-86"/>
    <property name="user.name" value="USER"/>
    <property name="path.separator" value=";"/>
    <property name="os.version" value="10.0"/>
    <property name="java.runtime.name" value="Java(TM) SE Runtime Environment"/>
    <property name="file.encoding" value="Cp1252"/>
    <property name="webdriver.base.url" value=""/>
    <property name="java.vm.name" value="Java HotSpot(TM) 64-Bit Server VM"/>
    <property name="localRepository" value="C:\Users\USER\.m2\repository"/>
    <property name="java.vendor.url.bug" value="https://bugreport.java.com/bugreport/"/>
    <property name="java.io.tmpdir" value="C:\Users\USER\AppData\Local\Temp\"/>
    <property name="java.version" value="17.0.2"/>
    <property name="user.dir" value="D:\WebProgramming\section20"/>
    <property name="os.arch" value="amd64"/>
    <property name="java.vm.specification.name" value="Java Virtual Machine Specification"/>
    <property name="user.language.format" value="id"/>
    <property name="sun.os.patch.level" value=""/>
    <property name="native.encoding" value="Cp1252"/>
    <property name="java.library.path" value="C:\Program Files\Java\jdk-17.0.2\bin;C:\Windows\Sun\Java\bin;C:\Windows\system32;C:\Windows;C:\oraclexe\app\oracle\product\11.2.0\server\bin;C:\Program Files\Common Files\Oracle\Java\javapath;C:\Program Files (x86)\Common Files\Oracle\Java\javapath;C:\Program Files (x86)\Common Files\Intel\Shared Libraries\redist\intel64\compiler;C:\Windows\system32;C:\Windows;C:\Windows\System32\Wbem;C:\Windows\System32\WindowsPowerShell\v1.0\;C:\Windows\System32\OpenSSH\;C:\Program Files (x86)\NVIDIA Corporation\PhysX\Common;C:\Program Files\NVIDIA Corporation\NVIDIA NvDLISR;C:\Program Files (x86)\Microsoft SQL Server\150\DTS\Binn\;C:\Program Files\Microsoft SQL Server\Client SDK\ODBC\170\Tools\Binn\;C:\Program Files (x86)\Microsoft SQL Server\150\Tools\Binn\;C:\Program Files\Microsoft SQL Server\150\Tools\Binn\;C:\Program Files\Microsoft SQL Server\150\DTS\Binn\;C:\Program Files\dotnet\;C:\Program Files\Microsoft SQL Server\130\Tools\Binn\;C:\Program Files\Java\jdk-17.0.2\bin;C:\Users\USER\AppData\Local\Android\Sdk\platforms;C:\Users\USER\AppData\Local\Android\Sdk\platform-tools;C:\Program Files\chromedriver_win32;D:\Program Files\nodejs\;D:\Springboot\apache-maven-3.8.4\bin;D:\Python\;D:\Python\Scripts\;C:\Users\USER\AppData\Local\Programs\Python\Python39\;C:\Users\USER\AppData\Local\Programs\Python\Python39\Scripts\;C:\Program Files\Java\jdk-17.0.2\bin;D:\apache-maven-3.8.5\;C:\Users\USER\AppData\Local\Android\Sdk\tools;C:\Users\USER\AppData\Local\Android\Sdk\platform-tools;C:\Users\USER\AppData\Local\Android\Sdk\build-tools;C:\Program Files\Android\Android Studio\bin;C:\Program Files\Git\cmd;D:\Git\cmd;C:\Program Files\MySQL\MySQL Shell 8.0\bin\;D:\anaconda3;D:\anaconda3\Library\mingw-w64\bin;D:\anaconda3\Library\usr\bin;D:\anaconda3\Library\bin;D:\anaconda3\Scripts;C:\Users\USER\AppData\Local\Microsoft\WindowsApps;C:\Users\USER\AppData\Local\Programs\Microsoft VS Code\bin;C:\Users\USER\.dotnet\tools;C:\Users\USER\AppData\Roaming\npm;C:\Program Files\JetBrains\IntelliJ IDEA Community Edition 2021.2.2\bin;D:\apache-maven-3.8.5\bin;."/>
    <property name="java.vm.info" value="mixed mode"/>
    <property name="java.vendor" value="Oracle Corporation"/>
    <property name="java.vm.version" value="17.0.2+8-LTS-86"/>
    <property name="sun.io.unicode.encoding" value="UnicodeLittle"/>
    <property name="java.class.version" value="61.0"/>
  </properties>
  <testcase name="As a user I have to be able to login in ToolsQa" classname="Login" time="27.703">
    <system-out><![CDATA[10:26:52.674 [main] INFO io.cucumber.core.plugin.SerenityReporter - Running feature from file:///D:/WebProgramming/section20/src/test/resources/features/Login.feature
10:26:52.997 [main] INFO  - 

-------------------------------------------------------------------------------------
     _______. _______ .______       _______ .__   __.  __  .___________.____    ____ 
    /       ||   ____||   _  \     |   ____||  \ |  | |  | |           |\   \  /   / 
   |   (----`|  |__   |  |_)  |    |  |__   |   \|  | |  | `---|  |----` \   \/   /  
    \   \    |   __|  |      /     |   __|  |  . `  | |  |     |  |       \_    _/   
.----)   |   |  |____ |  |\  \----.|  |____ |  |\   | |  |     |  |         |  |     
|_______/    |_______|| _| `._____||_______||__| \__| |__|     |__|         |__|    
                                                                                     
 News and tutorials at http://www.serenity-bdd.info                                  
 Documentation at https://wakaleo.gitbooks.io/the-serenity-book/content/             
 Join the Serenity Community on Gitter: https://gitter.im/serenity-bdd/serenity-core 
 Serenity BDD Support and Training at http://serenity-bdd.info/#/trainingandsupport  
-------------------------------------------------------------------------------------

10:26:53.000 [main] DEBUG net.thucydides.core.steps.StepEventBus - Test suite started for story net.thucydides.core.model.Story@23282f08
10:26:53.007 [main] INFO  - Test Suite Started: Login
10:26:53.034 [main] INFO io.cucumber.core.plugin.SerenityReporter - Running feature from file:///D:/WebProgramming/section20/src/test/resources/features/Login.feature
10:26:53.037 [main] DEBUG net.thucydides.core.steps.StepEventBus - Test suite started for story net.thucydides.core.model.Story@23282f08
10:26:53.038 [main] INFO  - Test Suite Started: Login

Scenario: As a user I have to be able to login in ToolsQa &amp#27;[90m# src/test/resources/features/Login.feature:6&amp#27;[0m
10:26:53.171 [main] INFO io.cucumber.core.plugin.SerenityReporter - Running feature from file:///D:/WebProgramming/section20/src/test/resources/features/Login.feature
10:26:53.295 [main] INFO  - 
  _____   ___   ___   _____     ___   _____     _     ___   _____   ___   ___  
 |_   _| | __| / __| |_   _|   / __| |_   _|   /_\   | _ \ |_   _| | __| |   \ 
   | |   | _|  \__ \   | |     \__ \   | |    / _ \  |   /   | |   | _|  | |) |
   |_|   |___| |___/   |_|     |___/   |_|   /_/ \_\ |_|_\   |_|   |___| |___/ 

As a user I have to be able to login in ToolsQa(login;as-a-user-i-have-to-be-able-to-login-in-toolsqa)
--------------------------------------------------------------------------------
10:26:54.282 [main] DEBUG net.thucydides.core.steps.StepInterceptor - STARTING STEP: LoginSteps.iAmOnTheLoginPage - openUrl
10:26:54.494 [main] INFO net.serenitybdd.core.webdriver.driverproviders.ChromeDriverProvider - Using automatically driver download
10:26:55.348 [main] DEBUG io.github.bonigarcia.wdm.cache.ResolutionCache - Resolution chrome=99 in cache (valid until 11:23:23 30/03/2022 WIB)
10:26:55.356 [main] DEBUG io.github.bonigarcia.wdm.cache.ResolutionCache - Resolution chrome99=99.0.4844.51 in cache (valid until 10:23:23 31/03/2022 WIB)
10:26:55.362 [main] INFO io.github.bonigarcia.wdm.WebDriverManager - Using chromedriver 99.0.4844.51 (resolved driver for Chrome 99)
10:26:55.397 [main] DEBUG io.github.bonigarcia.wdm.WebDriverManager - Driver chromedriver 99.0.4844.51 found in cache
10:26:55.398 [main] INFO io.github.bonigarcia.wdm.WebDriverManager - Exporting webdriver.chrome.driver as C:\Users\USER\.cache\selenium\chromedriver\win32\99.0.4844.51\chromedriver.exe
10:26:56.321 [main] DEBUG net.thucydides.core.reflection.ClassFinder - Could not load class .CucumberTestSuite
10:26:56.322 [main] DEBUG net.thucydides.core.reflection.ClassFinder - Could not load class .starter.pages.HomePage
10:26:56.322 [main] DEBUG net.thucydides.core.reflection.ClassFinder - Could not load class .starter.pages.LoginPage
10:26:56.322 [main] DEBUG net.thucydides.core.reflection.ClassFinder - Could not load class .starter.stepdefinitions.LoginSteps
10:26:56.322 [main] DEBUG net.thucydides.core.reflection.ClassFinder - Could not load class META-INF.versions.9.com.sun.istack.logging.StackHelper
10:26:56.322 [main] DEBUG net.thucydides.core.reflection.ClassFinder - Could not load class META-INF.versions.9.com.sun.xml.bind.v2.runtime.reflect.opt.AccessorInjector
10:26:56.323 [main] DEBUG net.thucydides.core.reflection.ClassFinder - Could not load class META-INF.versions.9.com.sun.xml.bind.v2.runtime.reflect.opt.Injector
10:26:56.323 [main] DEBUG net.thucydides.core.reflection.ClassFinder - Could not load class META-INF.versions.9.com.sun.xml.bind.v2.runtime.reflect.opt.OptimizedAccessorFactory
10:26:56.323 [main] DEBUG net.thucydides.core.reflection.ClassFinder - Could not load class META-INF.versions.9.com.sun.xml.bind.v2.runtime.reflect.opt.OptimizedTransducedAccessorFactory
10:26:56.324 [main] DEBUG net.thucydides.core.reflection.ClassFinder - Could not load class META-INF.versions.9.io.opentelemetry.sdk.internal.CurrentJavaVersionSpecific
10:26:56.324 [main] DEBUG net.thucydides.core.reflection.ClassFinder - Could not load class META-INF.versions.9.io.opentelemetry.sdk.internal.Java9VersionSpecific
10:26:56.324 [main] DEBUG net.thucydides.core.reflection.ClassFinder - Could not load class META-INF.versions.9.javax.xml.bind.ModuleUtil
10:26:56.325 [main] DEBUG net.thucydides.core.reflection.ClassFinder - Could not load class META-INF.versions.9.module-info
10:26:56.325 [main] DEBUG net.thucydides.core.reflection.ClassFinder - Could not load class META-INF.versions.9.org.junit.platform.commons.util.ModuleUtils
10:26:56.692 [main] DEBUG net.thucydides.core.reflection.ClassFinder - Could not load class com.google.gson.internal.
10:26:56.891 [main] DEBUG net.thucydides.core.reflection.ClassFinder - Could not load class com.sun.xml.bind.v2.runtime.output.FastInfosetStreamWriterOutput
10:26:57.401 [main] DEBUG net.thucydides.core.reflection.ClassFinder - Could not load class module-info
10:27:02.684 [main] DEBUG io.netty.util.internal.logging.InternalLoggerFactory - Using SLF4J as the default logging framework
10:27:02.689 [main] DEBUG io.netty.util.ResourceLeakDetector - -Dio.netty.leakDetection.level: simple
10:27:02.689 [main] DEBUG io.netty.util.ResourceLeakDetector - -Dio.netty.leakDetection.targetRecords: 4
10:27:02.693 [main] DEBUG io.netty.util.ResourceLeakDetectorFactory - Loaded default ResourceLeakDetector: io.netty.util.ResourceLeakDetector@1c0d92e5
10:27:02.713 [main] DEBUG io.netty.util.internal.PlatformDependent0 - -Dio.netty.noUnsafe: false
10:27:02.713 [main] DEBUG io.netty.util.internal.PlatformDependent0 - Java version: 17
10:27:02.714 [main] DEBUG io.netty.util.internal.PlatformDependent0 - sun.misc.Unsafe.theUnsafe: available
10:27:02.715 [main] DEBUG io.netty.util.internal.PlatformDependent0 - sun.misc.Unsafe.copyMemory: available
10:27:02.716 [main] DEBUG io.netty.util.internal.PlatformDependent0 - java.nio.Buffer.address: available
10:27:02.717 [main] DEBUG io.netty.util.internal.PlatformDependent0 - direct buffer constructor: unavailable: Reflective setAccessible(true) disabled
10:27:02.717 [main] DEBUG io.netty.util.internal.PlatformDependent0 - java.nio.Bits.unaligned: available, true
10:27:02.718 [main] DEBUG io.netty.util.internal.PlatformDependent0 - jdk.internal.misc.Unsafe.allocateUninitializedArray(int): unavailable: class io.netty.util.internal.PlatformDependent0$6 cannot access class jdk.internal.misc.Unsafe (in module java.base) because module java.base does not export jdk.internal.misc to unnamed module @77eca502
10:27:02.720 [main] DEBUG io.netty.util.internal.PlatformDependent0 - java.nio.DirectByteBuffer.<init>(long, int): unavailable
10:27:02.720 [main] DEBUG io.netty.util.internal.PlatformDependent - sun.misc.Unsafe: available
10:27:02.723 [main] DEBUG io.netty.util.internal.PlatformDependent - maxDirectMemory: 2101346304 bytes (maybe)
10:27:02.723 [main] DEBUG io.netty.util.internal.PlatformDependent - -Dio.netty.tmpdir: C:\Users\USER\AppData\Local\Temp (java.io.tmpdir)
10:27:02.723 [main] DEBUG io.netty.util.internal.PlatformDependent - -Dio.netty.bitMode: 64 (sun.arch.data.model)
10:27:02.724 [main] DEBUG io.netty.util.internal.PlatformDependent - Platform: Windows
10:27:02.724 [main] DEBUG io.netty.util.internal.PlatformDependent - -Dio.netty.maxDirectMemory: -1 bytes
10:27:02.724 [main] DEBUG io.netty.util.internal.PlatformDependent - -Dio.netty.uninitializedArrayAllocationThreshold: -1
10:27:02.726 [main] DEBUG io.netty.util.internal.CleanerJava9 - java.nio.ByteBuffer.cleaner(): available
10:27:02.726 [main] DEBUG io.netty.util.internal.PlatformDependent - -Dio.netty.noPreferDirect: false
10:27:02.734 [main] DEBUG io.netty.util.internal.PlatformDependent - org.jctools-core.MpscChunkedArrayQueue: available
10:27:02.757 [main] DEBUG io.netty.util.internal.InternalThreadLocalMap - -Dio.netty.threadLocalMap.stringBuilder.initialSize: 1024
10:27:02.757 [main] DEBUG io.netty.util.internal.InternalThreadLocalMap - -Dio.netty.threadLocalMap.stringBuilder.maxSize: 4096
10:27:02.862 [main] DEBUG io.netty.handler.ssl.JdkSslContext - Default protocols (JDK): [TLSv1.3, TLSv1.2] 
10:27:02.862 [main] DEBUG io.netty.handler.ssl.JdkSslContext - Default cipher suites (JDK): [TLS_ECDHE_ECDSA_WITH_AES_256_GCM_SHA384, TLS_ECDHE_ECDSA_WITH_AES_128_GCM_SHA256, TLS_ECDHE_RSA_WITH_AES_128_GCM_SHA256, TLS_ECDHE_RSA_WITH_AES_256_GCM_SHA384, TLS_ECDHE_RSA_WITH_AES_128_CBC_SHA, TLS_ECDHE_RSA_WITH_AES_256_CBC_SHA, TLS_RSA_WITH_AES_128_GCM_SHA256, TLS_RSA_WITH_AES_128_CBC_SHA, TLS_RSA_WITH_AES_256_CBC_SHA, TLS_AES_128_GCM_SHA256, TLS_AES_256_GCM_SHA384]
10:27:02.899 [main] DEBUG io.netty.channel.MultithreadEventLoopGroup - -Dio.netty.eventLoopThreads: 16
10:27:02.910 [main] DEBUG io.netty.channel.nio.NioEventLoop - -Dio.netty.noKeySetOptimization: false
10:27:02.910 [main] DEBUG io.netty.channel.nio.NioEventLoop - -Dio.netty.selectorAutoRebuildThreshold: 512
10:27:02.975 [main] DEBUG io.netty.buffer.PooledByteBufAllocator - -Dio.netty.allocator.numHeapArenas: 16
10:27:02.975 [main] DEBUG io.netty.buffer.PooledByteBufAllocator - -Dio.netty.allocator.numDirectArenas: 16
10:27:02.975 [main] DEBUG io.netty.buffer.PooledByteBufAllocator - -Dio.netty.allocator.pageSize: 8192
10:27:02.975 [main] DEBUG io.netty.buffer.PooledByteBufAllocator - -Dio.netty.allocator.maxOrder: 11
10:27:02.976 [main] DEBUG io.netty.buffer.PooledByteBufAllocator - -Dio.netty.allocator.chunkSize: 16777216
10:27:02.976 [main] DEBUG io.netty.buffer.PooledByteBufAllocator - -Dio.netty.allocator.smallCacheSize: 256
10:27:02.976 [main] DEBUG io.netty.buffer.PooledByteBufAllocator - -Dio.netty.allocator.normalCacheSize: 64
10:27:02.976 [main] DEBUG io.netty.buffer.PooledByteBufAllocator - -Dio.netty.allocator.maxCachedBufferCapacity: 32768
10:27:02.976 [main] DEBUG io.netty.buffer.PooledByteBufAllocator - -Dio.netty.allocator.cacheTrimInterval: 8192
10:27:02.976 [main] DEBUG io.netty.buffer.PooledByteBufAllocator - -Dio.netty.allocator.cacheTrimIntervalMillis: 0
10:27:02.976 [main] DEBUG io.netty.buffer.PooledByteBufAllocator - -Dio.netty.allocator.useCacheForAllThreads: true
10:27:02.976 [main] DEBUG io.netty.buffer.PooledByteBufAllocator - -Dio.netty.allocator.maxCachedByteBuffersPerChunk: 1023
10:27:02.989 [main] DEBUG io.netty.buffer.ByteBufUtil - -Dio.netty.allocator.type: pooled
10:27:02.989 [main] DEBUG io.netty.buffer.ByteBufUtil - -Dio.netty.threadLocalDirectBufferSize: 0
10:27:02.989 [main] DEBUG io.netty.buffer.ByteBufUtil - -Dio.netty.maxThreadLocalCharBufferSize: 16384
10:27:03.268 [main] DEBUG net.serenitybdd.core.webdriver.driverproviders.ProvideNewDriver - Instantiating driver
10:27:03.269 [main] DEBUG net.serenitybdd.core.webdriver.driverproviders.ProvideNewDriver - Driver capabilities: Capabilities {acceptInsecureCerts: false, base.url: https://demoqa.com/, browserName: chrome, chrome.driver: src/test/resources/webdrive..., driver: chrome, goog:chromeOptions: {args: [], extensions: []}}
10:27:04.249 [Forwarding newSession on session null to remote] DEBUG io.netty.channel.DefaultChannelId - -Dio.netty.processId: 8540 (auto-detected)
10:27:04.252 [Forwarding newSession on session null to remote] DEBUG io.netty.util.NetUtil - -Djava.net.preferIPv4Stack: false
10:27:04.252 [Forwarding newSession on session null to remote] DEBUG io.netty.util.NetUtil - -Djava.net.preferIPv6Addresses: false
10:27:04.267 [Forwarding newSession on session null to remote] DEBUG io.netty.util.NetUtilInitializations - Loopback interface: lo (Software Loopback Interface 1, 127.0.0.1)
10:27:04.268 [Forwarding newSession on session null to remote] DEBUG io.netty.util.NetUtil - Failed to get SOMAXCONN from sysctl and file \proc\sys\net\core\somaxconn. Default: 200
10:27:04.312 [Forwarding newSession on session null to remote] DEBUG io.netty.channel.DefaultChannelId - -Dio.netty.machineId: 14:18:c3:ff:fe:2d:be:8c (auto-detected)
10:27:04.374 [AsyncHttpClient-1-2] DEBUG io.netty.buffer.AbstractByteBuf - -Dio.netty.buffer.checkAccessible: true
10:27:04.375 [AsyncHttpClient-1-2] DEBUG io.netty.buffer.AbstractByteBuf - -Dio.netty.buffer.checkBounds: true
10:27:04.375 [AsyncHttpClient-1-2] DEBUG io.netty.util.ResourceLeakDetectorFactory - Loaded default ResourceLeakDetector: io.netty.util.ResourceLeakDetector@1e55ab3
10:27:04.390 [AsyncHttpClient-1-2] DEBUG org.asynchttpclient.netty.channel.NettyConnectListener - Using new Channel '[id: 0xc1d3d0b3, L:/127.0.0.1:55084 - R:localhost/127.0.0.1:56308]' for 'POST' to '/session'
10:27:04.413 [AsyncHttpClient-1-2] DEBUG io.netty.util.Recycler - -Dio.netty.recycler.maxCapacityPerThread: 4096
10:27:04.413 [AsyncHttpClient-1-2] DEBUG io.netty.util.Recycler - -Dio.netty.recycler.ratio: 8
10:27:04.413 [AsyncHttpClient-1-2] DEBUG io.netty.util.Recycler - -Dio.netty.recycler.chunkSize: 32
10:27:04.413 [AsyncHttpClient-1-2] DEBUG io.netty.util.Recycler - -Dio.netty.recycler.blocking: false
10:27:06.790 [AsyncHttpClient-1-2] DEBUG io.netty.handler.codec.compression.Brotli - brotli4j not in the classpath; Brotli support will be unavailable.
10:27:06.790 [AsyncHttpClient-1-2] DEBUG org.asynchttpclient.netty.handler.HttpHandler - 

Request DefaultHttpRequest(decodeResult: success, version: HTTP/1.1)
POST /session HTTP/1.1
User-Agent: selenium/4.1.2 (java windows)
Content-Length: 605
Content-Type: application/json; charset=utf-8
host: localhost:56308
accept: */*

Response DefaultHttpResponse(decodeResult: success, version: HTTP/1.1)
HTTP/1.1 200 OK
Content-Type: application/json; charset=utf-8
cache-control: no-cache
content-length: 785

10:27:06.797 [AsyncHttpClient-1-2] DEBUG org.asynchttpclient.netty.channel.ChannelManager - Adding key: http://localhost:56308 for channel [id: 0xc1d3d0b3, L:/127.0.0.1:55084 - R:localhost/127.0.0.1:56308]
10:27:06.860 [AsyncHttpClient-1-3] DEBUG org.asynchttpclient.netty.channel.NettyConnectListener - Using new Channel '[id: 0x9b4d6e12, L:/127.0.0.1:55091 - R:localhost/127.0.0.1:55085]' for 'GET' to '/json/version'
10:27:06.869 [AsyncHttpClient-1-3] DEBUG org.asynchttpclient.netty.handler.HttpHandler - 

Request DefaultFullHttpRequest(decodeResult: success, version: HTTP/1.1, content: EmptyByteBufBE)
GET /json/version HTTP/1.1
User-Agent: selenium/4.1.2 (java windows)
host: localhost:55085
accept: */*

Response DefaultHttpResponse(decodeResult: success, version: HTTP/1.1)
HTTP/1.1 200 OK
Content-Type: application/json; charset=UTF-8
content-length: 424

10:27:06.870 [AsyncHttpClient-1-3] DEBUG org.asynchttpclient.netty.channel.ChannelManager - Adding key: http://localhost:55085 for channel [id: 0x9b4d6e12, L:/127.0.0.1:55091 - R:localhost/127.0.0.1:55085]
10:27:06.880 [main] DEBUG io.netty.util.internal.ThreadLocalRandom - -Dio.netty.initialSeedUniquifier: 0xa4decc0949466b8a
10:27:06.885 [AsyncHttpClient-1-4] DEBUG org.asynchttpclient.netty.channel.NettyConnectListener - Using new Channel '[id: 0xda497d49, L:/127.0.0.1:55092 - R:localhost/127.0.0.1:55085]' for 'GET' to '/devtools/browser/f01f029a-c1bd-4bae-94af-cc550899c0b6'
10:27:06.902 [AsyncHttpClient-1-4] DEBUG org.asynchttpclient.netty.handler.WebSocketHandler - 

Request DefaultFullHttpRequest(decodeResult: success, version: HTTP/1.1, content: EmptyByteBufBE)
GET /devtools/browser/f01f029a-c1bd-4bae-94af-cc550899c0b6 HTTP/1.1
upgrade: websocket
connection: upgrade
sec-websocket-key: YVmpB/DlJVyQtec6VawqAg==
sec-websocket-version: 13
origin: http://localhost:55085
host: localhost:55085
accept: */*
user-agent: AHC/2.1

Response DefaultHttpResponse(decodeResult: success, version: HTTP/1.1)
HTTP/1.1 101 WebSocket Protocol Handshake
Upgrade: WebSocket
Connection: Upgrade
Sec-WebSocket-Accept: GjkLzHREEW7cc9qrEXZDUo2AAK4=

10:27:07.246 [AsyncHttpClient-1-1] DEBUG org.asynchttpclient.netty.channel.DefaultChannelPool - Entry count for : http://localhost:56308 : 1
10:27:07.246 [AsyncHttpClient-1-1] DEBUG org.asynchttpclient.netty.channel.DefaultChannelPool - Entry count for : http://localhost:55085 : 1
10:27:08.304 [main] DEBUG net.thucydides.core.reflection.ClassFinder - Could not load class .CucumberTestSuite
10:27:08.304 [main] DEBUG net.thucydides.core.reflection.ClassFinder - Could not load class .starter.pages.HomePage
10:27:08.304 [main] DEBUG net.thucydides.core.reflection.ClassFinder - Could not load class .starter.pages.LoginPage
10:27:08.304 [main] DEBUG net.thucydides.core.reflection.ClassFinder - Could not load class .starter.stepdefinitions.LoginSteps
10:27:08.305 [main] DEBUG net.thucydides.core.reflection.ClassFinder - Could not load class META-INF.versions.9.com.sun.istack.logging.StackHelper
10:27:08.306 [main] DEBUG net.thucydides.core.reflection.ClassFinder - Could not load class META-INF.versions.9.com.sun.xml.bind.v2.runtime.reflect.opt.AccessorInjector
10:27:08.306 [main] DEBUG net.thucydides.core.reflection.ClassFinder - Could not load class META-INF.versions.9.com.sun.xml.bind.v2.runtime.reflect.opt.Injector
10:27:08.306 [main] DEBUG net.thucydides.core.reflection.ClassFinder - Could not load class META-INF.versions.9.com.sun.xml.bind.v2.runtime.reflect.opt.OptimizedAccessorFactory
10:27:08.307 [main] DEBUG net.thucydides.core.reflection.ClassFinder - Could not load class META-INF.versions.9.com.sun.xml.bind.v2.runtime.reflect.opt.OptimizedTransducedAccessorFactory
10:27:08.307 [main] DEBUG net.thucydides.core.reflection.ClassFinder - Could not load class META-INF.versions.9.io.opentelemetry.sdk.internal.CurrentJavaVersionSpecific
10:27:08.307 [main] DEBUG net.thucydides.core.reflection.ClassFinder - Could not load class META-INF.versions.9.io.opentelemetry.sdk.internal.Java9VersionSpecific
10:27:08.308 [main] DEBUG net.thucydides.core.reflection.ClassFinder - Could not load class META-INF.versions.9.javax.xml.bind.ModuleUtil
10:27:08.308 [main] DEBUG net.thucydides.core.reflection.ClassFinder - Could not load class META-INF.versions.9.module-info
10:27:08.309 [main] DEBUG net.thucydides.core.reflection.ClassFinder - Could not load class META-INF.versions.9.org.junit.platform.commons.util.ModuleUtils
10:27:08.313 [main] DEBUG net.thucydides.core.reflection.ClassFinder - Could not load class com.google.gson.internal.
10:27:08.315 [main] DEBUG net.thucydides.core.reflection.ClassFinder - Could not load class com.sun.xml.bind.v2.runtime.output.FastInfosetStreamWriterOutput
10:27:08.319 [main] DEBUG net.thucydides.core.reflection.ClassFinder - Could not load class module-info
10:27:08.338 [AsyncHttpClient-1-1] DEBUG org.asynchttpclient.netty.channel.DefaultChannelPool - Entry count for : http://localhost:56308 : 1
10:27:08.338 [AsyncHttpClient-1-1] DEBUG org.asynchttpclient.netty.channel.DefaultChannelPool - Entry count for : http://localhost:55085 : 1
10:27:08.354 [Forwarding get on session 8683bf964e2d9f6a5f9586a935a1f19e to remote] DEBUG org.asynchttpclient.netty.request.NettyRequestSender - Using pooled Channel '[id: 0xc1d3d0b3, L:/127.0.0.1:55084 - R:localhost/127.0.0.1:56308]' for 'POST' to 'http://localhost:56308/session/8683bf964e2d9f6a5f9586a935a1f19e/url'
10:27:08.354 [Forwarding get on session 8683bf964e2d9f6a5f9586a935a1f19e to remote] DEBUG org.asynchttpclient.netty.request.NettyRequestSender - Using open Channel [id: 0xc1d3d0b3, L:/127.0.0.1:55084 - R:localhost/127.0.0.1:56308] for POST '/session/8683bf964e2d9f6a5f9586a935a1f19e/url'
10:27:09.446 [AsyncHttpClient-1-1] DEBUG org.asynchttpclient.netty.channel.DefaultChannelPool - Entry count for : http://localhost:55085 : 1
10:27:10.547 [AsyncHttpClient-1-1] DEBUG org.asynchttpclient.netty.channel.DefaultChannelPool - Entry count for : http://localhost:55085 : 1
10:27:11.640 [AsyncHttpClient-1-1] DEBUG org.asynchttpclient.netty.channel.DefaultChannelPool - Entry count for : http://localhost:55085 : 1
10:27:12.738 [AsyncHttpClient-1-1] DEBUG org.asynchttpclient.netty.channel.DefaultChannelPool - Entry count for : http://localhost:55085 : 1
10:27:13.839 [AsyncHttpClient-1-1] DEBUG org.asynchttpclient.netty.channel.DefaultChannelPool - Entry count for : http://localhost:55085 : 1
10:27:14.938 [AsyncHttpClient-1-1] DEBUG org.asynchttpclient.netty.channel.DefaultChannelPool - Entry count for : http://localhost:55085 : 1
10:27:16.038 [AsyncHttpClient-1-1] DEBUG org.asynchttpclient.netty.channel.DefaultChannelPool - Entry count for : http://localhost:55085 : 1
10:27:16.458 [AsyncHttpClient-1-2] DEBUG org.asynchttpclient.netty.handler.HttpHandler - 

Request DefaultHttpRequest(decodeResult: success, version: HTTP/1.1)
POST /session/8683bf964e2d9f6a5f9586a935a1f19e/url HTTP/1.1
User-Agent: selenium/4.1.2 (java windows)
Content-Length: 49
Content-Type: application/json; charset=utf-8
host: localhost:56308
accept: */*

Response DefaultHttpResponse(decodeResult: success, version: HTTP/1.1)
HTTP/1.1 200 OK
Content-Type: application/json; charset=utf-8
cache-control: no-cache
content-length: 14

10:27:16.458 [AsyncHttpClient-1-2] DEBUG org.asynchttpclient.netty.channel.ChannelManager - Adding key: http://localhost:56308 for channel [id: 0xc1d3d0b3, L:/127.0.0.1:55084 - R:localhost/127.0.0.1:56308]
10:27:16.463 [Forwarding setTimeout on session 8683bf964e2d9f6a5f9586a935a1f19e to remote] DEBUG org.asynchttpclient.netty.request.NettyRequestSender - Using pooled Channel '[id: 0xc1d3d0b3, L:/127.0.0.1:55084 - R:localhost/127.0.0.1:56308]' for 'POST' to 'http://localhost:56308/session/8683bf964e2d9f6a5f9586a935a1f19e/timeouts'
10:27:16.464 [Forwarding setTimeout on session 8683bf964e2d9f6a5f9586a935a1f19e to remote] DEBUG org.asynchttpclient.netty.request.NettyRequestSender - Using open Channel [id: 0xc1d3d0b3, L:/127.0.0.1:55084 - R:localhost/127.0.0.1:56308] for POST '/session/8683bf964e2d9f6a5f9586a935a1f19e/timeouts'
10:27:16.558 [AsyncHttpClient-1-2] DEBUG org.asynchttpclient.netty.handler.HttpHandler - 

Request DefaultHttpRequest(decodeResult: success, version: HTTP/1.1)
POST /session/8683bf964e2d9f6a5f9586a935a1f19e/timeouts HTTP/1.1
User-Agent: selenium/4.1.2 (java windows)
Content-Length: 22
Content-Type: application/json; charset=utf-8
host: localhost:56308
accept: */*

Response DefaultHttpResponse(decodeResult: success, version: HTTP/1.1)
HTTP/1.1 200 OK
Content-Type: application/json; charset=utf-8
cache-control: no-cache
content-length: 14

10:27:16.558 [AsyncHttpClient-1-2] DEBUG org.asynchttpclient.netty.channel.ChannelManager - Adding key: http://localhost:56308 for channel [id: 0xc1d3d0b3, L:/127.0.0.1:55084 - R:localhost/127.0.0.1:56308]
10:27:16.565 [Forwarding getCurrentUrl on session 8683bf964e2d9f6a5f9586a935a1f19e to remote] DEBUG org.asynchttpclient.netty.request.NettyRequestSender - Using pooled Channel '[id: 0xc1d3d0b3, L:/127.0.0.1:55084 - R:localhost/127.0.0.1:56308]' for 'GET' to 'http://localhost:56308/session/8683bf964e2d9f6a5f9586a935a1f19e/url'
10:27:16.565 [Forwarding getCurrentUrl on session 8683bf964e2d9f6a5f9586a935a1f19e to remote] DEBUG org.asynchttpclient.netty.request.NettyRequestSender - Using open Channel [id: 0xc1d3d0b3, L:/127.0.0.1:55084 - R:localhost/127.0.0.1:56308] for GET '/session/8683bf964e2d9f6a5f9586a935a1f19e/url'
10:27:16.572 [AsyncHttpClient-1-2] DEBUG org.asynchttpclient.netty.handler.HttpHandler - 

Request DefaultFullHttpRequest(decodeResult: success, version: HTTP/1.1, content: EmptyByteBufBE)
GET /session/8683bf964e2d9f6a5f9586a935a1f19e/url HTTP/1.1
User-Agent: selenium/4.1.2 (java windows)
Cache-Control: no-cache
Content-Type: application/json; charset=utf-8
host: localhost:56308
accept: */*

Response DefaultHttpResponse(decodeResult: success, version: HTTP/1.1)
HTTP/1.1 200 OK
Content-Type: application/json; charset=utf-8
cache-control: no-cache
content-length: 31

10:27:16.572 [AsyncHttpClient-1-2] DEBUG org.asynchttpclient.netty.channel.ChannelManager - Adding key: http://localhost:56308 for channel [id: 0xc1d3d0b3, L:/127.0.0.1:55084 - R:localhost/127.0.0.1:56308]
10:27:16.579 [Forwarding getCurrentUrl on session 8683bf964e2d9f6a5f9586a935a1f19e to remote] DEBUG org.asynchttpclient.netty.request.NettyRequestSender - Using pooled Channel '[id: 0xc1d3d0b3, L:/127.0.0.1:55084 - R:localhost/127.0.0.1:56308]' for 'GET' to 'http://localhost:56308/session/8683bf964e2d9f6a5f9586a935a1f19e/url'
10:27:16.579 [Forwarding getCurrentUrl on session 8683bf964e2d9f6a5f9586a935a1f19e to remote] DEBUG org.asynchttpclient.netty.request.NettyRequestSender - Using open Channel [id: 0xc1d3d0b3, L:/127.0.0.1:55084 - R:localhost/127.0.0.1:56308] for GET '/session/8683bf964e2d9f6a5f9586a935a1f19e/url'
10:27:16.584 [AsyncHttpClient-1-2] DEBUG org.asynchttpclient.netty.handler.HttpHandler - 

Request DefaultFullHttpRequest(decodeResult: success, version: HTTP/1.1, content: EmptyByteBufBE)
GET /session/8683bf964e2d9f6a5f9586a935a1f19e/url HTTP/1.1
User-Agent: selenium/4.1.2 (java windows)
Cache-Control: no-cache
Content-Type: application/json; charset=utf-8
host: localhost:56308
accept: */*

Response DefaultHttpResponse(decodeResult: success, version: HTTP/1.1)
HTTP/1.1 200 OK
Content-Type: application/json; charset=utf-8
cache-control: no-cache
content-length: 31

10:27:16.585 [AsyncHttpClient-1-2] DEBUG org.asynchttpclient.netty.channel.ChannelManager - Adding key: http://localhost:56308 for channel [id: 0xc1d3d0b3, L:/127.0.0.1:55084 - R:localhost/127.0.0.1:56308]
10:27:16.632 [main] DEBUG net.serenitybdd.core.photography.Darkroom - Opening darkroom
10:27:16.634 [Darkroom Processing Line] DEBUG net.serenitybdd.core.photography.DarkroomProcessingLine - Darkroom processing line starting up
10:27:16.636 [Forwarding screenshot on session 8683bf964e2d9f6a5f9586a935a1f19e to remote] DEBUG org.asynchttpclient.netty.request.NettyRequestSender - Using pooled Channel '[id: 0xc1d3d0b3, L:/127.0.0.1:55084 - R:localhost/127.0.0.1:56308]' for 'GET' to 'http://localhost:56308/session/8683bf964e2d9f6a5f9586a935a1f19e/screenshot'
10:27:16.637 [Forwarding screenshot on session 8683bf964e2d9f6a5f9586a935a1f19e to remote] DEBUG org.asynchttpclient.netty.request.NettyRequestSender - Using open Channel [id: 0xc1d3d0b3, L:/127.0.0.1:55084 - R:localhost/127.0.0.1:56308] for GET '/session/8683bf964e2d9f6a5f9586a935a1f19e/screenshot'
10:27:16.834 [AsyncHttpClient-1-2] DEBUG org.asynchttpclient.netty.handler.HttpHandler - 

Request DefaultFullHttpRequest(decodeResult: success, version: HTTP/1.1, content: EmptyByteBufBE)
GET /session/8683bf964e2d9f6a5f9586a935a1f19e/screenshot HTTP/1.1
User-Agent: selenium/4.1.2 (java windows)
Cache-Control: no-cache
Content-Type: application/json; charset=utf-8
host: localhost:56308
accept: */*

Response DefaultHttpResponse(decodeResult: success, version: HTTP/1.1)
HTTP/1.1 200 OK
Content-Type: application/json; charset=utf-8
cache-control: no-cache
content-length: 354340

10:27:16.840 [AsyncHttpClient-1-2] DEBUG org.asynchttpclient.netty.channel.ChannelManager - Adding key: http://localhost:56308 for channel [id: 0xc1d3d0b3, L:/127.0.0.1:55084 - R:localhost/127.0.0.1:56308]
10:27:16.976 [main] DEBUG net.serenitybdd.core.photography.Darkroom - Send negative for processing for target\site\serenity\fffa077e4e4ab46369762d4c762f2f893f35904df60a04a9d106cfc603786265.png
10:27:16.976 [Darkroom Processing Line] DEBUG net.serenitybdd.core.photography.DarkroomProcessingLine - Processing screenshot image in /var/screenshots/screenshot-12273301812794200725
10:27:16.976 [Darkroom Processing Line] DEBUG net.serenitybdd.core.photography.DarkroomProcessingLine - Saving screenshot to target\site\serenity\fffa077e4e4ab46369762d4c762f2f893f35904df60a04a9d106cfc603786265.png
10:27:16.979 [main] DEBUG net.thucydides.core.steps.StepInterceptor - STEP DONE: openUrl
10:27:16.992 [main] DEBUG net.thucydides.core.steps.StepInterceptor - STARTING STEP: LoginSteps.iAmOnTheLoginPage - openBooks
10:27:17.002 [Forwarding findElement on session 8683bf964e2d9f6a5f9586a935a1f19e to remote] DEBUG org.asynchttpclient.netty.request.NettyRequestSender - Using pooled Channel '[id: 0xc1d3d0b3, L:/127.0.0.1:55084 - R:localhost/127.0.0.1:56308]' for 'POST' to 'http://localhost:56308/session/8683bf964e2d9f6a5f9586a935a1f19e/element'
10:27:17.002 [Forwarding findElement on session 8683bf964e2d9f6a5f9586a935a1f19e to remote] DEBUG org.asynchttpclient.netty.request.NettyRequestSender - Using open Channel [id: 0xc1d3d0b3, L:/127.0.0.1:55084 - R:localhost/127.0.0.1:56308] for POST '/session/8683bf964e2d9f6a5f9586a935a1f19e/element'
10:27:17.076 [AsyncHttpClient-1-2] DEBUG org.asynchttpclient.netty.handler.HttpHandler - 

Request DefaultHttpRequest(decodeResult: success, version: HTTP/1.1)
POST /session/8683bf964e2d9f6a5f9586a935a1f19e/element HTTP/1.1
User-Agent: selenium/4.1.2 (java windows)
Content-Length: 73
Content-Type: application/json; charset=utf-8
host: localhost:56308
accept: */*

Response DefaultHttpResponse(decodeResult: success, version: HTTP/1.1)
HTTP/1.1 200 OK
Content-Type: application/json; charset=utf-8
cache-control: no-cache
content-length: 88

10:27:17.076 [AsyncHttpClient-1-2] DEBUG org.asynchttpclient.netty.channel.ChannelManager - Adding key: http://localhost:56308 for channel [id: 0xc1d3d0b3, L:/127.0.0.1:55084 - R:localhost/127.0.0.1:56308]
10:27:17.079 [Forwarding getElementTagName on session 8683bf964e2d9f6a5f9586a935a1f19e to remote] DEBUG org.asynchttpclient.netty.request.NettyRequestSender - Using pooled Channel '[id: 0xc1d3d0b3, L:/127.0.0.1:55084 - R:localhost/127.0.0.1:56308]' for 'GET' to 'http://localhost:56308/session/8683bf964e2d9f6a5f9586a935a1f19e/element/ea0f3c89-0147-4a18-9405-31739f01056d/name'
10:27:17.079 [Forwarding getElementTagName on session 8683bf964e2d9f6a5f9586a935a1f19e to remote] DEBUG org.asynchttpclient.netty.request.NettyRequestSender - Using open Channel [id: 0xc1d3d0b3, L:/127.0.0.1:55084 - R:localhost/127.0.0.1:56308] for GET '/session/8683bf964e2d9f6a5f9586a935a1f19e/element/ea0f3c89-0147-4a18-9405-31739f01056d/name'
10:27:17.091 [AsyncHttpClient-1-2] DEBUG org.asynchttpclient.netty.handler.HttpHandler - 

Request DefaultFullHttpRequest(decodeResult: success, version: HTTP/1.1, content: EmptyByteBufBE)
GET /session/8683bf964e2d9f6a5f9586a935a1f19e/element/ea0f3c89-0147-4a18-9405-31739f01056d/name HTTP/1.1
User-Agent: selenium/4.1.2 (java windows)
Cache-Control: no-cache
Content-Type: application/json; charset=utf-8
host: localhost:56308
accept: */*

Response DefaultHttpResponse(decodeResult: success, version: HTTP/1.1)
HTTP/1.1 200 OK
Content-Type: application/json; charset=utf-8
cache-control: no-cache
content-length: 15

10:27:17.091 [AsyncHttpClient-1-2] DEBUG org.asynchttpclient.netty.channel.ChannelManager - Adding key: http://localhost:56308 for channel [id: 0xc1d3d0b3, L:/127.0.0.1:55084 - R:localhost/127.0.0.1:56308]
10:27:17.096 [Forwarding getElementTagName on session 8683bf964e2d9f6a5f9586a935a1f19e to remote] DEBUG org.asynchttpclient.netty.request.NettyRequestSender - Using pooled Channel '[id: 0xc1d3d0b3, L:/127.0.0.1:55084 - R:localhost/127.0.0.1:56308]' for 'GET' to 'http://localhost:56308/session/8683bf964e2d9f6a5f9586a935a1f19e/element/ea0f3c89-0147-4a18-9405-31739f01056d/name'
10:27:17.096 [Forwarding getElementTagName on session 8683bf964e2d9f6a5f9586a935a1f19e to remote] DEBUG org.asynchttpclient.netty.request.NettyRequestSender - Using open Channel [id: 0xc1d3d0b3, L:/127.0.0.1:55084 - R:localhost/127.0.0.1:56308] for GET '/session/8683bf964e2d9f6a5f9586a935a1f19e/element/ea0f3c89-0147-4a18-9405-31739f01056d/name'
10:27:17.100 [AsyncHttpClient-1-2] DEBUG org.asynchttpclient.netty.handler.HttpHandler - 

Request DefaultFullHttpRequest(decodeResult: success, version: HTTP/1.1, content: EmptyByteBufBE)
GET /session/8683bf964e2d9f6a5f9586a935a1f19e/element/ea0f3c89-0147-4a18-9405-31739f01056d/name HTTP/1.1
User-Agent: selenium/4.1.2 (java windows)
Cache-Control: no-cache
Content-Type: application/json; charset=utf-8
host: localhost:56308
accept: */*

Response DefaultHttpResponse(decodeResult: success, version: HTTP/1.1)
HTTP/1.1 200 OK
Content-Type: application/json; charset=utf-8
cache-control: no-cache
content-length: 15

10:27:17.101 [AsyncHttpClient-1-2] DEBUG org.asynchttpclient.netty.channel.ChannelManager - Adding key: http://localhost:56308 for channel [id: 0xc1d3d0b3, L:/127.0.0.1:55084 - R:localhost/127.0.0.1:56308]
10:27:17.105 [Forwarding findElement on session 8683bf964e2d9f6a5f9586a935a1f19e to remote] DEBUG org.asynchttpclient.netty.request.NettyRequestSender - Using pooled Channel '[id: 0xc1d3d0b3, L:/127.0.0.1:55084 - R:localhost/127.0.0.1:56308]' for 'POST' to 'http://localhost:56308/session/8683bf964e2d9f6a5f9586a935a1f19e/element'
10:27:17.105 [Forwarding findElement on session 8683bf964e2d9f6a5f9586a935a1f19e to remote] DEBUG org.asynchttpclient.netty.request.NettyRequestSender - Using open Channel [id: 0xc1d3d0b3, L:/127.0.0.1:55084 - R:localhost/127.0.0.1:56308] for POST '/session/8683bf964e2d9f6a5f9586a935a1f19e/element'
10:27:17.117 [AsyncHttpClient-1-2] DEBUG org.asynchttpclient.netty.handler.HttpHandler - 

Request DefaultHttpRequest(decodeResult: success, version: HTTP/1.1)
POST /session/8683bf964e2d9f6a5f9586a935a1f19e/element HTTP/1.1
User-Agent: selenium/4.1.2 (java windows)
Content-Length: 73
Content-Type: application/json; charset=utf-8
host: localhost:56308
accept: */*

Response DefaultHttpResponse(decodeResult: success, version: HTTP/1.1)
HTTP/1.1 200 OK
Content-Type: application/json; charset=utf-8
cache-control: no-cache
content-length: 88

10:27:17.118 [AsyncHttpClient-1-2] DEBUG org.asynchttpclient.netty.channel.ChannelManager - Adding key: http://localhost:56308 for channel [id: 0xc1d3d0b3, L:/127.0.0.1:55084 - R:localhost/127.0.0.1:56308]
10:27:17.121 [Forwarding clickElement on session 8683bf964e2d9f6a5f9586a935a1f19e to remote] DEBUG org.asynchttpclient.netty.request.NettyRequestSender - Using pooled Channel '[id: 0xc1d3d0b3, L:/127.0.0.1:55084 - R:localhost/127.0.0.1:56308]' for 'POST' to 'http://localhost:56308/session/8683bf964e2d9f6a5f9586a935a1f19e/element/ea0f3c89-0147-4a18-9405-31739f01056d/click'
10:27:17.121 [Forwarding clickElement on session 8683bf964e2d9f6a5f9586a935a1f19e to remote] DEBUG org.asynchttpclient.netty.request.NettyRequestSender - Using open Channel [id: 0xc1d3d0b3, L:/127.0.0.1:55084 - R:localhost/127.0.0.1:56308] for POST '/session/8683bf964e2d9f6a5f9586a935a1f19e/element/ea0f3c89-0147-4a18-9405-31739f01056d/click'
10:27:17.138 [AsyncHttpClient-1-1] DEBUG org.asynchttpclient.netty.channel.DefaultChannelPool - Entry count for : http://localhost:55085 : 1
10:27:17.307 [AsyncHttpClient-1-2] DEBUG org.asynchttpclient.netty.handler.HttpHandler - 

Request DefaultHttpRequest(decodeResult: success, version: HTTP/1.1)
POST /session/8683bf964e2d9f6a5f9586a935a1f19e/element/ea0f3c89-0147-4a18-9405-31739f01056d/click HTTP/1.1
User-Agent: selenium/4.1.2 (java windows)
Content-Length: 50
Content-Type: application/json; charset=utf-8
host: localhost:56308
accept: */*

Response DefaultHttpResponse(decodeResult: success, version: HTTP/1.1)
HTTP/1.1 200 OK
Content-Type: application/json; charset=utf-8
cache-control: no-cache
content-length: 14

10:27:17.308 [AsyncHttpClient-1-2] DEBUG org.asynchttpclient.netty.channel.ChannelManager - Adding key: http://localhost:56308 for channel [id: 0xc1d3d0b3, L:/127.0.0.1:55084 - R:localhost/127.0.0.1:56308]
10:27:17.315 [Forwarding screenshot on session 8683bf964e2d9f6a5f9586a935a1f19e to remote] DEBUG org.asynchttpclient.netty.request.NettyRequestSender - Using pooled Channel '[id: 0xc1d3d0b3, L:/127.0.0.1:55084 - R:localhost/127.0.0.1:56308]' for 'GET' to 'http://localhost:56308/session/8683bf964e2d9f6a5f9586a935a1f19e/screenshot'
10:27:17.315 [Forwarding screenshot on session 8683bf964e2d9f6a5f9586a935a1f19e to remote] DEBUG org.asynchttpclient.netty.request.NettyRequestSender - Using open Channel [id: 0xc1d3d0b3, L:/127.0.0.1:55084 - R:localhost/127.0.0.1:56308] for GET '/session/8683bf964e2d9f6a5f9586a935a1f19e/screenshot'
10:27:17.620 [AsyncHttpClient-1-2] DEBUG org.asynchttpclient.netty.handler.HttpHandler - 

Request DefaultFullHttpRequest(decodeResult: success, version: HTTP/1.1, content: EmptyByteBufBE)
GET /session/8683bf964e2d9f6a5f9586a935a1f19e/screenshot HTTP/1.1
User-Agent: selenium/4.1.2 (java windows)
Cache-Control: no-cache
Content-Type: application/json; charset=utf-8
host: localhost:56308
accept: */*

Response DefaultHttpResponse(decodeResult: success, version: HTTP/1.1)
HTTP/1.1 200 OK
Content-Type: application/json; charset=utf-8
cache-control: no-cache
content-length: 245024

10:27:17.624 [AsyncHttpClient-1-2] DEBUG org.asynchttpclient.netty.channel.ChannelManager - Adding key: http://localhost:56308 for channel [id: 0xc1d3d0b3, L:/127.0.0.1:55084 - R:localhost/127.0.0.1:56308]
10:27:17.635 [main] DEBUG net.serenitybdd.core.photography.Darkroom - Send negative for processing for target\site\serenity\b57a16af246ab43aaca112b3ed17c36d2427ab75b1361bb11dc6af5047d7ece7.png
10:27:17.635 [main] DEBUG net.thucydides.core.steps.StepInterceptor - STEP DONE: openBooks
10:27:17.636 [Darkroom Processing Line] DEBUG net.serenitybdd.core.photography.DarkroomProcessingLine - Processing screenshot image in /var/screenshots/screenshot-13806921395847643570
10:27:17.636 [Darkroom Processing Line] DEBUG net.serenitybdd.core.photography.DarkroomProcessingLine - Saving screenshot to target\site\serenity\b57a16af246ab43aaca112b3ed17c36d2427ab75b1361bb11dc6af5047d7ece7.png
10:27:17.651 [main] DEBUG net.thucydides.core.steps.StepInterceptor - STARTING STEP: LoginSteps.iAmOnTheLoginPage - clickLoginButton
10:27:17.658 [Forwarding findElement on session 8683bf964e2d9f6a5f9586a935a1f19e to remote] DEBUG org.asynchttpclient.netty.request.NettyRequestSender - Using pooled Channel '[id: 0xc1d3d0b3, L:/127.0.0.1:55084 - R:localhost/127.0.0.1:56308]' for 'POST' to 'http://localhost:56308/session/8683bf964e2d9f6a5f9586a935a1f19e/element'
10:27:17.658 [Forwarding findElement on session 8683bf964e2d9f6a5f9586a935a1f19e to remote] DEBUG org.asynchttpclient.netty.request.NettyRequestSender - Using open Channel [id: 0xc1d3d0b3, L:/127.0.0.1:55084 - R:localhost/127.0.0.1:56308] for POST '/session/8683bf964e2d9f6a5f9586a935a1f19e/element'
10:27:17.748 [AsyncHttpClient-1-2] DEBUG org.asynchttpclient.netty.handler.HttpHandler - 

Request DefaultHttpRequest(decodeResult: success, version: HTTP/1.1)
POST /session/8683bf964e2d9f6a5f9586a935a1f19e/element HTTP/1.1
User-Agent: selenium/4.1.2 (java windows)
Content-Length: 65
Content-Type: application/json; charset=utf-8
host: localhost:56308
accept: */*

Response DefaultHttpResponse(decodeResult: success, version: HTTP/1.1)
HTTP/1.1 200 OK
Content-Type: application/json; charset=utf-8
cache-control: no-cache
content-length: 88

10:27:17.748 [AsyncHttpClient-1-2] DEBUG org.asynchttpclient.netty.channel.ChannelManager - Adding key: http://localhost:56308 for channel [id: 0xc1d3d0b3, L:/127.0.0.1:55084 - R:localhost/127.0.0.1:56308]
10:27:17.753 [Forwarding getElementTagName on session 8683bf964e2d9f6a5f9586a935a1f19e to remote] DEBUG org.asynchttpclient.netty.request.NettyRequestSender - Using pooled Channel '[id: 0xc1d3d0b3, L:/127.0.0.1:55084 - R:localhost/127.0.0.1:56308]' for 'GET' to 'http://localhost:56308/session/8683bf964e2d9f6a5f9586a935a1f19e/element/2136fa52-38da-45c6-b987-6ea6ebbafe08/name'
10:27:17.754 [Forwarding getElementTagName on session 8683bf964e2d9f6a5f9586a935a1f19e to remote] DEBUG org.asynchttpclient.netty.request.NettyRequestSender - Using open Channel [id: 0xc1d3d0b3, L:/127.0.0.1:55084 - R:localhost/127.0.0.1:56308] for GET '/session/8683bf964e2d9f6a5f9586a935a1f19e/element/2136fa52-38da-45c6-b987-6ea6ebbafe08/name'
10:27:17.762 [AsyncHttpClient-1-2] DEBUG org.asynchttpclient.netty.handler.HttpHandler - 

Request DefaultFullHttpRequest(decodeResult: success, version: HTTP/1.1, content: EmptyByteBufBE)
GET /session/8683bf964e2d9f6a5f9586a935a1f19e/element/2136fa52-38da-45c6-b987-6ea6ebbafe08/name HTTP/1.1
User-Agent: selenium/4.1.2 (java windows)
Cache-Control: no-cache
Content-Type: application/json; charset=utf-8
host: localhost:56308
accept: */*

Response DefaultHttpResponse(decodeResult: success, version: HTTP/1.1)
HTTP/1.1 200 OK
Content-Type: application/json; charset=utf-8
cache-control: no-cache
content-length: 18

10:27:17.762 [AsyncHttpClient-1-2] DEBUG org.asynchttpclient.netty.channel.ChannelManager - Adding key: http://localhost:56308 for channel [id: 0xc1d3d0b3, L:/127.0.0.1:55084 - R:localhost/127.0.0.1:56308]
10:27:17.766 [Forwarding getElementTagName on session 8683bf964e2d9f6a5f9586a935a1f19e to remote] DEBUG org.asynchttpclient.netty.request.NettyRequestSender - Using pooled Channel '[id: 0xc1d3d0b3, L:/127.0.0.1:55084 - R:localhost/127.0.0.1:56308]' for 'GET' to 'http://localhost:56308/session/8683bf964e2d9f6a5f9586a935a1f19e/element/2136fa52-38da-45c6-b987-6ea6ebbafe08/name'
10:27:17.766 [Forwarding getElementTagName on session 8683bf964e2d9f6a5f9586a935a1f19e to remote] DEBUG org.asynchttpclient.netty.request.NettyRequestSender - Using open Channel [id: 0xc1d3d0b3, L:/127.0.0.1:55084 - R:localhost/127.0.0.1:56308] for GET '/session/8683bf964e2d9f6a5f9586a935a1f19e/element/2136fa52-38da-45c6-b987-6ea6ebbafe08/name'
10:27:17.771 [AsyncHttpClient-1-2] DEBUG org.asynchttpclient.netty.handler.HttpHandler - 

Request DefaultFullHttpRequest(decodeResult: success, version: HTTP/1.1, content: EmptyByteBufBE)
GET /session/8683bf964e2d9f6a5f9586a935a1f19e/element/2136fa52-38da-45c6-b987-6ea6ebbafe08/name HTTP/1.1
User-Agent: selenium/4.1.2 (java windows)
Cache-Control: no-cache
Content-Type: application/json; charset=utf-8
host: localhost:56308
accept: */*

Response DefaultHttpResponse(decodeResult: success, version: HTTP/1.1)
HTTP/1.1 200 OK
Content-Type: application/json; charset=utf-8
cache-control: no-cache
content-length: 18

10:27:17.771 [AsyncHttpClient-1-2] DEBUG org.asynchttpclient.netty.channel.ChannelManager - Adding key: http://localhost:56308 for channel [id: 0xc1d3d0b3, L:/127.0.0.1:55084 - R:localhost/127.0.0.1:56308]
10:27:17.780 [Forwarding isElementEnabled on session 8683bf964e2d9f6a5f9586a935a1f19e to remote] DEBUG org.asynchttpclient.netty.request.NettyRequestSender - Using pooled Channel '[id: 0xc1d3d0b3, L:/127.0.0.1:55084 - R:localhost/127.0.0.1:56308]' for 'GET' to 'http://localhost:56308/session/8683bf964e2d9f6a5f9586a935a1f19e/element/2136fa52-38da-45c6-b987-6ea6ebbafe08/enabled'
10:27:17.780 [Forwarding isElementEnabled on session 8683bf964e2d9f6a5f9586a935a1f19e to remote] DEBUG org.asynchttpclient.netty.request.NettyRequestSender - Using open Channel [id: 0xc1d3d0b3, L:/127.0.0.1:55084 - R:localhost/127.0.0.1:56308] for GET '/session/8683bf964e2d9f6a5f9586a935a1f19e/element/2136fa52-38da-45c6-b987-6ea6ebbafe08/enabled'
10:27:17.794 [AsyncHttpClient-1-2] DEBUG org.asynchttpclient.netty.handler.HttpHandler - 

Request DefaultFullHttpRequest(decodeResult: success, version: HTTP/1.1, content: EmptyByteBufBE)
GET /session/8683bf964e2d9f6a5f9586a935a1f19e/element/2136fa52-38da-45c6-b987-6ea6ebbafe08/enabled HTTP/1.1
User-Agent: selenium/4.1.2 (java windows)
Cache-Control: no-cache
Content-Type: application/json; charset=utf-8
host: localhost:56308
accept: */*

Response DefaultHttpResponse(decodeResult: success, version: HTTP/1.1)
HTTP/1.1 200 OK
Content-Type: application/json; charset=utf-8
cache-control: no-cache
content-length: 14

10:27:17.794 [AsyncHttpClient-1-2] DEBUG org.asynchttpclient.netty.channel.ChannelManager - Adding key: http://localhost:56308 for channel [id: 0xc1d3d0b3, L:/127.0.0.1:55084 - R:localhost/127.0.0.1:56308]
10:27:17.798 [Forwarding isElementEnabled on session 8683bf964e2d9f6a5f9586a935a1f19e to remote] DEBUG org.asynchttpclient.netty.request.NettyRequestSender - Using pooled Channel '[id: 0xc1d3d0b3, L:/127.0.0.1:55084 - R:localhost/127.0.0.1:56308]' for 'GET' to 'http://localhost:56308/session/8683bf964e2d9f6a5f9586a935a1f19e/element/2136fa52-38da-45c6-b987-6ea6ebbafe08/enabled'
10:27:17.798 [Forwarding isElementEnabled on session 8683bf964e2d9f6a5f9586a935a1f19e to remote] DEBUG org.asynchttpclient.netty.request.NettyRequestSender - Using open Channel [id: 0xc1d3d0b3, L:/127.0.0.1:55084 - R:localhost/127.0.0.1:56308] for GET '/session/8683bf964e2d9f6a5f9586a935a1f19e/element/2136fa52-38da-45c6-b987-6ea6ebbafe08/enabled'
10:27:17.808 [AsyncHttpClient-1-2] DEBUG org.asynchttpclient.netty.handler.HttpHandler - 

Request DefaultFullHttpRequest(decodeResult: success, version: HTTP/1.1, content: EmptyByteBufBE)
GET /session/8683bf964e2d9f6a5f9586a935a1f19e/element/2136fa52-38da-45c6-b987-6ea6ebbafe08/enabled HTTP/1.1
User-Agent: selenium/4.1.2 (java windows)
Cache-Control: no-cache
Content-Type: application/json; charset=utf-8
host: localhost:56308
accept: */*

Response DefaultHttpResponse(decodeResult: success, version: HTTP/1.1)
HTTP/1.1 200 OK
Content-Type: application/json; charset=utf-8
cache-control: no-cache
content-length: 14

10:27:17.809 [AsyncHttpClient-1-2] DEBUG org.asynchttpclient.netty.channel.ChannelManager - Adding key: http://localhost:56308 for channel [id: 0xc1d3d0b3, L:/127.0.0.1:55084 - R:localhost/127.0.0.1:56308]
10:27:17.814 [Forwarding findElement on session 8683bf964e2d9f6a5f9586a935a1f19e to remote] DEBUG org.asynchttpclient.netty.request.NettyRequestSender - Using pooled Channel '[id: 0xc1d3d0b3, L:/127.0.0.1:55084 - R:localhost/127.0.0.1:56308]' for 'POST' to 'http://localhost:56308/session/8683bf964e2d9f6a5f9586a935a1f19e/element'
10:27:17.814 [Forwarding findElement on session 8683bf964e2d9f6a5f9586a935a1f19e to remote] DEBUG org.asynchttpclient.netty.request.NettyRequestSender - Using open Channel [id: 0xc1d3d0b3, L:/127.0.0.1:55084 - R:localhost/127.0.0.1:56308] for POST '/session/8683bf964e2d9f6a5f9586a935a1f19e/element'
10:27:17.831 [AsyncHttpClient-1-2] DEBUG org.asynchttpclient.netty.handler.HttpHandler - 

Request DefaultHttpRequest(decodeResult: success, version: HTTP/1.1)
POST /session/8683bf964e2d9f6a5f9586a935a1f19e/element HTTP/1.1
User-Agent: selenium/4.1.2 (java windows)
Content-Length: 65
Content-Type: application/json; charset=utf-8
host: localhost:56308
accept: */*

Response DefaultHttpResponse(decodeResult: success, version: HTTP/1.1)
HTTP/1.1 200 OK
Content-Type: application/json; charset=utf-8
cache-control: no-cache
content-length: 88

10:27:17.832 [AsyncHttpClient-1-2] DEBUG org.asynchttpclient.netty.channel.ChannelManager - Adding key: http://localhost:56308 for channel [id: 0xc1d3d0b3, L:/127.0.0.1:55084 - R:localhost/127.0.0.1:56308]
10:27:17.834 [Forwarding clickElement on session 8683bf964e2d9f6a5f9586a935a1f19e to remote] DEBUG org.asynchttpclient.netty.request.NettyRequestSender - Using pooled Channel '[id: 0xc1d3d0b3, L:/127.0.0.1:55084 - R:localhost/127.0.0.1:56308]' for 'POST' to 'http://localhost:56308/session/8683bf964e2d9f6a5f9586a935a1f19e/element/2136fa52-38da-45c6-b987-6ea6ebbafe08/click'
10:27:17.834 [Forwarding clickElement on session 8683bf964e2d9f6a5f9586a935a1f19e to remote] DEBUG org.asynchttpclient.netty.request.NettyRequestSender - Using open Channel [id: 0xc1d3d0b3, L:/127.0.0.1:55084 - R:localhost/127.0.0.1:56308] for POST '/session/8683bf964e2d9f6a5f9586a935a1f19e/element/2136fa52-38da-45c6-b987-6ea6ebbafe08/click'
10:27:17.969 [AsyncHttpClient-1-2] DEBUG org.asynchttpclient.netty.handler.HttpHandler - 

Request DefaultHttpRequest(decodeResult: success, version: HTTP/1.1)
POST /session/8683bf964e2d9f6a5f9586a935a1f19e/element/2136fa52-38da-45c6-b987-6ea6ebbafe08/click HTTP/1.1
User-Agent: selenium/4.1.2 (java windows)
Content-Length: 50
Content-Type: application/json; charset=utf-8
host: localhost:56308
accept: */*

Response DefaultHttpResponse(decodeResult: success, version: HTTP/1.1)
HTTP/1.1 200 OK
Content-Type: application/json; charset=utf-8
cache-control: no-cache
content-length: 14

10:27:17.969 [AsyncHttpClient-1-2] DEBUG org.asynchttpclient.netty.channel.ChannelManager - Adding key: http://localhost:56308 for channel [id: 0xc1d3d0b3, L:/127.0.0.1:55084 - R:localhost/127.0.0.1:56308]
10:27:17.977 [Forwarding screenshot on session 8683bf964e2d9f6a5f9586a935a1f19e to remote] DEBUG org.asynchttpclient.netty.request.NettyRequestSender - Using pooled Channel '[id: 0xc1d3d0b3, L:/127.0.0.1:55084 - R:localhost/127.0.0.1:56308]' for 'GET' to 'http://localhost:56308/session/8683bf964e2d9f6a5f9586a935a1f19e/screenshot'
10:27:17.978 [Forwarding screenshot on session 8683bf964e2d9f6a5f9586a935a1f19e to remote] DEBUG org.asynchttpclient.netty.request.NettyRequestSender - Using open Channel [id: 0xc1d3d0b3, L:/127.0.0.1:55084 - R:localhost/127.0.0.1:56308] for GET '/session/8683bf964e2d9f6a5f9586a935a1f19e/screenshot'
10:27:18.240 [AsyncHttpClient-1-1] DEBUG org.asynchttpclient.netty.channel.DefaultChannelPool - Entry count for : http://localhost:55085 : 1
10:27:18.269 [AsyncHttpClient-1-2] DEBUG org.asynchttpclient.netty.handler.HttpHandler - 

Request DefaultFullHttpRequest(decodeResult: success, version: HTTP/1.1, content: EmptyByteBufBE)
GET /session/8683bf964e2d9f6a5f9586a935a1f19e/screenshot HTTP/1.1
User-Agent: selenium/4.1.2 (java windows)
Cache-Control: no-cache
Content-Type: application/json; charset=utf-8
host: localhost:56308
accept: */*

Response DefaultHttpResponse(decodeResult: success, version: HTTP/1.1)
HTTP/1.1 200 OK
Content-Type: application/json; charset=utf-8
cache-control: no-cache
content-length: 334848

10:27:18.272 [AsyncHttpClient-1-2] DEBUG org.asynchttpclient.netty.channel.ChannelManager - Adding key: http://localhost:56308 for channel [id: 0xc1d3d0b3, L:/127.0.0.1:55084 - R:localhost/127.0.0.1:56308]
10:27:18.286 [main] DEBUG net.serenitybdd.core.photography.Darkroom - Send negative for processing for target\site\serenity\a7ec8465648578e596cf3eb4baba9a338877a96a044c293eb3c9d49b17aaf576.png
10:27:18.287 [main] DEBUG net.thucydides.core.steps.StepInterceptor - STEP DONE: clickLoginButton
10:27:18.287 [Darkroom Processing Line] DEBUG net.serenitybdd.core.photography.DarkroomProcessingLine - Processing screenshot image in /var/screenshots/screenshot-2789451121058980889
10:27:18.287 [Darkroom Processing Line] DEBUG net.serenitybdd.core.photography.DarkroomProcessingLine - Saving screenshot to target\site\serenity\a7ec8465648578e596cf3eb4baba9a338877a96a044c293eb3c9d49b17aaf576.png
10:27:18.298 [main] DEBUG net.thucydides.core.steps.StepInterceptor - STARTING STEP: LoginSteps.iAmOnTheLoginPage - validateOnLoginPage
10:27:18.302 [Forwarding findElement on session 8683bf964e2d9f6a5f9586a935a1f19e to remote] DEBUG org.asynchttpclient.netty.request.NettyRequestSender - Using pooled Channel '[id: 0xc1d3d0b3, L:/127.0.0.1:55084 - R:localhost/127.0.0.1:56308]' for 'POST' to 'http://localhost:56308/session/8683bf964e2d9f6a5f9586a935a1f19e/element'
10:27:18.302 [Forwarding findElement on session 8683bf964e2d9f6a5f9586a935a1f19e to remote] DEBUG org.asynchttpclient.netty.request.NettyRequestSender - Using open Channel [id: 0xc1d3d0b3, L:/127.0.0.1:55084 - R:localhost/127.0.0.1:56308] for POST '/session/8683bf964e2d9f6a5f9586a935a1f19e/element'
10:27:18.315 [AsyncHttpClient-1-2] DEBUG org.asynchttpclient.netty.handler.HttpHandler - 

Request DefaultHttpRequest(decodeResult: success, version: HTTP/1.1)
POST /session/8683bf964e2d9f6a5f9586a935a1f19e/element HTTP/1.1
User-Agent: selenium/4.1.2 (java windows)
Content-Length: 65
Content-Type: application/json; charset=utf-8
host: localhost:56308
accept: */*

Response DefaultHttpResponse(decodeResult: success, version: HTTP/1.1)
HTTP/1.1 200 OK
Content-Type: application/json; charset=utf-8
cache-control: no-cache
content-length: 88

10:27:18.315 [AsyncHttpClient-1-2] DEBUG org.asynchttpclient.netty.channel.ChannelManager - Adding key: http://localhost:56308 for channel [id: 0xc1d3d0b3, L:/127.0.0.1:55084 - R:localhost/127.0.0.1:56308]
10:27:18.328 [Forwarding isElementDisplayed on session 8683bf964e2d9f6a5f9586a935a1f19e to remote] DEBUG org.asynchttpclient.netty.request.NettyRequestSender - Using pooled Channel '[id: 0xc1d3d0b3, L:/127.0.0.1:55084 - R:localhost/127.0.0.1:56308]' for 'POST' to 'http://localhost:56308/session/8683bf964e2d9f6a5f9586a935a1f19e/execute/sync'
10:27:18.329 [Forwarding isElementDisplayed on session 8683bf964e2d9f6a5f9586a935a1f19e to remote] DEBUG org.asynchttpclient.netty.request.NettyRequestSender - Using open Channel [id: 0xc1d3d0b3, L:/127.0.0.1:55084 - R:localhost/127.0.0.1:56308] for POST '/session/8683bf964e2d9f6a5f9586a935a1f19e/execute/sync'
10:27:18.361 [AsyncHttpClient-1-2] DEBUG org.asynchttpclient.netty.handler.HttpHandler - 

Request DefaultHttpRequest(decodeResult: success, version: HTTP/1.1)
POST /session/8683bf964e2d9f6a5f9586a935a1f19e/execute/sync HTTP/1.1
User-Agent: selenium/4.1.2 (java windows)
Content-Length: 48780
Content-Type: application/json; charset=utf-8
host: localhost:56308
accept: */*

Response DefaultHttpResponse(decodeResult: success, version: HTTP/1.1)
HTTP/1.1 200 OK
Content-Type: application/json; charset=utf-8
cache-control: no-cache
content-length: 14

10:27:18.361 [AsyncHttpClient-1-2] DEBUG org.asynchttpclient.netty.channel.ChannelManager - Adding key: http://localhost:56308 for channel [id: 0xc1d3d0b3, L:/127.0.0.1:55084 - R:localhost/127.0.0.1:56308]
10:27:18.372 [Forwarding screenshot on session 8683bf964e2d9f6a5f9586a935a1f19e to remote] DEBUG org.asynchttpclient.netty.request.NettyRequestSender - Using pooled Channel '[id: 0xc1d3d0b3, L:/127.0.0.1:55084 - R:localhost/127.0.0.1:56308]' for 'GET' to 'http://localhost:56308/session/8683bf964e2d9f6a5f9586a935a1f19e/screenshot'
10:27:18.373 [Forwarding screenshot on session 8683bf964e2d9f6a5f9586a935a1f19e to remote] DEBUG org.asynchttpclient.netty.request.NettyRequestSender - Using open Channel [id: 0xc1d3d0b3, L:/127.0.0.1:55084 - R:localhost/127.0.0.1:56308] for GET '/session/8683bf964e2d9f6a5f9586a935a1f19e/screenshot'
10:27:18.725 [AsyncHttpClient-1-2] DEBUG org.asynchttpclient.netty.handler.HttpHandler - 

Request DefaultFullHttpRequest(decodeResult: success, version: HTTP/1.1, content: EmptyByteBufBE)
GET /session/8683bf964e2d9f6a5f9586a935a1f19e/screenshot HTTP/1.1
User-Agent: selenium/4.1.2 (java windows)
Cache-Control: no-cache
Content-Type: application/json; charset=utf-8
host: localhost:56308
accept: */*

Response DefaultHttpResponse(decodeResult: success, version: HTTP/1.1)
HTTP/1.1 200 OK
Content-Type: application/json; charset=utf-8
cache-control: no-cache
content-length: 334848

10:27:18.728 [AsyncHttpClient-1-2] DEBUG org.asynchttpclient.netty.channel.ChannelManager - Adding key: http://localhost:56308 for channel [id: 0xc1d3d0b3, L:/127.0.0.1:55084 - R:localhost/127.0.0.1:56308]
10:27:18.757 [main] DEBUG net.serenitybdd.core.photography.Darkroom - Send negative for processing for target\site\serenity\a7ec8465648578e596cf3eb4baba9a338877a96a044c293eb3c9d49b17aaf576.png
10:27:18.757 [main] DEBUG net.thucydides.core.steps.StepInterceptor - STEP DONE: validateOnLoginPage
  &amp#27;[32mGiven &amp#27;[0m&amp#27;[32mI am on the login page&amp#27;[0m                            &amp#27;[90m# starter.stepdefinitions.LoginSteps.iAmOnTheLoginPage()&amp#27;[0m
10:27:18.782 [main] DEBUG net.thucydides.core.steps.StepInterceptor - STARTING STEP: LoginSteps.iInputValidUsername - inputUsername
10:27:18.787 [Forwarding findElement on session 8683bf964e2d9f6a5f9586a935a1f19e to remote] DEBUG org.asynchttpclient.netty.request.NettyRequestSender - Using pooled Channel '[id: 0xc1d3d0b3, L:/127.0.0.1:55084 - R:localhost/127.0.0.1:56308]' for 'POST' to 'http://localhost:56308/session/8683bf964e2d9f6a5f9586a935a1f19e/element'
10:27:18.787 [Forwarding findElement on session 8683bf964e2d9f6a5f9586a935a1f19e to remote] DEBUG org.asynchttpclient.netty.request.NettyRequestSender - Using open Channel [id: 0xc1d3d0b3, L:/127.0.0.1:55084 - R:localhost/127.0.0.1:56308] for POST '/session/8683bf964e2d9f6a5f9586a935a1f19e/element'
10:27:18.797 [AsyncHttpClient-1-2] DEBUG org.asynchttpclient.netty.handler.HttpHandler - 

Request DefaultHttpRequest(decodeResult: success, version: HTTP/1.1)
POST /session/8683bf964e2d9f6a5f9586a935a1f19e/element HTTP/1.1
User-Agent: selenium/4.1.2 (java windows)
Content-Length: 53
Content-Type: application/json; charset=utf-8
host: localhost:56308
accept: */*

Response DefaultHttpResponse(decodeResult: success, version: HTTP/1.1)
HTTP/1.1 200 OK
Content-Type: application/json; charset=utf-8
cache-control: no-cache
content-length: 88

10:27:18.797 [AsyncHttpClient-1-2] DEBUG org.asynchttpclient.netty.channel.ChannelManager - Adding key: http://localhost:56308 for channel [id: 0xc1d3d0b3, L:/127.0.0.1:55084 - R:localhost/127.0.0.1:56308]
10:27:18.798 [Forwarding clearElement on session 8683bf964e2d9f6a5f9586a935a1f19e to remote] DEBUG org.asynchttpclient.netty.request.NettyRequestSender - Using pooled Channel '[id: 0xc1d3d0b3, L:/127.0.0.1:55084 - R:localhost/127.0.0.1:56308]' for 'POST' to 'http://localhost:56308/session/8683bf964e2d9f6a5f9586a935a1f19e/element/4b4c960c-01af-4809-b3e5-c441ee9b19d9/clear'
10:27:18.798 [Forwarding clearElement on session 8683bf964e2d9f6a5f9586a935a1f19e to remote] DEBUG org.asynchttpclient.netty.request.NettyRequestSender - Using open Channel [id: 0xc1d3d0b3, L:/127.0.0.1:55084 - R:localhost/127.0.0.1:56308] for POST '/session/8683bf964e2d9f6a5f9586a935a1f19e/element/4b4c960c-01af-4809-b3e5-c441ee9b19d9/clear'
10:27:18.829 [AsyncHttpClient-1-2] DEBUG org.asynchttpclient.netty.handler.HttpHandler - 

Request DefaultHttpRequest(decodeResult: success, version: HTTP/1.1)
POST /session/8683bf964e2d9f6a5f9586a935a1f19e/element/4b4c960c-01af-4809-b3e5-c441ee9b19d9/clear HTTP/1.1
User-Agent: selenium/4.1.2 (java windows)
Content-Length: 50
Content-Type: application/json; charset=utf-8
host: localhost:56308
accept: */*

Response DefaultHttpResponse(decodeResult: success, version: HTTP/1.1)
HTTP/1.1 200 OK
Content-Type: application/json; charset=utf-8
cache-control: no-cache
content-length: 14

10:27:18.829 [AsyncHttpClient-1-2] DEBUG org.asynchttpclient.netty.channel.ChannelManager - Adding key: http://localhost:56308 for channel [id: 0xc1d3d0b3, L:/127.0.0.1:55084 - R:localhost/127.0.0.1:56308]
10:27:18.833 [Forwarding sendKeysToElement on session 8683bf964e2d9f6a5f9586a935a1f19e to remote] DEBUG org.asynchttpclient.netty.request.NettyRequestSender - Using pooled Channel '[id: 0xc1d3d0b3, L:/127.0.0.1:55084 - R:localhost/127.0.0.1:56308]' for 'POST' to 'http://localhost:56308/session/8683bf964e2d9f6a5f9586a935a1f19e/element/4b4c960c-01af-4809-b3e5-c441ee9b19d9/value'
10:27:18.833 [Forwarding sendKeysToElement on session 8683bf964e2d9f6a5f9586a935a1f19e to remote] DEBUG org.asynchttpclient.netty.request.NettyRequestSender - Using open Channel [id: 0xc1d3d0b3, L:/127.0.0.1:55084 - R:localhost/127.0.0.1:56308] for POST '/session/8683bf964e2d9f6a5f9586a935a1f19e/element/4b4c960c-01af-4809-b3e5-c441ee9b19d9/value'
10:27:18.948 [AsyncHttpClient-1-2] DEBUG org.asynchttpclient.netty.handler.HttpHandler - 

Request DefaultHttpRequest(decodeResult: success, version: HTTP/1.1)
POST /session/8683bf964e2d9f6a5f9586a935a1f19e/element/4b4c960c-01af-4809-b3e5-c441ee9b19d9/value HTTP/1.1
User-Agent: selenium/4.1.2 (java windows)
Content-Length: 181
Content-Type: application/json; charset=utf-8
host: localhost:56308
accept: */*

Response DefaultHttpResponse(decodeResult: success, version: HTTP/1.1)
HTTP/1.1 200 OK
Content-Type: application/json; charset=utf-8
cache-control: no-cache
content-length: 14

10:27:18.949 [AsyncHttpClient-1-2] DEBUG org.asynchttpclient.netty.channel.ChannelManager - Adding key: http://localhost:56308 for channel [id: 0xc1d3d0b3, L:/127.0.0.1:55084 - R:localhost/127.0.0.1:56308]
10:27:18.959 [Forwarding screenshot on session 8683bf964e2d9f6a5f9586a935a1f19e to remote] DEBUG org.asynchttpclient.netty.request.NettyRequestSender - Using pooled Channel '[id: 0xc1d3d0b3, L:/127.0.0.1:55084 - R:localhost/127.0.0.1:56308]' for 'GET' to 'http://localhost:56308/session/8683bf964e2d9f6a5f9586a935a1f19e/screenshot'
10:27:18.959 [Forwarding screenshot on session 8683bf964e2d9f6a5f9586a935a1f19e to remote] DEBUG org.asynchttpclient.netty.request.NettyRequestSender - Using open Channel [id: 0xc1d3d0b3, L:/127.0.0.1:55084 - R:localhost/127.0.0.1:56308] for GET '/session/8683bf964e2d9f6a5f9586a935a1f19e/screenshot'
10:27:19.175 [AsyncHttpClient-1-2] DEBUG org.asynchttpclient.netty.handler.HttpHandler - 

Request DefaultFullHttpRequest(decodeResult: success, version: HTTP/1.1, content: EmptyByteBufBE)
GET /session/8683bf964e2d9f6a5f9586a935a1f19e/screenshot HTTP/1.1
User-Agent: selenium/4.1.2 (java windows)
Cache-Control: no-cache
Content-Type: application/json; charset=utf-8
host: localhost:56308
accept: */*

Response DefaultHttpResponse(decodeResult: success, version: HTTP/1.1)
HTTP/1.1 200 OK
Content-Type: application/json; charset=utf-8
cache-control: no-cache
content-length: 363924

10:27:19.177 [AsyncHttpClient-1-2] DEBUG org.asynchttpclient.netty.channel.ChannelManager - Adding key: http://localhost:56308 for channel [id: 0xc1d3d0b3, L:/127.0.0.1:55084 - R:localhost/127.0.0.1:56308]
10:27:19.188 [main] DEBUG net.serenitybdd.core.photography.Darkroom - Send negative for processing for target\site\serenity\8a32cf6017ff054dca523f0866c470d2aa8c2b4d438bda7086959aa187f4a132.png
10:27:19.188 [main] DEBUG net.thucydides.core.steps.StepInterceptor - STEP DONE: inputUsername
10:27:19.188 [Darkroom Processing Line] DEBUG net.serenitybdd.core.photography.DarkroomProcessingLine - Processing screenshot image in /var/screenshots/screenshot-10342721815838610470
10:27:19.188 [Darkroom Processing Line] DEBUG net.serenitybdd.core.photography.DarkroomProcessingLine - Saving screenshot to target\site\serenity\8a32cf6017ff054dca523f0866c470d2aa8c2b4d438bda7086959aa187f4a132.png
  &amp#27;[32mWhen &amp#27;[0m&amp#27;[32mI input valid username&amp#27;[0m                             &amp#27;[90m# starter.stepdefinitions.LoginSteps.iInputValidUsername()&amp#27;[0m
10:27:19.204 [main] DEBUG net.thucydides.core.steps.StepInterceptor - STARTING STEP: LoginSteps.iInputValidPassword - inputPassword
10:27:19.208 [Forwarding findElement on session 8683bf964e2d9f6a5f9586a935a1f19e to remote] DEBUG org.asynchttpclient.netty.request.NettyRequestSender - Using pooled Channel '[id: 0xc1d3d0b3, L:/127.0.0.1:55084 - R:localhost/127.0.0.1:56308]' for 'POST' to 'http://localhost:56308/session/8683bf964e2d9f6a5f9586a935a1f19e/element'
10:27:19.208 [Forwarding findElement on session 8683bf964e2d9f6a5f9586a935a1f19e to remote] DEBUG org.asynchttpclient.netty.request.NettyRequestSender - Using open Channel [id: 0xc1d3d0b3, L:/127.0.0.1:55084 - R:localhost/127.0.0.1:56308] for POST '/session/8683bf964e2d9f6a5f9586a935a1f19e/element'
10:27:19.219 [AsyncHttpClient-1-2] DEBUG org.asynchttpclient.netty.handler.HttpHandler - 

Request DefaultHttpRequest(decodeResult: success, version: HTTP/1.1)
POST /session/8683bf964e2d9f6a5f9586a935a1f19e/element HTTP/1.1
User-Agent: selenium/4.1.2 (java windows)
Content-Length: 53
Content-Type: application/json; charset=utf-8
host: localhost:56308
accept: */*

Response DefaultHttpResponse(decodeResult: success, version: HTTP/1.1)
HTTP/1.1 200 OK
Content-Type: application/json; charset=utf-8
cache-control: no-cache
content-length: 88

10:27:19.219 [AsyncHttpClient-1-2] DEBUG org.asynchttpclient.netty.channel.ChannelManager - Adding key: http://localhost:56308 for channel [id: 0xc1d3d0b3, L:/127.0.0.1:55084 - R:localhost/127.0.0.1:56308]
10:27:19.221 [Forwarding clearElement on session 8683bf964e2d9f6a5f9586a935a1f19e to remote] DEBUG org.asynchttpclient.netty.request.NettyRequestSender - Using pooled Channel '[id: 0xc1d3d0b3, L:/127.0.0.1:55084 - R:localhost/127.0.0.1:56308]' for 'POST' to 'http://localhost:56308/session/8683bf964e2d9f6a5f9586a935a1f19e/element/94bf1c33-0db4-4762-85ae-589362b3992c/clear'
10:27:19.221 [Forwarding clearElement on session 8683bf964e2d9f6a5f9586a935a1f19e to remote] DEBUG org.asynchttpclient.netty.request.NettyRequestSender - Using open Channel [id: 0xc1d3d0b3, L:/127.0.0.1:55084 - R:localhost/127.0.0.1:56308] for POST '/session/8683bf964e2d9f6a5f9586a935a1f19e/element/94bf1c33-0db4-4762-85ae-589362b3992c/clear'
10:27:19.252 [AsyncHttpClient-1-2] DEBUG org.asynchttpclient.netty.handler.HttpHandler - 

Request DefaultHttpRequest(decodeResult: success, version: HTTP/1.1)
POST /session/8683bf964e2d9f6a5f9586a935a1f19e/element/94bf1c33-0db4-4762-85ae-589362b3992c/clear HTTP/1.1
User-Agent: selenium/4.1.2 (java windows)
Content-Length: 50
Content-Type: application/json; charset=utf-8
host: localhost:56308
accept: */*

Response DefaultHttpResponse(decodeResult: success, version: HTTP/1.1)
HTTP/1.1 200 OK
Content-Type: application/json; charset=utf-8
cache-control: no-cache
content-length: 14

10:27:19.253 [AsyncHttpClient-1-2] DEBUG org.asynchttpclient.netty.channel.ChannelManager - Adding key: http://localhost:56308 for channel [id: 0xc1d3d0b3, L:/127.0.0.1:55084 - R:localhost/127.0.0.1:56308]
10:27:19.256 [Forwarding sendKeysToElement on session 8683bf964e2d9f6a5f9586a935a1f19e to remote] DEBUG org.asynchttpclient.netty.request.NettyRequestSender - Using pooled Channel '[id: 0xc1d3d0b3, L:/127.0.0.1:55084 - R:localhost/127.0.0.1:56308]' for 'POST' to 'http://localhost:56308/session/8683bf964e2d9f6a5f9586a935a1f19e/element/94bf1c33-0db4-4762-85ae-589362b3992c/value'
10:27:19.256 [Forwarding sendKeysToElement on session 8683bf964e2d9f6a5f9586a935a1f19e to remote] DEBUG org.asynchttpclient.netty.request.NettyRequestSender - Using open Channel [id: 0xc1d3d0b3, L:/127.0.0.1:55084 - R:localhost/127.0.0.1:56308] for POST '/session/8683bf964e2d9f6a5f9586a935a1f19e/element/94bf1c33-0db4-4762-85ae-589362b3992c/value'
10:27:19.320 [AsyncHttpClient-1-2] DEBUG org.asynchttpclient.netty.handler.HttpHandler - 

Request DefaultHttpRequest(decodeResult: success, version: HTTP/1.1)
POST /session/8683bf964e2d9f6a5f9586a935a1f19e/element/94bf1c33-0db4-4762-85ae-589362b3992c/value HTTP/1.1
User-Agent: selenium/4.1.2 (java windows)
Content-Length: 171
Content-Type: application/json; charset=utf-8
host: localhost:56308
accept: */*

Response DefaultHttpResponse(decodeResult: success, version: HTTP/1.1)
HTTP/1.1 200 OK
Content-Type: application/json; charset=utf-8
cache-control: no-cache
content-length: 14

10:27:19.321 [AsyncHttpClient-1-2] DEBUG org.asynchttpclient.netty.channel.ChannelManager - Adding key: http://localhost:56308 for channel [id: 0xc1d3d0b3, L:/127.0.0.1:55084 - R:localhost/127.0.0.1:56308]
10:27:19.330 [Forwarding screenshot on session 8683bf964e2d9f6a5f9586a935a1f19e to remote] DEBUG org.asynchttpclient.netty.request.NettyRequestSender - Using pooled Channel '[id: 0xc1d3d0b3, L:/127.0.0.1:55084 - R:localhost/127.0.0.1:56308]' for 'GET' to 'http://localhost:56308/session/8683bf964e2d9f6a5f9586a935a1f19e/screenshot'
10:27:19.330 [Forwarding screenshot on session 8683bf964e2d9f6a5f9586a935a1f19e to remote] DEBUG org.asynchttpclient.netty.request.NettyRequestSender - Using open Channel [id: 0xc1d3d0b3, L:/127.0.0.1:55084 - R:localhost/127.0.0.1:56308] for GET '/session/8683bf964e2d9f6a5f9586a935a1f19e/screenshot'
10:27:19.348 [AsyncHttpClient-1-1] DEBUG org.asynchttpclient.netty.channel.DefaultChannelPool - Entry count for : http://localhost:55085 : 1
10:27:19.534 [AsyncHttpClient-1-2] DEBUG org.asynchttpclient.netty.handler.HttpHandler - 

Request DefaultFullHttpRequest(decodeResult: success, version: HTTP/1.1, content: EmptyByteBufBE)
GET /session/8683bf964e2d9f6a5f9586a935a1f19e/screenshot HTTP/1.1
User-Agent: selenium/4.1.2 (java windows)
Cache-Control: no-cache
Content-Type: application/json; charset=utf-8
host: localhost:56308
accept: */*

Response DefaultHttpResponse(decodeResult: success, version: HTTP/1.1)
HTTP/1.1 200 OK
Content-Type: application/json; charset=utf-8
cache-control: no-cache
content-length: 361516

10:27:19.536 [AsyncHttpClient-1-2] DEBUG org.asynchttpclient.netty.channel.ChannelManager - Adding key: http://localhost:56308 for channel [id: 0xc1d3d0b3, L:/127.0.0.1:55084 - R:localhost/127.0.0.1:56308]
10:27:19.551 [main] DEBUG net.serenitybdd.core.photography.Darkroom - Send negative for processing for target\site\serenity\662399a1116b22fa080d42baa71543a4be630bd17e99b7f983c7994f38665945.png
10:27:19.552 [main] DEBUG net.thucydides.core.steps.StepInterceptor - STEP DONE: inputPassword
  &amp#27;[32mAnd &amp#27;[0m&amp#27;[32mI input valid password&amp#27;[0m                              &amp#27;[90m# starter.stepdefinitions.LoginSteps.iInputValidPassword()&amp#27;[0m
10:27:19.552 [Darkroom Processing Line] DEBUG net.serenitybdd.core.photography.DarkroomProcessingLine - Processing screenshot image in /var/screenshots/screenshot-6704814259308891189
10:27:19.552 [Darkroom Processing Line] DEBUG net.serenitybdd.core.photography.DarkroomProcessingLine - Saving screenshot to target\site\serenity\662399a1116b22fa080d42baa71543a4be630bd17e99b7f983c7994f38665945.png
10:27:19.567 [main] DEBUG net.thucydides.core.steps.StepInterceptor - STARTING STEP: LoginSteps.clickLoginButton - clickLoginButton
10:27:19.570 [Forwarding findElement on session 8683bf964e2d9f6a5f9586a935a1f19e to remote] DEBUG org.asynchttpclient.netty.request.NettyRequestSender - Using pooled Channel '[id: 0xc1d3d0b3, L:/127.0.0.1:55084 - R:localhost/127.0.0.1:56308]' for 'POST' to 'http://localhost:56308/session/8683bf964e2d9f6a5f9586a935a1f19e/element'
10:27:19.571 [Forwarding findElement on session 8683bf964e2d9f6a5f9586a935a1f19e to remote] DEBUG org.asynchttpclient.netty.request.NettyRequestSender - Using open Channel [id: 0xc1d3d0b3, L:/127.0.0.1:55084 - R:localhost/127.0.0.1:56308] for POST '/session/8683bf964e2d9f6a5f9586a935a1f19e/element'
10:27:19.578 [AsyncHttpClient-1-2] DEBUG org.asynchttpclient.netty.handler.HttpHandler - 

Request DefaultHttpRequest(decodeResult: success, version: HTTP/1.1)
POST /session/8683bf964e2d9f6a5f9586a935a1f19e/element HTTP/1.1
User-Agent: selenium/4.1.2 (java windows)
Content-Length: 65
Content-Type: application/json; charset=utf-8
host: localhost:56308
accept: */*

Response DefaultHttpResponse(decodeResult: success, version: HTTP/1.1)
HTTP/1.1 200 OK
Content-Type: application/json; charset=utf-8
cache-control: no-cache
content-length: 88

10:27:19.578 [AsyncHttpClient-1-2] DEBUG org.asynchttpclient.netty.channel.ChannelManager - Adding key: http://localhost:56308 for channel [id: 0xc1d3d0b3, L:/127.0.0.1:55084 - R:localhost/127.0.0.1:56308]
10:27:19.581 [Forwarding getElementTagName on session 8683bf964e2d9f6a5f9586a935a1f19e to remote] DEBUG org.asynchttpclient.netty.request.NettyRequestSender - Using pooled Channel '[id: 0xc1d3d0b3, L:/127.0.0.1:55084 - R:localhost/127.0.0.1:56308]' for 'GET' to 'http://localhost:56308/session/8683bf964e2d9f6a5f9586a935a1f19e/element/a72716d2-17a9-4923-ab08-c9cdb3a0f426/name'
10:27:19.581 [Forwarding getElementTagName on session 8683bf964e2d9f6a5f9586a935a1f19e to remote] DEBUG org.asynchttpclient.netty.request.NettyRequestSender - Using open Channel [id: 0xc1d3d0b3, L:/127.0.0.1:55084 - R:localhost/127.0.0.1:56308] for GET '/session/8683bf964e2d9f6a5f9586a935a1f19e/element/a72716d2-17a9-4923-ab08-c9cdb3a0f426/name'
10:27:19.584 [AsyncHttpClient-1-2] DEBUG org.asynchttpclient.netty.handler.HttpHandler - 

Request DefaultFullHttpRequest(decodeResult: success, version: HTTP/1.1, content: EmptyByteBufBE)
GET /session/8683bf964e2d9f6a5f9586a935a1f19e/element/a72716d2-17a9-4923-ab08-c9cdb3a0f426/name HTTP/1.1
User-Agent: selenium/4.1.2 (java windows)
Cache-Control: no-cache
Content-Type: application/json; charset=utf-8
host: localhost:56308
accept: */*

Response DefaultHttpResponse(decodeResult: success, version: HTTP/1.1)
HTTP/1.1 200 OK
Content-Type: application/json; charset=utf-8
cache-control: no-cache
content-length: 18

10:27:19.585 [AsyncHttpClient-1-2] DEBUG org.asynchttpclient.netty.channel.ChannelManager - Adding key: http://localhost:56308 for channel [id: 0xc1d3d0b3, L:/127.0.0.1:55084 - R:localhost/127.0.0.1:56308]
10:27:19.587 [Forwarding getElementTagName on session 8683bf964e2d9f6a5f9586a935a1f19e to remote] DEBUG org.asynchttpclient.netty.request.NettyRequestSender - Using pooled Channel '[id: 0xc1d3d0b3, L:/127.0.0.1:55084 - R:localhost/127.0.0.1:56308]' for 'GET' to 'http://localhost:56308/session/8683bf964e2d9f6a5f9586a935a1f19e/element/a72716d2-17a9-4923-ab08-c9cdb3a0f426/name'
10:27:19.587 [Forwarding getElementTagName on session 8683bf964e2d9f6a5f9586a935a1f19e to remote] DEBUG org.asynchttpclient.netty.request.NettyRequestSender - Using open Channel [id: 0xc1d3d0b3, L:/127.0.0.1:55084 - R:localhost/127.0.0.1:56308] for GET '/session/8683bf964e2d9f6a5f9586a935a1f19e/element/a72716d2-17a9-4923-ab08-c9cdb3a0f426/name'
10:27:19.593 [AsyncHttpClient-1-2] DEBUG org.asynchttpclient.netty.handler.HttpHandler - 

Request DefaultFullHttpRequest(decodeResult: success, version: HTTP/1.1, content: EmptyByteBufBE)
GET /session/8683bf964e2d9f6a5f9586a935a1f19e/element/a72716d2-17a9-4923-ab08-c9cdb3a0f426/name HTTP/1.1
User-Agent: selenium/4.1.2 (java windows)
Cache-Control: no-cache
Content-Type: application/json; charset=utf-8
host: localhost:56308
accept: */*

Response DefaultHttpResponse(decodeResult: success, version: HTTP/1.1)
HTTP/1.1 200 OK
Content-Type: application/json; charset=utf-8
cache-control: no-cache
content-length: 18

10:27:19.593 [AsyncHttpClient-1-2] DEBUG org.asynchttpclient.netty.channel.ChannelManager - Adding key: http://localhost:56308 for channel [id: 0xc1d3d0b3, L:/127.0.0.1:55084 - R:localhost/127.0.0.1:56308]
10:27:19.597 [Forwarding isElementEnabled on session 8683bf964e2d9f6a5f9586a935a1f19e to remote] DEBUG org.asynchttpclient.netty.request.NettyRequestSender - Using pooled Channel '[id: 0xc1d3d0b3, L:/127.0.0.1:55084 - R:localhost/127.0.0.1:56308]' for 'GET' to 'http://localhost:56308/session/8683bf964e2d9f6a5f9586a935a1f19e/element/a72716d2-17a9-4923-ab08-c9cdb3a0f426/enabled'
10:27:19.598 [Forwarding isElementEnabled on session 8683bf964e2d9f6a5f9586a935a1f19e to remote] DEBUG org.asynchttpclient.netty.request.NettyRequestSender - Using open Channel [id: 0xc1d3d0b3, L:/127.0.0.1:55084 - R:localhost/127.0.0.1:56308] for GET '/session/8683bf964e2d9f6a5f9586a935a1f19e/element/a72716d2-17a9-4923-ab08-c9cdb3a0f426/enabled'
10:27:19.612 [AsyncHttpClient-1-2] DEBUG org.asynchttpclient.netty.handler.HttpHandler - 

Request DefaultFullHttpRequest(decodeResult: success, version: HTTP/1.1, content: EmptyByteBufBE)
GET /session/8683bf964e2d9f6a5f9586a935a1f19e/element/a72716d2-17a9-4923-ab08-c9cdb3a0f426/enabled HTTP/1.1
User-Agent: selenium/4.1.2 (java windows)
Cache-Control: no-cache
Content-Type: application/json; charset=utf-8
host: localhost:56308
accept: */*

Response DefaultHttpResponse(decodeResult: success, version: HTTP/1.1)
HTTP/1.1 200 OK
Content-Type: application/json; charset=utf-8
cache-control: no-cache
content-length: 14

10:27:19.612 [AsyncHttpClient-1-2] DEBUG org.asynchttpclient.netty.channel.ChannelManager - Adding key: http://localhost:56308 for channel [id: 0xc1d3d0b3, L:/127.0.0.1:55084 - R:localhost/127.0.0.1:56308]
10:27:19.615 [Forwarding isElementEnabled on session 8683bf964e2d9f6a5f9586a935a1f19e to remote] DEBUG org.asynchttpclient.netty.request.NettyRequestSender - Using pooled Channel '[id: 0xc1d3d0b3, L:/127.0.0.1:55084 - R:localhost/127.0.0.1:56308]' for 'GET' to 'http://localhost:56308/session/8683bf964e2d9f6a5f9586a935a1f19e/element/a72716d2-17a9-4923-ab08-c9cdb3a0f426/enabled'
10:27:19.616 [Forwarding isElementEnabled on session 8683bf964e2d9f6a5f9586a935a1f19e to remote] DEBUG org.asynchttpclient.netty.request.NettyRequestSender - Using open Channel [id: 0xc1d3d0b3, L:/127.0.0.1:55084 - R:localhost/127.0.0.1:56308] for GET '/session/8683bf964e2d9f6a5f9586a935a1f19e/element/a72716d2-17a9-4923-ab08-c9cdb3a0f426/enabled'
10:27:19.626 [AsyncHttpClient-1-2] DEBUG org.asynchttpclient.netty.handler.HttpHandler - 

Request DefaultFullHttpRequest(decodeResult: success, version: HTTP/1.1, content: EmptyByteBufBE)
GET /session/8683bf964e2d9f6a5f9586a935a1f19e/element/a72716d2-17a9-4923-ab08-c9cdb3a0f426/enabled HTTP/1.1
User-Agent: selenium/4.1.2 (java windows)
Cache-Control: no-cache
Content-Type: application/json; charset=utf-8
host: localhost:56308
accept: */*

Response DefaultHttpResponse(decodeResult: success, version: HTTP/1.1)
HTTP/1.1 200 OK
Content-Type: application/json; charset=utf-8
cache-control: no-cache
content-length: 14

10:27:19.626 [AsyncHttpClient-1-2] DEBUG org.asynchttpclient.netty.channel.ChannelManager - Adding key: http://localhost:56308 for channel [id: 0xc1d3d0b3, L:/127.0.0.1:55084 - R:localhost/127.0.0.1:56308]
10:27:19.631 [Forwarding findElement on session 8683bf964e2d9f6a5f9586a935a1f19e to remote] DEBUG org.asynchttpclient.netty.request.NettyRequestSender - Using pooled Channel '[id: 0xc1d3d0b3, L:/127.0.0.1:55084 - R:localhost/127.0.0.1:56308]' for 'POST' to 'http://localhost:56308/session/8683bf964e2d9f6a5f9586a935a1f19e/element'
10:27:19.632 [Forwarding findElement on session 8683bf964e2d9f6a5f9586a935a1f19e to remote] DEBUG org.asynchttpclient.netty.request.NettyRequestSender - Using open Channel [id: 0xc1d3d0b3, L:/127.0.0.1:55084 - R:localhost/127.0.0.1:56308] for POST '/session/8683bf964e2d9f6a5f9586a935a1f19e/element'
10:27:19.661 [AsyncHttpClient-1-2] DEBUG org.asynchttpclient.netty.handler.HttpHandler - 

Request DefaultHttpRequest(decodeResult: success, version: HTTP/1.1)
POST /session/8683bf964e2d9f6a5f9586a935a1f19e/element HTTP/1.1
User-Agent: selenium/4.1.2 (java windows)
Content-Length: 65
Content-Type: application/json; charset=utf-8
host: localhost:56308
accept: */*

Response DefaultHttpResponse(decodeResult: success, version: HTTP/1.1)
HTTP/1.1 200 OK
Content-Type: application/json; charset=utf-8
cache-control: no-cache
content-length: 88

10:27:19.662 [AsyncHttpClient-1-2] DEBUG org.asynchttpclient.netty.channel.ChannelManager - Adding key: http://localhost:56308 for channel [id: 0xc1d3d0b3, L:/127.0.0.1:55084 - R:localhost/127.0.0.1:56308]
10:27:19.665 [Forwarding clickElement on session 8683bf964e2d9f6a5f9586a935a1f19e to remote] DEBUG org.asynchttpclient.netty.request.NettyRequestSender - Using pooled Channel '[id: 0xc1d3d0b3, L:/127.0.0.1:55084 - R:localhost/127.0.0.1:56308]' for 'POST' to 'http://localhost:56308/session/8683bf964e2d9f6a5f9586a935a1f19e/element/a72716d2-17a9-4923-ab08-c9cdb3a0f426/click'
10:27:19.666 [Forwarding clickElement on session 8683bf964e2d9f6a5f9586a935a1f19e to remote] DEBUG org.asynchttpclient.netty.request.NettyRequestSender - Using open Channel [id: 0xc1d3d0b3, L:/127.0.0.1:55084 - R:localhost/127.0.0.1:56308] for POST '/session/8683bf964e2d9f6a5f9586a935a1f19e/element/a72716d2-17a9-4923-ab08-c9cdb3a0f426/click'
10:27:19.750 [AsyncHttpClient-1-2] DEBUG org.asynchttpclient.netty.handler.HttpHandler - 

Request DefaultHttpRequest(decodeResult: success, version: HTTP/1.1)
POST /session/8683bf964e2d9f6a5f9586a935a1f19e/element/a72716d2-17a9-4923-ab08-c9cdb3a0f426/click HTTP/1.1
User-Agent: selenium/4.1.2 (java windows)
Content-Length: 50
Content-Type: application/json; charset=utf-8
host: localhost:56308
accept: */*

Response DefaultHttpResponse(decodeResult: success, version: HTTP/1.1)
HTTP/1.1 200 OK
Content-Type: application/json; charset=utf-8
cache-control: no-cache
content-length: 14

10:27:19.751 [AsyncHttpClient-1-2] DEBUG org.asynchttpclient.netty.channel.ChannelManager - Adding key: http://localhost:56308 for channel [id: 0xc1d3d0b3, L:/127.0.0.1:55084 - R:localhost/127.0.0.1:56308]
10:27:19.762 [Forwarding screenshot on session 8683bf964e2d9f6a5f9586a935a1f19e to remote] DEBUG org.asynchttpclient.netty.request.NettyRequestSender - Using pooled Channel '[id: 0xc1d3d0b3, L:/127.0.0.1:55084 - R:localhost/127.0.0.1:56308]' for 'GET' to 'http://localhost:56308/session/8683bf964e2d9f6a5f9586a935a1f19e/screenshot'
10:27:19.762 [Forwarding screenshot on session 8683bf964e2d9f6a5f9586a935a1f19e to remote] DEBUG org.asynchttpclient.netty.request.NettyRequestSender - Using open Channel [id: 0xc1d3d0b3, L:/127.0.0.1:55084 - R:localhost/127.0.0.1:56308] for GET '/session/8683bf964e2d9f6a5f9586a935a1f19e/screenshot'
10:27:20.052 [AsyncHttpClient-1-2] DEBUG org.asynchttpclient.netty.handler.HttpHandler - 

Request DefaultFullHttpRequest(decodeResult: success, version: HTTP/1.1, content: EmptyByteBufBE)
GET /session/8683bf964e2d9f6a5f9586a935a1f19e/screenshot HTTP/1.1
User-Agent: selenium/4.1.2 (java windows)
Cache-Control: no-cache
Content-Type: application/json; charset=utf-8
host: localhost:56308
accept: */*

Response DefaultHttpResponse(decodeResult: success, version: HTTP/1.1)
HTTP/1.1 200 OK
Content-Type: application/json; charset=utf-8
cache-control: no-cache
content-length: 340844

10:27:20.054 [AsyncHttpClient-1-2] DEBUG org.asynchttpclient.netty.channel.ChannelManager - Adding key: http://localhost:56308 for channel [id: 0xc1d3d0b3, L:/127.0.0.1:55084 - R:localhost/127.0.0.1:56308]
10:27:20.065 [main] DEBUG net.serenitybdd.core.photography.Darkroom - Send negative for processing for target\site\serenity\f1176e1d82e35df23f40aea846f045d4b00b1e234ff4ccf4885a5ead1cf1cdf4.png
10:27:20.065 [main] DEBUG net.thucydides.core.steps.StepInterceptor - STEP DONE: clickLoginButton
10:27:20.065 [Darkroom Processing Line] DEBUG net.serenitybdd.core.photography.DarkroomProcessingLine - Processing screenshot image in /var/screenshots/screenshot-14176952831718085842
10:27:20.065 [Darkroom Processing Line] DEBUG net.serenitybdd.core.photography.DarkroomProcessingLine - Saving screenshot to target\site\serenity\f1176e1d82e35df23f40aea846f045d4b00b1e234ff4ccf4885a5ead1cf1cdf4.png
  &amp#27;[32mAnd &amp#27;[0m&amp#27;[32mclick login button&amp#27;[0m                                  &amp#27;[90m# starter.stepdefinitions.LoginSteps.clickLoginButton()&amp#27;[0m
10:27:20.080 [main] DEBUG net.thucydides.core.steps.StepInterceptor - STARTING STEP: LoginSteps.iGoToProfilPage - headerAppears
10:27:20.082 [Forwarding findElement on session 8683bf964e2d9f6a5f9586a935a1f19e to remote] DEBUG org.asynchttpclient.netty.request.NettyRequestSender - Using pooled Channel '[id: 0xc1d3d0b3, L:/127.0.0.1:55084 - R:localhost/127.0.0.1:56308]' for 'POST' to 'http://localhost:56308/session/8683bf964e2d9f6a5f9586a935a1f19e/element'
10:27:20.082 [Forwarding findElement on session 8683bf964e2d9f6a5f9586a935a1f19e to remote] DEBUG org.asynchttpclient.netty.request.NettyRequestSender - Using open Channel [id: 0xc1d3d0b3, L:/127.0.0.1:55084 - R:localhost/127.0.0.1:56308] for POST '/session/8683bf964e2d9f6a5f9586a935a1f19e/element'
10:27:20.094 [AsyncHttpClient-1-2] DEBUG org.asynchttpclient.netty.handler.HttpHandler - 

Request DefaultHttpRequest(decodeResult: success, version: HTTP/1.1)
POST /session/8683bf964e2d9f6a5f9586a935a1f19e/element HTTP/1.1
User-Agent: selenium/4.1.2 (java windows)
Content-Length: 102
Content-Type: application/json; charset=utf-8
host: localhost:56308
accept: */*

Response DefaultHttpResponse(decodeResult: success, version: HTTP/1.1)
HTTP/1.1 200 OK
Content-Type: application/json; charset=utf-8
cache-control: no-cache
content-length: 88

10:27:20.095 [AsyncHttpClient-1-2] DEBUG org.asynchttpclient.netty.channel.ChannelManager - Adding key: http://localhost:56308 for channel [id: 0xc1d3d0b3, L:/127.0.0.1:55084 - R:localhost/127.0.0.1:56308]
10:27:20.099 [Forwarding isElementDisplayed on session 8683bf964e2d9f6a5f9586a935a1f19e to remote] DEBUG org.asynchttpclient.netty.request.NettyRequestSender - Using pooled Channel '[id: 0xc1d3d0b3, L:/127.0.0.1:55084 - R:localhost/127.0.0.1:56308]' for 'POST' to 'http://localhost:56308/session/8683bf964e2d9f6a5f9586a935a1f19e/execute/sync'
10:27:20.099 [Forwarding isElementDisplayed on session 8683bf964e2d9f6a5f9586a935a1f19e to remote] DEBUG org.asynchttpclient.netty.request.NettyRequestSender - Using open Channel [id: 0xc1d3d0b3, L:/127.0.0.1:55084 - R:localhost/127.0.0.1:56308] for POST '/session/8683bf964e2d9f6a5f9586a935a1f19e/execute/sync'
10:27:20.113 [AsyncHttpClient-1-2] DEBUG org.asynchttpclient.netty.handler.HttpHandler - 

Request DefaultHttpRequest(decodeResult: success, version: HTTP/1.1)
POST /session/8683bf964e2d9f6a5f9586a935a1f19e/execute/sync HTTP/1.1
User-Agent: selenium/4.1.2 (java windows)
Content-Length: 48780
Content-Type: application/json; charset=utf-8
host: localhost:56308
accept: */*

Response DefaultHttpResponse(decodeResult: success, version: HTTP/1.1)
HTTP/1.1 200 OK
Content-Type: application/json; charset=utf-8
cache-control: no-cache
content-length: 14

10:27:20.113 [AsyncHttpClient-1-2] DEBUG org.asynchttpclient.netty.channel.ChannelManager - Adding key: http://localhost:56308 for channel [id: 0xc1d3d0b3, L:/127.0.0.1:55084 - R:localhost/127.0.0.1:56308]
10:27:20.117 [Forwarding screenshot on session 8683bf964e2d9f6a5f9586a935a1f19e to remote] DEBUG org.asynchttpclient.netty.request.NettyRequestSender - Using pooled Channel '[id: 0xc1d3d0b3, L:/127.0.0.1:55084 - R:localhost/127.0.0.1:56308]' for 'GET' to 'http://localhost:56308/session/8683bf964e2d9f6a5f9586a935a1f19e/screenshot'
10:27:20.117 [Forwarding screenshot on session 8683bf964e2d9f6a5f9586a935a1f19e to remote] DEBUG org.asynchttpclient.netty.request.NettyRequestSender - Using open Channel [id: 0xc1d3d0b3, L:/127.0.0.1:55084 - R:localhost/127.0.0.1:56308] for GET '/session/8683bf964e2d9f6a5f9586a935a1f19e/screenshot'
10:27:20.325 [AsyncHttpClient-1-2] DEBUG org.asynchttpclient.netty.handler.HttpHandler - 

Request DefaultFullHttpRequest(decodeResult: success, version: HTTP/1.1, content: EmptyByteBufBE)
GET /session/8683bf964e2d9f6a5f9586a935a1f19e/screenshot HTTP/1.1
User-Agent: selenium/4.1.2 (java windows)
Cache-Control: no-cache
Content-Type: application/json; charset=utf-8
host: localhost:56308
accept: */*

Response DefaultHttpResponse(decodeResult: success, version: HTTP/1.1)
HTTP/1.1 200 OK
Content-Type: application/json; charset=utf-8
cache-control: no-cache
content-length: 340844

10:27:20.327 [AsyncHttpClient-1-2] DEBUG org.asynchttpclient.netty.channel.ChannelManager - Adding key: http://localhost:56308 for channel [id: 0xc1d3d0b3, L:/127.0.0.1:55084 - R:localhost/127.0.0.1:56308]
10:27:20.340 [main] DEBUG net.serenitybdd.core.photography.Darkroom - Send negative for processing for target\site\serenity\f1176e1d82e35df23f40aea846f045d4b00b1e234ff4ccf4885a5ead1cf1cdf4.png
10:27:20.341 [main] DEBUG net.thucydides.core.steps.StepInterceptor - STEP DONE: headerAppears
10:27:20.346 [main] DEBUG net.thucydides.core.steps.StepInterceptor - STARTING STEP: LoginSteps.iGoToProfilPage - headerTextEqual
10:27:20.349 [Forwarding findElement on session 8683bf964e2d9f6a5f9586a935a1f19e to remote] DEBUG org.asynchttpclient.netty.request.NettyRequestSender - Using pooled Channel '[id: 0xc1d3d0b3, L:/127.0.0.1:55084 - R:localhost/127.0.0.1:56308]' for 'POST' to 'http://localhost:56308/session/8683bf964e2d9f6a5f9586a935a1f19e/element'
10:27:20.349 [Forwarding findElement on session 8683bf964e2d9f6a5f9586a935a1f19e to remote] DEBUG org.asynchttpclient.netty.request.NettyRequestSender - Using open Channel [id: 0xc1d3d0b3, L:/127.0.0.1:55084 - R:localhost/127.0.0.1:56308] for POST '/session/8683bf964e2d9f6a5f9586a935a1f19e/element'
10:27:20.356 [AsyncHttpClient-1-2] DEBUG org.asynchttpclient.netty.handler.HttpHandler - 

Request DefaultHttpRequest(decodeResult: success, version: HTTP/1.1)
POST /session/8683bf964e2d9f6a5f9586a935a1f19e/element HTTP/1.1
User-Agent: selenium/4.1.2 (java windows)
Content-Length: 102
Content-Type: application/json; charset=utf-8
host: localhost:56308
accept: */*

Response DefaultHttpResponse(decodeResult: success, version: HTTP/1.1)
HTTP/1.1 200 OK
Content-Type: application/json; charset=utf-8
cache-control: no-cache
content-length: 88

10:27:20.356 [AsyncHttpClient-1-2] DEBUG org.asynchttpclient.netty.channel.ChannelManager - Adding key: http://localhost:56308 for channel [id: 0xc1d3d0b3, L:/127.0.0.1:55084 - R:localhost/127.0.0.1:56308]
10:27:20.357 [Forwarding getElementText on session 8683bf964e2d9f6a5f9586a935a1f19e to remote] DEBUG org.asynchttpclient.netty.request.NettyRequestSender - Using pooled Channel '[id: 0xc1d3d0b3, L:/127.0.0.1:55084 - R:localhost/127.0.0.1:56308]' for 'GET' to 'http://localhost:56308/session/8683bf964e2d9f6a5f9586a935a1f19e/element/4c64e1a9-99ed-400b-a422-b820e2c927ae/text'
10:27:20.358 [Forwarding getElementText on session 8683bf964e2d9f6a5f9586a935a1f19e to remote] DEBUG org.asynchttpclient.netty.request.NettyRequestSender - Using open Channel [id: 0xc1d3d0b3, L:/127.0.0.1:55084 - R:localhost/127.0.0.1:56308] for GET '/session/8683bf964e2d9f6a5f9586a935a1f19e/element/4c64e1a9-99ed-400b-a422-b820e2c927ae/text'
10:27:20.372 [AsyncHttpClient-1-2] DEBUG org.asynchttpclient.netty.handler.HttpHandler - 

Request DefaultFullHttpRequest(decodeResult: success, version: HTTP/1.1, content: EmptyByteBufBE)
GET /session/8683bf964e2d9f6a5f9586a935a1f19e/element/4c64e1a9-99ed-400b-a422-b820e2c927ae/text HTTP/1.1
User-Agent: selenium/4.1.2 (java windows)
Cache-Control: no-cache
Content-Type: application/json; charset=utf-8
host: localhost:56308
accept: */*

Response DefaultHttpResponse(decodeResult: success, version: HTTP/1.1)
HTTP/1.1 200 OK
Content-Type: application/json; charset=utf-8
cache-control: no-cache
content-length: 17

10:27:20.372 [AsyncHttpClient-1-2] DEBUG org.asynchttpclient.netty.channel.ChannelManager - Adding key: http://localhost:56308 for channel [id: 0xc1d3d0b3, L:/127.0.0.1:55084 - R:localhost/127.0.0.1:56308]
10:27:20.376 [main] DEBUG net.thucydides.core.steps.StepInterceptor - STEP DONE: headerTextEqual
  &amp#27;[32mThen &amp#27;[0m&amp#27;[32mI go to profil page&amp#27;[0m                                &amp#27;[90m# starter.stepdefinitions.LoginSteps.iGoToProfilPage()&amp#27;[0m
10:27:20.385 [main] INFO  - 
  _____   ___   ___   _____     ___     _     ___   ___   ___   ___  
 |_   _| | __| / __| |_   _|   | _ \   /_\   / __| / __| | __| |   \ 
   | |   | _|  \__ \   | |     |  _/  / _ \  \__ \ \__ \ | _|  | |) |
   |_|   |___| |___/   |_|     |_|   /_/ \_\ |___/ |___/ |___| |___/ 

As a user I have to be able to login in ToolsQa
----------------------------------------------------------------------
10:27:20.445 [AsyncHttpClient-1-1] DEBUG org.asynchttpclient.netty.channel.DefaultChannelPool - Entry count for : http://localhost:56308 : 1
10:27:20.445 [AsyncHttpClient-1-1] DEBUG org.asynchttpclient.netty.channel.DefaultChannelPool - Entry count for : http://localhost:55085 : 1
10:27:20.522 [Driver Command Executor] DEBUG org.asynchttpclient.netty.request.NettyRequestSender - Using pooled Channel '[id: 0xc1d3d0b3, L:/127.0.0.1:55084 - R:localhost/127.0.0.1:56308]' for 'DELETE' to 'http://localhost:56308/session/8683bf964e2d9f6a5f9586a935a1f19e'
10:27:20.523 [Driver Command Executor] DEBUG org.asynchttpclient.netty.request.NettyRequestSender - Using open Channel [id: 0xc1d3d0b3, L:/127.0.0.1:55084 - R:localhost/127.0.0.1:56308] for DELETE '/session/8683bf964e2d9f6a5f9586a935a1f19e'
10:27:20.524 [AsyncHttpClient-1-4] DEBUG org.asynchttpclient.netty.handler.WebSocketHandler - Channel Closed: [id: 0xda497d49, L:/127.0.0.1:55092 ! R:localhost/127.0.0.1:55085] with attribute NettyResponseFuture{currentRetry=5,
	isDone=1,
	isCancelled=0,
	asyncHandler=org.asynchttpclient.ws.WebSocketUpgradeHandler@3c343103,
	nettyRequest=org.asynchttpclient.netty.request.NettyRequest@2ff828b9,
	future=java.util.concurrent.CompletableFuture@64bea347[Completed normally],
	uri=ws://localhost:55085/devtools/browser/f01f029a-c1bd-4bae-94af-cc550899c0b6,
	keepAlive=true,
	redirectCount=0,
	timeoutsHolder=null,
	inAuth=0,
	touch=1648610826919}
10:27:20.525 [AsyncHttpClient-1-4] DEBUG org.asynchttpclient.netty.channel.ChannelManager - Closing Channel [id: 0xda497d49, L:/127.0.0.1:55092 ! R:localhost/127.0.0.1:55085] 
10:27:20.550 [AsyncHttpClient-1-3] DEBUG org.asynchttpclient.netty.handler.HttpHandler - Unexpected I/O exception on channel [id: 0x9b4d6e12, L:/127.0.0.1:55091 - R:localhost/127.0.0.1:55085]
java.net.SocketException: Connection reset
	at java.base/sun.nio.ch.SocketChannelImpl.throwConnectionReset(SocketChannelImpl.java:394)
	at java.base/sun.nio.ch.SocketChannelImpl.read(SocketChannelImpl.java:426)
	at io.netty.buffer.PooledByteBuf.setBytes(PooledByteBuf.java:258)
	at io.netty.buffer.AbstractByteBuf.writeBytes(AbstractByteBuf.java:1132)
	at io.netty.channel.socket.nio.NioSocketChannel.doReadBytes(NioSocketChannel.java:350)
	at io.netty.channel.nio.AbstractNioByteChannel$NioByteUnsafe.read(AbstractNioByteChannel.java:151)
	at io.netty.channel.nio.NioEventLoop.processSelectedKey(NioEventLoop.java:722)
	at io.netty.channel.nio.NioEventLoop.processSelectedKeysOptimized(NioEventLoop.java:658)
	at io.netty.channel.nio.NioEventLoop.processSelectedKeys(NioEventLoop.java:584)
	at io.netty.channel.nio.NioEventLoop.run(NioEventLoop.java:496)
	at io.netty.util.concurrent.SingleThreadEventExecutor$4.run(SingleThreadEventExecutor.java:986)
	at io.netty.util.internal.ThreadExecutorMap$2.run(ThreadExecutorMap.java:74)
	at io.netty.util.concurrent.FastThreadLocalRunnable.run(FastThreadLocalRunnable.java:30)
	at java.base/java.lang.Thread.run(Thread.java:833)
10:27:20.551 [AsyncHttpClient-1-3] DEBUG org.asynchttpclient.netty.channel.ChannelManager - Closing Channel [id: 0x9b4d6e12, L:/127.0.0.1:55091 - R:localhost/127.0.0.1:55085] 
10:27:20.553 [AsyncHttpClient-1-3] DEBUG org.asynchttpclient.netty.handler.HttpHandler - Channel Closed: [id: 0x9b4d6e12, L:/127.0.0.1:55091 ! R:localhost/127.0.0.1:55085] with attribute DISCARD
10:27:20.575 [AsyncHttpClient-1-2] DEBUG org.asynchttpclient.netty.handler.HttpHandler - 

Request DefaultFullHttpRequest(decodeResult: success, version: HTTP/1.1, content: EmptyByteBufBE)
DELETE /session/8683bf964e2d9f6a5f9586a935a1f19e HTTP/1.1
User-Agent: selenium/4.1.2 (java windows)
Content-Type: application/json; charset=utf-8
host: localhost:56308
accept: */*

Response DefaultHttpResponse(decodeResult: success, version: HTTP/1.1)
HTTP/1.1 200 OK
Content-Type: application/json; charset=utf-8
cache-control: no-cache
content-length: 14

10:27:20.575 [AsyncHttpClient-1-2] DEBUG org.asynchttpclient.netty.channel.ChannelManager - Adding key: http://localhost:56308 for channel [id: 0xc1d3d0b3, L:/127.0.0.1:55084 - R:localhost/127.0.0.1:56308]
10:27:20.657 [AsyncHttpClient-1-2] DEBUG org.asynchttpclient.netty.handler.HttpHandler - Channel Closed: [id: 0xc1d3d0b3, L:/127.0.0.1:55084 ! R:localhost/127.0.0.1:56308] with attribute DISCARD
]]></system-out>
    <system-err><![CDATA[Starting ChromeDriver 99.0.4844.51 (d537ec02474b5afe23684e7963d538896c63ac77-refs/branch-heads/4844@{#875}) on port 56308
Only local connections are allowed.
Please see https://chromedriver.chromium.org/security-considerations for suggestions on keeping ChromeDriver safe.
ChromeDriver was started successfully.
Mar 30, 2022 10:27:06 AM org.openqa.selenium.remote.ProtocolHandshake createSession
INFO: Detected dialect: W3C
Mar 30, 2022 10:27:06 AM org.openqa.selenium.devtools.CdpVersionFinder findNearestMatch
WARNING: Unable to find an exact match for CDP version 99, so returning the closest version found: 97
Mar 30, 2022 10:27:06 AM org.openqa.selenium.devtools.CdpVersionFinder findNearestMatch
INFO: Found CDP implementation for version 99 of 97
]]></system-err>
  </testcase>
  <testcase name="Failed login with invalid username" classname="Login" time="12.183">
    <system-out><![CDATA[
Scenario: Failed login with invalid username &amp#27;[90m# src/test/resources/features/Login.feature:13&amp#27;[0m
10:27:20.754 [main] INFO io.cucumber.core.plugin.SerenityReporter - Running feature from file:///D:/WebProgramming/section20/src/test/resources/features/Login.feature
10:27:20.756 [main] INFO  - 
  _____   ___   ___   _____     ___   _____     _     ___   _____   ___   ___  
 |_   _| | __| / __| |_   _|   / __| |_   _|   /_\   | _ \ |_   _| | __| |   \ 
   | |   | _|  \__ \   | |     \__ \   | |    / _ \  |   /   | |   | _|  | |) |
   |_|   |___| |___/   |_|     |___/   |_|   /_/ \_\ |_|_\   |_|   |___| |___/ 

Failed login with invalid username(login;failed-login-with-invalid-username)
--------------------------------------------------------------------------------
10:27:20.792 [main] DEBUG net.thucydides.core.steps.StepInterceptor - STARTING STEP: LoginSteps.iAmOnTheLoginPage - openUrl
10:27:20.795 [main] INFO net.serenitybdd.core.webdriver.driverproviders.ChromeDriverProvider - Using automatically driver download
10:27:20.969 [main] DEBUG io.github.bonigarcia.wdm.cache.ResolutionCache - Resolution chrome=99 in cache (valid until 11:23:23 30/03/2022 WIB)
10:27:20.975 [main] DEBUG io.github.bonigarcia.wdm.cache.ResolutionCache - Resolution chrome99=99.0.4844.51 in cache (valid until 10:23:23 31/03/2022 WIB)
10:27:20.978 [main] INFO io.github.bonigarcia.wdm.WebDriverManager - Using chromedriver 99.0.4844.51 (resolved driver for Chrome 99)
10:27:20.996 [main] DEBUG io.github.bonigarcia.wdm.WebDriverManager - Driver chromedriver 99.0.4844.51 found in cache
10:27:20.997 [main] INFO io.github.bonigarcia.wdm.WebDriverManager - Exporting webdriver.chrome.driver as C:\Users\USER\.cache\selenium\chromedriver\win32\99.0.4844.51\chromedriver.exe
10:27:21.192 [main] DEBUG net.serenitybdd.core.webdriver.driverproviders.ProvideNewDriver - Instantiating driver
10:27:21.192 [main] DEBUG net.serenitybdd.core.webdriver.driverproviders.ProvideNewDriver - Driver capabilities: Capabilities {acceptInsecureCerts: false, base.url: https://demoqa.com/, browserName: chrome, chrome.driver: src/test/resources/webdrive..., driver: chrome, goog:chromeOptions: {args: [], extensions: []}}
10:27:21.307 [AsyncHttpClient-1-5] DEBUG org.asynchttpclient.netty.channel.NettyConnectListener - Using new Channel '[id: 0xda2a8052, L:/127.0.0.1:55140 - R:localhost/127.0.0.1:61383]' for 'POST' to '/session'
10:27:21.538 [AsyncHttpClient-1-1] DEBUG org.asynchttpclient.netty.channel.DefaultChannelPool - Entry count for : http://localhost:56308 : 1
10:27:21.538 [AsyncHttpClient-1-1] DEBUG org.asynchttpclient.netty.channel.DefaultChannelPool - Entry count for : http://localhost:55085 : 1
10:27:21.538 [AsyncHttpClient-1-1] DEBUG org.asynchttpclient.netty.channel.DefaultChannelPool - Adding Candidate expired Channel [id: 0xc1d3d0b3, L:/127.0.0.1:55084 ! R:localhost/127.0.0.1:56308] isIdleTimeoutExpired=false isRemotelyClosed=true isTtlExpired=false
10:27:21.538 [AsyncHttpClient-1-1] DEBUG org.asynchttpclient.netty.channel.DefaultChannelPool - Closing Idle Channel [id: 0xc1d3d0b3, L:/127.0.0.1:55084 ! R:localhost/127.0.0.1:56308]
10:27:21.538 [AsyncHttpClient-1-1] DEBUG org.asynchttpclient.netty.channel.DefaultChannelPool - Adding Candidate expired Channel [id: 0x9b4d6e12, L:/127.0.0.1:55091 ! R:localhost/127.0.0.1:55085] isIdleTimeoutExpired=false isRemotelyClosed=true isTtlExpired=false
10:27:21.538 [AsyncHttpClient-1-1] DEBUG org.asynchttpclient.netty.channel.DefaultChannelPool - Closing Idle Channel [id: 0x9b4d6e12, L:/127.0.0.1:55091 ! R:localhost/127.0.0.1:55085]
10:27:21.538 [AsyncHttpClient-1-1] DEBUG org.asynchttpclient.netty.channel.DefaultChannelPool - Closed 2 connections out of 2 in 0 ms
10:27:23.708 [AsyncHttpClient-1-5] DEBUG org.asynchttpclient.netty.handler.HttpHandler - 

Request DefaultHttpRequest(decodeResult: success, version: HTTP/1.1)
POST /session HTTP/1.1
User-Agent: selenium/4.1.2 (java windows)
Content-Length: 605
Content-Type: application/json; charset=utf-8
host: localhost:61383
accept: */*

Response DefaultHttpResponse(decodeResult: success, version: HTTP/1.1)
HTTP/1.1 200 OK
Content-Type: application/json; charset=utf-8
cache-control: no-cache
content-length: 786

10:27:23.713 [AsyncHttpClient-1-5] DEBUG org.asynchttpclient.netty.channel.ChannelManager - Adding key: http://localhost:61383 for channel [id: 0xda2a8052, L:/127.0.0.1:55140 - R:localhost/127.0.0.1:61383]
10:27:23.739 [AsyncHttpClient-1-1] DEBUG org.asynchttpclient.netty.channel.DefaultChannelPool - Entry count for : http://localhost:61383 : 1
10:27:23.754 [AsyncHttpClient-1-6] DEBUG org.asynchttpclient.netty.channel.NettyConnectListener - Using new Channel '[id: 0x2923d0cb, L:/127.0.0.1:55149 - R:localhost/127.0.0.1:55141]' for 'GET' to '/json/version'
10:27:23.777 [AsyncHttpClient-1-6] DEBUG org.asynchttpclient.netty.handler.HttpHandler - 

Request DefaultFullHttpRequest(decodeResult: success, version: HTTP/1.1, content: EmptyByteBufBE)
GET /json/version HTTP/1.1
User-Agent: selenium/4.1.2 (java windows)
host: localhost:55141
accept: */*

Response DefaultHttpResponse(decodeResult: success, version: HTTP/1.1)
HTTP/1.1 200 OK
Content-Type: application/json; charset=UTF-8
content-length: 424

10:27:23.777 [AsyncHttpClient-1-6] DEBUG org.asynchttpclient.netty.channel.ChannelManager - Adding key: http://localhost:55141 for channel [id: 0x2923d0cb, L:/127.0.0.1:55149 - R:localhost/127.0.0.1:55141]
10:27:23.795 [AsyncHttpClient-1-7] DEBUG org.asynchttpclient.netty.channel.NettyConnectListener - Using new Channel '[id: 0xf3c362fa, L:/127.0.0.1:55150 - R:localhost/127.0.0.1:55141]' for 'GET' to '/devtools/browser/33628b68-656c-4b47-9381-d478d19ec968'
10:27:23.825 [AsyncHttpClient-1-7] DEBUG org.asynchttpclient.netty.handler.WebSocketHandler - 

Request DefaultFullHttpRequest(decodeResult: success, version: HTTP/1.1, content: EmptyByteBufBE)
GET /devtools/browser/33628b68-656c-4b47-9381-d478d19ec968 HTTP/1.1
upgrade: websocket
connection: upgrade
sec-websocket-key: tDl0STgsBKMSwz1mFy9/dA==
sec-websocket-version: 13
origin: http://localhost:55141
host: localhost:55141
accept: */*
user-agent: AHC/2.1

Response DefaultHttpResponse(decodeResult: success, version: HTTP/1.1)
HTTP/1.1 101 WebSocket Protocol Handshake
Upgrade: WebSocket
Connection: Upgrade
Sec-WebSocket-Accept: qtLOArLofc16MXDOCRXnGF3AhSk=

10:27:23.835 [Forwarding get on session 2c05ef6054ca688e1cf69dcd3d2e42bc to remote] DEBUG org.asynchttpclient.netty.request.NettyRequestSender - Using pooled Channel '[id: 0xda2a8052, L:/127.0.0.1:55140 - R:localhost/127.0.0.1:61383]' for 'POST' to 'http://localhost:61383/session/2c05ef6054ca688e1cf69dcd3d2e42bc/url'
10:27:23.835 [Forwarding get on session 2c05ef6054ca688e1cf69dcd3d2e42bc to remote] DEBUG org.asynchttpclient.netty.request.NettyRequestSender - Using open Channel [id: 0xda2a8052, L:/127.0.0.1:55140 - R:localhost/127.0.0.1:61383] for POST '/session/2c05ef6054ca688e1cf69dcd3d2e42bc/url'
10:27:24.838 [AsyncHttpClient-1-1] DEBUG org.asynchttpclient.netty.channel.DefaultChannelPool - Entry count for : http://localhost:55141 : 1
10:27:25.944 [AsyncHttpClient-1-1] DEBUG org.asynchttpclient.netty.channel.DefaultChannelPool - Entry count for : http://localhost:55141 : 1
10:27:27.043 [AsyncHttpClient-1-1] DEBUG org.asynchttpclient.netty.channel.DefaultChannelPool - Entry count for : http://localhost:55141 : 1
10:27:28.143 [AsyncHttpClient-1-1] DEBUG org.asynchttpclient.netty.channel.DefaultChannelPool - Entry count for : http://localhost:55141 : 1
10:27:29.103 [AsyncHttpClient-1-5] DEBUG org.asynchttpclient.netty.handler.HttpHandler - 

Request DefaultHttpRequest(decodeResult: success, version: HTTP/1.1)
POST /session/2c05ef6054ca688e1cf69dcd3d2e42bc/url HTTP/1.1
User-Agent: selenium/4.1.2 (java windows)
Content-Length: 49
Content-Type: application/json; charset=utf-8
host: localhost:61383
accept: */*

Response DefaultHttpResponse(decodeResult: success, version: HTTP/1.1)
HTTP/1.1 200 OK
Content-Type: application/json; charset=utf-8
cache-control: no-cache
content-length: 14

10:27:29.104 [AsyncHttpClient-1-5] DEBUG org.asynchttpclient.netty.channel.ChannelManager - Adding key: http://localhost:61383 for channel [id: 0xda2a8052, L:/127.0.0.1:55140 - R:localhost/127.0.0.1:61383]
10:27:29.106 [Forwarding setTimeout on session 2c05ef6054ca688e1cf69dcd3d2e42bc to remote] DEBUG org.asynchttpclient.netty.request.NettyRequestSender - Using pooled Channel '[id: 0xda2a8052, L:/127.0.0.1:55140 - R:localhost/127.0.0.1:61383]' for 'POST' to 'http://localhost:61383/session/2c05ef6054ca688e1cf69dcd3d2e42bc/timeouts'
10:27:29.106 [Forwarding setTimeout on session 2c05ef6054ca688e1cf69dcd3d2e42bc to remote] DEBUG org.asynchttpclient.netty.request.NettyRequestSender - Using open Channel [id: 0xda2a8052, L:/127.0.0.1:55140 - R:localhost/127.0.0.1:61383] for POST '/session/2c05ef6054ca688e1cf69dcd3d2e42bc/timeouts'
10:27:29.109 [AsyncHttpClient-1-5] DEBUG org.asynchttpclient.netty.handler.HttpHandler - 

Request DefaultHttpRequest(decodeResult: success, version: HTTP/1.1)
POST /session/2c05ef6054ca688e1cf69dcd3d2e42bc/timeouts HTTP/1.1
User-Agent: selenium/4.1.2 (java windows)
Content-Length: 22
Content-Type: application/json; charset=utf-8
host: localhost:61383
accept: */*

Response DefaultHttpResponse(decodeResult: success, version: HTTP/1.1)
HTTP/1.1 200 OK
Content-Type: application/json; charset=utf-8
cache-control: no-cache
content-length: 14

10:27:29.109 [AsyncHttpClient-1-5] DEBUG org.asynchttpclient.netty.channel.ChannelManager - Adding key: http://localhost:61383 for channel [id: 0xda2a8052, L:/127.0.0.1:55140 - R:localhost/127.0.0.1:61383]
10:27:29.113 [Forwarding getCurrentUrl on session 2c05ef6054ca688e1cf69dcd3d2e42bc to remote] DEBUG org.asynchttpclient.netty.request.NettyRequestSender - Using pooled Channel '[id: 0xda2a8052, L:/127.0.0.1:55140 - R:localhost/127.0.0.1:61383]' for 'GET' to 'http://localhost:61383/session/2c05ef6054ca688e1cf69dcd3d2e42bc/url'
10:27:29.113 [Forwarding getCurrentUrl on session 2c05ef6054ca688e1cf69dcd3d2e42bc to remote] DEBUG org.asynchttpclient.netty.request.NettyRequestSender - Using open Channel [id: 0xda2a8052, L:/127.0.0.1:55140 - R:localhost/127.0.0.1:61383] for GET '/session/2c05ef6054ca688e1cf69dcd3d2e42bc/url'
10:27:29.118 [AsyncHttpClient-1-5] DEBUG org.asynchttpclient.netty.handler.HttpHandler - 

Request DefaultFullHttpRequest(decodeResult: success, version: HTTP/1.1, content: EmptyByteBufBE)
GET /session/2c05ef6054ca688e1cf69dcd3d2e42bc/url HTTP/1.1
User-Agent: selenium/4.1.2 (java windows)
Cache-Control: no-cache
Content-Type: application/json; charset=utf-8
host: localhost:61383
accept: */*

Response DefaultHttpResponse(decodeResult: success, version: HTTP/1.1)
HTTP/1.1 200 OK
Content-Type: application/json; charset=utf-8
cache-control: no-cache
content-length: 31

10:27:29.118 [AsyncHttpClient-1-5] DEBUG org.asynchttpclient.netty.channel.ChannelManager - Adding key: http://localhost:61383 for channel [id: 0xda2a8052, L:/127.0.0.1:55140 - R:localhost/127.0.0.1:61383]
10:27:29.121 [Forwarding getCurrentUrl on session 2c05ef6054ca688e1cf69dcd3d2e42bc to remote] DEBUG org.asynchttpclient.netty.request.NettyRequestSender - Using pooled Channel '[id: 0xda2a8052, L:/127.0.0.1:55140 - R:localhost/127.0.0.1:61383]' for 'GET' to 'http://localhost:61383/session/2c05ef6054ca688e1cf69dcd3d2e42bc/url'
10:27:29.121 [Forwarding getCurrentUrl on session 2c05ef6054ca688e1cf69dcd3d2e42bc to remote] DEBUG org.asynchttpclient.netty.request.NettyRequestSender - Using open Channel [id: 0xda2a8052, L:/127.0.0.1:55140 - R:localhost/127.0.0.1:61383] for GET '/session/2c05ef6054ca688e1cf69dcd3d2e42bc/url'
10:27:29.125 [AsyncHttpClient-1-5] DEBUG org.asynchttpclient.netty.handler.HttpHandler - 

Request DefaultFullHttpRequest(decodeResult: success, version: HTTP/1.1, content: EmptyByteBufBE)
GET /session/2c05ef6054ca688e1cf69dcd3d2e42bc/url HTTP/1.1
User-Agent: selenium/4.1.2 (java windows)
Cache-Control: no-cache
Content-Type: application/json; charset=utf-8
host: localhost:61383
accept: */*

Response DefaultHttpResponse(decodeResult: success, version: HTTP/1.1)
HTTP/1.1 200 OK
Content-Type: application/json; charset=utf-8
cache-control: no-cache
content-length: 31

10:27:29.125 [AsyncHttpClient-1-5] DEBUG org.asynchttpclient.netty.channel.ChannelManager - Adding key: http://localhost:61383 for channel [id: 0xda2a8052, L:/127.0.0.1:55140 - R:localhost/127.0.0.1:61383]
10:27:29.132 [Forwarding screenshot on session 2c05ef6054ca688e1cf69dcd3d2e42bc to remote] DEBUG org.asynchttpclient.netty.request.NettyRequestSender - Using pooled Channel '[id: 0xda2a8052, L:/127.0.0.1:55140 - R:localhost/127.0.0.1:61383]' for 'GET' to 'http://localhost:61383/session/2c05ef6054ca688e1cf69dcd3d2e42bc/screenshot'
10:27:29.132 [Forwarding screenshot on session 2c05ef6054ca688e1cf69dcd3d2e42bc to remote] DEBUG org.asynchttpclient.netty.request.NettyRequestSender - Using open Channel [id: 0xda2a8052, L:/127.0.0.1:55140 - R:localhost/127.0.0.1:61383] for GET '/session/2c05ef6054ca688e1cf69dcd3d2e42bc/screenshot'
10:27:29.240 [AsyncHttpClient-1-1] DEBUG org.asynchttpclient.netty.channel.DefaultChannelPool - Entry count for : http://localhost:55141 : 1
10:27:29.369 [AsyncHttpClient-1-5] DEBUG org.asynchttpclient.netty.handler.HttpHandler - 

Request DefaultFullHttpRequest(decodeResult: success, version: HTTP/1.1, content: EmptyByteBufBE)
GET /session/2c05ef6054ca688e1cf69dcd3d2e42bc/screenshot HTTP/1.1
User-Agent: selenium/4.1.2 (java windows)
Cache-Control: no-cache
Content-Type: application/json; charset=utf-8
host: localhost:61383
accept: */*

Response DefaultHttpResponse(decodeResult: success, version: HTTP/1.1)
HTTP/1.1 200 OK
Content-Type: application/json; charset=utf-8
cache-control: no-cache
content-length: 337672

10:27:29.371 [AsyncHttpClient-1-5] DEBUG org.asynchttpclient.netty.channel.ChannelManager - Adding key: http://localhost:61383 for channel [id: 0xda2a8052, L:/127.0.0.1:55140 - R:localhost/127.0.0.1:61383]
10:27:29.387 [main] DEBUG net.serenitybdd.core.photography.Darkroom - Send negative for processing for target\site\serenity\21ed5a9c291091c22c462db3a06a4605a7c5c22f847a2a857187043428c5928a.png
10:27:29.387 [main] DEBUG net.thucydides.core.steps.StepInterceptor - STEP DONE: openUrl
10:27:29.387 [Darkroom Processing Line] DEBUG net.serenitybdd.core.photography.DarkroomProcessingLine - Processing screenshot image in /var/screenshots/screenshot-9071384030398169122
10:27:29.387 [Darkroom Processing Line] DEBUG net.serenitybdd.core.photography.DarkroomProcessingLine - Saving screenshot to target\site\serenity\21ed5a9c291091c22c462db3a06a4605a7c5c22f847a2a857187043428c5928a.png
10:27:29.394 [main] DEBUG net.thucydides.core.steps.StepInterceptor - STARTING STEP: LoginSteps.iAmOnTheLoginPage - openBooks
10:27:29.397 [Forwarding findElement on session 2c05ef6054ca688e1cf69dcd3d2e42bc to remote] DEBUG org.asynchttpclient.netty.request.NettyRequestSender - Using pooled Channel '[id: 0xda2a8052, L:/127.0.0.1:55140 - R:localhost/127.0.0.1:61383]' for 'POST' to 'http://localhost:61383/session/2c05ef6054ca688e1cf69dcd3d2e42bc/element'
10:27:29.397 [Forwarding findElement on session 2c05ef6054ca688e1cf69dcd3d2e42bc to remote] DEBUG org.asynchttpclient.netty.request.NettyRequestSender - Using open Channel [id: 0xda2a8052, L:/127.0.0.1:55140 - R:localhost/127.0.0.1:61383] for POST '/session/2c05ef6054ca688e1cf69dcd3d2e42bc/element'
10:27:29.425 [AsyncHttpClient-1-5] DEBUG org.asynchttpclient.netty.handler.HttpHandler - 

Request DefaultHttpRequest(decodeResult: success, version: HTTP/1.1)
POST /session/2c05ef6054ca688e1cf69dcd3d2e42bc/element HTTP/1.1
User-Agent: selenium/4.1.2 (java windows)
Content-Length: 73
Content-Type: application/json; charset=utf-8
host: localhost:61383
accept: */*

Response DefaultHttpResponse(decodeResult: success, version: HTTP/1.1)
HTTP/1.1 200 OK
Content-Type: application/json; charset=utf-8
cache-control: no-cache
content-length: 88

10:27:29.425 [AsyncHttpClient-1-5] DEBUG org.asynchttpclient.netty.channel.ChannelManager - Adding key: http://localhost:61383 for channel [id: 0xda2a8052, L:/127.0.0.1:55140 - R:localhost/127.0.0.1:61383]
10:27:29.428 [Forwarding getElementTagName on session 2c05ef6054ca688e1cf69dcd3d2e42bc to remote] DEBUG org.asynchttpclient.netty.request.NettyRequestSender - Using pooled Channel '[id: 0xda2a8052, L:/127.0.0.1:55140 - R:localhost/127.0.0.1:61383]' for 'GET' to 'http://localhost:61383/session/2c05ef6054ca688e1cf69dcd3d2e42bc/element/332cdc83-c8dd-4bdf-99cc-5c5ea926c854/name'
10:27:29.428 [Forwarding getElementTagName on session 2c05ef6054ca688e1cf69dcd3d2e42bc to remote] DEBUG org.asynchttpclient.netty.request.NettyRequestSender - Using open Channel [id: 0xda2a8052, L:/127.0.0.1:55140 - R:localhost/127.0.0.1:61383] for GET '/session/2c05ef6054ca688e1cf69dcd3d2e42bc/element/332cdc83-c8dd-4bdf-99cc-5c5ea926c854/name'
10:27:29.433 [AsyncHttpClient-1-5] DEBUG org.asynchttpclient.netty.handler.HttpHandler - 

Request DefaultFullHttpRequest(decodeResult: success, version: HTTP/1.1, content: EmptyByteBufBE)
GET /session/2c05ef6054ca688e1cf69dcd3d2e42bc/element/332cdc83-c8dd-4bdf-99cc-5c5ea926c854/name HTTP/1.1
User-Agent: selenium/4.1.2 (java windows)
Cache-Control: no-cache
Content-Type: application/json; charset=utf-8
host: localhost:61383
accept: */*

Response DefaultHttpResponse(decodeResult: success, version: HTTP/1.1)
HTTP/1.1 200 OK
Content-Type: application/json; charset=utf-8
cache-control: no-cache
content-length: 15

10:27:29.433 [AsyncHttpClient-1-5] DEBUG org.asynchttpclient.netty.channel.ChannelManager - Adding key: http://localhost:61383 for channel [id: 0xda2a8052, L:/127.0.0.1:55140 - R:localhost/127.0.0.1:61383]
10:27:29.435 [Forwarding getElementTagName on session 2c05ef6054ca688e1cf69dcd3d2e42bc to remote] DEBUG org.asynchttpclient.netty.request.NettyRequestSender - Using pooled Channel '[id: 0xda2a8052, L:/127.0.0.1:55140 - R:localhost/127.0.0.1:61383]' for 'GET' to 'http://localhost:61383/session/2c05ef6054ca688e1cf69dcd3d2e42bc/element/332cdc83-c8dd-4bdf-99cc-5c5ea926c854/name'
10:27:29.435 [Forwarding getElementTagName on session 2c05ef6054ca688e1cf69dcd3d2e42bc to remote] DEBUG org.asynchttpclient.netty.request.NettyRequestSender - Using open Channel [id: 0xda2a8052, L:/127.0.0.1:55140 - R:localhost/127.0.0.1:61383] for GET '/session/2c05ef6054ca688e1cf69dcd3d2e42bc/element/332cdc83-c8dd-4bdf-99cc-5c5ea926c854/name'
10:27:29.439 [AsyncHttpClient-1-5] DEBUG org.asynchttpclient.netty.handler.HttpHandler - 

Request DefaultFullHttpRequest(decodeResult: success, version: HTTP/1.1, content: EmptyByteBufBE)
GET /session/2c05ef6054ca688e1cf69dcd3d2e42bc/element/332cdc83-c8dd-4bdf-99cc-5c5ea926c854/name HTTP/1.1
User-Agent: selenium/4.1.2 (java windows)
Cache-Control: no-cache
Content-Type: application/json; charset=utf-8
host: localhost:61383
accept: */*

Response DefaultHttpResponse(decodeResult: success, version: HTTP/1.1)
HTTP/1.1 200 OK
Content-Type: application/json; charset=utf-8
cache-control: no-cache
content-length: 15

10:27:29.440 [AsyncHttpClient-1-5] DEBUG org.asynchttpclient.netty.channel.ChannelManager - Adding key: http://localhost:61383 for channel [id: 0xda2a8052, L:/127.0.0.1:55140 - R:localhost/127.0.0.1:61383]
10:27:29.442 [Forwarding findElement on session 2c05ef6054ca688e1cf69dcd3d2e42bc to remote] DEBUG org.asynchttpclient.netty.request.NettyRequestSender - Using pooled Channel '[id: 0xda2a8052, L:/127.0.0.1:55140 - R:localhost/127.0.0.1:61383]' for 'POST' to 'http://localhost:61383/session/2c05ef6054ca688e1cf69dcd3d2e42bc/element'
10:27:29.442 [Forwarding findElement on session 2c05ef6054ca688e1cf69dcd3d2e42bc to remote] DEBUG org.asynchttpclient.netty.request.NettyRequestSender - Using open Channel [id: 0xda2a8052, L:/127.0.0.1:55140 - R:localhost/127.0.0.1:61383] for POST '/session/2c05ef6054ca688e1cf69dcd3d2e42bc/element'
10:27:29.449 [AsyncHttpClient-1-5] DEBUG org.asynchttpclient.netty.handler.HttpHandler - 

Request DefaultHttpRequest(decodeResult: success, version: HTTP/1.1)
POST /session/2c05ef6054ca688e1cf69dcd3d2e42bc/element HTTP/1.1
User-Agent: selenium/4.1.2 (java windows)
Content-Length: 73
Content-Type: application/json; charset=utf-8
host: localhost:61383
accept: */*

Response DefaultHttpResponse(decodeResult: success, version: HTTP/1.1)
HTTP/1.1 200 OK
Content-Type: application/json; charset=utf-8
cache-control: no-cache
content-length: 88

10:27:29.450 [AsyncHttpClient-1-5] DEBUG org.asynchttpclient.netty.channel.ChannelManager - Adding key: http://localhost:61383 for channel [id: 0xda2a8052, L:/127.0.0.1:55140 - R:localhost/127.0.0.1:61383]
10:27:29.451 [Forwarding clickElement on session 2c05ef6054ca688e1cf69dcd3d2e42bc to remote] DEBUG org.asynchttpclient.netty.request.NettyRequestSender - Using pooled Channel '[id: 0xda2a8052, L:/127.0.0.1:55140 - R:localhost/127.0.0.1:61383]' for 'POST' to 'http://localhost:61383/session/2c05ef6054ca688e1cf69dcd3d2e42bc/element/332cdc83-c8dd-4bdf-99cc-5c5ea926c854/click'
10:27:29.451 [Forwarding clickElement on session 2c05ef6054ca688e1cf69dcd3d2e42bc to remote] DEBUG org.asynchttpclient.netty.request.NettyRequestSender - Using open Channel [id: 0xda2a8052, L:/127.0.0.1:55140 - R:localhost/127.0.0.1:61383] for POST '/session/2c05ef6054ca688e1cf69dcd3d2e42bc/element/332cdc83-c8dd-4bdf-99cc-5c5ea926c854/click'
10:27:29.627 [AsyncHttpClient-1-5] DEBUG org.asynchttpclient.netty.handler.HttpHandler - 

Request DefaultHttpRequest(decodeResult: success, version: HTTP/1.1)
POST /session/2c05ef6054ca688e1cf69dcd3d2e42bc/element/332cdc83-c8dd-4bdf-99cc-5c5ea926c854/click HTTP/1.1
User-Agent: selenium/4.1.2 (java windows)
Content-Length: 50
Content-Type: application/json; charset=utf-8
host: localhost:61383
accept: */*

Response DefaultHttpResponse(decodeResult: success, version: HTTP/1.1)
HTTP/1.1 200 OK
Content-Type: application/json; charset=utf-8
cache-control: no-cache
content-length: 14

10:27:29.628 [AsyncHttpClient-1-5] DEBUG org.asynchttpclient.netty.channel.ChannelManager - Adding key: http://localhost:61383 for channel [id: 0xda2a8052, L:/127.0.0.1:55140 - R:localhost/127.0.0.1:61383]
10:27:29.637 [Forwarding screenshot on session 2c05ef6054ca688e1cf69dcd3d2e42bc to remote] DEBUG org.asynchttpclient.netty.request.NettyRequestSender - Using pooled Channel '[id: 0xda2a8052, L:/127.0.0.1:55140 - R:localhost/127.0.0.1:61383]' for 'GET' to 'http://localhost:61383/session/2c05ef6054ca688e1cf69dcd3d2e42bc/screenshot'
10:27:29.638 [Forwarding screenshot on session 2c05ef6054ca688e1cf69dcd3d2e42bc to remote] DEBUG org.asynchttpclient.netty.request.NettyRequestSender - Using open Channel [id: 0xda2a8052, L:/127.0.0.1:55140 - R:localhost/127.0.0.1:61383] for GET '/session/2c05ef6054ca688e1cf69dcd3d2e42bc/screenshot'
10:27:29.914 [AsyncHttpClient-1-5] DEBUG org.asynchttpclient.netty.handler.HttpHandler - 

Request DefaultFullHttpRequest(decodeResult: success, version: HTTP/1.1, content: EmptyByteBufBE)
GET /session/2c05ef6054ca688e1cf69dcd3d2e42bc/screenshot HTTP/1.1
User-Agent: selenium/4.1.2 (java windows)
Cache-Control: no-cache
Content-Type: application/json; charset=utf-8
host: localhost:61383
accept: */*

Response DefaultHttpResponse(decodeResult: success, version: HTTP/1.1)
HTTP/1.1 200 OK
Content-Type: application/json; charset=utf-8
cache-control: no-cache
content-length: 225716

10:27:29.916 [AsyncHttpClient-1-5] DEBUG org.asynchttpclient.netty.channel.ChannelManager - Adding key: http://localhost:61383 for channel [id: 0xda2a8052, L:/127.0.0.1:55140 - R:localhost/127.0.0.1:61383]
10:27:29.926 [main] DEBUG net.serenitybdd.core.photography.Darkroom - Send negative for processing for target\site\serenity\4ad1daeacafa70c70d82f39b5d2f30e7572d1171fa1f1268c8243a4ae15e139f.png
10:27:29.927 [main] DEBUG net.thucydides.core.steps.StepInterceptor - STEP DONE: openBooks
10:27:29.927 [Darkroom Processing Line] DEBUG net.serenitybdd.core.photography.DarkroomProcessingLine - Processing screenshot image in /var/screenshots/screenshot-17925511331659802523
10:27:29.927 [Darkroom Processing Line] DEBUG net.serenitybdd.core.photography.DarkroomProcessingLine - Saving screenshot to target\site\serenity\4ad1daeacafa70c70d82f39b5d2f30e7572d1171fa1f1268c8243a4ae15e139f.png
10:27:29.937 [main] DEBUG net.thucydides.core.steps.StepInterceptor - STARTING STEP: LoginSteps.iAmOnTheLoginPage - clickLoginButton
10:27:29.941 [Forwarding findElement on session 2c05ef6054ca688e1cf69dcd3d2e42bc to remote] DEBUG org.asynchttpclient.netty.request.NettyRequestSender - Using pooled Channel '[id: 0xda2a8052, L:/127.0.0.1:55140 - R:localhost/127.0.0.1:61383]' for 'POST' to 'http://localhost:61383/session/2c05ef6054ca688e1cf69dcd3d2e42bc/element'
10:27:29.941 [Forwarding findElement on session 2c05ef6054ca688e1cf69dcd3d2e42bc to remote] DEBUG org.asynchttpclient.netty.request.NettyRequestSender - Using open Channel [id: 0xda2a8052, L:/127.0.0.1:55140 - R:localhost/127.0.0.1:61383] for POST '/session/2c05ef6054ca688e1cf69dcd3d2e42bc/element'
10:27:29.954 [AsyncHttpClient-1-5] DEBUG org.asynchttpclient.netty.handler.HttpHandler - 

Request DefaultHttpRequest(decodeResult: success, version: HTTP/1.1)
POST /session/2c05ef6054ca688e1cf69dcd3d2e42bc/element HTTP/1.1
User-Agent: selenium/4.1.2 (java windows)
Content-Length: 65
Content-Type: application/json; charset=utf-8
host: localhost:61383
accept: */*

Response DefaultHttpResponse(decodeResult: success, version: HTTP/1.1)
HTTP/1.1 200 OK
Content-Type: application/json; charset=utf-8
cache-control: no-cache
content-length: 88

10:27:29.955 [AsyncHttpClient-1-5] DEBUG org.asynchttpclient.netty.channel.ChannelManager - Adding key: http://localhost:61383 for channel [id: 0xda2a8052, L:/127.0.0.1:55140 - R:localhost/127.0.0.1:61383]
10:27:29.957 [Forwarding getElementTagName on session 2c05ef6054ca688e1cf69dcd3d2e42bc to remote] DEBUG org.asynchttpclient.netty.request.NettyRequestSender - Using pooled Channel '[id: 0xda2a8052, L:/127.0.0.1:55140 - R:localhost/127.0.0.1:61383]' for 'GET' to 'http://localhost:61383/session/2c05ef6054ca688e1cf69dcd3d2e42bc/element/0662ed37-467b-4876-9a94-d98a944442bf/name'
10:27:29.958 [Forwarding getElementTagName on session 2c05ef6054ca688e1cf69dcd3d2e42bc to remote] DEBUG org.asynchttpclient.netty.request.NettyRequestSender - Using open Channel [id: 0xda2a8052, L:/127.0.0.1:55140 - R:localhost/127.0.0.1:61383] for GET '/session/2c05ef6054ca688e1cf69dcd3d2e42bc/element/0662ed37-467b-4876-9a94-d98a944442bf/name'
10:27:29.963 [AsyncHttpClient-1-5] DEBUG org.asynchttpclient.netty.handler.HttpHandler - 

Request DefaultFullHttpRequest(decodeResult: success, version: HTTP/1.1, content: EmptyByteBufBE)
GET /session/2c05ef6054ca688e1cf69dcd3d2e42bc/element/0662ed37-467b-4876-9a94-d98a944442bf/name HTTP/1.1
User-Agent: selenium/4.1.2 (java windows)
Cache-Control: no-cache
Content-Type: application/json; charset=utf-8
host: localhost:61383
accept: */*

Response DefaultHttpResponse(decodeResult: success, version: HTTP/1.1)
HTTP/1.1 200 OK
Content-Type: application/json; charset=utf-8
cache-control: no-cache
content-length: 18

10:27:29.963 [AsyncHttpClient-1-5] DEBUG org.asynchttpclient.netty.channel.ChannelManager - Adding key: http://localhost:61383 for channel [id: 0xda2a8052, L:/127.0.0.1:55140 - R:localhost/127.0.0.1:61383]
10:27:29.967 [Forwarding getElementTagName on session 2c05ef6054ca688e1cf69dcd3d2e42bc to remote] DEBUG org.asynchttpclient.netty.request.NettyRequestSender - Using pooled Channel '[id: 0xda2a8052, L:/127.0.0.1:55140 - R:localhost/127.0.0.1:61383]' for 'GET' to 'http://localhost:61383/session/2c05ef6054ca688e1cf69dcd3d2e42bc/element/0662ed37-467b-4876-9a94-d98a944442bf/name'
10:27:29.967 [Forwarding getElementTagName on session 2c05ef6054ca688e1cf69dcd3d2e42bc to remote] DEBUG org.asynchttpclient.netty.request.NettyRequestSender - Using open Channel [id: 0xda2a8052, L:/127.0.0.1:55140 - R:localhost/127.0.0.1:61383] for GET '/session/2c05ef6054ca688e1cf69dcd3d2e42bc/element/0662ed37-467b-4876-9a94-d98a944442bf/name'
10:27:29.971 [AsyncHttpClient-1-5] DEBUG org.asynchttpclient.netty.handler.HttpHandler - 

Request DefaultFullHttpRequest(decodeResult: success, version: HTTP/1.1, content: EmptyByteBufBE)
GET /session/2c05ef6054ca688e1cf69dcd3d2e42bc/element/0662ed37-467b-4876-9a94-d98a944442bf/name HTTP/1.1
User-Agent: selenium/4.1.2 (java windows)
Cache-Control: no-cache
Content-Type: application/json; charset=utf-8
host: localhost:61383
accept: */*

Response DefaultHttpResponse(decodeResult: success, version: HTTP/1.1)
HTTP/1.1 200 OK
Content-Type: application/json; charset=utf-8
cache-control: no-cache
content-length: 18

10:27:29.972 [AsyncHttpClient-1-5] DEBUG org.asynchttpclient.netty.channel.ChannelManager - Adding key: http://localhost:61383 for channel [id: 0xda2a8052, L:/127.0.0.1:55140 - R:localhost/127.0.0.1:61383]
10:27:29.974 [Forwarding isElementEnabled on session 2c05ef6054ca688e1cf69dcd3d2e42bc to remote] DEBUG org.asynchttpclient.netty.request.NettyRequestSender - Using pooled Channel '[id: 0xda2a8052, L:/127.0.0.1:55140 - R:localhost/127.0.0.1:61383]' for 'GET' to 'http://localhost:61383/session/2c05ef6054ca688e1cf69dcd3d2e42bc/element/0662ed37-467b-4876-9a94-d98a944442bf/enabled'
10:27:29.974 [Forwarding isElementEnabled on session 2c05ef6054ca688e1cf69dcd3d2e42bc to remote] DEBUG org.asynchttpclient.netty.request.NettyRequestSender - Using open Channel [id: 0xda2a8052, L:/127.0.0.1:55140 - R:localhost/127.0.0.1:61383] for GET '/session/2c05ef6054ca688e1cf69dcd3d2e42bc/element/0662ed37-467b-4876-9a94-d98a944442bf/enabled'
10:27:29.983 [AsyncHttpClient-1-5] DEBUG org.asynchttpclient.netty.handler.HttpHandler - 

Request DefaultFullHttpRequest(decodeResult: success, version: HTTP/1.1, content: EmptyByteBufBE)
GET /session/2c05ef6054ca688e1cf69dcd3d2e42bc/element/0662ed37-467b-4876-9a94-d98a944442bf/enabled HTTP/1.1
User-Agent: selenium/4.1.2 (java windows)
Cache-Control: no-cache
Content-Type: application/json; charset=utf-8
host: localhost:61383
accept: */*

Response DefaultHttpResponse(decodeResult: success, version: HTTP/1.1)
HTTP/1.1 200 OK
Content-Type: application/json; charset=utf-8
cache-control: no-cache
content-length: 14

10:27:29.983 [AsyncHttpClient-1-5] DEBUG org.asynchttpclient.netty.channel.ChannelManager - Adding key: http://localhost:61383 for channel [id: 0xda2a8052, L:/127.0.0.1:55140 - R:localhost/127.0.0.1:61383]
10:27:29.984 [Forwarding isElementEnabled on session 2c05ef6054ca688e1cf69dcd3d2e42bc to remote] DEBUG org.asynchttpclient.netty.request.NettyRequestSender - Using pooled Channel '[id: 0xda2a8052, L:/127.0.0.1:55140 - R:localhost/127.0.0.1:61383]' for 'GET' to 'http://localhost:61383/session/2c05ef6054ca688e1cf69dcd3d2e42bc/element/0662ed37-467b-4876-9a94-d98a944442bf/enabled'
10:27:29.985 [Forwarding isElementEnabled on session 2c05ef6054ca688e1cf69dcd3d2e42bc to remote] DEBUG org.asynchttpclient.netty.request.NettyRequestSender - Using open Channel [id: 0xda2a8052, L:/127.0.0.1:55140 - R:localhost/127.0.0.1:61383] for GET '/session/2c05ef6054ca688e1cf69dcd3d2e42bc/element/0662ed37-467b-4876-9a94-d98a944442bf/enabled'
10:27:30.000 [AsyncHttpClient-1-5] DEBUG org.asynchttpclient.netty.handler.HttpHandler - 

Request DefaultFullHttpRequest(decodeResult: success, version: HTTP/1.1, content: EmptyByteBufBE)
GET /session/2c05ef6054ca688e1cf69dcd3d2e42bc/element/0662ed37-467b-4876-9a94-d98a944442bf/enabled HTTP/1.1
User-Agent: selenium/4.1.2 (java windows)
Cache-Control: no-cache
Content-Type: application/json; charset=utf-8
host: localhost:61383
accept: */*

Response DefaultHttpResponse(decodeResult: success, version: HTTP/1.1)
HTTP/1.1 200 OK
Content-Type: application/json; charset=utf-8
cache-control: no-cache
content-length: 14

10:27:30.000 [AsyncHttpClient-1-5] DEBUG org.asynchttpclient.netty.channel.ChannelManager - Adding key: http://localhost:61383 for channel [id: 0xda2a8052, L:/127.0.0.1:55140 - R:localhost/127.0.0.1:61383]
10:27:30.005 [Forwarding findElement on session 2c05ef6054ca688e1cf69dcd3d2e42bc to remote] DEBUG org.asynchttpclient.netty.request.NettyRequestSender - Using pooled Channel '[id: 0xda2a8052, L:/127.0.0.1:55140 - R:localhost/127.0.0.1:61383]' for 'POST' to 'http://localhost:61383/session/2c05ef6054ca688e1cf69dcd3d2e42bc/element'
10:27:30.005 [Forwarding findElement on session 2c05ef6054ca688e1cf69dcd3d2e42bc to remote] DEBUG org.asynchttpclient.netty.request.NettyRequestSender - Using open Channel [id: 0xda2a8052, L:/127.0.0.1:55140 - R:localhost/127.0.0.1:61383] for POST '/session/2c05ef6054ca688e1cf69dcd3d2e42bc/element'
10:27:30.016 [AsyncHttpClient-1-5] DEBUG org.asynchttpclient.netty.handler.HttpHandler - 

Request DefaultHttpRequest(decodeResult: success, version: HTTP/1.1)
POST /session/2c05ef6054ca688e1cf69dcd3d2e42bc/element HTTP/1.1
User-Agent: selenium/4.1.2 (java windows)
Content-Length: 65
Content-Type: application/json; charset=utf-8
host: localhost:61383
accept: */*

Response DefaultHttpResponse(decodeResult: success, version: HTTP/1.1)
HTTP/1.1 200 OK
Content-Type: application/json; charset=utf-8
cache-control: no-cache
content-length: 88

10:27:30.017 [AsyncHttpClient-1-5] DEBUG org.asynchttpclient.netty.channel.ChannelManager - Adding key: http://localhost:61383 for channel [id: 0xda2a8052, L:/127.0.0.1:55140 - R:localhost/127.0.0.1:61383]
10:27:30.021 [Forwarding clickElement on session 2c05ef6054ca688e1cf69dcd3d2e42bc to remote] DEBUG org.asynchttpclient.netty.request.NettyRequestSender - Using pooled Channel '[id: 0xda2a8052, L:/127.0.0.1:55140 - R:localhost/127.0.0.1:61383]' for 'POST' to 'http://localhost:61383/session/2c05ef6054ca688e1cf69dcd3d2e42bc/element/0662ed37-467b-4876-9a94-d98a944442bf/click'
10:27:30.021 [Forwarding clickElement on session 2c05ef6054ca688e1cf69dcd3d2e42bc to remote] DEBUG org.asynchttpclient.netty.request.NettyRequestSender - Using open Channel [id: 0xda2a8052, L:/127.0.0.1:55140 - R:localhost/127.0.0.1:61383] for POST '/session/2c05ef6054ca688e1cf69dcd3d2e42bc/element/0662ed37-467b-4876-9a94-d98a944442bf/click'
10:27:30.153 [AsyncHttpClient-1-5] DEBUG org.asynchttpclient.netty.handler.HttpHandler - 

Request DefaultHttpRequest(decodeResult: success, version: HTTP/1.1)
POST /session/2c05ef6054ca688e1cf69dcd3d2e42bc/element/0662ed37-467b-4876-9a94-d98a944442bf/click HTTP/1.1
User-Agent: selenium/4.1.2 (java windows)
Content-Length: 50
Content-Type: application/json; charset=utf-8
host: localhost:61383
accept: */*

Response DefaultHttpResponse(decodeResult: success, version: HTTP/1.1)
HTTP/1.1 200 OK
Content-Type: application/json; charset=utf-8
cache-control: no-cache
content-length: 14

10:27:30.154 [AsyncHttpClient-1-5] DEBUG org.asynchttpclient.netty.channel.ChannelManager - Adding key: http://localhost:61383 for channel [id: 0xda2a8052, L:/127.0.0.1:55140 - R:localhost/127.0.0.1:61383]
10:27:30.172 [Forwarding screenshot on session 2c05ef6054ca688e1cf69dcd3d2e42bc to remote] DEBUG org.asynchttpclient.netty.request.NettyRequestSender - Using pooled Channel '[id: 0xda2a8052, L:/127.0.0.1:55140 - R:localhost/127.0.0.1:61383]' for 'GET' to 'http://localhost:61383/session/2c05ef6054ca688e1cf69dcd3d2e42bc/screenshot'
10:27:30.172 [Forwarding screenshot on session 2c05ef6054ca688e1cf69dcd3d2e42bc to remote] DEBUG org.asynchttpclient.netty.request.NettyRequestSender - Using open Channel [id: 0xda2a8052, L:/127.0.0.1:55140 - R:localhost/127.0.0.1:61383] for GET '/session/2c05ef6054ca688e1cf69dcd3d2e42bc/screenshot'
10:27:30.348 [AsyncHttpClient-1-1] DEBUG org.asynchttpclient.netty.channel.DefaultChannelPool - Entry count for : http://localhost:55141 : 1
10:27:30.513 [AsyncHttpClient-1-5] DEBUG org.asynchttpclient.netty.handler.HttpHandler - 

Request DefaultFullHttpRequest(decodeResult: success, version: HTTP/1.1, content: EmptyByteBufBE)
GET /session/2c05ef6054ca688e1cf69dcd3d2e42bc/screenshot HTTP/1.1
User-Agent: selenium/4.1.2 (java windows)
Cache-Control: no-cache
Content-Type: application/json; charset=utf-8
host: localhost:61383
accept: */*

Response DefaultHttpResponse(decodeResult: success, version: HTTP/1.1)
HTTP/1.1 200 OK
Content-Type: application/json; charset=utf-8
cache-control: no-cache
content-length: 329724

10:27:30.515 [AsyncHttpClient-1-5] DEBUG org.asynchttpclient.netty.channel.ChannelManager - Adding key: http://localhost:61383 for channel [id: 0xda2a8052, L:/127.0.0.1:55140 - R:localhost/127.0.0.1:61383]
10:27:30.537 [main] DEBUG net.serenitybdd.core.photography.Darkroom - Send negative for processing for target\site\serenity\3402d40d18f221d8b6fdc532b5da5b8f39cf31f4977ff4914b15bb26f62d6b0c.png
10:27:30.537 [main] DEBUG net.thucydides.core.steps.StepInterceptor - STEP DONE: clickLoginButton
10:27:30.537 [Darkroom Processing Line] DEBUG net.serenitybdd.core.photography.DarkroomProcessingLine - Processing screenshot image in /var/screenshots/screenshot-3680342091498004170
10:27:30.537 [Darkroom Processing Line] DEBUG net.serenitybdd.core.photography.DarkroomProcessingLine - Saving screenshot to target\site\serenity\3402d40d18f221d8b6fdc532b5da5b8f39cf31f4977ff4914b15bb26f62d6b0c.png
10:27:30.545 [main] DEBUG net.thucydides.core.steps.StepInterceptor - STARTING STEP: LoginSteps.iAmOnTheLoginPage - validateOnLoginPage
10:27:30.552 [Forwarding findElement on session 2c05ef6054ca688e1cf69dcd3d2e42bc to remote] DEBUG org.asynchttpclient.netty.request.NettyRequestSender - Using pooled Channel '[id: 0xda2a8052, L:/127.0.0.1:55140 - R:localhost/127.0.0.1:61383]' for 'POST' to 'http://localhost:61383/session/2c05ef6054ca688e1cf69dcd3d2e42bc/element'
10:27:30.552 [Forwarding findElement on session 2c05ef6054ca688e1cf69dcd3d2e42bc to remote] DEBUG org.asynchttpclient.netty.request.NettyRequestSender - Using open Channel [id: 0xda2a8052, L:/127.0.0.1:55140 - R:localhost/127.0.0.1:61383] for POST '/session/2c05ef6054ca688e1cf69dcd3d2e42bc/element'
10:27:30.650 [AsyncHttpClient-1-5] DEBUG org.asynchttpclient.netty.handler.HttpHandler - 

Request DefaultHttpRequest(decodeResult: success, version: HTTP/1.1)
POST /session/2c05ef6054ca688e1cf69dcd3d2e42bc/element HTTP/1.1
User-Agent: selenium/4.1.2 (java windows)
Content-Length: 65
Content-Type: application/json; charset=utf-8
host: localhost:61383
accept: */*

Response DefaultHttpResponse(decodeResult: success, version: HTTP/1.1)
HTTP/1.1 200 OK
Content-Type: application/json; charset=utf-8
cache-control: no-cache
content-length: 88

10:27:30.650 [AsyncHttpClient-1-5] DEBUG org.asynchttpclient.netty.channel.ChannelManager - Adding key: http://localhost:61383 for channel [id: 0xda2a8052, L:/127.0.0.1:55140 - R:localhost/127.0.0.1:61383]
10:27:30.656 [Forwarding isElementDisplayed on session 2c05ef6054ca688e1cf69dcd3d2e42bc to remote] DEBUG org.asynchttpclient.netty.request.NettyRequestSender - Using pooled Channel '[id: 0xda2a8052, L:/127.0.0.1:55140 - R:localhost/127.0.0.1:61383]' for 'POST' to 'http://localhost:61383/session/2c05ef6054ca688e1cf69dcd3d2e42bc/execute/sync'
10:27:30.656 [Forwarding isElementDisplayed on session 2c05ef6054ca688e1cf69dcd3d2e42bc to remote] DEBUG org.asynchttpclient.netty.request.NettyRequestSender - Using open Channel [id: 0xda2a8052, L:/127.0.0.1:55140 - R:localhost/127.0.0.1:61383] for POST '/session/2c05ef6054ca688e1cf69dcd3d2e42bc/execute/sync'
10:27:30.675 [AsyncHttpClient-1-5] DEBUG org.asynchttpclient.netty.handler.HttpHandler - 

Request DefaultHttpRequest(decodeResult: success, version: HTTP/1.1)
POST /session/2c05ef6054ca688e1cf69dcd3d2e42bc/execute/sync HTTP/1.1
User-Agent: selenium/4.1.2 (java windows)
Content-Length: 48780
Content-Type: application/json; charset=utf-8
host: localhost:61383
accept: */*

Response DefaultHttpResponse(decodeResult: success, version: HTTP/1.1)
HTTP/1.1 200 OK
Content-Type: application/json; charset=utf-8
cache-control: no-cache
content-length: 14

10:27:30.675 [AsyncHttpClient-1-5] DEBUG org.asynchttpclient.netty.channel.ChannelManager - Adding key: http://localhost:61383 for channel [id: 0xda2a8052, L:/127.0.0.1:55140 - R:localhost/127.0.0.1:61383]
10:27:30.682 [Forwarding screenshot on session 2c05ef6054ca688e1cf69dcd3d2e42bc to remote] DEBUG org.asynchttpclient.netty.request.NettyRequestSender - Using pooled Channel '[id: 0xda2a8052, L:/127.0.0.1:55140 - R:localhost/127.0.0.1:61383]' for 'GET' to 'http://localhost:61383/session/2c05ef6054ca688e1cf69dcd3d2e42bc/screenshot'
10:27:30.682 [Forwarding screenshot on session 2c05ef6054ca688e1cf69dcd3d2e42bc to remote] DEBUG org.asynchttpclient.netty.request.NettyRequestSender - Using open Channel [id: 0xda2a8052, L:/127.0.0.1:55140 - R:localhost/127.0.0.1:61383] for GET '/session/2c05ef6054ca688e1cf69dcd3d2e42bc/screenshot'
10:27:30.900 [AsyncHttpClient-1-5] DEBUG org.asynchttpclient.netty.handler.HttpHandler - 

Request DefaultFullHttpRequest(decodeResult: success, version: HTTP/1.1, content: EmptyByteBufBE)
GET /session/2c05ef6054ca688e1cf69dcd3d2e42bc/screenshot HTTP/1.1
User-Agent: selenium/4.1.2 (java windows)
Cache-Control: no-cache
Content-Type: application/json; charset=utf-8
host: localhost:61383
accept: */*

Response DefaultHttpResponse(decodeResult: success, version: HTTP/1.1)
HTTP/1.1 200 OK
Content-Type: application/json; charset=utf-8
cache-control: no-cache
content-length: 346664

10:27:30.902 [AsyncHttpClient-1-5] DEBUG org.asynchttpclient.netty.channel.ChannelManager - Adding key: http://localhost:61383 for channel [id: 0xda2a8052, L:/127.0.0.1:55140 - R:localhost/127.0.0.1:61383]
10:27:30.918 [main] DEBUG net.serenitybdd.core.photography.Darkroom - Send negative for processing for target\site\serenity\4c46efcc94c1a598c945b60b0ba707e46a7e1126ece0371e9e08e6afd1124e4e.png
10:27:30.919 [main] DEBUG net.thucydides.core.steps.StepInterceptor - STEP DONE: validateOnLoginPage
  &amp#27;[32mGiven &amp#27;[0m&amp#27;[32mI am on the login page&amp#27;[0m               &amp#27;[90m# starter.stepdefinitions.LoginSteps.iAmOnTheLoginPage()&amp#27;[0m
10:27:30.919 [Darkroom Processing Line] DEBUG net.serenitybdd.core.photography.DarkroomProcessingLine - Processing screenshot image in /var/screenshots/screenshot-13703822543904317317
10:27:30.919 [Darkroom Processing Line] DEBUG net.serenitybdd.core.photography.DarkroomProcessingLine - Saving screenshot to target\site\serenity\4c46efcc94c1a598c945b60b0ba707e46a7e1126ece0371e9e08e6afd1124e4e.png
10:27:30.940 [main] DEBUG net.thucydides.core.steps.StepInterceptor - STARTING STEP: LoginSteps.iInputInvalidUsername - inputPassword
10:27:30.945 [Forwarding findElement on session 2c05ef6054ca688e1cf69dcd3d2e42bc to remote] DEBUG org.asynchttpclient.netty.request.NettyRequestSender - Using pooled Channel '[id: 0xda2a8052, L:/127.0.0.1:55140 - R:localhost/127.0.0.1:61383]' for 'POST' to 'http://localhost:61383/session/2c05ef6054ca688e1cf69dcd3d2e42bc/element'
10:27:30.945 [Forwarding findElement on session 2c05ef6054ca688e1cf69dcd3d2e42bc to remote] DEBUG org.asynchttpclient.netty.request.NettyRequestSender - Using open Channel [id: 0xda2a8052, L:/127.0.0.1:55140 - R:localhost/127.0.0.1:61383] for POST '/session/2c05ef6054ca688e1cf69dcd3d2e42bc/element'
10:27:30.961 [AsyncHttpClient-1-5] DEBUG org.asynchttpclient.netty.handler.HttpHandler - 

Request DefaultHttpRequest(decodeResult: success, version: HTTP/1.1)
POST /session/2c05ef6054ca688e1cf69dcd3d2e42bc/element HTTP/1.1
User-Agent: selenium/4.1.2 (java windows)
Content-Length: 53
Content-Type: application/json; charset=utf-8
host: localhost:61383
accept: */*

Response DefaultHttpResponse(decodeResult: success, version: HTTP/1.1)
HTTP/1.1 200 OK
Content-Type: application/json; charset=utf-8
cache-control: no-cache
content-length: 88

10:27:30.961 [AsyncHttpClient-1-5] DEBUG org.asynchttpclient.netty.channel.ChannelManager - Adding key: http://localhost:61383 for channel [id: 0xda2a8052, L:/127.0.0.1:55140 - R:localhost/127.0.0.1:61383]
10:27:30.963 [Forwarding clearElement on session 2c05ef6054ca688e1cf69dcd3d2e42bc to remote] DEBUG org.asynchttpclient.netty.request.NettyRequestSender - Using pooled Channel '[id: 0xda2a8052, L:/127.0.0.1:55140 - R:localhost/127.0.0.1:61383]' for 'POST' to 'http://localhost:61383/session/2c05ef6054ca688e1cf69dcd3d2e42bc/element/46934368-10e6-430b-bbf1-d2cb36f9f1b2/clear'
10:27:30.963 [Forwarding clearElement on session 2c05ef6054ca688e1cf69dcd3d2e42bc to remote] DEBUG org.asynchttpclient.netty.request.NettyRequestSender - Using open Channel [id: 0xda2a8052, L:/127.0.0.1:55140 - R:localhost/127.0.0.1:61383] for POST '/session/2c05ef6054ca688e1cf69dcd3d2e42bc/element/46934368-10e6-430b-bbf1-d2cb36f9f1b2/clear'
10:27:30.992 [AsyncHttpClient-1-5] DEBUG org.asynchttpclient.netty.handler.HttpHandler - 

Request DefaultHttpRequest(decodeResult: success, version: HTTP/1.1)
POST /session/2c05ef6054ca688e1cf69dcd3d2e42bc/element/46934368-10e6-430b-bbf1-d2cb36f9f1b2/clear HTTP/1.1
User-Agent: selenium/4.1.2 (java windows)
Content-Length: 50
Content-Type: application/json; charset=utf-8
host: localhost:61383
accept: */*

Response DefaultHttpResponse(decodeResult: success, version: HTTP/1.1)
HTTP/1.1 200 OK
Content-Type: application/json; charset=utf-8
cache-control: no-cache
content-length: 14

10:27:30.992 [AsyncHttpClient-1-5] DEBUG org.asynchttpclient.netty.channel.ChannelManager - Adding key: http://localhost:61383 for channel [id: 0xda2a8052, L:/127.0.0.1:55140 - R:localhost/127.0.0.1:61383]
10:27:30.994 [Forwarding sendKeysToElement on session 2c05ef6054ca688e1cf69dcd3d2e42bc to remote] DEBUG org.asynchttpclient.netty.request.NettyRequestSender - Using pooled Channel '[id: 0xda2a8052, L:/127.0.0.1:55140 - R:localhost/127.0.0.1:61383]' for 'POST' to 'http://localhost:61383/session/2c05ef6054ca688e1cf69dcd3d2e42bc/element/46934368-10e6-430b-bbf1-d2cb36f9f1b2/value'
10:27:30.994 [Forwarding sendKeysToElement on session 2c05ef6054ca688e1cf69dcd3d2e42bc to remote] DEBUG org.asynchttpclient.netty.request.NettyRequestSender - Using open Channel [id: 0xda2a8052, L:/127.0.0.1:55140 - R:localhost/127.0.0.1:61383] for POST '/session/2c05ef6054ca688e1cf69dcd3d2e42bc/element/46934368-10e6-430b-bbf1-d2cb36f9f1b2/value'
10:27:31.070 [AsyncHttpClient-1-5] DEBUG org.asynchttpclient.netty.handler.HttpHandler - 

Request DefaultHttpRequest(decodeResult: success, version: HTTP/1.1)
POST /session/2c05ef6054ca688e1cf69dcd3d2e42bc/element/46934368-10e6-430b-bbf1-d2cb36f9f1b2/value HTTP/1.1
User-Agent: selenium/4.1.2 (java windows)
Content-Length: 161
Content-Type: application/json; charset=utf-8
host: localhost:61383
accept: */*

Response DefaultHttpResponse(decodeResult: success, version: HTTP/1.1)
HTTP/1.1 200 OK
Content-Type: application/json; charset=utf-8
cache-control: no-cache
content-length: 14

10:27:31.070 [AsyncHttpClient-1-5] DEBUG org.asynchttpclient.netty.channel.ChannelManager - Adding key: http://localhost:61383 for channel [id: 0xda2a8052, L:/127.0.0.1:55140 - R:localhost/127.0.0.1:61383]
10:27:31.078 [Forwarding screenshot on session 2c05ef6054ca688e1cf69dcd3d2e42bc to remote] DEBUG org.asynchttpclient.netty.request.NettyRequestSender - Using pooled Channel '[id: 0xda2a8052, L:/127.0.0.1:55140 - R:localhost/127.0.0.1:61383]' for 'GET' to 'http://localhost:61383/session/2c05ef6054ca688e1cf69dcd3d2e42bc/screenshot'
10:27:31.079 [Forwarding screenshot on session 2c05ef6054ca688e1cf69dcd3d2e42bc to remote] DEBUG org.asynchttpclient.netty.request.NettyRequestSender - Using open Channel [id: 0xda2a8052, L:/127.0.0.1:55140 - R:localhost/127.0.0.1:61383] for GET '/session/2c05ef6054ca688e1cf69dcd3d2e42bc/screenshot'
10:27:31.291 [AsyncHttpClient-1-5] DEBUG org.asynchttpclient.netty.handler.HttpHandler - 

Request DefaultFullHttpRequest(decodeResult: success, version: HTTP/1.1, content: EmptyByteBufBE)
GET /session/2c05ef6054ca688e1cf69dcd3d2e42bc/screenshot HTTP/1.1
User-Agent: selenium/4.1.2 (java windows)
Cache-Control: no-cache
Content-Type: application/json; charset=utf-8
host: localhost:61383
accept: */*

Response DefaultHttpResponse(decodeResult: success, version: HTTP/1.1)
HTTP/1.1 200 OK
Content-Type: application/json; charset=utf-8
cache-control: no-cache
content-length: 344312

10:27:31.294 [AsyncHttpClient-1-5] DEBUG org.asynchttpclient.netty.channel.ChannelManager - Adding key: http://localhost:61383 for channel [id: 0xda2a8052, L:/127.0.0.1:55140 - R:localhost/127.0.0.1:61383]
10:27:31.312 [main] DEBUG net.serenitybdd.core.photography.Darkroom - Send negative for processing for target\site\serenity\e5c02cc3e888a83301f2d908092f211cf8b6d434287902c549a6b9e0ce0a19b2.png
10:27:31.312 [main] DEBUG net.thucydides.core.steps.StepInterceptor - STEP DONE: inputPassword
10:27:31.312 [Darkroom Processing Line] DEBUG net.serenitybdd.core.photography.DarkroomProcessingLine - Processing screenshot image in /var/screenshots/screenshot-4070521306867923701
10:27:31.312 [Darkroom Processing Line] DEBUG net.serenitybdd.core.photography.DarkroomProcessingLine - Saving screenshot to target\site\serenity\e5c02cc3e888a83301f2d908092f211cf8b6d434287902c549a6b9e0ce0a19b2.png
  &amp#27;[32mWhen &amp#27;[0m&amp#27;[32mI input invalid username&amp#27;[0m              &amp#27;[90m# starter.stepdefinitions.LoginSteps.iInputInvalidUsername()&amp#27;[0m
10:27:31.333 [main] DEBUG net.thucydides.core.steps.StepInterceptor - STARTING STEP: LoginSteps.iInputValidPassword - inputPassword
10:27:31.337 [Forwarding findElement on session 2c05ef6054ca688e1cf69dcd3d2e42bc to remote] DEBUG org.asynchttpclient.netty.request.NettyRequestSender - Using pooled Channel '[id: 0xda2a8052, L:/127.0.0.1:55140 - R:localhost/127.0.0.1:61383]' for 'POST' to 'http://localhost:61383/session/2c05ef6054ca688e1cf69dcd3d2e42bc/element'
10:27:31.337 [Forwarding findElement on session 2c05ef6054ca688e1cf69dcd3d2e42bc to remote] DEBUG org.asynchttpclient.netty.request.NettyRequestSender - Using open Channel [id: 0xda2a8052, L:/127.0.0.1:55140 - R:localhost/127.0.0.1:61383] for POST '/session/2c05ef6054ca688e1cf69dcd3d2e42bc/element'
10:27:31.348 [AsyncHttpClient-1-5] DEBUG org.asynchttpclient.netty.handler.HttpHandler - 

Request DefaultHttpRequest(decodeResult: success, version: HTTP/1.1)
POST /session/2c05ef6054ca688e1cf69dcd3d2e42bc/element HTTP/1.1
User-Agent: selenium/4.1.2 (java windows)
Content-Length: 53
Content-Type: application/json; charset=utf-8
host: localhost:61383
accept: */*

Response DefaultHttpResponse(decodeResult: success, version: HTTP/1.1)
HTTP/1.1 200 OK
Content-Type: application/json; charset=utf-8
cache-control: no-cache
content-length: 88

10:27:31.348 [AsyncHttpClient-1-5] DEBUG org.asynchttpclient.netty.channel.ChannelManager - Adding key: http://localhost:61383 for channel [id: 0xda2a8052, L:/127.0.0.1:55140 - R:localhost/127.0.0.1:61383]
10:27:31.349 [Forwarding clearElement on session 2c05ef6054ca688e1cf69dcd3d2e42bc to remote] DEBUG org.asynchttpclient.netty.request.NettyRequestSender - Using pooled Channel '[id: 0xda2a8052, L:/127.0.0.1:55140 - R:localhost/127.0.0.1:61383]' for 'POST' to 'http://localhost:61383/session/2c05ef6054ca688e1cf69dcd3d2e42bc/element/46934368-10e6-430b-bbf1-d2cb36f9f1b2/clear'
10:27:31.349 [Forwarding clearElement on session 2c05ef6054ca688e1cf69dcd3d2e42bc to remote] DEBUG org.asynchttpclient.netty.request.NettyRequestSender - Using open Channel [id: 0xda2a8052, L:/127.0.0.1:55140 - R:localhost/127.0.0.1:61383] for POST '/session/2c05ef6054ca688e1cf69dcd3d2e42bc/element/46934368-10e6-430b-bbf1-d2cb36f9f1b2/clear'
10:27:31.371 [AsyncHttpClient-1-5] DEBUG org.asynchttpclient.netty.handler.HttpHandler - 

Request DefaultHttpRequest(decodeResult: success, version: HTTP/1.1)
POST /session/2c05ef6054ca688e1cf69dcd3d2e42bc/element/46934368-10e6-430b-bbf1-d2cb36f9f1b2/clear HTTP/1.1
User-Agent: selenium/4.1.2 (java windows)
Content-Length: 50
Content-Type: application/json; charset=utf-8
host: localhost:61383
accept: */*

Response DefaultHttpResponse(decodeResult: success, version: HTTP/1.1)
HTTP/1.1 200 OK
Content-Type: application/json; charset=utf-8
cache-control: no-cache
content-length: 14

10:27:31.371 [AsyncHttpClient-1-5] DEBUG org.asynchttpclient.netty.channel.ChannelManager - Adding key: http://localhost:61383 for channel [id: 0xda2a8052, L:/127.0.0.1:55140 - R:localhost/127.0.0.1:61383]
10:27:31.373 [Forwarding sendKeysToElement on session 2c05ef6054ca688e1cf69dcd3d2e42bc to remote] DEBUG org.asynchttpclient.netty.request.NettyRequestSender - Using pooled Channel '[id: 0xda2a8052, L:/127.0.0.1:55140 - R:localhost/127.0.0.1:61383]' for 'POST' to 'http://localhost:61383/session/2c05ef6054ca688e1cf69dcd3d2e42bc/element/46934368-10e6-430b-bbf1-d2cb36f9f1b2/value'
10:27:31.374 [Forwarding sendKeysToElement on session 2c05ef6054ca688e1cf69dcd3d2e42bc to remote] DEBUG org.asynchttpclient.netty.request.NettyRequestSender - Using open Channel [id: 0xda2a8052, L:/127.0.0.1:55140 - R:localhost/127.0.0.1:61383] for POST '/session/2c05ef6054ca688e1cf69dcd3d2e42bc/element/46934368-10e6-430b-bbf1-d2cb36f9f1b2/value'
10:27:31.426 [AsyncHttpClient-1-5] DEBUG org.asynchttpclient.netty.handler.HttpHandler - 

Request DefaultHttpRequest(decodeResult: success, version: HTTP/1.1)
POST /session/2c05ef6054ca688e1cf69dcd3d2e42bc/element/46934368-10e6-430b-bbf1-d2cb36f9f1b2/value HTTP/1.1
User-Agent: selenium/4.1.2 (java windows)
Content-Length: 171
Content-Type: application/json; charset=utf-8
host: localhost:61383
accept: */*

Response DefaultHttpResponse(decodeResult: success, version: HTTP/1.1)
HTTP/1.1 200 OK
Content-Type: application/json; charset=utf-8
cache-control: no-cache
content-length: 14

10:27:31.427 [AsyncHttpClient-1-5] DEBUG org.asynchttpclient.netty.channel.ChannelManager - Adding key: http://localhost:61383 for channel [id: 0xda2a8052, L:/127.0.0.1:55140 - R:localhost/127.0.0.1:61383]
10:27:31.434 [Forwarding screenshot on session 2c05ef6054ca688e1cf69dcd3d2e42bc to remote] DEBUG org.asynchttpclient.netty.request.NettyRequestSender - Using pooled Channel '[id: 0xda2a8052, L:/127.0.0.1:55140 - R:localhost/127.0.0.1:61383]' for 'GET' to 'http://localhost:61383/session/2c05ef6054ca688e1cf69dcd3d2e42bc/screenshot'
10:27:31.434 [Forwarding screenshot on session 2c05ef6054ca688e1cf69dcd3d2e42bc to remote] DEBUG org.asynchttpclient.netty.request.NettyRequestSender - Using open Channel [id: 0xda2a8052, L:/127.0.0.1:55140 - R:localhost/127.0.0.1:61383] for GET '/session/2c05ef6054ca688e1cf69dcd3d2e42bc/screenshot'
10:27:31.438 [AsyncHttpClient-1-1] DEBUG org.asynchttpclient.netty.channel.DefaultChannelPool - Entry count for : http://localhost:55141 : 1
10:27:31.599 [AsyncHttpClient-1-5] DEBUG org.asynchttpclient.netty.handler.HttpHandler - 

Request DefaultFullHttpRequest(decodeResult: success, version: HTTP/1.1, content: EmptyByteBufBE)
GET /session/2c05ef6054ca688e1cf69dcd3d2e42bc/screenshot HTTP/1.1
User-Agent: selenium/4.1.2 (java windows)
Cache-Control: no-cache
Content-Type: application/json; charset=utf-8
host: localhost:61383
accept: */*

Response DefaultHttpResponse(decodeResult: success, version: HTTP/1.1)
HTTP/1.1 200 OK
Content-Type: application/json; charset=utf-8
cache-control: no-cache
content-length: 344292

10:27:31.600 [AsyncHttpClient-1-5] DEBUG org.asynchttpclient.netty.channel.ChannelManager - Adding key: http://localhost:61383 for channel [id: 0xda2a8052, L:/127.0.0.1:55140 - R:localhost/127.0.0.1:61383]
10:27:31.611 [main] DEBUG net.serenitybdd.core.photography.Darkroom - Send negative for processing for target\site\serenity\14c03264ed99729db5b3fdc9d4e0778001b03c92dde31c6d2a0f51b93675c539.png
10:27:31.611 [main] DEBUG net.thucydides.core.steps.StepInterceptor - STEP DONE: inputPassword
  &amp#27;[32mAnd &amp#27;[0m&amp#27;[32mI input valid password&amp#27;[0m                 &amp#27;[90m# starter.stepdefinitions.LoginSteps.iInputValidPassword()&amp#27;[0m
10:27:31.611 [Darkroom Processing Line] DEBUG net.serenitybdd.core.photography.DarkroomProcessingLine - Processing screenshot image in /var/screenshots/screenshot-1118011283081926891
10:27:31.611 [Darkroom Processing Line] DEBUG net.serenitybdd.core.photography.DarkroomProcessingLine - Saving screenshot to target\site\serenity\14c03264ed99729db5b3fdc9d4e0778001b03c92dde31c6d2a0f51b93675c539.png
10:27:31.627 [main] DEBUG net.thucydides.core.steps.StepInterceptor - STARTING STEP: LoginSteps.clickLoginButton - clickLoginButton
10:27:31.633 [Forwarding findElement on session 2c05ef6054ca688e1cf69dcd3d2e42bc to remote] DEBUG org.asynchttpclient.netty.request.NettyRequestSender - Using pooled Channel '[id: 0xda2a8052, L:/127.0.0.1:55140 - R:localhost/127.0.0.1:61383]' for 'POST' to 'http://localhost:61383/session/2c05ef6054ca688e1cf69dcd3d2e42bc/element'
10:27:31.633 [Forwarding findElement on session 2c05ef6054ca688e1cf69dcd3d2e42bc to remote] DEBUG org.asynchttpclient.netty.request.NettyRequestSender - Using open Channel [id: 0xda2a8052, L:/127.0.0.1:55140 - R:localhost/127.0.0.1:61383] for POST '/session/2c05ef6054ca688e1cf69dcd3d2e42bc/element'
10:27:31.641 [AsyncHttpClient-1-5] DEBUG org.asynchttpclient.netty.handler.HttpHandler - 

Request DefaultHttpRequest(decodeResult: success, version: HTTP/1.1)
POST /session/2c05ef6054ca688e1cf69dcd3d2e42bc/element HTTP/1.1
User-Agent: selenium/4.1.2 (java windows)
Content-Length: 65
Content-Type: application/json; charset=utf-8
host: localhost:61383
accept: */*

Response DefaultHttpResponse(decodeResult: success, version: HTTP/1.1)
HTTP/1.1 200 OK
Content-Type: application/json; charset=utf-8
cache-control: no-cache
content-length: 88

10:27:31.641 [AsyncHttpClient-1-5] DEBUG org.asynchttpclient.netty.channel.ChannelManager - Adding key: http://localhost:61383 for channel [id: 0xda2a8052, L:/127.0.0.1:55140 - R:localhost/127.0.0.1:61383]
10:27:31.642 [Forwarding getElementTagName on session 2c05ef6054ca688e1cf69dcd3d2e42bc to remote] DEBUG org.asynchttpclient.netty.request.NettyRequestSender - Using pooled Channel '[id: 0xda2a8052, L:/127.0.0.1:55140 - R:localhost/127.0.0.1:61383]' for 'GET' to 'http://localhost:61383/session/2c05ef6054ca688e1cf69dcd3d2e42bc/element/1d7a4bd5-05b3-487f-b751-306dd15e83b9/name'
10:27:31.642 [Forwarding getElementTagName on session 2c05ef6054ca688e1cf69dcd3d2e42bc to remote] DEBUG org.asynchttpclient.netty.request.NettyRequestSender - Using open Channel [id: 0xda2a8052, L:/127.0.0.1:55140 - R:localhost/127.0.0.1:61383] for GET '/session/2c05ef6054ca688e1cf69dcd3d2e42bc/element/1d7a4bd5-05b3-487f-b751-306dd15e83b9/name'
10:27:31.647 [AsyncHttpClient-1-5] DEBUG org.asynchttpclient.netty.handler.HttpHandler - 

Request DefaultFullHttpRequest(decodeResult: success, version: HTTP/1.1, content: EmptyByteBufBE)
GET /session/2c05ef6054ca688e1cf69dcd3d2e42bc/element/1d7a4bd5-05b3-487f-b751-306dd15e83b9/name HTTP/1.1
User-Agent: selenium/4.1.2 (java windows)
Cache-Control: no-cache
Content-Type: application/json; charset=utf-8
host: localhost:61383
accept: */*

Response DefaultHttpResponse(decodeResult: success, version: HTTP/1.1)
HTTP/1.1 200 OK
Content-Type: application/json; charset=utf-8
cache-control: no-cache
content-length: 18

10:27:31.647 [AsyncHttpClient-1-5] DEBUG org.asynchttpclient.netty.channel.ChannelManager - Adding key: http://localhost:61383 for channel [id: 0xda2a8052, L:/127.0.0.1:55140 - R:localhost/127.0.0.1:61383]
10:27:31.649 [Forwarding getElementTagName on session 2c05ef6054ca688e1cf69dcd3d2e42bc to remote] DEBUG org.asynchttpclient.netty.request.NettyRequestSender - Using pooled Channel '[id: 0xda2a8052, L:/127.0.0.1:55140 - R:localhost/127.0.0.1:61383]' for 'GET' to 'http://localhost:61383/session/2c05ef6054ca688e1cf69dcd3d2e42bc/element/1d7a4bd5-05b3-487f-b751-306dd15e83b9/name'
10:27:31.649 [Forwarding getElementTagName on session 2c05ef6054ca688e1cf69dcd3d2e42bc to remote] DEBUG org.asynchttpclient.netty.request.NettyRequestSender - Using open Channel [id: 0xda2a8052, L:/127.0.0.1:55140 - R:localhost/127.0.0.1:61383] for GET '/session/2c05ef6054ca688e1cf69dcd3d2e42bc/element/1d7a4bd5-05b3-487f-b751-306dd15e83b9/name'
10:27:31.653 [AsyncHttpClient-1-5] DEBUG org.asynchttpclient.netty.handler.HttpHandler - 

Request DefaultFullHttpRequest(decodeResult: success, version: HTTP/1.1, content: EmptyByteBufBE)
GET /session/2c05ef6054ca688e1cf69dcd3d2e42bc/element/1d7a4bd5-05b3-487f-b751-306dd15e83b9/name HTTP/1.1
User-Agent: selenium/4.1.2 (java windows)
Cache-Control: no-cache
Content-Type: application/json; charset=utf-8
host: localhost:61383
accept: */*

Response DefaultHttpResponse(decodeResult: success, version: HTTP/1.1)
HTTP/1.1 200 OK
Content-Type: application/json; charset=utf-8
cache-control: no-cache
content-length: 18

10:27:31.653 [AsyncHttpClient-1-5] DEBUG org.asynchttpclient.netty.channel.ChannelManager - Adding key: http://localhost:61383 for channel [id: 0xda2a8052, L:/127.0.0.1:55140 - R:localhost/127.0.0.1:61383]
10:27:31.657 [Forwarding isElementEnabled on session 2c05ef6054ca688e1cf69dcd3d2e42bc to remote] DEBUG org.asynchttpclient.netty.request.NettyRequestSender - Using pooled Channel '[id: 0xda2a8052, L:/127.0.0.1:55140 - R:localhost/127.0.0.1:61383]' for 'GET' to 'http://localhost:61383/session/2c05ef6054ca688e1cf69dcd3d2e42bc/element/1d7a4bd5-05b3-487f-b751-306dd15e83b9/enabled'
10:27:31.657 [Forwarding isElementEnabled on session 2c05ef6054ca688e1cf69dcd3d2e42bc to remote] DEBUG org.asynchttpclient.netty.request.NettyRequestSender - Using open Channel [id: 0xda2a8052, L:/127.0.0.1:55140 - R:localhost/127.0.0.1:61383] for GET '/session/2c05ef6054ca688e1cf69dcd3d2e42bc/element/1d7a4bd5-05b3-487f-b751-306dd15e83b9/enabled'
10:27:31.665 [AsyncHttpClient-1-5] DEBUG org.asynchttpclient.netty.handler.HttpHandler - 

Request DefaultFullHttpRequest(decodeResult: success, version: HTTP/1.1, content: EmptyByteBufBE)
GET /session/2c05ef6054ca688e1cf69dcd3d2e42bc/element/1d7a4bd5-05b3-487f-b751-306dd15e83b9/enabled HTTP/1.1
User-Agent: selenium/4.1.2 (java windows)
Cache-Control: no-cache
Content-Type: application/json; charset=utf-8
host: localhost:61383
accept: */*

Response DefaultHttpResponse(decodeResult: success, version: HTTP/1.1)
HTTP/1.1 200 OK
Content-Type: application/json; charset=utf-8
cache-control: no-cache
content-length: 14

10:27:31.665 [AsyncHttpClient-1-5] DEBUG org.asynchttpclient.netty.channel.ChannelManager - Adding key: http://localhost:61383 for channel [id: 0xda2a8052, L:/127.0.0.1:55140 - R:localhost/127.0.0.1:61383]
10:27:31.666 [Forwarding isElementEnabled on session 2c05ef6054ca688e1cf69dcd3d2e42bc to remote] DEBUG org.asynchttpclient.netty.request.NettyRequestSender - Using pooled Channel '[id: 0xda2a8052, L:/127.0.0.1:55140 - R:localhost/127.0.0.1:61383]' for 'GET' to 'http://localhost:61383/session/2c05ef6054ca688e1cf69dcd3d2e42bc/element/1d7a4bd5-05b3-487f-b751-306dd15e83b9/enabled'
10:27:31.666 [Forwarding isElementEnabled on session 2c05ef6054ca688e1cf69dcd3d2e42bc to remote] DEBUG org.asynchttpclient.netty.request.NettyRequestSender - Using open Channel [id: 0xda2a8052, L:/127.0.0.1:55140 - R:localhost/127.0.0.1:61383] for GET '/session/2c05ef6054ca688e1cf69dcd3d2e42bc/element/1d7a4bd5-05b3-487f-b751-306dd15e83b9/enabled'
10:27:31.671 [AsyncHttpClient-1-5] DEBUG org.asynchttpclient.netty.handler.HttpHandler - 

Request DefaultFullHttpRequest(decodeResult: success, version: HTTP/1.1, content: EmptyByteBufBE)
GET /session/2c05ef6054ca688e1cf69dcd3d2e42bc/element/1d7a4bd5-05b3-487f-b751-306dd15e83b9/enabled HTTP/1.1
User-Agent: selenium/4.1.2 (java windows)
Cache-Control: no-cache
Content-Type: application/json; charset=utf-8
host: localhost:61383
accept: */*

Response DefaultHttpResponse(decodeResult: success, version: HTTP/1.1)
HTTP/1.1 200 OK
Content-Type: application/json; charset=utf-8
cache-control: no-cache
content-length: 14

10:27:31.671 [AsyncHttpClient-1-5] DEBUG org.asynchttpclient.netty.channel.ChannelManager - Adding key: http://localhost:61383 for channel [id: 0xda2a8052, L:/127.0.0.1:55140 - R:localhost/127.0.0.1:61383]
10:27:31.672 [Forwarding findElement on session 2c05ef6054ca688e1cf69dcd3d2e42bc to remote] DEBUG org.asynchttpclient.netty.request.NettyRequestSender - Using pooled Channel '[id: 0xda2a8052, L:/127.0.0.1:55140 - R:localhost/127.0.0.1:61383]' for 'POST' to 'http://localhost:61383/session/2c05ef6054ca688e1cf69dcd3d2e42bc/element'
10:27:31.672 [Forwarding findElement on session 2c05ef6054ca688e1cf69dcd3d2e42bc to remote] DEBUG org.asynchttpclient.netty.request.NettyRequestSender - Using open Channel [id: 0xda2a8052, L:/127.0.0.1:55140 - R:localhost/127.0.0.1:61383] for POST '/session/2c05ef6054ca688e1cf69dcd3d2e42bc/element'
10:27:31.680 [AsyncHttpClient-1-5] DEBUG org.asynchttpclient.netty.handler.HttpHandler - 

Request DefaultHttpRequest(decodeResult: success, version: HTTP/1.1)
POST /session/2c05ef6054ca688e1cf69dcd3d2e42bc/element HTTP/1.1
User-Agent: selenium/4.1.2 (java windows)
Content-Length: 65
Content-Type: application/json; charset=utf-8
host: localhost:61383
accept: */*

Response DefaultHttpResponse(decodeResult: success, version: HTTP/1.1)
HTTP/1.1 200 OK
Content-Type: application/json; charset=utf-8
cache-control: no-cache
content-length: 88

10:27:31.680 [AsyncHttpClient-1-5] DEBUG org.asynchttpclient.netty.channel.ChannelManager - Adding key: http://localhost:61383 for channel [id: 0xda2a8052, L:/127.0.0.1:55140 - R:localhost/127.0.0.1:61383]
10:27:31.681 [Forwarding clickElement on session 2c05ef6054ca688e1cf69dcd3d2e42bc to remote] DEBUG org.asynchttpclient.netty.request.NettyRequestSender - Using pooled Channel '[id: 0xda2a8052, L:/127.0.0.1:55140 - R:localhost/127.0.0.1:61383]' for 'POST' to 'http://localhost:61383/session/2c05ef6054ca688e1cf69dcd3d2e42bc/element/1d7a4bd5-05b3-487f-b751-306dd15e83b9/click'
10:27:31.681 [Forwarding clickElement on session 2c05ef6054ca688e1cf69dcd3d2e42bc to remote] DEBUG org.asynchttpclient.netty.request.NettyRequestSender - Using open Channel [id: 0xda2a8052, L:/127.0.0.1:55140 - R:localhost/127.0.0.1:61383] for POST '/session/2c05ef6054ca688e1cf69dcd3d2e42bc/element/1d7a4bd5-05b3-487f-b751-306dd15e83b9/click'
10:27:31.727 [AsyncHttpClient-1-5] DEBUG org.asynchttpclient.netty.handler.HttpHandler - 

Request DefaultHttpRequest(decodeResult: success, version: HTTP/1.1)
POST /session/2c05ef6054ca688e1cf69dcd3d2e42bc/element/1d7a4bd5-05b3-487f-b751-306dd15e83b9/click HTTP/1.1
User-Agent: selenium/4.1.2 (java windows)
Content-Length: 50
Content-Type: application/json; charset=utf-8
host: localhost:61383
accept: */*

Response DefaultHttpResponse(decodeResult: success, version: HTTP/1.1)
HTTP/1.1 200 OK
Content-Type: application/json; charset=utf-8
cache-control: no-cache
content-length: 14

10:27:31.727 [AsyncHttpClient-1-5] DEBUG org.asynchttpclient.netty.channel.ChannelManager - Adding key: http://localhost:61383 for channel [id: 0xda2a8052, L:/127.0.0.1:55140 - R:localhost/127.0.0.1:61383]
10:27:31.741 [Forwarding screenshot on session 2c05ef6054ca688e1cf69dcd3d2e42bc to remote] DEBUG org.asynchttpclient.netty.request.NettyRequestSender - Using pooled Channel '[id: 0xda2a8052, L:/127.0.0.1:55140 - R:localhost/127.0.0.1:61383]' for 'GET' to 'http://localhost:61383/session/2c05ef6054ca688e1cf69dcd3d2e42bc/screenshot'
10:27:31.741 [Forwarding screenshot on session 2c05ef6054ca688e1cf69dcd3d2e42bc to remote] DEBUG org.asynchttpclient.netty.request.NettyRequestSender - Using open Channel [id: 0xda2a8052, L:/127.0.0.1:55140 - R:localhost/127.0.0.1:61383] for GET '/session/2c05ef6054ca688e1cf69dcd3d2e42bc/screenshot'
10:27:32.244 [AsyncHttpClient-1-5] DEBUG org.asynchttpclient.netty.handler.HttpHandler - 

Request DefaultFullHttpRequest(decodeResult: success, version: HTTP/1.1, content: EmptyByteBufBE)
GET /session/2c05ef6054ca688e1cf69dcd3d2e42bc/screenshot HTTP/1.1
User-Agent: selenium/4.1.2 (java windows)
Cache-Control: no-cache
Content-Type: application/json; charset=utf-8
host: localhost:61383
accept: */*

Response DefaultHttpResponse(decodeResult: success, version: HTTP/1.1)
HTTP/1.1 200 OK
Content-Type: application/json; charset=utf-8
cache-control: no-cache
content-length: 346808

10:27:32.247 [AsyncHttpClient-1-5] DEBUG org.asynchttpclient.netty.channel.ChannelManager - Adding key: http://localhost:61383 for channel [id: 0xda2a8052, L:/127.0.0.1:55140 - R:localhost/127.0.0.1:61383]
10:27:32.272 [main] DEBUG net.serenitybdd.core.photography.Darkroom - Send negative for processing for target\site\serenity\e0426c24b00c25ca89d9ade3fd947122eb820684ccd7053214a85b077f9b43ae.png
10:27:32.272 [main] DEBUG net.thucydides.core.steps.StepInterceptor - STEP DONE: clickLoginButton
  &amp#27;[32mAnd &amp#27;[0m&amp#27;[32mclick login button&amp#27;[0m                     &amp#27;[90m# starter.stepdefinitions.LoginSteps.clickLoginButton()&amp#27;[0m
10:27:32.273 [Darkroom Processing Line] DEBUG net.serenitybdd.core.photography.DarkroomProcessingLine - Processing screenshot image in /var/screenshots/screenshot-16405796657386760426
10:27:32.273 [Darkroom Processing Line] DEBUG net.serenitybdd.core.photography.DarkroomProcessingLine - Saving screenshot to target\site\serenity\e0426c24b00c25ca89d9ade3fd947122eb820684ccd7053214a85b077f9b43ae.png
10:27:32.310 [main] DEBUG net.thucydides.core.steps.StepInterceptor - STARTING STEP: LoginSteps.stillOnTheLoginPage - headerAppears
10:27:32.320 [Forwarding findElement on session 2c05ef6054ca688e1cf69dcd3d2e42bc to remote] DEBUG org.asynchttpclient.netty.request.NettyRequestSender - Using pooled Channel '[id: 0xda2a8052, L:/127.0.0.1:55140 - R:localhost/127.0.0.1:61383]' for 'POST' to 'http://localhost:61383/session/2c05ef6054ca688e1cf69dcd3d2e42bc/element'
10:27:32.320 [Forwarding findElement on session 2c05ef6054ca688e1cf69dcd3d2e42bc to remote] DEBUG org.asynchttpclient.netty.request.NettyRequestSender - Using open Channel [id: 0xda2a8052, L:/127.0.0.1:55140 - R:localhost/127.0.0.1:61383] for POST '/session/2c05ef6054ca688e1cf69dcd3d2e42bc/element'
10:27:32.352 [AsyncHttpClient-1-5] DEBUG org.asynchttpclient.netty.handler.HttpHandler - 

Request DefaultHttpRequest(decodeResult: success, version: HTTP/1.1)
POST /session/2c05ef6054ca688e1cf69dcd3d2e42bc/element HTTP/1.1
User-Agent: selenium/4.1.2 (java windows)
Content-Length: 102
Content-Type: application/json; charset=utf-8
host: localhost:61383
accept: */*

Response DefaultHttpResponse(decodeResult: success, version: HTTP/1.1)
HTTP/1.1 200 OK
Content-Type: application/json; charset=utf-8
cache-control: no-cache
content-length: 88

10:27:32.352 [AsyncHttpClient-1-5] DEBUG org.asynchttpclient.netty.channel.ChannelManager - Adding key: http://localhost:61383 for channel [id: 0xda2a8052, L:/127.0.0.1:55140 - R:localhost/127.0.0.1:61383]
10:27:32.357 [Forwarding isElementDisplayed on session 2c05ef6054ca688e1cf69dcd3d2e42bc to remote] DEBUG org.asynchttpclient.netty.request.NettyRequestSender - Using pooled Channel '[id: 0xda2a8052, L:/127.0.0.1:55140 - R:localhost/127.0.0.1:61383]' for 'POST' to 'http://localhost:61383/session/2c05ef6054ca688e1cf69dcd3d2e42bc/execute/sync'
10:27:32.357 [Forwarding isElementDisplayed on session 2c05ef6054ca688e1cf69dcd3d2e42bc to remote] DEBUG org.asynchttpclient.netty.request.NettyRequestSender - Using open Channel [id: 0xda2a8052, L:/127.0.0.1:55140 - R:localhost/127.0.0.1:61383] for POST '/session/2c05ef6054ca688e1cf69dcd3d2e42bc/execute/sync'
10:27:32.376 [AsyncHttpClient-1-5] DEBUG org.asynchttpclient.netty.handler.HttpHandler - 

Request DefaultHttpRequest(decodeResult: success, version: HTTP/1.1)
POST /session/2c05ef6054ca688e1cf69dcd3d2e42bc/execute/sync HTTP/1.1
User-Agent: selenium/4.1.2 (java windows)
Content-Length: 48780
Content-Type: application/json; charset=utf-8
host: localhost:61383
accept: */*

Response DefaultHttpResponse(decodeResult: success, version: HTTP/1.1)
HTTP/1.1 200 OK
Content-Type: application/json; charset=utf-8
cache-control: no-cache
content-length: 14

10:27:32.376 [AsyncHttpClient-1-5] DEBUG org.asynchttpclient.netty.channel.ChannelManager - Adding key: http://localhost:61383 for channel [id: 0xda2a8052, L:/127.0.0.1:55140 - R:localhost/127.0.0.1:61383]
10:27:32.382 [Forwarding screenshot on session 2c05ef6054ca688e1cf69dcd3d2e42bc to remote] DEBUG org.asynchttpclient.netty.request.NettyRequestSender - Using pooled Channel '[id: 0xda2a8052, L:/127.0.0.1:55140 - R:localhost/127.0.0.1:61383]' for 'GET' to 'http://localhost:61383/session/2c05ef6054ca688e1cf69dcd3d2e42bc/screenshot'
10:27:32.382 [Forwarding screenshot on session 2c05ef6054ca688e1cf69dcd3d2e42bc to remote] DEBUG org.asynchttpclient.netty.request.NettyRequestSender - Using open Channel [id: 0xda2a8052, L:/127.0.0.1:55140 - R:localhost/127.0.0.1:61383] for GET '/session/2c05ef6054ca688e1cf69dcd3d2e42bc/screenshot'
10:27:32.539 [AsyncHttpClient-1-1] DEBUG org.asynchttpclient.netty.channel.DefaultChannelPool - Entry count for : http://localhost:55141 : 1
10:27:32.592 [AsyncHttpClient-1-5] DEBUG org.asynchttpclient.netty.handler.HttpHandler - 

Request DefaultFullHttpRequest(decodeResult: success, version: HTTP/1.1, content: EmptyByteBufBE)
GET /session/2c05ef6054ca688e1cf69dcd3d2e42bc/screenshot HTTP/1.1
User-Agent: selenium/4.1.2 (java windows)
Cache-Control: no-cache
Content-Type: application/json; charset=utf-8
host: localhost:61383
accept: */*

Response DefaultHttpResponse(decodeResult: success, version: HTTP/1.1)
HTTP/1.1 200 OK
Content-Type: application/json; charset=utf-8
cache-control: no-cache
content-length: 346644

10:27:32.594 [AsyncHttpClient-1-5] DEBUG org.asynchttpclient.netty.channel.ChannelManager - Adding key: http://localhost:61383 for channel [id: 0xda2a8052, L:/127.0.0.1:55140 - R:localhost/127.0.0.1:61383]
10:27:32.606 [main] DEBUG net.serenitybdd.core.photography.Darkroom - Send negative for processing for target\site\serenity\d242381a1c6589c74a4ffa9c68dbd01780cb6a28fa583f4cfe4a466455bb3a3a.png
10:27:32.607 [main] DEBUG net.thucydides.core.steps.StepInterceptor - STEP DONE: headerAppears
10:27:32.607 [Darkroom Processing Line] DEBUG net.serenitybdd.core.photography.DarkroomProcessingLine - Processing screenshot image in /var/screenshots/screenshot-5870656693518464862
10:27:32.607 [Darkroom Processing Line] DEBUG net.serenitybdd.core.photography.DarkroomProcessingLine - Saving screenshot to target\site\serenity\d242381a1c6589c74a4ffa9c68dbd01780cb6a28fa583f4cfe4a466455bb3a3a.png
10:27:32.614 [main] DEBUG net.thucydides.core.steps.StepInterceptor - STARTING STEP: LoginSteps.stillOnTheLoginPage - headerTextEqual
10:27:32.617 [Forwarding findElement on session 2c05ef6054ca688e1cf69dcd3d2e42bc to remote] DEBUG org.asynchttpclient.netty.request.NettyRequestSender - Using pooled Channel '[id: 0xda2a8052, L:/127.0.0.1:55140 - R:localhost/127.0.0.1:61383]' for 'POST' to 'http://localhost:61383/session/2c05ef6054ca688e1cf69dcd3d2e42bc/element'
10:27:32.618 [Forwarding findElement on session 2c05ef6054ca688e1cf69dcd3d2e42bc to remote] DEBUG org.asynchttpclient.netty.request.NettyRequestSender - Using open Channel [id: 0xda2a8052, L:/127.0.0.1:55140 - R:localhost/127.0.0.1:61383] for POST '/session/2c05ef6054ca688e1cf69dcd3d2e42bc/element'
10:27:32.627 [AsyncHttpClient-1-5] DEBUG org.asynchttpclient.netty.handler.HttpHandler - 

Request DefaultHttpRequest(decodeResult: success, version: HTTP/1.1)
POST /session/2c05ef6054ca688e1cf69dcd3d2e42bc/element HTTP/1.1
User-Agent: selenium/4.1.2 (java windows)
Content-Length: 102
Content-Type: application/json; charset=utf-8
host: localhost:61383
accept: */*

Response DefaultHttpResponse(decodeResult: success, version: HTTP/1.1)
HTTP/1.1 200 OK
Content-Type: application/json; charset=utf-8
cache-control: no-cache
content-length: 88

10:27:32.627 [AsyncHttpClient-1-5] DEBUG org.asynchttpclient.netty.channel.ChannelManager - Adding key: http://localhost:61383 for channel [id: 0xda2a8052, L:/127.0.0.1:55140 - R:localhost/127.0.0.1:61383]
10:27:32.628 [Forwarding getElementText on session 2c05ef6054ca688e1cf69dcd3d2e42bc to remote] DEBUG org.asynchttpclient.netty.request.NettyRequestSender - Using pooled Channel '[id: 0xda2a8052, L:/127.0.0.1:55140 - R:localhost/127.0.0.1:61383]' for 'GET' to 'http://localhost:61383/session/2c05ef6054ca688e1cf69dcd3d2e42bc/element/d24f763c-fe68-45c6-bd49-ebe4d36cd7d0/text'
10:27:32.628 [Forwarding getElementText on session 2c05ef6054ca688e1cf69dcd3d2e42bc to remote] DEBUG org.asynchttpclient.netty.request.NettyRequestSender - Using open Channel [id: 0xda2a8052, L:/127.0.0.1:55140 - R:localhost/127.0.0.1:61383] for GET '/session/2c05ef6054ca688e1cf69dcd3d2e42bc/element/d24f763c-fe68-45c6-bd49-ebe4d36cd7d0/text'
10:27:32.643 [AsyncHttpClient-1-5] DEBUG org.asynchttpclient.netty.handler.HttpHandler - 

Request DefaultFullHttpRequest(decodeResult: success, version: HTTP/1.1, content: EmptyByteBufBE)
GET /session/2c05ef6054ca688e1cf69dcd3d2e42bc/element/d24f763c-fe68-45c6-bd49-ebe4d36cd7d0/text HTTP/1.1
User-Agent: selenium/4.1.2 (java windows)
Cache-Control: no-cache
Content-Type: application/json; charset=utf-8
host: localhost:61383
accept: */*

Response DefaultHttpResponse(decodeResult: success, version: HTTP/1.1)
HTTP/1.1 200 OK
Content-Type: application/json; charset=utf-8
cache-control: no-cache
content-length: 17

10:27:32.644 [AsyncHttpClient-1-5] DEBUG org.asynchttpclient.netty.channel.ChannelManager - Adding key: http://localhost:61383 for channel [id: 0xda2a8052, L:/127.0.0.1:55140 - R:localhost/127.0.0.1:61383]
10:27:32.648 [main] DEBUG net.thucydides.core.steps.StepInterceptor - STEP DONE: headerTextEqual
  &amp#27;[32mThen &amp#27;[0m&amp#27;[32mI'm still on the login page&amp#27;[0m           &amp#27;[90m# starter.stepdefinitions.LoginSteps.stillOnTheLoginPage()&amp#27;[0m
10:27:32.653 [main] INFO  - 
  _____   ___   ___   _____     ___     _     ___   ___   ___   ___  
 |_   _| | __| / __| |_   _|   | _ \   /_\   / __| / __| | __| |   \ 
   | |   | _|  \__ \   | |     |  _/  / _ \  \__ \ \__ \ | _|  | |) |
   |_|   |___| |___/   |_|     |_|   /_/ \_\ |___/ |___/ |___| |___/ 

Failed login with invalid username
----------------------------------------------------------------------
10:27:32.654 [AsyncHttpClient-1-7] DEBUG org.asynchttpclient.netty.handler.WebSocketHandler - Channel Closed: [id: 0xf3c362fa, L:/127.0.0.1:55150 ! R:localhost/127.0.0.1:55141] with attribute NettyResponseFuture{currentRetry=5,
	isDone=1,
	isCancelled=0,
	asyncHandler=org.asynchttpclient.ws.WebSocketUpgradeHandler@2ed868ca,
	nettyRequest=org.asynchttpclient.netty.request.NettyRequest@6bdaf375,
	future=java.util.concurrent.CompletableFuture@4fc30067[Completed normally],
	uri=ws://localhost:55141/devtools/browser/33628b68-656c-4b47-9381-d478d19ec968,
	keepAlive=true,
	redirectCount=0,
	timeoutsHolder=null,
	inAuth=0,
	touch=1648610843826}
10:27:32.654 [Driver Command Executor] DEBUG org.asynchttpclient.netty.request.NettyRequestSender - Using pooled Channel '[id: 0xda2a8052, L:/127.0.0.1:55140 - R:localhost/127.0.0.1:61383]' for 'DELETE' to 'http://localhost:61383/session/2c05ef6054ca688e1cf69dcd3d2e42bc'
10:27:32.655 [AsyncHttpClient-1-7] DEBUG org.asynchttpclient.netty.channel.ChannelManager - Closing Channel [id: 0xf3c362fa, L:/127.0.0.1:55150 ! R:localhost/127.0.0.1:55141] 
10:27:32.655 [Driver Command Executor] DEBUG org.asynchttpclient.netty.request.NettyRequestSender - Using open Channel [id: 0xda2a8052, L:/127.0.0.1:55140 - R:localhost/127.0.0.1:61383] for DELETE '/session/2c05ef6054ca688e1cf69dcd3d2e42bc'
10:27:32.697 [AsyncHttpClient-1-6] DEBUG org.asynchttpclient.netty.handler.HttpHandler - Unexpected I/O exception on channel [id: 0x2923d0cb, L:/127.0.0.1:55149 - R:localhost/127.0.0.1:55141]
java.net.SocketException: Connection reset
	at java.base/sun.nio.ch.SocketChannelImpl.throwConnectionReset(SocketChannelImpl.java:394)
	at java.base/sun.nio.ch.SocketChannelImpl.read(SocketChannelImpl.java:426)
	at io.netty.buffer.PooledByteBuf.setBytes(PooledByteBuf.java:258)
	at io.netty.buffer.AbstractByteBuf.writeBytes(AbstractByteBuf.java:1132)
	at io.netty.channel.socket.nio.NioSocketChannel.doReadBytes(NioSocketChannel.java:350)
	at io.netty.channel.nio.AbstractNioByteChannel$NioByteUnsafe.read(AbstractNioByteChannel.java:151)
	at io.netty.channel.nio.NioEventLoop.processSelectedKey(NioEventLoop.java:722)
	at io.netty.channel.nio.NioEventLoop.processSelectedKeysOptimized(NioEventLoop.java:658)
	at io.netty.channel.nio.NioEventLoop.processSelectedKeys(NioEventLoop.java:584)
	at io.netty.channel.nio.NioEventLoop.run(NioEventLoop.java:496)
	at io.netty.util.concurrent.SingleThreadEventExecutor$4.run(SingleThreadEventExecutor.java:986)
	at io.netty.util.internal.ThreadExecutorMap$2.run(ThreadExecutorMap.java:74)
	at io.netty.util.concurrent.FastThreadLocalRunnable.run(FastThreadLocalRunnable.java:30)
	at java.base/java.lang.Thread.run(Thread.java:833)
10:27:32.697 [AsyncHttpClient-1-6] DEBUG org.asynchttpclient.netty.channel.ChannelManager - Closing Channel [id: 0x2923d0cb, L:/127.0.0.1:55149 - R:localhost/127.0.0.1:55141] 
10:27:32.698 [AsyncHttpClient-1-6] DEBUG org.asynchttpclient.netty.handler.HttpHandler - Channel Closed: [id: 0x2923d0cb, L:/127.0.0.1:55149 ! R:localhost/127.0.0.1:55141] with attribute DISCARD
10:27:32.717 [AsyncHttpClient-1-5] DEBUG org.asynchttpclient.netty.handler.HttpHandler - 

Request DefaultFullHttpRequest(decodeResult: success, version: HTTP/1.1, content: EmptyByteBufBE)
DELETE /session/2c05ef6054ca688e1cf69dcd3d2e42bc HTTP/1.1
User-Agent: selenium/4.1.2 (java windows)
Content-Type: application/json; charset=utf-8
host: localhost:61383
accept: */*

Response DefaultHttpResponse(decodeResult: success, version: HTTP/1.1)
HTTP/1.1 200 OK
Content-Type: application/json; charset=utf-8
cache-control: no-cache
content-length: 14

10:27:32.717 [AsyncHttpClient-1-5] DEBUG org.asynchttpclient.netty.channel.ChannelManager - Adding key: http://localhost:61383 for channel [id: 0xda2a8052, L:/127.0.0.1:55140 - R:localhost/127.0.0.1:61383]
10:27:32.789 [AsyncHttpClient-1-5] DEBUG org.asynchttpclient.netty.handler.HttpHandler - Channel Closed: [id: 0xda2a8052, L:/127.0.0.1:55140 ! R:localhost/127.0.0.1:61383] with attribute DISCARD
]]></system-out>
    <system-err><![CDATA[Starting ChromeDriver 99.0.4844.51 (d537ec02474b5afe23684e7963d538896c63ac77-refs/branch-heads/4844@{#875}) on port 61383
Only local connections are allowed.
Please see https://chromedriver.chromium.org/security-considerations for suggestions on keeping ChromeDriver safe.
ChromeDriver was started successfully.
Mar 30, 2022 10:27:23 AM org.openqa.selenium.remote.ProtocolHandshake createSession
INFO: Detected dialect: W3C
Mar 30, 2022 10:27:23 AM org.openqa.selenium.devtools.CdpVersionFinder findNearestMatch
WARNING: Unable to find an exact match for CDP version 99, so returning the closest version found: 97
Mar 30, 2022 10:27:23 AM org.openqa.selenium.devtools.CdpVersionFinder findNearestMatch
INFO: Found CDP implementation for version 99 of 97
]]></system-err>
  </testcase>
  <testcase name="Failed login with invalid password" classname="Login" time="11.26">
    <system-out><![CDATA[
Scenario: Failed login with invalid password &amp#27;[90m# src/test/resources/features/Login.feature:20&amp#27;[0m
10:27:32.934 [main] INFO io.cucumber.core.plugin.SerenityReporter - Running feature from file:///D:/WebProgramming/section20/src/test/resources/features/Login.feature
10:27:32.936 [main] INFO  - 
  _____   ___   ___   _____     ___   _____     _     ___   _____   ___   ___  
 |_   _| | __| / __| |_   _|   / __| |_   _|   /_\   | _ \ |_   _| | __| |   \ 
   | |   | _|  \__ \   | |     \__ \   | |    / _ \  |   /   | |   | _|  | |) |
   |_|   |___| |___/   |_|     |___/   |_|   /_/ \_\ |_|_\   |_|   |___| |___/ 

Failed login with invalid password(login;failed-login-with-invalid-password)
--------------------------------------------------------------------------------
10:27:32.954 [main] DEBUG net.thucydides.core.steps.StepInterceptor - STARTING STEP: LoginSteps.iAmOnTheLoginPage - openUrl
10:27:32.956 [main] INFO net.serenitybdd.core.webdriver.driverproviders.ChromeDriverProvider - Using automatically driver download
10:27:33.343 [main] DEBUG io.github.bonigarcia.wdm.cache.ResolutionCache - Resolution chrome=99 in cache (valid until 11:23:23 30/03/2022 WIB)
10:27:33.356 [main] DEBUG io.github.bonigarcia.wdm.cache.ResolutionCache - Resolution chrome99=99.0.4844.51 in cache (valid until 10:23:23 31/03/2022 WIB)
10:27:33.361 [main] INFO io.github.bonigarcia.wdm.WebDriverManager - Using chromedriver 99.0.4844.51 (resolved driver for Chrome 99)
10:27:33.389 [main] DEBUG io.github.bonigarcia.wdm.WebDriverManager - Driver chromedriver 99.0.4844.51 found in cache
10:27:33.390 [main] INFO io.github.bonigarcia.wdm.WebDriverManager - Exporting webdriver.chrome.driver as C:\Users\USER\.cache\selenium\chromedriver\win32\99.0.4844.51\chromedriver.exe
10:27:33.536 [main] DEBUG net.serenitybdd.core.webdriver.driverproviders.ProvideNewDriver - Instantiating driver
10:27:33.536 [main] DEBUG net.serenitybdd.core.webdriver.driverproviders.ProvideNewDriver - Driver capabilities: Capabilities {acceptInsecureCerts: false, base.url: https://demoqa.com/, browserName: chrome, chrome.driver: src/test/resources/webdrive..., driver: chrome, goog:chromeOptions: {args: [], extensions: []}}
10:27:33.639 [AsyncHttpClient-1-1] DEBUG org.asynchttpclient.netty.channel.DefaultChannelPool - Entry count for : http://localhost:61383 : 1
10:27:33.639 [AsyncHttpClient-1-1] DEBUG org.asynchttpclient.netty.channel.DefaultChannelPool - Entry count for : http://localhost:55141 : 1
10:27:33.639 [AsyncHttpClient-1-1] DEBUG org.asynchttpclient.netty.channel.DefaultChannelPool - Adding Candidate expired Channel [id: 0xda2a8052, L:/127.0.0.1:55140 ! R:localhost/127.0.0.1:61383] isIdleTimeoutExpired=false isRemotelyClosed=true isTtlExpired=false
10:27:33.639 [AsyncHttpClient-1-1] DEBUG org.asynchttpclient.netty.channel.DefaultChannelPool - Closing Idle Channel [id: 0xda2a8052, L:/127.0.0.1:55140 ! R:localhost/127.0.0.1:61383]
10:27:33.639 [AsyncHttpClient-1-1] DEBUG org.asynchttpclient.netty.channel.DefaultChannelPool - Adding Candidate expired Channel [id: 0x2923d0cb, L:/127.0.0.1:55149 ! R:localhost/127.0.0.1:55141] isIdleTimeoutExpired=false isRemotelyClosed=true isTtlExpired=false
10:27:33.639 [AsyncHttpClient-1-1] DEBUG org.asynchttpclient.netty.channel.DefaultChannelPool - Closing Idle Channel [id: 0x2923d0cb, L:/127.0.0.1:55149 ! R:localhost/127.0.0.1:55141]
10:27:33.639 [AsyncHttpClient-1-1] DEBUG org.asynchttpclient.netty.channel.DefaultChannelPool - Closed 2 connections out of 2 in 0 ms
10:27:33.657 [AsyncHttpClient-1-8] DEBUG org.asynchttpclient.netty.channel.NettyConnectListener - Using new Channel '[id: 0x99c11d41, L:/127.0.0.1:55191 - R:localhost/127.0.0.1:62824]' for 'POST' to '/session'
10:27:35.118 [AsyncHttpClient-1-8] DEBUG org.asynchttpclient.netty.handler.HttpHandler - 

Request DefaultHttpRequest(decodeResult: success, version: HTTP/1.1)
POST /session HTTP/1.1
User-Agent: selenium/4.1.2 (java windows)
Content-Length: 605
Content-Type: application/json; charset=utf-8
host: localhost:62824
accept: */*

Response DefaultHttpResponse(decodeResult: success, version: HTTP/1.1)
HTTP/1.1 200 OK
Content-Type: application/json; charset=utf-8
cache-control: no-cache
content-length: 786

10:27:35.119 [AsyncHttpClient-1-8] DEBUG org.asynchttpclient.netty.channel.ChannelManager - Adding key: http://localhost:62824 for channel [id: 0x99c11d41, L:/127.0.0.1:55191 - R:localhost/127.0.0.1:62824]
10:27:35.135 [AsyncHttpClient-1-9] DEBUG org.asynchttpclient.netty.channel.NettyConnectListener - Using new Channel '[id: 0x0fd74215, L:/127.0.0.1:55199 - R:localhost/127.0.0.1:55193]' for 'GET' to '/json/version'
10:27:35.155 [AsyncHttpClient-1-9] DEBUG org.asynchttpclient.netty.handler.HttpHandler - 

Request DefaultFullHttpRequest(decodeResult: success, version: HTTP/1.1, content: EmptyByteBufBE)
GET /json/version HTTP/1.1
User-Agent: selenium/4.1.2 (java windows)
host: localhost:55193
accept: */*

Response DefaultHttpResponse(decodeResult: success, version: HTTP/1.1)
HTTP/1.1 200 OK
Content-Type: application/json; charset=UTF-8
content-length: 424

10:27:35.155 [AsyncHttpClient-1-9] DEBUG org.asynchttpclient.netty.channel.ChannelManager - Adding key: http://localhost:55193 for channel [id: 0x0fd74215, L:/127.0.0.1:55199 - R:localhost/127.0.0.1:55193]
10:27:35.160 [AsyncHttpClient-1-10] DEBUG org.asynchttpclient.netty.channel.NettyConnectListener - Using new Channel '[id: 0x0f0299cd, L:/127.0.0.1:55202 - R:localhost/127.0.0.1:55193]' for 'GET' to '/devtools/browser/128f9677-0369-4499-8fca-df2e73409862'
10:27:35.172 [AsyncHttpClient-1-10] DEBUG org.asynchttpclient.netty.handler.WebSocketHandler - 

Request DefaultFullHttpRequest(decodeResult: success, version: HTTP/1.1, content: EmptyByteBufBE)
GET /devtools/browser/128f9677-0369-4499-8fca-df2e73409862 HTTP/1.1
upgrade: websocket
connection: upgrade
sec-websocket-key: C8EAv75R/W+QX8NQxymO1Q==
sec-websocket-version: 13
origin: http://localhost:55193
host: localhost:55193
accept: */*
user-agent: AHC/2.1

Response DefaultHttpResponse(decodeResult: success, version: HTTP/1.1)
HTTP/1.1 101 WebSocket Protocol Handshake
Upgrade: WebSocket
Connection: Upgrade
Sec-WebSocket-Accept: P0DkAs22r6BWikuB/JKdm2fooNw=

10:27:35.179 [Forwarding get on session e630ac30197bf782442108d6a348e344 to remote] DEBUG org.asynchttpclient.netty.request.NettyRequestSender - Using pooled Channel '[id: 0x99c11d41, L:/127.0.0.1:55191 - R:localhost/127.0.0.1:62824]' for 'POST' to 'http://localhost:62824/session/e630ac30197bf782442108d6a348e344/url'
10:27:35.179 [Forwarding get on session e630ac30197bf782442108d6a348e344 to remote] DEBUG org.asynchttpclient.netty.request.NettyRequestSender - Using open Channel [id: 0x99c11d41, L:/127.0.0.1:55191 - R:localhost/127.0.0.1:62824] for POST '/session/e630ac30197bf782442108d6a348e344/url'
10:27:35.838 [AsyncHttpClient-1-1] DEBUG org.asynchttpclient.netty.channel.DefaultChannelPool - Entry count for : http://localhost:55193 : 1
10:27:36.938 [AsyncHttpClient-1-1] DEBUG org.asynchttpclient.netty.channel.DefaultChannelPool - Entry count for : http://localhost:55193 : 1
10:27:38.038 [AsyncHttpClient-1-1] DEBUG org.asynchttpclient.netty.channel.DefaultChannelPool - Entry count for : http://localhost:55193 : 1
10:27:39.138 [AsyncHttpClient-1-1] DEBUG org.asynchttpclient.netty.channel.DefaultChannelPool - Entry count for : http://localhost:55193 : 1
10:27:40.244 [AsyncHttpClient-1-1] DEBUG org.asynchttpclient.netty.channel.DefaultChannelPool - Entry count for : http://localhost:55193 : 1
10:27:40.516 [AsyncHttpClient-1-8] DEBUG org.asynchttpclient.netty.handler.HttpHandler - 

Request DefaultHttpRequest(decodeResult: success, version: HTTP/1.1)
POST /session/e630ac30197bf782442108d6a348e344/url HTTP/1.1
User-Agent: selenium/4.1.2 (java windows)
Content-Length: 49
Content-Type: application/json; charset=utf-8
host: localhost:62824
accept: */*

Response DefaultHttpResponse(decodeResult: success, version: HTTP/1.1)
HTTP/1.1 200 OK
Content-Type: application/json; charset=utf-8
cache-control: no-cache
content-length: 14

10:27:40.516 [AsyncHttpClient-1-8] DEBUG org.asynchttpclient.netty.channel.ChannelManager - Adding key: http://localhost:62824 for channel [id: 0x99c11d41, L:/127.0.0.1:55191 - R:localhost/127.0.0.1:62824]
10:27:40.518 [Forwarding setTimeout on session e630ac30197bf782442108d6a348e344 to remote] DEBUG org.asynchttpclient.netty.request.NettyRequestSender - Using pooled Channel '[id: 0x99c11d41, L:/127.0.0.1:55191 - R:localhost/127.0.0.1:62824]' for 'POST' to 'http://localhost:62824/session/e630ac30197bf782442108d6a348e344/timeouts'
10:27:40.518 [Forwarding setTimeout on session e630ac30197bf782442108d6a348e344 to remote] DEBUG org.asynchttpclient.netty.request.NettyRequestSender - Using open Channel [id: 0x99c11d41, L:/127.0.0.1:55191 - R:localhost/127.0.0.1:62824] for POST '/session/e630ac30197bf782442108d6a348e344/timeouts'
10:27:40.521 [AsyncHttpClient-1-8] DEBUG org.asynchttpclient.netty.handler.HttpHandler - 

Request DefaultHttpRequest(decodeResult: success, version: HTTP/1.1)
POST /session/e630ac30197bf782442108d6a348e344/timeouts HTTP/1.1
User-Agent: selenium/4.1.2 (java windows)
Content-Length: 22
Content-Type: application/json; charset=utf-8
host: localhost:62824
accept: */*

Response DefaultHttpResponse(decodeResult: success, version: HTTP/1.1)
HTTP/1.1 200 OK
Content-Type: application/json; charset=utf-8
cache-control: no-cache
content-length: 14

10:27:40.521 [AsyncHttpClient-1-8] DEBUG org.asynchttpclient.netty.channel.ChannelManager - Adding key: http://localhost:62824 for channel [id: 0x99c11d41, L:/127.0.0.1:55191 - R:localhost/127.0.0.1:62824]
10:27:40.526 [Forwarding getCurrentUrl on session e630ac30197bf782442108d6a348e344 to remote] DEBUG org.asynchttpclient.netty.request.NettyRequestSender - Using pooled Channel '[id: 0x99c11d41, L:/127.0.0.1:55191 - R:localhost/127.0.0.1:62824]' for 'GET' to 'http://localhost:62824/session/e630ac30197bf782442108d6a348e344/url'
10:27:40.526 [Forwarding getCurrentUrl on session e630ac30197bf782442108d6a348e344 to remote] DEBUG org.asynchttpclient.netty.request.NettyRequestSender - Using open Channel [id: 0x99c11d41, L:/127.0.0.1:55191 - R:localhost/127.0.0.1:62824] for GET '/session/e630ac30197bf782442108d6a348e344/url'
10:27:40.531 [AsyncHttpClient-1-8] DEBUG org.asynchttpclient.netty.handler.HttpHandler - 

Request DefaultFullHttpRequest(decodeResult: success, version: HTTP/1.1, content: EmptyByteBufBE)
GET /session/e630ac30197bf782442108d6a348e344/url HTTP/1.1
User-Agent: selenium/4.1.2 (java windows)
Cache-Control: no-cache
Content-Type: application/json; charset=utf-8
host: localhost:62824
accept: */*

Response DefaultHttpResponse(decodeResult: success, version: HTTP/1.1)
HTTP/1.1 200 OK
Content-Type: application/json; charset=utf-8
cache-control: no-cache
content-length: 31

10:27:40.531 [AsyncHttpClient-1-8] DEBUG org.asynchttpclient.netty.channel.ChannelManager - Adding key: http://localhost:62824 for channel [id: 0x99c11d41, L:/127.0.0.1:55191 - R:localhost/127.0.0.1:62824]
10:27:40.535 [Forwarding getCurrentUrl on session e630ac30197bf782442108d6a348e344 to remote] DEBUG org.asynchttpclient.netty.request.NettyRequestSender - Using pooled Channel '[id: 0x99c11d41, L:/127.0.0.1:55191 - R:localhost/127.0.0.1:62824]' for 'GET' to 'http://localhost:62824/session/e630ac30197bf782442108d6a348e344/url'
10:27:40.535 [Forwarding getCurrentUrl on session e630ac30197bf782442108d6a348e344 to remote] DEBUG org.asynchttpclient.netty.request.NettyRequestSender - Using open Channel [id: 0x99c11d41, L:/127.0.0.1:55191 - R:localhost/127.0.0.1:62824] for GET '/session/e630ac30197bf782442108d6a348e344/url'
10:27:40.540 [AsyncHttpClient-1-8] DEBUG org.asynchttpclient.netty.handler.HttpHandler - 

Request DefaultFullHttpRequest(decodeResult: success, version: HTTP/1.1, content: EmptyByteBufBE)
GET /session/e630ac30197bf782442108d6a348e344/url HTTP/1.1
User-Agent: selenium/4.1.2 (java windows)
Cache-Control: no-cache
Content-Type: application/json; charset=utf-8
host: localhost:62824
accept: */*

Response DefaultHttpResponse(decodeResult: success, version: HTTP/1.1)
HTTP/1.1 200 OK
Content-Type: application/json; charset=utf-8
cache-control: no-cache
content-length: 31

10:27:40.541 [AsyncHttpClient-1-8] DEBUG org.asynchttpclient.netty.channel.ChannelManager - Adding key: http://localhost:62824 for channel [id: 0x99c11d41, L:/127.0.0.1:55191 - R:localhost/127.0.0.1:62824]
10:27:40.549 [Forwarding screenshot on session e630ac30197bf782442108d6a348e344 to remote] DEBUG org.asynchttpclient.netty.request.NettyRequestSender - Using pooled Channel '[id: 0x99c11d41, L:/127.0.0.1:55191 - R:localhost/127.0.0.1:62824]' for 'GET' to 'http://localhost:62824/session/e630ac30197bf782442108d6a348e344/screenshot'
10:27:40.549 [Forwarding screenshot on session e630ac30197bf782442108d6a348e344 to remote] DEBUG org.asynchttpclient.netty.request.NettyRequestSender - Using open Channel [id: 0x99c11d41, L:/127.0.0.1:55191 - R:localhost/127.0.0.1:62824] for GET '/session/e630ac30197bf782442108d6a348e344/screenshot'
10:27:41.010 [AsyncHttpClient-1-8] DEBUG org.asynchttpclient.netty.handler.HttpHandler - 

Request DefaultFullHttpRequest(decodeResult: success, version: HTTP/1.1, content: EmptyByteBufBE)
GET /session/e630ac30197bf782442108d6a348e344/screenshot HTTP/1.1
User-Agent: selenium/4.1.2 (java windows)
Cache-Control: no-cache
Content-Type: application/json; charset=utf-8
host: localhost:62824
accept: */*

Response DefaultHttpResponse(decodeResult: success, version: HTTP/1.1)
HTTP/1.1 200 OK
Content-Type: application/json; charset=utf-8
cache-control: no-cache
content-length: 337480

10:27:41.012 [AsyncHttpClient-1-8] DEBUG org.asynchttpclient.netty.channel.ChannelManager - Adding key: http://localhost:62824 for channel [id: 0x99c11d41, L:/127.0.0.1:55191 - R:localhost/127.0.0.1:62824]
10:27:41.032 [main] DEBUG net.serenitybdd.core.photography.Darkroom - Send negative for processing for target\site\serenity\08532ae4284ee960c92c21cab1686e93060424457fe9f6f921eeeee79ea1047b.png
10:27:41.033 [main] DEBUG net.thucydides.core.steps.StepInterceptor - STEP DONE: openUrl
10:27:41.033 [Darkroom Processing Line] DEBUG net.serenitybdd.core.photography.DarkroomProcessingLine - Processing screenshot image in /var/screenshots/screenshot-8562459501909177621
10:27:41.033 [Darkroom Processing Line] DEBUG net.serenitybdd.core.photography.DarkroomProcessingLine - Saving screenshot to target\site\serenity\08532ae4284ee960c92c21cab1686e93060424457fe9f6f921eeeee79ea1047b.png
10:27:41.043 [main] DEBUG net.thucydides.core.steps.StepInterceptor - STARTING STEP: LoginSteps.iAmOnTheLoginPage - openBooks
10:27:41.051 [Forwarding findElement on session e630ac30197bf782442108d6a348e344 to remote] DEBUG org.asynchttpclient.netty.request.NettyRequestSender - Using pooled Channel '[id: 0x99c11d41, L:/127.0.0.1:55191 - R:localhost/127.0.0.1:62824]' for 'POST' to 'http://localhost:62824/session/e630ac30197bf782442108d6a348e344/element'
10:27:41.051 [Forwarding findElement on session e630ac30197bf782442108d6a348e344 to remote] DEBUG org.asynchttpclient.netty.request.NettyRequestSender - Using open Channel [id: 0x99c11d41, L:/127.0.0.1:55191 - R:localhost/127.0.0.1:62824] for POST '/session/e630ac30197bf782442108d6a348e344/element'
10:27:41.089 [AsyncHttpClient-1-8] DEBUG org.asynchttpclient.netty.handler.HttpHandler - 

Request DefaultHttpRequest(decodeResult: success, version: HTTP/1.1)
POST /session/e630ac30197bf782442108d6a348e344/element HTTP/1.1
User-Agent: selenium/4.1.2 (java windows)
Content-Length: 73
Content-Type: application/json; charset=utf-8
host: localhost:62824
accept: */*

Response DefaultHttpResponse(decodeResult: success, version: HTTP/1.1)
HTTP/1.1 200 OK
Content-Type: application/json; charset=utf-8
cache-control: no-cache
content-length: 88

10:27:41.089 [AsyncHttpClient-1-8] DEBUG org.asynchttpclient.netty.channel.ChannelManager - Adding key: http://localhost:62824 for channel [id: 0x99c11d41, L:/127.0.0.1:55191 - R:localhost/127.0.0.1:62824]
10:27:41.094 [Forwarding getElementTagName on session e630ac30197bf782442108d6a348e344 to remote] DEBUG org.asynchttpclient.netty.request.NettyRequestSender - Using pooled Channel '[id: 0x99c11d41, L:/127.0.0.1:55191 - R:localhost/127.0.0.1:62824]' for 'GET' to 'http://localhost:62824/session/e630ac30197bf782442108d6a348e344/element/64668371-0d42-4e91-bf42-7fada8f6a7f0/name'
10:27:41.094 [Forwarding getElementTagName on session e630ac30197bf782442108d6a348e344 to remote] DEBUG org.asynchttpclient.netty.request.NettyRequestSender - Using open Channel [id: 0x99c11d41, L:/127.0.0.1:55191 - R:localhost/127.0.0.1:62824] for GET '/session/e630ac30197bf782442108d6a348e344/element/64668371-0d42-4e91-bf42-7fada8f6a7f0/name'
10:27:41.100 [AsyncHttpClient-1-8] DEBUG org.asynchttpclient.netty.handler.HttpHandler - 

Request DefaultFullHttpRequest(decodeResult: success, version: HTTP/1.1, content: EmptyByteBufBE)
GET /session/e630ac30197bf782442108d6a348e344/element/64668371-0d42-4e91-bf42-7fada8f6a7f0/name HTTP/1.1
User-Agent: selenium/4.1.2 (java windows)
Cache-Control: no-cache
Content-Type: application/json; charset=utf-8
host: localhost:62824
accept: */*

Response DefaultHttpResponse(decodeResult: success, version: HTTP/1.1)
HTTP/1.1 200 OK
Content-Type: application/json; charset=utf-8
cache-control: no-cache
content-length: 15

10:27:41.100 [AsyncHttpClient-1-8] DEBUG org.asynchttpclient.netty.channel.ChannelManager - Adding key: http://localhost:62824 for channel [id: 0x99c11d41, L:/127.0.0.1:55191 - R:localhost/127.0.0.1:62824]
10:27:41.105 [Forwarding getElementTagName on session e630ac30197bf782442108d6a348e344 to remote] DEBUG org.asynchttpclient.netty.request.NettyRequestSender - Using pooled Channel '[id: 0x99c11d41, L:/127.0.0.1:55191 - R:localhost/127.0.0.1:62824]' for 'GET' to 'http://localhost:62824/session/e630ac30197bf782442108d6a348e344/element/64668371-0d42-4e91-bf42-7fada8f6a7f0/name'
10:27:41.105 [Forwarding getElementTagName on session e630ac30197bf782442108d6a348e344 to remote] DEBUG org.asynchttpclient.netty.request.NettyRequestSender - Using open Channel [id: 0x99c11d41, L:/127.0.0.1:55191 - R:localhost/127.0.0.1:62824] for GET '/session/e630ac30197bf782442108d6a348e344/element/64668371-0d42-4e91-bf42-7fada8f6a7f0/name'
10:27:41.114 [AsyncHttpClient-1-8] DEBUG org.asynchttpclient.netty.handler.HttpHandler - 

Request DefaultFullHttpRequest(decodeResult: success, version: HTTP/1.1, content: EmptyByteBufBE)
GET /session/e630ac30197bf782442108d6a348e344/element/64668371-0d42-4e91-bf42-7fada8f6a7f0/name HTTP/1.1
User-Agent: selenium/4.1.2 (java windows)
Cache-Control: no-cache
Content-Type: application/json; charset=utf-8
host: localhost:62824
accept: */*

Response DefaultHttpResponse(decodeResult: success, version: HTTP/1.1)
HTTP/1.1 200 OK
Content-Type: application/json; charset=utf-8
cache-control: no-cache
content-length: 15

10:27:41.114 [AsyncHttpClient-1-8] DEBUG org.asynchttpclient.netty.channel.ChannelManager - Adding key: http://localhost:62824 for channel [id: 0x99c11d41, L:/127.0.0.1:55191 - R:localhost/127.0.0.1:62824]
10:27:41.117 [Forwarding findElement on session e630ac30197bf782442108d6a348e344 to remote] DEBUG org.asynchttpclient.netty.request.NettyRequestSender - Using pooled Channel '[id: 0x99c11d41, L:/127.0.0.1:55191 - R:localhost/127.0.0.1:62824]' for 'POST' to 'http://localhost:62824/session/e630ac30197bf782442108d6a348e344/element'
10:27:41.117 [Forwarding findElement on session e630ac30197bf782442108d6a348e344 to remote] DEBUG org.asynchttpclient.netty.request.NettyRequestSender - Using open Channel [id: 0x99c11d41, L:/127.0.0.1:55191 - R:localhost/127.0.0.1:62824] for POST '/session/e630ac30197bf782442108d6a348e344/element'
10:27:41.125 [AsyncHttpClient-1-8] DEBUG org.asynchttpclient.netty.handler.HttpHandler - 

Request DefaultHttpRequest(decodeResult: success, version: HTTP/1.1)
POST /session/e630ac30197bf782442108d6a348e344/element HTTP/1.1
User-Agent: selenium/4.1.2 (java windows)
Content-Length: 73
Content-Type: application/json; charset=utf-8
host: localhost:62824
accept: */*

Response DefaultHttpResponse(decodeResult: success, version: HTTP/1.1)
HTTP/1.1 200 OK
Content-Type: application/json; charset=utf-8
cache-control: no-cache
content-length: 88

10:27:41.125 [AsyncHttpClient-1-8] DEBUG org.asynchttpclient.netty.channel.ChannelManager - Adding key: http://localhost:62824 for channel [id: 0x99c11d41, L:/127.0.0.1:55191 - R:localhost/127.0.0.1:62824]
10:27:41.127 [Forwarding clickElement on session e630ac30197bf782442108d6a348e344 to remote] DEBUG org.asynchttpclient.netty.request.NettyRequestSender - Using pooled Channel '[id: 0x99c11d41, L:/127.0.0.1:55191 - R:localhost/127.0.0.1:62824]' for 'POST' to 'http://localhost:62824/session/e630ac30197bf782442108d6a348e344/element/64668371-0d42-4e91-bf42-7fada8f6a7f0/click'
10:27:41.127 [Forwarding clickElement on session e630ac30197bf782442108d6a348e344 to remote] DEBUG org.asynchttpclient.netty.request.NettyRequestSender - Using open Channel [id: 0x99c11d41, L:/127.0.0.1:55191 - R:localhost/127.0.0.1:62824] for POST '/session/e630ac30197bf782442108d6a348e344/element/64668371-0d42-4e91-bf42-7fada8f6a7f0/click'
10:27:41.256 [AsyncHttpClient-1-8] DEBUG org.asynchttpclient.netty.handler.HttpHandler - 

Request DefaultHttpRequest(decodeResult: success, version: HTTP/1.1)
POST /session/e630ac30197bf782442108d6a348e344/element/64668371-0d42-4e91-bf42-7fada8f6a7f0/click HTTP/1.1
User-Agent: selenium/4.1.2 (java windows)
Content-Length: 50
Content-Type: application/json; charset=utf-8
host: localhost:62824
accept: */*

Response DefaultHttpResponse(decodeResult: success, version: HTTP/1.1)
HTTP/1.1 200 OK
Content-Type: application/json; charset=utf-8
cache-control: no-cache
content-length: 14

10:27:41.256 [AsyncHttpClient-1-8] DEBUG org.asynchttpclient.netty.channel.ChannelManager - Adding key: http://localhost:62824 for channel [id: 0x99c11d41, L:/127.0.0.1:55191 - R:localhost/127.0.0.1:62824]
10:27:41.270 [Forwarding screenshot on session e630ac30197bf782442108d6a348e344 to remote] DEBUG org.asynchttpclient.netty.request.NettyRequestSender - Using pooled Channel '[id: 0x99c11d41, L:/127.0.0.1:55191 - R:localhost/127.0.0.1:62824]' for 'GET' to 'http://localhost:62824/session/e630ac30197bf782442108d6a348e344/screenshot'
10:27:41.270 [Forwarding screenshot on session e630ac30197bf782442108d6a348e344 to remote] DEBUG org.asynchttpclient.netty.request.NettyRequestSender - Using open Channel [id: 0x99c11d41, L:/127.0.0.1:55191 - R:localhost/127.0.0.1:62824] for GET '/session/e630ac30197bf782442108d6a348e344/screenshot'
10:27:41.344 [AsyncHttpClient-1-1] DEBUG org.asynchttpclient.netty.channel.DefaultChannelPool - Entry count for : http://localhost:55193 : 1
10:27:41.516 [AsyncHttpClient-1-8] DEBUG org.asynchttpclient.netty.handler.HttpHandler - 

Request DefaultFullHttpRequest(decodeResult: success, version: HTTP/1.1, content: EmptyByteBufBE)
GET /session/e630ac30197bf782442108d6a348e344/screenshot HTTP/1.1
User-Agent: selenium/4.1.2 (java windows)
Cache-Control: no-cache
Content-Type: application/json; charset=utf-8
host: localhost:62824
accept: */*

Response DefaultHttpResponse(decodeResult: success, version: HTTP/1.1)
HTTP/1.1 200 OK
Content-Type: application/json; charset=utf-8
cache-control: no-cache
content-length: 227320

10:27:41.521 [AsyncHttpClient-1-8] DEBUG org.asynchttpclient.netty.channel.ChannelManager - Adding key: http://localhost:62824 for channel [id: 0x99c11d41, L:/127.0.0.1:55191 - R:localhost/127.0.0.1:62824]
10:27:41.569 [main] DEBUG net.serenitybdd.core.photography.Darkroom - Send negative for processing for target\site\serenity\e8be32fc16001d47ada4574b646fcfb0d7bfa75ab1d49ca4aafee22f1a622c1c.png
10:27:41.571 [main] DEBUG net.thucydides.core.steps.StepInterceptor - STEP DONE: openBooks
10:27:41.571 [Darkroom Processing Line] DEBUG net.serenitybdd.core.photography.DarkroomProcessingLine - Processing screenshot image in /var/screenshots/screenshot-5021050118967108029
10:27:41.571 [Darkroom Processing Line] DEBUG net.serenitybdd.core.photography.DarkroomProcessingLine - Saving screenshot to target\site\serenity\e8be32fc16001d47ada4574b646fcfb0d7bfa75ab1d49ca4aafee22f1a622c1c.png
10:27:41.588 [main] DEBUG net.thucydides.core.steps.StepInterceptor - STARTING STEP: LoginSteps.iAmOnTheLoginPage - clickLoginButton
10:27:41.602 [Forwarding findElement on session e630ac30197bf782442108d6a348e344 to remote] DEBUG org.asynchttpclient.netty.request.NettyRequestSender - Using pooled Channel '[id: 0x99c11d41, L:/127.0.0.1:55191 - R:localhost/127.0.0.1:62824]' for 'POST' to 'http://localhost:62824/session/e630ac30197bf782442108d6a348e344/element'
10:27:41.602 [Forwarding findElement on session e630ac30197bf782442108d6a348e344 to remote] DEBUG org.asynchttpclient.netty.request.NettyRequestSender - Using open Channel [id: 0x99c11d41, L:/127.0.0.1:55191 - R:localhost/127.0.0.1:62824] for POST '/session/e630ac30197bf782442108d6a348e344/element'
10:27:41.652 [AsyncHttpClient-1-8] DEBUG org.asynchttpclient.netty.handler.HttpHandler - 

Request DefaultHttpRequest(decodeResult: success, version: HTTP/1.1)
POST /session/e630ac30197bf782442108d6a348e344/element HTTP/1.1
User-Agent: selenium/4.1.2 (java windows)
Content-Length: 65
Content-Type: application/json; charset=utf-8
host: localhost:62824
accept: */*

Response DefaultHttpResponse(decodeResult: success, version: HTTP/1.1)
HTTP/1.1 200 OK
Content-Type: application/json; charset=utf-8
cache-control: no-cache
content-length: 88

10:27:41.652 [AsyncHttpClient-1-8] DEBUG org.asynchttpclient.netty.channel.ChannelManager - Adding key: http://localhost:62824 for channel [id: 0x99c11d41, L:/127.0.0.1:55191 - R:localhost/127.0.0.1:62824]
10:27:41.654 [Forwarding getElementTagName on session e630ac30197bf782442108d6a348e344 to remote] DEBUG org.asynchttpclient.netty.request.NettyRequestSender - Using pooled Channel '[id: 0x99c11d41, L:/127.0.0.1:55191 - R:localhost/127.0.0.1:62824]' for 'GET' to 'http://localhost:62824/session/e630ac30197bf782442108d6a348e344/element/915938ba-b439-4dd4-b3b1-9a0225d38ed4/name'
10:27:41.654 [Forwarding getElementTagName on session e630ac30197bf782442108d6a348e344 to remote] DEBUG org.asynchttpclient.netty.request.NettyRequestSender - Using open Channel [id: 0x99c11d41, L:/127.0.0.1:55191 - R:localhost/127.0.0.1:62824] for GET '/session/e630ac30197bf782442108d6a348e344/element/915938ba-b439-4dd4-b3b1-9a0225d38ed4/name'
10:27:41.659 [AsyncHttpClient-1-8] DEBUG org.asynchttpclient.netty.handler.HttpHandler - 

Request DefaultFullHttpRequest(decodeResult: success, version: HTTP/1.1, content: EmptyByteBufBE)
GET /session/e630ac30197bf782442108d6a348e344/element/915938ba-b439-4dd4-b3b1-9a0225d38ed4/name HTTP/1.1
User-Agent: selenium/4.1.2 (java windows)
Cache-Control: no-cache
Content-Type: application/json; charset=utf-8
host: localhost:62824
accept: */*

Response DefaultHttpResponse(decodeResult: success, version: HTTP/1.1)
HTTP/1.1 200 OK
Content-Type: application/json; charset=utf-8
cache-control: no-cache
content-length: 18

10:27:41.659 [AsyncHttpClient-1-8] DEBUG org.asynchttpclient.netty.channel.ChannelManager - Adding key: http://localhost:62824 for channel [id: 0x99c11d41, L:/127.0.0.1:55191 - R:localhost/127.0.0.1:62824]
10:27:41.662 [Forwarding getElementTagName on session e630ac30197bf782442108d6a348e344 to remote] DEBUG org.asynchttpclient.netty.request.NettyRequestSender - Using pooled Channel '[id: 0x99c11d41, L:/127.0.0.1:55191 - R:localhost/127.0.0.1:62824]' for 'GET' to 'http://localhost:62824/session/e630ac30197bf782442108d6a348e344/element/915938ba-b439-4dd4-b3b1-9a0225d38ed4/name'
10:27:41.662 [Forwarding getElementTagName on session e630ac30197bf782442108d6a348e344 to remote] DEBUG org.asynchttpclient.netty.request.NettyRequestSender - Using open Channel [id: 0x99c11d41, L:/127.0.0.1:55191 - R:localhost/127.0.0.1:62824] for GET '/session/e630ac30197bf782442108d6a348e344/element/915938ba-b439-4dd4-b3b1-9a0225d38ed4/name'
10:27:41.666 [AsyncHttpClient-1-8] DEBUG org.asynchttpclient.netty.handler.HttpHandler - 

Request DefaultFullHttpRequest(decodeResult: success, version: HTTP/1.1, content: EmptyByteBufBE)
GET /session/e630ac30197bf782442108d6a348e344/element/915938ba-b439-4dd4-b3b1-9a0225d38ed4/name HTTP/1.1
User-Agent: selenium/4.1.2 (java windows)
Cache-Control: no-cache
Content-Type: application/json; charset=utf-8
host: localhost:62824
accept: */*

Response DefaultHttpResponse(decodeResult: success, version: HTTP/1.1)
HTTP/1.1 200 OK
Content-Type: application/json; charset=utf-8
cache-control: no-cache
content-length: 18

10:27:41.666 [AsyncHttpClient-1-8] DEBUG org.asynchttpclient.netty.channel.ChannelManager - Adding key: http://localhost:62824 for channel [id: 0x99c11d41, L:/127.0.0.1:55191 - R:localhost/127.0.0.1:62824]
10:27:41.669 [Forwarding isElementEnabled on session e630ac30197bf782442108d6a348e344 to remote] DEBUG org.asynchttpclient.netty.request.NettyRequestSender - Using pooled Channel '[id: 0x99c11d41, L:/127.0.0.1:55191 - R:localhost/127.0.0.1:62824]' for 'GET' to 'http://localhost:62824/session/e630ac30197bf782442108d6a348e344/element/915938ba-b439-4dd4-b3b1-9a0225d38ed4/enabled'
10:27:41.669 [Forwarding isElementEnabled on session e630ac30197bf782442108d6a348e344 to remote] DEBUG org.asynchttpclient.netty.request.NettyRequestSender - Using open Channel [id: 0x99c11d41, L:/127.0.0.1:55191 - R:localhost/127.0.0.1:62824] for GET '/session/e630ac30197bf782442108d6a348e344/element/915938ba-b439-4dd4-b3b1-9a0225d38ed4/enabled'
10:27:41.682 [AsyncHttpClient-1-8] DEBUG org.asynchttpclient.netty.handler.HttpHandler - 

Request DefaultFullHttpRequest(decodeResult: success, version: HTTP/1.1, content: EmptyByteBufBE)
GET /session/e630ac30197bf782442108d6a348e344/element/915938ba-b439-4dd4-b3b1-9a0225d38ed4/enabled HTTP/1.1
User-Agent: selenium/4.1.2 (java windows)
Cache-Control: no-cache
Content-Type: application/json; charset=utf-8
host: localhost:62824
accept: */*

Response DefaultHttpResponse(decodeResult: success, version: HTTP/1.1)
HTTP/1.1 200 OK
Content-Type: application/json; charset=utf-8
cache-control: no-cache
content-length: 14

10:27:41.682 [AsyncHttpClient-1-8] DEBUG org.asynchttpclient.netty.channel.ChannelManager - Adding key: http://localhost:62824 for channel [id: 0x99c11d41, L:/127.0.0.1:55191 - R:localhost/127.0.0.1:62824]
10:27:41.685 [Forwarding isElementEnabled on session e630ac30197bf782442108d6a348e344 to remote] DEBUG org.asynchttpclient.netty.request.NettyRequestSender - Using pooled Channel '[id: 0x99c11d41, L:/127.0.0.1:55191 - R:localhost/127.0.0.1:62824]' for 'GET' to 'http://localhost:62824/session/e630ac30197bf782442108d6a348e344/element/915938ba-b439-4dd4-b3b1-9a0225d38ed4/enabled'
10:27:41.685 [Forwarding isElementEnabled on session e630ac30197bf782442108d6a348e344 to remote] DEBUG org.asynchttpclient.netty.request.NettyRequestSender - Using open Channel [id: 0x99c11d41, L:/127.0.0.1:55191 - R:localhost/127.0.0.1:62824] for GET '/session/e630ac30197bf782442108d6a348e344/element/915938ba-b439-4dd4-b3b1-9a0225d38ed4/enabled'
10:27:41.693 [AsyncHttpClient-1-8] DEBUG org.asynchttpclient.netty.handler.HttpHandler - 

Request DefaultFullHttpRequest(decodeResult: success, version: HTTP/1.1, content: EmptyByteBufBE)
GET /session/e630ac30197bf782442108d6a348e344/element/915938ba-b439-4dd4-b3b1-9a0225d38ed4/enabled HTTP/1.1
User-Agent: selenium/4.1.2 (java windows)
Cache-Control: no-cache
Content-Type: application/json; charset=utf-8
host: localhost:62824
accept: */*

Response DefaultHttpResponse(decodeResult: success, version: HTTP/1.1)
HTTP/1.1 200 OK
Content-Type: application/json; charset=utf-8
cache-control: no-cache
content-length: 14

10:27:41.693 [AsyncHttpClient-1-8] DEBUG org.asynchttpclient.netty.channel.ChannelManager - Adding key: http://localhost:62824 for channel [id: 0x99c11d41, L:/127.0.0.1:55191 - R:localhost/127.0.0.1:62824]
10:27:41.697 [Forwarding findElement on session e630ac30197bf782442108d6a348e344 to remote] DEBUG org.asynchttpclient.netty.request.NettyRequestSender - Using pooled Channel '[id: 0x99c11d41, L:/127.0.0.1:55191 - R:localhost/127.0.0.1:62824]' for 'POST' to 'http://localhost:62824/session/e630ac30197bf782442108d6a348e344/element'
10:27:41.697 [Forwarding findElement on session e630ac30197bf782442108d6a348e344 to remote] DEBUG org.asynchttpclient.netty.request.NettyRequestSender - Using open Channel [id: 0x99c11d41, L:/127.0.0.1:55191 - R:localhost/127.0.0.1:62824] for POST '/session/e630ac30197bf782442108d6a348e344/element'
10:27:41.708 [AsyncHttpClient-1-8] DEBUG org.asynchttpclient.netty.handler.HttpHandler - 

Request DefaultHttpRequest(decodeResult: success, version: HTTP/1.1)
POST /session/e630ac30197bf782442108d6a348e344/element HTTP/1.1
User-Agent: selenium/4.1.2 (java windows)
Content-Length: 65
Content-Type: application/json; charset=utf-8
host: localhost:62824
accept: */*

Response DefaultHttpResponse(decodeResult: success, version: HTTP/1.1)
HTTP/1.1 200 OK
Content-Type: application/json; charset=utf-8
cache-control: no-cache
content-length: 88

10:27:41.708 [AsyncHttpClient-1-8] DEBUG org.asynchttpclient.netty.channel.ChannelManager - Adding key: http://localhost:62824 for channel [id: 0x99c11d41, L:/127.0.0.1:55191 - R:localhost/127.0.0.1:62824]
10:27:41.711 [Forwarding clickElement on session e630ac30197bf782442108d6a348e344 to remote] DEBUG org.asynchttpclient.netty.request.NettyRequestSender - Using pooled Channel '[id: 0x99c11d41, L:/127.0.0.1:55191 - R:localhost/127.0.0.1:62824]' for 'POST' to 'http://localhost:62824/session/e630ac30197bf782442108d6a348e344/element/915938ba-b439-4dd4-b3b1-9a0225d38ed4/click'
10:27:41.711 [Forwarding clickElement on session e630ac30197bf782442108d6a348e344 to remote] DEBUG org.asynchttpclient.netty.request.NettyRequestSender - Using open Channel [id: 0x99c11d41, L:/127.0.0.1:55191 - R:localhost/127.0.0.1:62824] for POST '/session/e630ac30197bf782442108d6a348e344/element/915938ba-b439-4dd4-b3b1-9a0225d38ed4/click'
10:27:41.805 [AsyncHttpClient-1-8] DEBUG org.asynchttpclient.netty.handler.HttpHandler - 

Request DefaultHttpRequest(decodeResult: success, version: HTTP/1.1)
POST /session/e630ac30197bf782442108d6a348e344/element/915938ba-b439-4dd4-b3b1-9a0225d38ed4/click HTTP/1.1
User-Agent: selenium/4.1.2 (java windows)
Content-Length: 50
Content-Type: application/json; charset=utf-8
host: localhost:62824
accept: */*

Response DefaultHttpResponse(decodeResult: success, version: HTTP/1.1)
HTTP/1.1 200 OK
Content-Type: application/json; charset=utf-8
cache-control: no-cache
content-length: 14

10:27:41.805 [AsyncHttpClient-1-8] DEBUG org.asynchttpclient.netty.channel.ChannelManager - Adding key: http://localhost:62824 for channel [id: 0x99c11d41, L:/127.0.0.1:55191 - R:localhost/127.0.0.1:62824]
10:27:41.816 [Forwarding screenshot on session e630ac30197bf782442108d6a348e344 to remote] DEBUG org.asynchttpclient.netty.request.NettyRequestSender - Using pooled Channel '[id: 0x99c11d41, L:/127.0.0.1:55191 - R:localhost/127.0.0.1:62824]' for 'GET' to 'http://localhost:62824/session/e630ac30197bf782442108d6a348e344/screenshot'
10:27:41.816 [Forwarding screenshot on session e630ac30197bf782442108d6a348e344 to remote] DEBUG org.asynchttpclient.netty.request.NettyRequestSender - Using open Channel [id: 0x99c11d41, L:/127.0.0.1:55191 - R:localhost/127.0.0.1:62824] for GET '/session/e630ac30197bf782442108d6a348e344/screenshot'
10:27:41.996 [AsyncHttpClient-1-8] DEBUG org.asynchttpclient.netty.handler.HttpHandler - 

Request DefaultFullHttpRequest(decodeResult: success, version: HTTP/1.1, content: EmptyByteBufBE)
GET /session/e630ac30197bf782442108d6a348e344/screenshot HTTP/1.1
User-Agent: selenium/4.1.2 (java windows)
Cache-Control: no-cache
Content-Type: application/json; charset=utf-8
host: localhost:62824
accept: */*

Response DefaultHttpResponse(decodeResult: success, version: HTTP/1.1)
HTTP/1.1 200 OK
Content-Type: application/json; charset=utf-8
cache-control: no-cache
content-length: 316964

10:27:41.997 [AsyncHttpClient-1-8] DEBUG org.asynchttpclient.netty.channel.ChannelManager - Adding key: http://localhost:62824 for channel [id: 0x99c11d41, L:/127.0.0.1:55191 - R:localhost/127.0.0.1:62824]
10:27:42.010 [main] DEBUG net.serenitybdd.core.photography.Darkroom - Send negative for processing for target\site\serenity\38382c90fe5fc93cdf6ed1a2f9152457b2f841d6ca93b56647e8e82cbd008623.png
10:27:42.010 [main] DEBUG net.thucydides.core.steps.StepInterceptor - STEP DONE: clickLoginButton
10:27:42.010 [Darkroom Processing Line] DEBUG net.serenitybdd.core.photography.DarkroomProcessingLine - Processing screenshot image in /var/screenshots/screenshot-14142013304102984354
10:27:42.010 [Darkroom Processing Line] DEBUG net.serenitybdd.core.photography.DarkroomProcessingLine - Saving screenshot to target\site\serenity\38382c90fe5fc93cdf6ed1a2f9152457b2f841d6ca93b56647e8e82cbd008623.png
10:27:42.016 [main] DEBUG net.thucydides.core.steps.StepInterceptor - STARTING STEP: LoginSteps.iAmOnTheLoginPage - validateOnLoginPage
10:27:42.018 [Forwarding findElement on session e630ac30197bf782442108d6a348e344 to remote] DEBUG org.asynchttpclient.netty.request.NettyRequestSender - Using pooled Channel '[id: 0x99c11d41, L:/127.0.0.1:55191 - R:localhost/127.0.0.1:62824]' for 'POST' to 'http://localhost:62824/session/e630ac30197bf782442108d6a348e344/element'
10:27:42.018 [Forwarding findElement on session e630ac30197bf782442108d6a348e344 to remote] DEBUG org.asynchttpclient.netty.request.NettyRequestSender - Using open Channel [id: 0x99c11d41, L:/127.0.0.1:55191 - R:localhost/127.0.0.1:62824] for POST '/session/e630ac30197bf782442108d6a348e344/element'
10:27:42.025 [AsyncHttpClient-1-8] DEBUG org.asynchttpclient.netty.handler.HttpHandler - 

Request DefaultHttpRequest(decodeResult: success, version: HTTP/1.1)
POST /session/e630ac30197bf782442108d6a348e344/element HTTP/1.1
User-Agent: selenium/4.1.2 (java windows)
Content-Length: 65
Content-Type: application/json; charset=utf-8
host: localhost:62824
accept: */*

Response DefaultHttpResponse(decodeResult: success, version: HTTP/1.1)
HTTP/1.1 200 OK
Content-Type: application/json; charset=utf-8
cache-control: no-cache
content-length: 88

10:27:42.026 [AsyncHttpClient-1-8] DEBUG org.asynchttpclient.netty.channel.ChannelManager - Adding key: http://localhost:62824 for channel [id: 0x99c11d41, L:/127.0.0.1:55191 - R:localhost/127.0.0.1:62824]
10:27:42.029 [Forwarding isElementDisplayed on session e630ac30197bf782442108d6a348e344 to remote] DEBUG org.asynchttpclient.netty.request.NettyRequestSender - Using pooled Channel '[id: 0x99c11d41, L:/127.0.0.1:55191 - R:localhost/127.0.0.1:62824]' for 'POST' to 'http://localhost:62824/session/e630ac30197bf782442108d6a348e344/execute/sync'
10:27:42.029 [Forwarding isElementDisplayed on session e630ac30197bf782442108d6a348e344 to remote] DEBUG org.asynchttpclient.netty.request.NettyRequestSender - Using open Channel [id: 0x99c11d41, L:/127.0.0.1:55191 - R:localhost/127.0.0.1:62824] for POST '/session/e630ac30197bf782442108d6a348e344/execute/sync'
10:27:42.044 [AsyncHttpClient-1-8] DEBUG org.asynchttpclient.netty.handler.HttpHandler - 

Request DefaultHttpRequest(decodeResult: success, version: HTTP/1.1)
POST /session/e630ac30197bf782442108d6a348e344/execute/sync HTTP/1.1
User-Agent: selenium/4.1.2 (java windows)
Content-Length: 48780
Content-Type: application/json; charset=utf-8
host: localhost:62824
accept: */*

Response DefaultHttpResponse(decodeResult: success, version: HTTP/1.1)
HTTP/1.1 200 OK
Content-Type: application/json; charset=utf-8
cache-control: no-cache
content-length: 14

10:27:42.044 [AsyncHttpClient-1-8] DEBUG org.asynchttpclient.netty.channel.ChannelManager - Adding key: http://localhost:62824 for channel [id: 0x99c11d41, L:/127.0.0.1:55191 - R:localhost/127.0.0.1:62824]
10:27:42.050 [main] DEBUG net.thucydides.core.steps.StepInterceptor - STEP DONE: validateOnLoginPage
  &amp#27;[32mGiven &amp#27;[0m&amp#27;[32mI am on the login page&amp#27;[0m               &amp#27;[90m# starter.stepdefinitions.LoginSteps.iAmOnTheLoginPage()&amp#27;[0m
10:27:42.064 [Forwarding screenshot on session e630ac30197bf782442108d6a348e344 to remote] DEBUG org.asynchttpclient.netty.request.NettyRequestSender - Using pooled Channel '[id: 0x99c11d41, L:/127.0.0.1:55191 - R:localhost/127.0.0.1:62824]' for 'GET' to 'http://localhost:62824/session/e630ac30197bf782442108d6a348e344/screenshot'
10:27:42.064 [Forwarding screenshot on session e630ac30197bf782442108d6a348e344 to remote] DEBUG org.asynchttpclient.netty.request.NettyRequestSender - Using open Channel [id: 0x99c11d41, L:/127.0.0.1:55191 - R:localhost/127.0.0.1:62824] for GET '/session/e630ac30197bf782442108d6a348e344/screenshot'
10:27:42.221 [AsyncHttpClient-1-8] DEBUG org.asynchttpclient.netty.handler.HttpHandler - 

Request DefaultFullHttpRequest(decodeResult: success, version: HTTP/1.1, content: EmptyByteBufBE)
GET /session/e630ac30197bf782442108d6a348e344/screenshot HTTP/1.1
User-Agent: selenium/4.1.2 (java windows)
Cache-Control: no-cache
Content-Type: application/json; charset=utf-8
host: localhost:62824
accept: */*

Response DefaultHttpResponse(decodeResult: success, version: HTTP/1.1)
HTTP/1.1 200 OK
Content-Type: application/json; charset=utf-8
cache-control: no-cache
content-length: 346468

10:27:42.222 [AsyncHttpClient-1-8] DEBUG org.asynchttpclient.netty.channel.ChannelManager - Adding key: http://localhost:62824 for channel [id: 0x99c11d41, L:/127.0.0.1:55191 - R:localhost/127.0.0.1:62824]
10:27:42.236 [main] DEBUG net.serenitybdd.core.photography.Darkroom - Send negative for processing for target\site\serenity\08144f58463fa2505820f93fcc9a9f4e8da29c9bf3137b171b87fb8a27b40650.png
10:27:42.236 [main] DEBUG net.thucydides.core.steps.StepInterceptor - STARTING STEP: LoginSteps.iInputValidUsername - inputUsername
10:27:42.236 [Darkroom Processing Line] DEBUG net.serenitybdd.core.photography.DarkroomProcessingLine - Processing screenshot image in /var/screenshots/screenshot-16079247759195122220
10:27:42.236 [Darkroom Processing Line] DEBUG net.serenitybdd.core.photography.DarkroomProcessingLine - Saving screenshot to target\site\serenity\08144f58463fa2505820f93fcc9a9f4e8da29c9bf3137b171b87fb8a27b40650.png
10:27:42.239 [Forwarding findElement on session e630ac30197bf782442108d6a348e344 to remote] DEBUG org.asynchttpclient.netty.request.NettyRequestSender - Using pooled Channel '[id: 0x99c11d41, L:/127.0.0.1:55191 - R:localhost/127.0.0.1:62824]' for 'POST' to 'http://localhost:62824/session/e630ac30197bf782442108d6a348e344/element'
10:27:42.239 [Forwarding findElement on session e630ac30197bf782442108d6a348e344 to remote] DEBUG org.asynchttpclient.netty.request.NettyRequestSender - Using open Channel [id: 0x99c11d41, L:/127.0.0.1:55191 - R:localhost/127.0.0.1:62824] for POST '/session/e630ac30197bf782442108d6a348e344/element'
10:27:42.252 [AsyncHttpClient-1-8] DEBUG org.asynchttpclient.netty.handler.HttpHandler - 

Request DefaultHttpRequest(decodeResult: success, version: HTTP/1.1)
POST /session/e630ac30197bf782442108d6a348e344/element HTTP/1.1
User-Agent: selenium/4.1.2 (java windows)
Content-Length: 53
Content-Type: application/json; charset=utf-8
host: localhost:62824
accept: */*

Response DefaultHttpResponse(decodeResult: success, version: HTTP/1.1)
HTTP/1.1 200 OK
Content-Type: application/json; charset=utf-8
cache-control: no-cache
content-length: 88

10:27:42.252 [AsyncHttpClient-1-8] DEBUG org.asynchttpclient.netty.channel.ChannelManager - Adding key: http://localhost:62824 for channel [id: 0x99c11d41, L:/127.0.0.1:55191 - R:localhost/127.0.0.1:62824]
10:27:42.254 [Forwarding clearElement on session e630ac30197bf782442108d6a348e344 to remote] DEBUG org.asynchttpclient.netty.request.NettyRequestSender - Using pooled Channel '[id: 0x99c11d41, L:/127.0.0.1:55191 - R:localhost/127.0.0.1:62824]' for 'POST' to 'http://localhost:62824/session/e630ac30197bf782442108d6a348e344/element/4f2892cd-be71-4862-a7a7-dc874e68091b/clear'
10:27:42.254 [Forwarding clearElement on session e630ac30197bf782442108d6a348e344 to remote] DEBUG org.asynchttpclient.netty.request.NettyRequestSender - Using open Channel [id: 0x99c11d41, L:/127.0.0.1:55191 - R:localhost/127.0.0.1:62824] for POST '/session/e630ac30197bf782442108d6a348e344/element/4f2892cd-be71-4862-a7a7-dc874e68091b/clear'
10:27:42.290 [AsyncHttpClient-1-8] DEBUG org.asynchttpclient.netty.handler.HttpHandler - 

Request DefaultHttpRequest(decodeResult: success, version: HTTP/1.1)
POST /session/e630ac30197bf782442108d6a348e344/element/4f2892cd-be71-4862-a7a7-dc874e68091b/clear HTTP/1.1
User-Agent: selenium/4.1.2 (java windows)
Content-Length: 50
Content-Type: application/json; charset=utf-8
host: localhost:62824
accept: */*

Response DefaultHttpResponse(decodeResult: success, version: HTTP/1.1)
HTTP/1.1 200 OK
Content-Type: application/json; charset=utf-8
cache-control: no-cache
content-length: 14

10:27:42.290 [AsyncHttpClient-1-8] DEBUG org.asynchttpclient.netty.channel.ChannelManager - Adding key: http://localhost:62824 for channel [id: 0x99c11d41, L:/127.0.0.1:55191 - R:localhost/127.0.0.1:62824]
10:27:42.292 [Forwarding sendKeysToElement on session e630ac30197bf782442108d6a348e344 to remote] DEBUG org.asynchttpclient.netty.request.NettyRequestSender - Using pooled Channel '[id: 0x99c11d41, L:/127.0.0.1:55191 - R:localhost/127.0.0.1:62824]' for 'POST' to 'http://localhost:62824/session/e630ac30197bf782442108d6a348e344/element/4f2892cd-be71-4862-a7a7-dc874e68091b/value'
10:27:42.292 [Forwarding sendKeysToElement on session e630ac30197bf782442108d6a348e344 to remote] DEBUG org.asynchttpclient.netty.request.NettyRequestSender - Using open Channel [id: 0x99c11d41, L:/127.0.0.1:55191 - R:localhost/127.0.0.1:62824] for POST '/session/e630ac30197bf782442108d6a348e344/element/4f2892cd-be71-4862-a7a7-dc874e68091b/value'
10:27:42.376 [AsyncHttpClient-1-8] DEBUG org.asynchttpclient.netty.handler.HttpHandler - 

Request DefaultHttpRequest(decodeResult: success, version: HTTP/1.1)
POST /session/e630ac30197bf782442108d6a348e344/element/4f2892cd-be71-4862-a7a7-dc874e68091b/value HTTP/1.1
User-Agent: selenium/4.1.2 (java windows)
Content-Length: 181
Content-Type: application/json; charset=utf-8
host: localhost:62824
accept: */*

Response DefaultHttpResponse(decodeResult: success, version: HTTP/1.1)
HTTP/1.1 200 OK
Content-Type: application/json; charset=utf-8
cache-control: no-cache
content-length: 14

10:27:42.376 [AsyncHttpClient-1-8] DEBUG org.asynchttpclient.netty.channel.ChannelManager - Adding key: http://localhost:62824 for channel [id: 0x99c11d41, L:/127.0.0.1:55191 - R:localhost/127.0.0.1:62824]
10:27:42.383 [Forwarding screenshot on session e630ac30197bf782442108d6a348e344 to remote] DEBUG org.asynchttpclient.netty.request.NettyRequestSender - Using pooled Channel '[id: 0x99c11d41, L:/127.0.0.1:55191 - R:localhost/127.0.0.1:62824]' for 'GET' to 'http://localhost:62824/session/e630ac30197bf782442108d6a348e344/screenshot'
10:27:42.383 [Forwarding screenshot on session e630ac30197bf782442108d6a348e344 to remote] DEBUG org.asynchttpclient.netty.request.NettyRequestSender - Using open Channel [id: 0x99c11d41, L:/127.0.0.1:55191 - R:localhost/127.0.0.1:62824] for GET '/session/e630ac30197bf782442108d6a348e344/screenshot'
10:27:42.439 [AsyncHttpClient-1-1] DEBUG org.asynchttpclient.netty.channel.DefaultChannelPool - Entry count for : http://localhost:55193 : 1
10:27:42.632 [AsyncHttpClient-1-8] DEBUG org.asynchttpclient.netty.handler.HttpHandler - 

Request DefaultFullHttpRequest(decodeResult: success, version: HTTP/1.1, content: EmptyByteBufBE)
GET /session/e630ac30197bf782442108d6a348e344/screenshot HTTP/1.1
User-Agent: selenium/4.1.2 (java windows)
Cache-Control: no-cache
Content-Type: application/json; charset=utf-8
host: localhost:62824
accept: */*

Response DefaultHttpResponse(decodeResult: success, version: HTTP/1.1)
HTTP/1.1 200 OK
Content-Type: application/json; charset=utf-8
cache-control: no-cache
content-length: 345852

10:27:42.634 [AsyncHttpClient-1-8] DEBUG org.asynchttpclient.netty.channel.ChannelManager - Adding key: http://localhost:62824 for channel [id: 0x99c11d41, L:/127.0.0.1:55191 - R:localhost/127.0.0.1:62824]
10:27:42.648 [main] DEBUG net.serenitybdd.core.photography.Darkroom - Send negative for processing for target\site\serenity\1584ad83b462fd04d15b26c0a0f2845bcdc1afb5bd84d2f615f42184fdbe43bd.png
10:27:42.648 [main] DEBUG net.thucydides.core.steps.StepInterceptor - STEP DONE: inputUsername
  &amp#27;[32mWhen &amp#27;[0m&amp#27;[32mI input valid username&amp#27;[0m                &amp#27;[90m# starter.stepdefinitions.LoginSteps.iInputValidUsername()&amp#27;[0m
10:27:42.649 [Darkroom Processing Line] DEBUG net.serenitybdd.core.photography.DarkroomProcessingLine - Processing screenshot image in /var/screenshots/screenshot-2992679718089811833
10:27:42.649 [Darkroom Processing Line] DEBUG net.serenitybdd.core.photography.DarkroomProcessingLine - Saving screenshot to target\site\serenity\1584ad83b462fd04d15b26c0a0f2845bcdc1afb5bd84d2f615f42184fdbe43bd.png
10:27:42.665 [main] DEBUG net.thucydides.core.steps.StepInterceptor - STARTING STEP: LoginSteps.iInputInvalidPassword - inputPassword
10:27:42.667 [Forwarding findElement on session e630ac30197bf782442108d6a348e344 to remote] DEBUG org.asynchttpclient.netty.request.NettyRequestSender - Using pooled Channel '[id: 0x99c11d41, L:/127.0.0.1:55191 - R:localhost/127.0.0.1:62824]' for 'POST' to 'http://localhost:62824/session/e630ac30197bf782442108d6a348e344/element'
10:27:42.667 [Forwarding findElement on session e630ac30197bf782442108d6a348e344 to remote] DEBUG org.asynchttpclient.netty.request.NettyRequestSender - Using open Channel [id: 0x99c11d41, L:/127.0.0.1:55191 - R:localhost/127.0.0.1:62824] for POST '/session/e630ac30197bf782442108d6a348e344/element'
10:27:42.681 [AsyncHttpClient-1-8] DEBUG org.asynchttpclient.netty.handler.HttpHandler - 

Request DefaultHttpRequest(decodeResult: success, version: HTTP/1.1)
POST /session/e630ac30197bf782442108d6a348e344/element HTTP/1.1
User-Agent: selenium/4.1.2 (java windows)
Content-Length: 53
Content-Type: application/json; charset=utf-8
host: localhost:62824
accept: */*

Response DefaultHttpResponse(decodeResult: success, version: HTTP/1.1)
HTTP/1.1 200 OK
Content-Type: application/json; charset=utf-8
cache-control: no-cache
content-length: 88

10:27:42.681 [AsyncHttpClient-1-8] DEBUG org.asynchttpclient.netty.channel.ChannelManager - Adding key: http://localhost:62824 for channel [id: 0x99c11d41, L:/127.0.0.1:55191 - R:localhost/127.0.0.1:62824]
10:27:42.683 [Forwarding clearElement on session e630ac30197bf782442108d6a348e344 to remote] DEBUG org.asynchttpclient.netty.request.NettyRequestSender - Using pooled Channel '[id: 0x99c11d41, L:/127.0.0.1:55191 - R:localhost/127.0.0.1:62824]' for 'POST' to 'http://localhost:62824/session/e630ac30197bf782442108d6a348e344/element/5f451fa6-16e2-4b93-89b9-021794ca74c4/clear'
10:27:42.683 [Forwarding clearElement on session e630ac30197bf782442108d6a348e344 to remote] DEBUG org.asynchttpclient.netty.request.NettyRequestSender - Using open Channel [id: 0x99c11d41, L:/127.0.0.1:55191 - R:localhost/127.0.0.1:62824] for POST '/session/e630ac30197bf782442108d6a348e344/element/5f451fa6-16e2-4b93-89b9-021794ca74c4/clear'
10:27:42.715 [AsyncHttpClient-1-8] DEBUG org.asynchttpclient.netty.handler.HttpHandler - 

Request DefaultHttpRequest(decodeResult: success, version: HTTP/1.1)
POST /session/e630ac30197bf782442108d6a348e344/element/5f451fa6-16e2-4b93-89b9-021794ca74c4/clear HTTP/1.1
User-Agent: selenium/4.1.2 (java windows)
Content-Length: 50
Content-Type: application/json; charset=utf-8
host: localhost:62824
accept: */*

Response DefaultHttpResponse(decodeResult: success, version: HTTP/1.1)
HTTP/1.1 200 OK
Content-Type: application/json; charset=utf-8
cache-control: no-cache
content-length: 14

10:27:42.715 [AsyncHttpClient-1-8] DEBUG org.asynchttpclient.netty.channel.ChannelManager - Adding key: http://localhost:62824 for channel [id: 0x99c11d41, L:/127.0.0.1:55191 - R:localhost/127.0.0.1:62824]
10:27:42.718 [Forwarding sendKeysToElement on session e630ac30197bf782442108d6a348e344 to remote] DEBUG org.asynchttpclient.netty.request.NettyRequestSender - Using pooled Channel '[id: 0x99c11d41, L:/127.0.0.1:55191 - R:localhost/127.0.0.1:62824]' for 'POST' to 'http://localhost:62824/session/e630ac30197bf782442108d6a348e344/element/5f451fa6-16e2-4b93-89b9-021794ca74c4/value'
10:27:42.718 [Forwarding sendKeysToElement on session e630ac30197bf782442108d6a348e344 to remote] DEBUG org.asynchttpclient.netty.request.NettyRequestSender - Using open Channel [id: 0x99c11d41, L:/127.0.0.1:55191 - R:localhost/127.0.0.1:62824] for POST '/session/e630ac30197bf782442108d6a348e344/element/5f451fa6-16e2-4b93-89b9-021794ca74c4/value'
10:27:42.770 [AsyncHttpClient-1-8] DEBUG org.asynchttpclient.netty.handler.HttpHandler - 

Request DefaultHttpRequest(decodeResult: success, version: HTTP/1.1)
POST /session/e630ac30197bf782442108d6a348e344/element/5f451fa6-16e2-4b93-89b9-021794ca74c4/value HTTP/1.1
User-Agent: selenium/4.1.2 (java windows)
Content-Length: 161
Content-Type: application/json; charset=utf-8
host: localhost:62824
accept: */*

Response DefaultHttpResponse(decodeResult: success, version: HTTP/1.1)
HTTP/1.1 200 OK
Content-Type: application/json; charset=utf-8
cache-control: no-cache
content-length: 14

10:27:42.771 [AsyncHttpClient-1-8] DEBUG org.asynchttpclient.netty.channel.ChannelManager - Adding key: http://localhost:62824 for channel [id: 0x99c11d41, L:/127.0.0.1:55191 - R:localhost/127.0.0.1:62824]
10:27:42.776 [Forwarding screenshot on session e630ac30197bf782442108d6a348e344 to remote] DEBUG org.asynchttpclient.netty.request.NettyRequestSender - Using pooled Channel '[id: 0x99c11d41, L:/127.0.0.1:55191 - R:localhost/127.0.0.1:62824]' for 'GET' to 'http://localhost:62824/session/e630ac30197bf782442108d6a348e344/screenshot'
10:27:42.776 [Forwarding screenshot on session e630ac30197bf782442108d6a348e344 to remote] DEBUG org.asynchttpclient.netty.request.NettyRequestSender - Using open Channel [id: 0x99c11d41, L:/127.0.0.1:55191 - R:localhost/127.0.0.1:62824] for GET '/session/e630ac30197bf782442108d6a348e344/screenshot'
10:27:42.980 [AsyncHttpClient-1-8] DEBUG org.asynchttpclient.netty.handler.HttpHandler - 

Request DefaultFullHttpRequest(decodeResult: success, version: HTTP/1.1, content: EmptyByteBufBE)
GET /session/e630ac30197bf782442108d6a348e344/screenshot HTTP/1.1
User-Agent: selenium/4.1.2 (java windows)
Cache-Control: no-cache
Content-Type: application/json; charset=utf-8
host: localhost:62824
accept: */*

Response DefaultHttpResponse(decodeResult: success, version: HTTP/1.1)
HTTP/1.1 200 OK
Content-Type: application/json; charset=utf-8
cache-control: no-cache
content-length: 343176

10:27:42.981 [AsyncHttpClient-1-8] DEBUG org.asynchttpclient.netty.channel.ChannelManager - Adding key: http://localhost:62824 for channel [id: 0x99c11d41, L:/127.0.0.1:55191 - R:localhost/127.0.0.1:62824]
10:27:42.994 [main] DEBUG net.serenitybdd.core.photography.Darkroom - Send negative for processing for target\site\serenity\7751459d86f89497339bff9caabc9aa82a0cca8364611b576e72f3984b38f6aa.png
10:27:42.995 [main] DEBUG net.thucydides.core.steps.StepInterceptor - STEP DONE: inputPassword
  &amp#27;[32mAnd &amp#27;[0m&amp#27;[32mI input invalid password&amp#27;[0m               &amp#27;[90m# starter.stepdefinitions.LoginSteps.iInputInvalidPassword()&amp#27;[0m
10:27:42.995 [Darkroom Processing Line] DEBUG net.serenitybdd.core.photography.DarkroomProcessingLine - Processing screenshot image in /var/screenshots/screenshot-10359262324850511163
10:27:42.995 [Darkroom Processing Line] DEBUG net.serenitybdd.core.photography.DarkroomProcessingLine - Saving screenshot to target\site\serenity\7751459d86f89497339bff9caabc9aa82a0cca8364611b576e72f3984b38f6aa.png
10:27:43.009 [main] DEBUG net.thucydides.core.steps.StepInterceptor - STARTING STEP: LoginSteps.clickLoginButton - clickLoginButton
10:27:43.011 [Forwarding findElement on session e630ac30197bf782442108d6a348e344 to remote] DEBUG org.asynchttpclient.netty.request.NettyRequestSender - Using pooled Channel '[id: 0x99c11d41, L:/127.0.0.1:55191 - R:localhost/127.0.0.1:62824]' for 'POST' to 'http://localhost:62824/session/e630ac30197bf782442108d6a348e344/element'
10:27:43.011 [Forwarding findElement on session e630ac30197bf782442108d6a348e344 to remote] DEBUG org.asynchttpclient.netty.request.NettyRequestSender - Using open Channel [id: 0x99c11d41, L:/127.0.0.1:55191 - R:localhost/127.0.0.1:62824] for POST '/session/e630ac30197bf782442108d6a348e344/element'
10:27:43.021 [AsyncHttpClient-1-8] DEBUG org.asynchttpclient.netty.handler.HttpHandler - 

Request DefaultHttpRequest(decodeResult: success, version: HTTP/1.1)
POST /session/e630ac30197bf782442108d6a348e344/element HTTP/1.1
User-Agent: selenium/4.1.2 (java windows)
Content-Length: 65
Content-Type: application/json; charset=utf-8
host: localhost:62824
accept: */*

Response DefaultHttpResponse(decodeResult: success, version: HTTP/1.1)
HTTP/1.1 200 OK
Content-Type: application/json; charset=utf-8
cache-control: no-cache
content-length: 88

10:27:43.021 [AsyncHttpClient-1-8] DEBUG org.asynchttpclient.netty.channel.ChannelManager - Adding key: http://localhost:62824 for channel [id: 0x99c11d41, L:/127.0.0.1:55191 - R:localhost/127.0.0.1:62824]
10:27:43.022 [Forwarding getElementTagName on session e630ac30197bf782442108d6a348e344 to remote] DEBUG org.asynchttpclient.netty.request.NettyRequestSender - Using pooled Channel '[id: 0x99c11d41, L:/127.0.0.1:55191 - R:localhost/127.0.0.1:62824]' for 'GET' to 'http://localhost:62824/session/e630ac30197bf782442108d6a348e344/element/399190ce-ac34-466d-87cf-d7b3a084599a/name'
10:27:43.023 [Forwarding getElementTagName on session e630ac30197bf782442108d6a348e344 to remote] DEBUG org.asynchttpclient.netty.request.NettyRequestSender - Using open Channel [id: 0x99c11d41, L:/127.0.0.1:55191 - R:localhost/127.0.0.1:62824] for GET '/session/e630ac30197bf782442108d6a348e344/element/399190ce-ac34-466d-87cf-d7b3a084599a/name'
10:27:43.027 [AsyncHttpClient-1-8] DEBUG org.asynchttpclient.netty.handler.HttpHandler - 

Request DefaultFullHttpRequest(decodeResult: success, version: HTTP/1.1, content: EmptyByteBufBE)
GET /session/e630ac30197bf782442108d6a348e344/element/399190ce-ac34-466d-87cf-d7b3a084599a/name HTTP/1.1
User-Agent: selenium/4.1.2 (java windows)
Cache-Control: no-cache
Content-Type: application/json; charset=utf-8
host: localhost:62824
accept: */*

Response DefaultHttpResponse(decodeResult: success, version: HTTP/1.1)
HTTP/1.1 200 OK
Content-Type: application/json; charset=utf-8
cache-control: no-cache
content-length: 18

10:27:43.027 [AsyncHttpClient-1-8] DEBUG org.asynchttpclient.netty.channel.ChannelManager - Adding key: http://localhost:62824 for channel [id: 0x99c11d41, L:/127.0.0.1:55191 - R:localhost/127.0.0.1:62824]
10:27:43.028 [Forwarding getElementTagName on session e630ac30197bf782442108d6a348e344 to remote] DEBUG org.asynchttpclient.netty.request.NettyRequestSender - Using pooled Channel '[id: 0x99c11d41, L:/127.0.0.1:55191 - R:localhost/127.0.0.1:62824]' for 'GET' to 'http://localhost:62824/session/e630ac30197bf782442108d6a348e344/element/399190ce-ac34-466d-87cf-d7b3a084599a/name'
10:27:43.029 [Forwarding getElementTagName on session e630ac30197bf782442108d6a348e344 to remote] DEBUG org.asynchttpclient.netty.request.NettyRequestSender - Using open Channel [id: 0x99c11d41, L:/127.0.0.1:55191 - R:localhost/127.0.0.1:62824] for GET '/session/e630ac30197bf782442108d6a348e344/element/399190ce-ac34-466d-87cf-d7b3a084599a/name'
10:27:43.032 [AsyncHttpClient-1-8] DEBUG org.asynchttpclient.netty.handler.HttpHandler - 

Request DefaultFullHttpRequest(decodeResult: success, version: HTTP/1.1, content: EmptyByteBufBE)
GET /session/e630ac30197bf782442108d6a348e344/element/399190ce-ac34-466d-87cf-d7b3a084599a/name HTTP/1.1
User-Agent: selenium/4.1.2 (java windows)
Cache-Control: no-cache
Content-Type: application/json; charset=utf-8
host: localhost:62824
accept: */*

Response DefaultHttpResponse(decodeResult: success, version: HTTP/1.1)
HTTP/1.1 200 OK
Content-Type: application/json; charset=utf-8
cache-control: no-cache
content-length: 18

10:27:43.032 [AsyncHttpClient-1-8] DEBUG org.asynchttpclient.netty.channel.ChannelManager - Adding key: http://localhost:62824 for channel [id: 0x99c11d41, L:/127.0.0.1:55191 - R:localhost/127.0.0.1:62824]
10:27:43.034 [Forwarding isElementEnabled on session e630ac30197bf782442108d6a348e344 to remote] DEBUG org.asynchttpclient.netty.request.NettyRequestSender - Using pooled Channel '[id: 0x99c11d41, L:/127.0.0.1:55191 - R:localhost/127.0.0.1:62824]' for 'GET' to 'http://localhost:62824/session/e630ac30197bf782442108d6a348e344/element/399190ce-ac34-466d-87cf-d7b3a084599a/enabled'
10:27:43.035 [Forwarding isElementEnabled on session e630ac30197bf782442108d6a348e344 to remote] DEBUG org.asynchttpclient.netty.request.NettyRequestSender - Using open Channel [id: 0x99c11d41, L:/127.0.0.1:55191 - R:localhost/127.0.0.1:62824] for GET '/session/e630ac30197bf782442108d6a348e344/element/399190ce-ac34-466d-87cf-d7b3a084599a/enabled'
10:27:43.043 [AsyncHttpClient-1-8] DEBUG org.asynchttpclient.netty.handler.HttpHandler - 

Request DefaultFullHttpRequest(decodeResult: success, version: HTTP/1.1, content: EmptyByteBufBE)
GET /session/e630ac30197bf782442108d6a348e344/element/399190ce-ac34-466d-87cf-d7b3a084599a/enabled HTTP/1.1
User-Agent: selenium/4.1.2 (java windows)
Cache-Control: no-cache
Content-Type: application/json; charset=utf-8
host: localhost:62824
accept: */*

Response DefaultHttpResponse(decodeResult: success, version: HTTP/1.1)
HTTP/1.1 200 OK
Content-Type: application/json; charset=utf-8
cache-control: no-cache
content-length: 14

10:27:43.043 [AsyncHttpClient-1-8] DEBUG org.asynchttpclient.netty.channel.ChannelManager - Adding key: http://localhost:62824 for channel [id: 0x99c11d41, L:/127.0.0.1:55191 - R:localhost/127.0.0.1:62824]
10:27:43.045 [Forwarding isElementEnabled on session e630ac30197bf782442108d6a348e344 to remote] DEBUG org.asynchttpclient.netty.request.NettyRequestSender - Using pooled Channel '[id: 0x99c11d41, L:/127.0.0.1:55191 - R:localhost/127.0.0.1:62824]' for 'GET' to 'http://localhost:62824/session/e630ac30197bf782442108d6a348e344/element/399190ce-ac34-466d-87cf-d7b3a084599a/enabled'
10:27:43.045 [Forwarding isElementEnabled on session e630ac30197bf782442108d6a348e344 to remote] DEBUG org.asynchttpclient.netty.request.NettyRequestSender - Using open Channel [id: 0x99c11d41, L:/127.0.0.1:55191 - R:localhost/127.0.0.1:62824] for GET '/session/e630ac30197bf782442108d6a348e344/element/399190ce-ac34-466d-87cf-d7b3a084599a/enabled'
10:27:43.050 [AsyncHttpClient-1-8] DEBUG org.asynchttpclient.netty.handler.HttpHandler - 

Request DefaultFullHttpRequest(decodeResult: success, version: HTTP/1.1, content: EmptyByteBufBE)
GET /session/e630ac30197bf782442108d6a348e344/element/399190ce-ac34-466d-87cf-d7b3a084599a/enabled HTTP/1.1
User-Agent: selenium/4.1.2 (java windows)
Cache-Control: no-cache
Content-Type: application/json; charset=utf-8
host: localhost:62824
accept: */*

Response DefaultHttpResponse(decodeResult: success, version: HTTP/1.1)
HTTP/1.1 200 OK
Content-Type: application/json; charset=utf-8
cache-control: no-cache
content-length: 14

10:27:43.050 [AsyncHttpClient-1-8] DEBUG org.asynchttpclient.netty.channel.ChannelManager - Adding key: http://localhost:62824 for channel [id: 0x99c11d41, L:/127.0.0.1:55191 - R:localhost/127.0.0.1:62824]
10:27:43.052 [Forwarding findElement on session e630ac30197bf782442108d6a348e344 to remote] DEBUG org.asynchttpclient.netty.request.NettyRequestSender - Using pooled Channel '[id: 0x99c11d41, L:/127.0.0.1:55191 - R:localhost/127.0.0.1:62824]' for 'POST' to 'http://localhost:62824/session/e630ac30197bf782442108d6a348e344/element'
10:27:43.052 [Forwarding findElement on session e630ac30197bf782442108d6a348e344 to remote] DEBUG org.asynchttpclient.netty.request.NettyRequestSender - Using open Channel [id: 0x99c11d41, L:/127.0.0.1:55191 - R:localhost/127.0.0.1:62824] for POST '/session/e630ac30197bf782442108d6a348e344/element'
10:27:43.058 [AsyncHttpClient-1-8] DEBUG org.asynchttpclient.netty.handler.HttpHandler - 

Request DefaultHttpRequest(decodeResult: success, version: HTTP/1.1)
POST /session/e630ac30197bf782442108d6a348e344/element HTTP/1.1
User-Agent: selenium/4.1.2 (java windows)
Content-Length: 65
Content-Type: application/json; charset=utf-8
host: localhost:62824
accept: */*

Response DefaultHttpResponse(decodeResult: success, version: HTTP/1.1)
HTTP/1.1 200 OK
Content-Type: application/json; charset=utf-8
cache-control: no-cache
content-length: 88

10:27:43.058 [AsyncHttpClient-1-8] DEBUG org.asynchttpclient.netty.channel.ChannelManager - Adding key: http://localhost:62824 for channel [id: 0x99c11d41, L:/127.0.0.1:55191 - R:localhost/127.0.0.1:62824]
10:27:43.060 [Forwarding clickElement on session e630ac30197bf782442108d6a348e344 to remote] DEBUG org.asynchttpclient.netty.request.NettyRequestSender - Using pooled Channel '[id: 0x99c11d41, L:/127.0.0.1:55191 - R:localhost/127.0.0.1:62824]' for 'POST' to 'http://localhost:62824/session/e630ac30197bf782442108d6a348e344/element/399190ce-ac34-466d-87cf-d7b3a084599a/click'
10:27:43.060 [Forwarding clickElement on session e630ac30197bf782442108d6a348e344 to remote] DEBUG org.asynchttpclient.netty.request.NettyRequestSender - Using open Channel [id: 0x99c11d41, L:/127.0.0.1:55191 - R:localhost/127.0.0.1:62824] for POST '/session/e630ac30197bf782442108d6a348e344/element/399190ce-ac34-466d-87cf-d7b3a084599a/click'
10:27:43.102 [AsyncHttpClient-1-8] DEBUG org.asynchttpclient.netty.handler.HttpHandler - 

Request DefaultHttpRequest(decodeResult: success, version: HTTP/1.1)
POST /session/e630ac30197bf782442108d6a348e344/element/399190ce-ac34-466d-87cf-d7b3a084599a/click HTTP/1.1
User-Agent: selenium/4.1.2 (java windows)
Content-Length: 50
Content-Type: application/json; charset=utf-8
host: localhost:62824
accept: */*

Response DefaultHttpResponse(decodeResult: success, version: HTTP/1.1)
HTTP/1.1 200 OK
Content-Type: application/json; charset=utf-8
cache-control: no-cache
content-length: 14

10:27:43.102 [AsyncHttpClient-1-8] DEBUG org.asynchttpclient.netty.channel.ChannelManager - Adding key: http://localhost:62824 for channel [id: 0x99c11d41, L:/127.0.0.1:55191 - R:localhost/127.0.0.1:62824]
10:27:43.109 [Forwarding screenshot on session e630ac30197bf782442108d6a348e344 to remote] DEBUG org.asynchttpclient.netty.request.NettyRequestSender - Using pooled Channel '[id: 0x99c11d41, L:/127.0.0.1:55191 - R:localhost/127.0.0.1:62824]' for 'GET' to 'http://localhost:62824/session/e630ac30197bf782442108d6a348e344/screenshot'
10:27:43.110 [Forwarding screenshot on session e630ac30197bf782442108d6a348e344 to remote] DEBUG org.asynchttpclient.netty.request.NettyRequestSender - Using open Channel [id: 0x99c11d41, L:/127.0.0.1:55191 - R:localhost/127.0.0.1:62824] for GET '/session/e630ac30197bf782442108d6a348e344/screenshot'
10:27:43.273 [AsyncHttpClient-1-8] DEBUG org.asynchttpclient.netty.handler.HttpHandler - 

Request DefaultFullHttpRequest(decodeResult: success, version: HTTP/1.1, content: EmptyByteBufBE)
GET /session/e630ac30197bf782442108d6a348e344/screenshot HTTP/1.1
User-Agent: selenium/4.1.2 (java windows)
Cache-Control: no-cache
Content-Type: application/json; charset=utf-8
host: localhost:62824
accept: */*

Response DefaultHttpResponse(decodeResult: success, version: HTTP/1.1)
HTTP/1.1 200 OK
Content-Type: application/json; charset=utf-8
cache-control: no-cache
content-length: 322824

10:27:43.275 [AsyncHttpClient-1-8] DEBUG org.asynchttpclient.netty.channel.ChannelManager - Adding key: http://localhost:62824 for channel [id: 0x99c11d41, L:/127.0.0.1:55191 - R:localhost/127.0.0.1:62824]
10:27:43.287 [main] DEBUG net.serenitybdd.core.photography.Darkroom - Send negative for processing for target\site\serenity\34694668e003229b6a5a3fd24ab4603d83dec80a6ecce1a03eb2e4dd20ed5008.png
10:27:43.288 [main] DEBUG net.thucydides.core.steps.StepInterceptor - STEP DONE: clickLoginButton
10:27:43.288 [Darkroom Processing Line] DEBUG net.serenitybdd.core.photography.DarkroomProcessingLine - Processing screenshot image in /var/screenshots/screenshot-16314629302629607244
10:27:43.288 [Darkroom Processing Line] DEBUG net.serenitybdd.core.photography.DarkroomProcessingLine - Saving screenshot to target\site\serenity\34694668e003229b6a5a3fd24ab4603d83dec80a6ecce1a03eb2e4dd20ed5008.png
  &amp#27;[32mAnd &amp#27;[0m&amp#27;[32mclick login button&amp#27;[0m                     &amp#27;[90m# starter.stepdefinitions.LoginSteps.clickLoginButton()&amp#27;[0m
10:27:43.300 [main] DEBUG net.thucydides.core.steps.StepInterceptor - STARTING STEP: LoginSteps.stillOnTheLoginPage - headerAppears
10:27:43.302 [Forwarding findElement on session e630ac30197bf782442108d6a348e344 to remote] DEBUG org.asynchttpclient.netty.request.NettyRequestSender - Using pooled Channel '[id: 0x99c11d41, L:/127.0.0.1:55191 - R:localhost/127.0.0.1:62824]' for 'POST' to 'http://localhost:62824/session/e630ac30197bf782442108d6a348e344/element'
10:27:43.302 [Forwarding findElement on session e630ac30197bf782442108d6a348e344 to remote] DEBUG org.asynchttpclient.netty.request.NettyRequestSender - Using open Channel [id: 0x99c11d41, L:/127.0.0.1:55191 - R:localhost/127.0.0.1:62824] for POST '/session/e630ac30197bf782442108d6a348e344/element'
10:27:43.314 [AsyncHttpClient-1-8] DEBUG org.asynchttpclient.netty.handler.HttpHandler - 

Request DefaultHttpRequest(decodeResult: success, version: HTTP/1.1)
POST /session/e630ac30197bf782442108d6a348e344/element HTTP/1.1
User-Agent: selenium/4.1.2 (java windows)
Content-Length: 102
Content-Type: application/json; charset=utf-8
host: localhost:62824
accept: */*

Response DefaultHttpResponse(decodeResult: success, version: HTTP/1.1)
HTTP/1.1 200 OK
Content-Type: application/json; charset=utf-8
cache-control: no-cache
content-length: 88

10:27:43.315 [AsyncHttpClient-1-8] DEBUG org.asynchttpclient.netty.channel.ChannelManager - Adding key: http://localhost:62824 for channel [id: 0x99c11d41, L:/127.0.0.1:55191 - R:localhost/127.0.0.1:62824]
10:27:43.317 [Forwarding isElementDisplayed on session e630ac30197bf782442108d6a348e344 to remote] DEBUG org.asynchttpclient.netty.request.NettyRequestSender - Using pooled Channel '[id: 0x99c11d41, L:/127.0.0.1:55191 - R:localhost/127.0.0.1:62824]' for 'POST' to 'http://localhost:62824/session/e630ac30197bf782442108d6a348e344/execute/sync'
10:27:43.317 [Forwarding isElementDisplayed on session e630ac30197bf782442108d6a348e344 to remote] DEBUG org.asynchttpclient.netty.request.NettyRequestSender - Using open Channel [id: 0x99c11d41, L:/127.0.0.1:55191 - R:localhost/127.0.0.1:62824] for POST '/session/e630ac30197bf782442108d6a348e344/execute/sync'
10:27:43.331 [AsyncHttpClient-1-8] DEBUG org.asynchttpclient.netty.handler.HttpHandler - 

Request DefaultHttpRequest(decodeResult: success, version: HTTP/1.1)
POST /session/e630ac30197bf782442108d6a348e344/execute/sync HTTP/1.1
User-Agent: selenium/4.1.2 (java windows)
Content-Length: 48780
Content-Type: application/json; charset=utf-8
host: localhost:62824
accept: */*

Response DefaultHttpResponse(decodeResult: success, version: HTTP/1.1)
HTTP/1.1 200 OK
Content-Type: application/json; charset=utf-8
cache-control: no-cache
content-length: 14

10:27:43.331 [AsyncHttpClient-1-8] DEBUG org.asynchttpclient.netty.channel.ChannelManager - Adding key: http://localhost:62824 for channel [id: 0x99c11d41, L:/127.0.0.1:55191 - R:localhost/127.0.0.1:62824]
10:27:43.334 [main] DEBUG net.thucydides.core.steps.StepInterceptor - STEP DONE: headerAppears
10:27:43.339 [Forwarding screenshot on session e630ac30197bf782442108d6a348e344 to remote] DEBUG org.asynchttpclient.netty.request.NettyRequestSender - Using pooled Channel '[id: 0x99c11d41, L:/127.0.0.1:55191 - R:localhost/127.0.0.1:62824]' for 'GET' to 'http://localhost:62824/session/e630ac30197bf782442108d6a348e344/screenshot'
10:27:43.339 [Forwarding screenshot on session e630ac30197bf782442108d6a348e344 to remote] DEBUG org.asynchttpclient.netty.request.NettyRequestSender - Using open Channel [id: 0x99c11d41, L:/127.0.0.1:55191 - R:localhost/127.0.0.1:62824] for GET '/session/e630ac30197bf782442108d6a348e344/screenshot'
10:27:43.539 [AsyncHttpClient-1-1] DEBUG org.asynchttpclient.netty.channel.DefaultChannelPool - Entry count for : http://localhost:55193 : 1
10:27:43.541 [AsyncHttpClient-1-8] DEBUG org.asynchttpclient.netty.handler.HttpHandler - 

Request DefaultFullHttpRequest(decodeResult: success, version: HTTP/1.1, content: EmptyByteBufBE)
GET /session/e630ac30197bf782442108d6a348e344/screenshot HTTP/1.1
User-Agent: selenium/4.1.2 (java windows)
Cache-Control: no-cache
Content-Type: application/json; charset=utf-8
host: localhost:62824
accept: */*

Response DefaultHttpResponse(decodeResult: success, version: HTTP/1.1)
HTTP/1.1 200 OK
Content-Type: application/json; charset=utf-8
cache-control: no-cache
content-length: 322824

10:27:43.543 [AsyncHttpClient-1-8] DEBUG org.asynchttpclient.netty.channel.ChannelManager - Adding key: http://localhost:62824 for channel [id: 0x99c11d41, L:/127.0.0.1:55191 - R:localhost/127.0.0.1:62824]
10:27:43.558 [main] DEBUG net.serenitybdd.core.photography.Darkroom - Send negative for processing for target\site\serenity\34694668e003229b6a5a3fd24ab4603d83dec80a6ecce1a03eb2e4dd20ed5008.png
10:27:43.559 [main] DEBUG net.thucydides.core.steps.StepInterceptor - STARTING STEP: LoginSteps.stillOnTheLoginPage - headerTextEqual
10:27:43.562 [Forwarding findElement on session e630ac30197bf782442108d6a348e344 to remote] DEBUG org.asynchttpclient.netty.request.NettyRequestSender - Using pooled Channel '[id: 0x99c11d41, L:/127.0.0.1:55191 - R:localhost/127.0.0.1:62824]' for 'POST' to 'http://localhost:62824/session/e630ac30197bf782442108d6a348e344/element'
10:27:43.562 [Forwarding findElement on session e630ac30197bf782442108d6a348e344 to remote] DEBUG org.asynchttpclient.netty.request.NettyRequestSender - Using open Channel [id: 0x99c11d41, L:/127.0.0.1:55191 - R:localhost/127.0.0.1:62824] for POST '/session/e630ac30197bf782442108d6a348e344/element'
10:27:43.574 [AsyncHttpClient-1-8] DEBUG org.asynchttpclient.netty.handler.HttpHandler - 

Request DefaultHttpRequest(decodeResult: success, version: HTTP/1.1)
POST /session/e630ac30197bf782442108d6a348e344/element HTTP/1.1
User-Agent: selenium/4.1.2 (java windows)
Content-Length: 102
Content-Type: application/json; charset=utf-8
host: localhost:62824
accept: */*

Response DefaultHttpResponse(decodeResult: success, version: HTTP/1.1)
HTTP/1.1 200 OK
Content-Type: application/json; charset=utf-8
cache-control: no-cache
content-length: 88

10:27:43.574 [AsyncHttpClient-1-8] DEBUG org.asynchttpclient.netty.channel.ChannelManager - Adding key: http://localhost:62824 for channel [id: 0x99c11d41, L:/127.0.0.1:55191 - R:localhost/127.0.0.1:62824]
10:27:43.575 [Forwarding getElementText on session e630ac30197bf782442108d6a348e344 to remote] DEBUG org.asynchttpclient.netty.request.NettyRequestSender - Using pooled Channel '[id: 0x99c11d41, L:/127.0.0.1:55191 - R:localhost/127.0.0.1:62824]' for 'GET' to 'http://localhost:62824/session/e630ac30197bf782442108d6a348e344/element/0f407e1c-2ed3-459f-8aae-a24a17117cae/text'
10:27:43.575 [Forwarding getElementText on session e630ac30197bf782442108d6a348e344 to remote] DEBUG org.asynchttpclient.netty.request.NettyRequestSender - Using open Channel [id: 0x99c11d41, L:/127.0.0.1:55191 - R:localhost/127.0.0.1:62824] for GET '/session/e630ac30197bf782442108d6a348e344/element/0f407e1c-2ed3-459f-8aae-a24a17117cae/text'
10:27:43.628 [AsyncHttpClient-1-8] DEBUG org.asynchttpclient.netty.handler.HttpHandler - 

Request DefaultFullHttpRequest(decodeResult: success, version: HTTP/1.1, content: EmptyByteBufBE)
GET /session/e630ac30197bf782442108d6a348e344/element/0f407e1c-2ed3-459f-8aae-a24a17117cae/text HTTP/1.1
User-Agent: selenium/4.1.2 (java windows)
Cache-Control: no-cache
Content-Type: application/json; charset=utf-8
host: localhost:62824
accept: */*

Response DefaultHttpResponse(decodeResult: success, version: HTTP/1.1)
HTTP/1.1 200 OK
Content-Type: application/json; charset=utf-8
cache-control: no-cache
content-length: 17

10:27:43.628 [AsyncHttpClient-1-8] DEBUG org.asynchttpclient.netty.channel.ChannelManager - Adding key: http://localhost:62824 for channel [id: 0x99c11d41, L:/127.0.0.1:55191 - R:localhost/127.0.0.1:62824]
10:27:43.633 [Forwarding screenshot on session e630ac30197bf782442108d6a348e344 to remote] DEBUG org.asynchttpclient.netty.request.NettyRequestSender - Using pooled Channel '[id: 0x99c11d41, L:/127.0.0.1:55191 - R:localhost/127.0.0.1:62824]' for 'GET' to 'http://localhost:62824/session/e630ac30197bf782442108d6a348e344/screenshot'
10:27:43.633 [Forwarding screenshot on session e630ac30197bf782442108d6a348e344 to remote] DEBUG org.asynchttpclient.netty.request.NettyRequestSender - Using open Channel [id: 0x99c11d41, L:/127.0.0.1:55191 - R:localhost/127.0.0.1:62824] for GET '/session/e630ac30197bf782442108d6a348e344/screenshot'
10:27:43.834 [AsyncHttpClient-1-8] DEBUG org.asynchttpclient.netty.handler.HttpHandler - 

Request DefaultFullHttpRequest(decodeResult: success, version: HTTP/1.1, content: EmptyByteBufBE)
GET /session/e630ac30197bf782442108d6a348e344/screenshot HTTP/1.1
User-Agent: selenium/4.1.2 (java windows)
Cache-Control: no-cache
Content-Type: application/json; charset=utf-8
host: localhost:62824
accept: */*

Response DefaultHttpResponse(decodeResult: success, version: HTTP/1.1)
HTTP/1.1 200 OK
Content-Type: application/json; charset=utf-8
cache-control: no-cache
content-length: 348604

10:27:43.835 [AsyncHttpClient-1-8] DEBUG org.asynchttpclient.netty.channel.ChannelManager - Adding key: http://localhost:62824 for channel [id: 0x99c11d41, L:/127.0.0.1:55191 - R:localhost/127.0.0.1:62824]
10:27:43.847 [main] DEBUG net.serenitybdd.core.photography.Darkroom - Send negative for processing for target\site\serenity\0704397c746b8ac952dcb34bff201294de54b0e620c23a77d8cc7e907b974f94.png
10:27:43.847 [main] DEBUG net.thucydides.core.steps.StepInterceptor - STEP DONE: headerTextEqual
  &amp#27;[32mThen &amp#27;[0m&amp#27;[32mI'm still on the login page&amp#27;[0m           &amp#27;[90m# starter.stepdefinitions.LoginSteps.stillOnTheLoginPage()&amp#27;[0m
10:27:43.847 [Darkroom Processing Line] DEBUG net.serenitybdd.core.photography.DarkroomProcessingLine - Processing screenshot image in /var/screenshots/screenshot-6605173729143849595
10:27:43.847 [Darkroom Processing Line] DEBUG net.serenitybdd.core.photography.DarkroomProcessingLine - Saving screenshot to target\site\serenity\0704397c746b8ac952dcb34bff201294de54b0e620c23a77d8cc7e907b974f94.png
10:27:43.852 [main] INFO  - 
  _____   ___   ___   _____     ___     _     ___   ___   ___   ___  
 |_   _| | __| / __| |_   _|   | _ \   /_\   / __| / __| | __| |   \ 
   | |   | _|  \__ \   | |     |  _/  / _ \  \__ \ \__ \ | _|  | |) |
   |_|   |___| |___/   |_|     |_|   /_/ \_\ |___/ |___/ |___| |___/ 

Failed login with invalid password
----------------------------------------------------------------------
10:27:43.853 [AsyncHttpClient-1-10] DEBUG org.asynchttpclient.netty.handler.WebSocketHandler - Channel Closed: [id: 0x0f0299cd, L:/127.0.0.1:55202 ! R:localhost/127.0.0.1:55193] with attribute NettyResponseFuture{currentRetry=5,
	isDone=1,
	isCancelled=0,
	asyncHandler=org.asynchttpclient.ws.WebSocketUpgradeHandler@57c651bb,
	nettyRequest=org.asynchttpclient.netty.request.NettyRequest@2577b291,
	future=java.util.concurrent.CompletableFuture@2ff25d49[Completed normally],
	uri=ws://localhost:55193/devtools/browser/128f9677-0369-4499-8fca-df2e73409862,
	keepAlive=true,
	redirectCount=0,
	timeoutsHolder=null,
	inAuth=0,
	touch=1648610855173}
10:27:43.853 [AsyncHttpClient-1-10] DEBUG org.asynchttpclient.netty.channel.ChannelManager - Closing Channel [id: 0x0f0299cd, L:/127.0.0.1:55202 ! R:localhost/127.0.0.1:55193] 
10:27:43.853 [Driver Command Executor] DEBUG org.asynchttpclient.netty.request.NettyRequestSender - Using pooled Channel '[id: 0x99c11d41, L:/127.0.0.1:55191 - R:localhost/127.0.0.1:62824]' for 'DELETE' to 'http://localhost:62824/session/e630ac30197bf782442108d6a348e344'
10:27:43.853 [Driver Command Executor] DEBUG org.asynchttpclient.netty.request.NettyRequestSender - Using open Channel [id: 0x99c11d41, L:/127.0.0.1:55191 - R:localhost/127.0.0.1:62824] for DELETE '/session/e630ac30197bf782442108d6a348e344'
10:27:43.871 [AsyncHttpClient-1-9] DEBUG org.asynchttpclient.netty.handler.HttpHandler - Unexpected I/O exception on channel [id: 0x0fd74215, L:/127.0.0.1:55199 - R:localhost/127.0.0.1:55193]
java.net.SocketException: Connection reset
	at java.base/sun.nio.ch.SocketChannelImpl.throwConnectionReset(SocketChannelImpl.java:394)
	at java.base/sun.nio.ch.SocketChannelImpl.read(SocketChannelImpl.java:426)
	at io.netty.buffer.PooledByteBuf.setBytes(PooledByteBuf.java:258)
	at io.netty.buffer.AbstractByteBuf.writeBytes(AbstractByteBuf.java:1132)
	at io.netty.channel.socket.nio.NioSocketChannel.doReadBytes(NioSocketChannel.java:350)
	at io.netty.channel.nio.AbstractNioByteChannel$NioByteUnsafe.read(AbstractNioByteChannel.java:151)
	at io.netty.channel.nio.NioEventLoop.processSelectedKey(NioEventLoop.java:722)
	at io.netty.channel.nio.NioEventLoop.processSelectedKeysOptimized(NioEventLoop.java:658)
	at io.netty.channel.nio.NioEventLoop.processSelectedKeys(NioEventLoop.java:584)
	at io.netty.channel.nio.NioEventLoop.run(NioEventLoop.java:496)
	at io.netty.util.concurrent.SingleThreadEventExecutor$4.run(SingleThreadEventExecutor.java:986)
	at io.netty.util.internal.ThreadExecutorMap$2.run(ThreadExecutorMap.java:74)
	at io.netty.util.concurrent.FastThreadLocalRunnable.run(FastThreadLocalRunnable.java:30)
	at java.base/java.lang.Thread.run(Thread.java:833)
10:27:43.872 [AsyncHttpClient-1-9] DEBUG org.asynchttpclient.netty.channel.ChannelManager - Closing Channel [id: 0x0fd74215, L:/127.0.0.1:55199 - R:localhost/127.0.0.1:55193] 
10:27:43.872 [AsyncHttpClient-1-9] DEBUG org.asynchttpclient.netty.handler.HttpHandler - Channel Closed: [id: 0x0fd74215, L:/127.0.0.1:55199 ! R:localhost/127.0.0.1:55193] with attribute DISCARD
10:27:43.894 [AsyncHttpClient-1-8] DEBUG org.asynchttpclient.netty.handler.HttpHandler - 

Request DefaultFullHttpRequest(decodeResult: success, version: HTTP/1.1, content: EmptyByteBufBE)
DELETE /session/e630ac30197bf782442108d6a348e344 HTTP/1.1
User-Agent: selenium/4.1.2 (java windows)
Content-Type: application/json; charset=utf-8
host: localhost:62824
accept: */*

Response DefaultHttpResponse(decodeResult: success, version: HTTP/1.1)
HTTP/1.1 200 OK
Content-Type: application/json; charset=utf-8
cache-control: no-cache
content-length: 14

10:27:43.895 [AsyncHttpClient-1-8] DEBUG org.asynchttpclient.netty.channel.ChannelManager - Adding key: http://localhost:62824 for channel [id: 0x99c11d41, L:/127.0.0.1:55191 - R:localhost/127.0.0.1:62824]
10:27:44.022 [AsyncHttpClient-1-8] DEBUG org.asynchttpclient.netty.handler.HttpHandler - Channel Closed: [id: 0x99c11d41, L:/127.0.0.1:55191 ! R:localhost/127.0.0.1:62824] with attribute DISCARD
]]></system-out>
    <system-err><![CDATA[Starting ChromeDriver 99.0.4844.51 (d537ec02474b5afe23684e7963d538896c63ac77-refs/branch-heads/4844@{#875}) on port 62824
Only local connections are allowed.
Please see https://chromedriver.chromium.org/security-considerations for suggestions on keeping ChromeDriver safe.
ChromeDriver was started successfully.
Mar 30, 2022 10:27:35 AM org.openqa.selenium.remote.ProtocolHandshake createSession
INFO: Detected dialect: W3C
Mar 30, 2022 10:27:35 AM org.openqa.selenium.devtools.CdpVersionFinder findNearestMatch
WARNING: Unable to find an exact match for CDP version 99, so returning the closest version found: 97
Mar 30, 2022 10:27:35 AM org.openqa.selenium.devtools.CdpVersionFinder findNearestMatch
INFO: Found CDP implementation for version 99 of 97
]]></system-err>
  </testcase>
  <testcase name="Failed login with invalid username and password" classname="Login" time="13.658">
    <system-out><![CDATA[
Scenario: Failed login with invalid username and password &amp#27;[90m# src/test/resources/features/Login.feature:27&amp#27;[0m
10:27:44.196 [main] INFO io.cucumber.core.plugin.SerenityReporter - Running feature from file:///D:/WebProgramming/section20/src/test/resources/features/Login.feature
10:27:44.198 [main] INFO  - 
  _____   ___   ___   _____     ___   _____     _     ___   _____   ___   ___  
 |_   _| | __| / __| |_   _|   / __| |_   _|   /_\   | _ \ |_   _| | __| |   \ 
   | |   | _|  \__ \   | |     \__ \   | |    / _ \  |   /   | |   | _|  | |) |
   |_|   |___| |___/   |_|     |___/   |_|   /_/ \_\ |_|_\   |_|   |___| |___/ 

Failed login with invalid username and password(login;failed-login-with-invalid-username-and-password)
--------------------------------------------------------------------------------
10:27:44.215 [main] DEBUG net.thucydides.core.steps.StepInterceptor - STARTING STEP: LoginSteps.iAmOnTheLoginPage - openUrl
10:27:44.216 [main] INFO net.serenitybdd.core.webdriver.driverproviders.ChromeDriverProvider - Using automatically driver download
10:27:44.348 [main] DEBUG io.github.bonigarcia.wdm.cache.ResolutionCache - Resolution chrome=99 in cache (valid until 11:23:23 30/03/2022 WIB)
10:27:44.350 [main] DEBUG io.github.bonigarcia.wdm.cache.ResolutionCache - Resolution chrome99=99.0.4844.51 in cache (valid until 10:23:23 31/03/2022 WIB)
10:27:44.352 [main] INFO io.github.bonigarcia.wdm.WebDriverManager - Using chromedriver 99.0.4844.51 (resolved driver for Chrome 99)
10:27:44.359 [main] DEBUG io.github.bonigarcia.wdm.WebDriverManager - Driver chromedriver 99.0.4844.51 found in cache
10:27:44.360 [main] INFO io.github.bonigarcia.wdm.WebDriverManager - Exporting webdriver.chrome.driver as C:\Users\USER\.cache\selenium\chromedriver\win32\99.0.4844.51\chromedriver.exe
10:27:44.476 [main] DEBUG net.serenitybdd.core.webdriver.driverproviders.ProvideNewDriver - Instantiating driver
10:27:44.476 [main] DEBUG net.serenitybdd.core.webdriver.driverproviders.ProvideNewDriver - Driver capabilities: Capabilities {acceptInsecureCerts: false, base.url: https://demoqa.com/, browserName: chrome, chrome.driver: src/test/resources/webdrive..., driver: chrome, goog:chromeOptions: {args: [], extensions: []}}
10:27:44.559 [AsyncHttpClient-1-11] DEBUG org.asynchttpclient.netty.channel.NettyConnectListener - Using new Channel '[id: 0x5aa1654e, L:/127.0.0.1:55256 - R:localhost/127.0.0.1:63288]' for 'POST' to '/session'
10:27:44.643 [AsyncHttpClient-1-1] DEBUG org.asynchttpclient.netty.channel.DefaultChannelPool - Entry count for : http://localhost:55193 : 1
10:27:44.643 [AsyncHttpClient-1-1] DEBUG org.asynchttpclient.netty.channel.DefaultChannelPool - Entry count for : http://localhost:62824 : 1
10:27:44.643 [AsyncHttpClient-1-1] DEBUG org.asynchttpclient.netty.channel.DefaultChannelPool - Adding Candidate expired Channel [id: 0x0fd74215, L:/127.0.0.1:55199 ! R:localhost/127.0.0.1:55193] isIdleTimeoutExpired=false isRemotelyClosed=true isTtlExpired=false
10:27:44.643 [AsyncHttpClient-1-1] DEBUG org.asynchttpclient.netty.channel.DefaultChannelPool - Closing Idle Channel [id: 0x0fd74215, L:/127.0.0.1:55199 ! R:localhost/127.0.0.1:55193]
10:27:44.643 [AsyncHttpClient-1-1] DEBUG org.asynchttpclient.netty.channel.DefaultChannelPool - Adding Candidate expired Channel [id: 0x99c11d41, L:/127.0.0.1:55191 ! R:localhost/127.0.0.1:62824] isIdleTimeoutExpired=false isRemotelyClosed=true isTtlExpired=false
10:27:44.643 [AsyncHttpClient-1-1] DEBUG org.asynchttpclient.netty.channel.DefaultChannelPool - Closing Idle Channel [id: 0x99c11d41, L:/127.0.0.1:55191 ! R:localhost/127.0.0.1:62824]
10:27:44.643 [AsyncHttpClient-1-1] DEBUG org.asynchttpclient.netty.channel.DefaultChannelPool - Closed 2 connections out of 2 in 0 ms
10:27:45.826 [AsyncHttpClient-1-11] DEBUG org.asynchttpclient.netty.handler.HttpHandler - 

Request DefaultHttpRequest(decodeResult: success, version: HTTP/1.1)
POST /session HTTP/1.1
User-Agent: selenium/4.1.2 (java windows)
Content-Length: 605
Content-Type: application/json; charset=utf-8
host: localhost:63288
accept: */*

Response DefaultHttpResponse(decodeResult: success, version: HTTP/1.1)
HTTP/1.1 200 OK
Content-Type: application/json; charset=utf-8
cache-control: no-cache
content-length: 787

10:27:45.826 [AsyncHttpClient-1-11] DEBUG org.asynchttpclient.netty.channel.ChannelManager - Adding key: http://localhost:63288 for channel [id: 0x5aa1654e, L:/127.0.0.1:55256 - R:localhost/127.0.0.1:63288]
10:27:45.840 [AsyncHttpClient-1-12] DEBUG org.asynchttpclient.netty.channel.NettyConnectListener - Using new Channel '[id: 0x0d0a47a9, L:/127.0.0.1:55265 - R:localhost/127.0.0.1:55257]' for 'GET' to '/json/version'
10:27:45.854 [AsyncHttpClient-1-12] DEBUG org.asynchttpclient.netty.handler.HttpHandler - 

Request DefaultFullHttpRequest(decodeResult: success, version: HTTP/1.1, content: EmptyByteBufBE)
GET /json/version HTTP/1.1
User-Agent: selenium/4.1.2 (java windows)
host: localhost:55257
accept: */*

Response DefaultHttpResponse(decodeResult: success, version: HTTP/1.1)
HTTP/1.1 200 OK
Content-Type: application/json; charset=UTF-8
content-length: 424

10:27:45.855 [AsyncHttpClient-1-12] DEBUG org.asynchttpclient.netty.channel.ChannelManager - Adding key: http://localhost:55257 for channel [id: 0x0d0a47a9, L:/127.0.0.1:55265 - R:localhost/127.0.0.1:55257]
10:27:45.860 [AsyncHttpClient-1-13] DEBUG org.asynchttpclient.netty.channel.NettyConnectListener - Using new Channel '[id: 0x851bed22, L:/127.0.0.1:55266 - R:localhost/127.0.0.1:55257]' for 'GET' to '/devtools/browser/04d9413b-eb40-4792-83b5-66d14600e427'
10:27:45.872 [AsyncHttpClient-1-13] DEBUG org.asynchttpclient.netty.handler.WebSocketHandler - 

Request DefaultFullHttpRequest(decodeResult: success, version: HTTP/1.1, content: EmptyByteBufBE)
GET /devtools/browser/04d9413b-eb40-4792-83b5-66d14600e427 HTTP/1.1
upgrade: websocket
connection: upgrade
sec-websocket-key: R/YtciE3lnYOIokl2kpBBA==
sec-websocket-version: 13
origin: http://localhost:55257
host: localhost:55257
accept: */*
user-agent: AHC/2.1

Response DefaultHttpResponse(decodeResult: success, version: HTTP/1.1)
HTTP/1.1 101 WebSocket Protocol Handshake
Upgrade: WebSocket
Connection: Upgrade
Sec-WebSocket-Accept: U6h+Ni2H3PMIqTCFDG8SHwFkR5g=

10:27:45.879 [Forwarding get on session f66d4477adc068de78c9d6770905d24f to remote] DEBUG org.asynchttpclient.netty.request.NettyRequestSender - Using pooled Channel '[id: 0x5aa1654e, L:/127.0.0.1:55256 - R:localhost/127.0.0.1:63288]' for 'POST' to 'http://localhost:63288/session/f66d4477adc068de78c9d6770905d24f/url'
10:27:45.879 [Forwarding get on session f66d4477adc068de78c9d6770905d24f to remote] DEBUG org.asynchttpclient.netty.request.NettyRequestSender - Using open Channel [id: 0x5aa1654e, L:/127.0.0.1:55256 - R:localhost/127.0.0.1:63288] for POST '/session/f66d4477adc068de78c9d6770905d24f/url'
10:27:46.838 [AsyncHttpClient-1-1] DEBUG org.asynchttpclient.netty.channel.DefaultChannelPool - Entry count for : http://localhost:55257 : 1
10:27:47.939 [AsyncHttpClient-1-1] DEBUG org.asynchttpclient.netty.channel.DefaultChannelPool - Entry count for : http://localhost:55257 : 1
10:27:49.047 [AsyncHttpClient-1-1] DEBUG org.asynchttpclient.netty.channel.DefaultChannelPool - Entry count for : http://localhost:55257 : 1
10:27:50.138 [AsyncHttpClient-1-1] DEBUG org.asynchttpclient.netty.channel.DefaultChannelPool - Entry count for : http://localhost:55257 : 1
10:27:51.241 [AsyncHttpClient-1-1] DEBUG org.asynchttpclient.netty.channel.DefaultChannelPool - Entry count for : http://localhost:55257 : 1
10:27:52.337 [AsyncHttpClient-1-11] DEBUG org.asynchttpclient.netty.handler.HttpHandler - 

Request DefaultHttpRequest(decodeResult: success, version: HTTP/1.1)
POST /session/f66d4477adc068de78c9d6770905d24f/url HTTP/1.1
User-Agent: selenium/4.1.2 (java windows)
Content-Length: 49
Content-Type: application/json; charset=utf-8
host: localhost:63288
accept: */*

Response DefaultHttpResponse(decodeResult: success, version: HTTP/1.1)
HTTP/1.1 200 OK
Content-Type: application/json; charset=utf-8
cache-control: no-cache
content-length: 14

10:27:52.337 [AsyncHttpClient-1-11] DEBUG org.asynchttpclient.netty.channel.ChannelManager - Adding key: http://localhost:63288 for channel [id: 0x5aa1654e, L:/127.0.0.1:55256 - R:localhost/127.0.0.1:63288]
10:27:52.341 [Forwarding setTimeout on session f66d4477adc068de78c9d6770905d24f to remote] DEBUG org.asynchttpclient.netty.request.NettyRequestSender - Using pooled Channel '[id: 0x5aa1654e, L:/127.0.0.1:55256 - R:localhost/127.0.0.1:63288]' for 'POST' to 'http://localhost:63288/session/f66d4477adc068de78c9d6770905d24f/timeouts'
10:27:52.341 [Forwarding setTimeout on session f66d4477adc068de78c9d6770905d24f to remote] DEBUG org.asynchttpclient.netty.request.NettyRequestSender - Using open Channel [id: 0x5aa1654e, L:/127.0.0.1:55256 - R:localhost/127.0.0.1:63288] for POST '/session/f66d4477adc068de78c9d6770905d24f/timeouts'
10:27:52.344 [AsyncHttpClient-1-11] DEBUG org.asynchttpclient.netty.handler.HttpHandler - 

Request DefaultHttpRequest(decodeResult: success, version: HTTP/1.1)
POST /session/f66d4477adc068de78c9d6770905d24f/timeouts HTTP/1.1
User-Agent: selenium/4.1.2 (java windows)
Content-Length: 22
Content-Type: application/json; charset=utf-8
host: localhost:63288
accept: */*

Response DefaultHttpResponse(decodeResult: success, version: HTTP/1.1)
HTTP/1.1 200 OK
Content-Type: application/json; charset=utf-8
cache-control: no-cache
content-length: 14

10:27:52.344 [AsyncHttpClient-1-11] DEBUG org.asynchttpclient.netty.channel.ChannelManager - Adding key: http://localhost:63288 for channel [id: 0x5aa1654e, L:/127.0.0.1:55256 - R:localhost/127.0.0.1:63288]
10:27:52.352 [AsyncHttpClient-1-1] DEBUG org.asynchttpclient.netty.channel.DefaultChannelPool - Entry count for : http://localhost:63288 : 1
10:27:52.352 [AsyncHttpClient-1-1] DEBUG org.asynchttpclient.netty.channel.DefaultChannelPool - Entry count for : http://localhost:55257 : 1
10:27:52.353 [Forwarding getCurrentUrl on session f66d4477adc068de78c9d6770905d24f to remote] DEBUG org.asynchttpclient.netty.request.NettyRequestSender - Using pooled Channel '[id: 0x5aa1654e, L:/127.0.0.1:55256 - R:localhost/127.0.0.1:63288]' for 'GET' to 'http://localhost:63288/session/f66d4477adc068de78c9d6770905d24f/url'
10:27:52.353 [Forwarding getCurrentUrl on session f66d4477adc068de78c9d6770905d24f to remote] DEBUG org.asynchttpclient.netty.request.NettyRequestSender - Using open Channel [id: 0x5aa1654e, L:/127.0.0.1:55256 - R:localhost/127.0.0.1:63288] for GET '/session/f66d4477adc068de78c9d6770905d24f/url'
10:27:52.384 [AsyncHttpClient-1-11] DEBUG org.asynchttpclient.netty.handler.HttpHandler - 

Request DefaultFullHttpRequest(decodeResult: success, version: HTTP/1.1, content: EmptyByteBufBE)
GET /session/f66d4477adc068de78c9d6770905d24f/url HTTP/1.1
User-Agent: selenium/4.1.2 (java windows)
Cache-Control: no-cache
Content-Type: application/json; charset=utf-8
host: localhost:63288
accept: */*

Response DefaultHttpResponse(decodeResult: success, version: HTTP/1.1)
HTTP/1.1 200 OK
Content-Type: application/json; charset=utf-8
cache-control: no-cache
content-length: 31

10:27:52.384 [AsyncHttpClient-1-11] DEBUG org.asynchttpclient.netty.channel.ChannelManager - Adding key: http://localhost:63288 for channel [id: 0x5aa1654e, L:/127.0.0.1:55256 - R:localhost/127.0.0.1:63288]
10:27:52.391 [Forwarding getCurrentUrl on session f66d4477adc068de78c9d6770905d24f to remote] DEBUG org.asynchttpclient.netty.request.NettyRequestSender - Using pooled Channel '[id: 0x5aa1654e, L:/127.0.0.1:55256 - R:localhost/127.0.0.1:63288]' for 'GET' to 'http://localhost:63288/session/f66d4477adc068de78c9d6770905d24f/url'
10:27:52.391 [Forwarding getCurrentUrl on session f66d4477adc068de78c9d6770905d24f to remote] DEBUG org.asynchttpclient.netty.request.NettyRequestSender - Using open Channel [id: 0x5aa1654e, L:/127.0.0.1:55256 - R:localhost/127.0.0.1:63288] for GET '/session/f66d4477adc068de78c9d6770905d24f/url'
10:27:52.400 [AsyncHttpClient-1-11] DEBUG org.asynchttpclient.netty.handler.HttpHandler - 

Request DefaultFullHttpRequest(decodeResult: success, version: HTTP/1.1, content: EmptyByteBufBE)
GET /session/f66d4477adc068de78c9d6770905d24f/url HTTP/1.1
User-Agent: selenium/4.1.2 (java windows)
Cache-Control: no-cache
Content-Type: application/json; charset=utf-8
host: localhost:63288
accept: */*

Response DefaultHttpResponse(decodeResult: success, version: HTTP/1.1)
HTTP/1.1 200 OK
Content-Type: application/json; charset=utf-8
cache-control: no-cache
content-length: 31

10:27:52.400 [AsyncHttpClient-1-11] DEBUG org.asynchttpclient.netty.channel.ChannelManager - Adding key: http://localhost:63288 for channel [id: 0x5aa1654e, L:/127.0.0.1:55256 - R:localhost/127.0.0.1:63288]
10:27:52.416 [Forwarding screenshot on session f66d4477adc068de78c9d6770905d24f to remote] DEBUG org.asynchttpclient.netty.request.NettyRequestSender - Using pooled Channel '[id: 0x5aa1654e, L:/127.0.0.1:55256 - R:localhost/127.0.0.1:63288]' for 'GET' to 'http://localhost:63288/session/f66d4477adc068de78c9d6770905d24f/screenshot'
10:27:52.416 [Forwarding screenshot on session f66d4477adc068de78c9d6770905d24f to remote] DEBUG org.asynchttpclient.netty.request.NettyRequestSender - Using open Channel [id: 0x5aa1654e, L:/127.0.0.1:55256 - R:localhost/127.0.0.1:63288] for GET '/session/f66d4477adc068de78c9d6770905d24f/screenshot'
10:27:53.617 [AsyncHttpClient-1-1] DEBUG org.asynchttpclient.netty.channel.DefaultChannelPool - Entry count for : http://localhost:55257 : 1
10:27:54.173 [AsyncHttpClient-1-11] DEBUG org.asynchttpclient.netty.handler.HttpHandler - 

Request DefaultFullHttpRequest(decodeResult: success, version: HTTP/1.1, content: EmptyByteBufBE)
GET /session/f66d4477adc068de78c9d6770905d24f/screenshot HTTP/1.1
User-Agent: selenium/4.1.2 (java windows)
Cache-Control: no-cache
Content-Type: application/json; charset=utf-8
host: localhost:63288
accept: */*

Response DefaultHttpResponse(decodeResult: success, version: HTTP/1.1)
HTTP/1.1 200 OK
Content-Type: application/json; charset=utf-8
cache-control: no-cache
content-length: 338288

10:27:54.179 [AsyncHttpClient-1-11] DEBUG org.asynchttpclient.netty.channel.ChannelManager - Adding key: http://localhost:63288 for channel [id: 0x5aa1654e, L:/127.0.0.1:55256 - R:localhost/127.0.0.1:63288]
10:27:54.252 [main] DEBUG net.serenitybdd.core.photography.Darkroom - Send negative for processing for target\site\serenity\9bb17664fda982de66c06191a5464ceffede8d7c1568755368989ad36464dd9e.png
10:27:54.252 [main] DEBUG net.thucydides.core.steps.StepInterceptor - STEP DONE: openUrl
10:27:54.266 [main] DEBUG net.thucydides.core.steps.StepInterceptor - STARTING STEP: LoginSteps.iAmOnTheLoginPage - openBooks
10:27:54.271 [Forwarding findElement on session f66d4477adc068de78c9d6770905d24f to remote] DEBUG org.asynchttpclient.netty.request.NettyRequestSender - Using pooled Channel '[id: 0x5aa1654e, L:/127.0.0.1:55256 - R:localhost/127.0.0.1:63288]' for 'POST' to 'http://localhost:63288/session/f66d4477adc068de78c9d6770905d24f/element'
10:27:54.271 [Forwarding findElement on session f66d4477adc068de78c9d6770905d24f to remote] DEBUG org.asynchttpclient.netty.request.NettyRequestSender - Using open Channel [id: 0x5aa1654e, L:/127.0.0.1:55256 - R:localhost/127.0.0.1:63288] for POST '/session/f66d4477adc068de78c9d6770905d24f/element'
10:27:54.334 [Darkroom Processing Line] DEBUG net.serenitybdd.core.photography.DarkroomProcessingLine - Processing screenshot image in /var/screenshots/screenshot-195881967537929098
10:27:54.334 [Darkroom Processing Line] DEBUG net.serenitybdd.core.photography.DarkroomProcessingLine - Saving screenshot to target\site\serenity\9bb17664fda982de66c06191a5464ceffede8d7c1568755368989ad36464dd9e.png
10:27:54.644 [AsyncHttpClient-1-1] DEBUG org.asynchttpclient.netty.channel.DefaultChannelPool - Entry count for : http://localhost:55257 : 1
10:27:54.826 [AsyncHttpClient-1-11] DEBUG org.asynchttpclient.netty.handler.HttpHandler - 

Request DefaultHttpRequest(decodeResult: success, version: HTTP/1.1)
POST /session/f66d4477adc068de78c9d6770905d24f/element HTTP/1.1
User-Agent: selenium/4.1.2 (java windows)
Content-Length: 73
Content-Type: application/json; charset=utf-8
host: localhost:63288
accept: */*

Response DefaultHttpResponse(decodeResult: success, version: HTTP/1.1)
HTTP/1.1 200 OK
Content-Type: application/json; charset=utf-8
cache-control: no-cache
content-length: 88

10:27:54.827 [AsyncHttpClient-1-11] DEBUG org.asynchttpclient.netty.channel.ChannelManager - Adding key: http://localhost:63288 for channel [id: 0x5aa1654e, L:/127.0.0.1:55256 - R:localhost/127.0.0.1:63288]
10:27:54.829 [Forwarding getElementTagName on session f66d4477adc068de78c9d6770905d24f to remote] DEBUG org.asynchttpclient.netty.request.NettyRequestSender - Using pooled Channel '[id: 0x5aa1654e, L:/127.0.0.1:55256 - R:localhost/127.0.0.1:63288]' for 'GET' to 'http://localhost:63288/session/f66d4477adc068de78c9d6770905d24f/element/d70847cf-81a1-44f8-8b03-0cf13ad30879/name'
10:27:54.829 [Forwarding getElementTagName on session f66d4477adc068de78c9d6770905d24f to remote] DEBUG org.asynchttpclient.netty.request.NettyRequestSender - Using open Channel [id: 0x5aa1654e, L:/127.0.0.1:55256 - R:localhost/127.0.0.1:63288] for GET '/session/f66d4477adc068de78c9d6770905d24f/element/d70847cf-81a1-44f8-8b03-0cf13ad30879/name'
10:27:54.870 [AsyncHttpClient-1-11] DEBUG org.asynchttpclient.netty.handler.HttpHandler - 

Request DefaultFullHttpRequest(decodeResult: success, version: HTTP/1.1, content: EmptyByteBufBE)
GET /session/f66d4477adc068de78c9d6770905d24f/element/d70847cf-81a1-44f8-8b03-0cf13ad30879/name HTTP/1.1
User-Agent: selenium/4.1.2 (java windows)
Cache-Control: no-cache
Content-Type: application/json; charset=utf-8
host: localhost:63288
accept: */*

Response DefaultHttpResponse(decodeResult: success, version: HTTP/1.1)
HTTP/1.1 200 OK
Content-Type: application/json; charset=utf-8
cache-control: no-cache
content-length: 15

10:27:54.870 [AsyncHttpClient-1-11] DEBUG org.asynchttpclient.netty.channel.ChannelManager - Adding key: http://localhost:63288 for channel [id: 0x5aa1654e, L:/127.0.0.1:55256 - R:localhost/127.0.0.1:63288]
10:27:54.872 [Forwarding getElementTagName on session f66d4477adc068de78c9d6770905d24f to remote] DEBUG org.asynchttpclient.netty.request.NettyRequestSender - Using pooled Channel '[id: 0x5aa1654e, L:/127.0.0.1:55256 - R:localhost/127.0.0.1:63288]' for 'GET' to 'http://localhost:63288/session/f66d4477adc068de78c9d6770905d24f/element/d70847cf-81a1-44f8-8b03-0cf13ad30879/name'
10:27:54.872 [Forwarding getElementTagName on session f66d4477adc068de78c9d6770905d24f to remote] DEBUG org.asynchttpclient.netty.request.NettyRequestSender - Using open Channel [id: 0x5aa1654e, L:/127.0.0.1:55256 - R:localhost/127.0.0.1:63288] for GET '/session/f66d4477adc068de78c9d6770905d24f/element/d70847cf-81a1-44f8-8b03-0cf13ad30879/name'
10:27:54.880 [AsyncHttpClient-1-11] DEBUG org.asynchttpclient.netty.handler.HttpHandler - 

Request DefaultFullHttpRequest(decodeResult: success, version: HTTP/1.1, content: EmptyByteBufBE)
GET /session/f66d4477adc068de78c9d6770905d24f/element/d70847cf-81a1-44f8-8b03-0cf13ad30879/name HTTP/1.1
User-Agent: selenium/4.1.2 (java windows)
Cache-Control: no-cache
Content-Type: application/json; charset=utf-8
host: localhost:63288
accept: */*

Response DefaultHttpResponse(decodeResult: success, version: HTTP/1.1)
HTTP/1.1 200 OK
Content-Type: application/json; charset=utf-8
cache-control: no-cache
content-length: 15

10:27:54.880 [AsyncHttpClient-1-11] DEBUG org.asynchttpclient.netty.channel.ChannelManager - Adding key: http://localhost:63288 for channel [id: 0x5aa1654e, L:/127.0.0.1:55256 - R:localhost/127.0.0.1:63288]
10:27:54.882 [Forwarding findElement on session f66d4477adc068de78c9d6770905d24f to remote] DEBUG org.asynchttpclient.netty.request.NettyRequestSender - Using pooled Channel '[id: 0x5aa1654e, L:/127.0.0.1:55256 - R:localhost/127.0.0.1:63288]' for 'POST' to 'http://localhost:63288/session/f66d4477adc068de78c9d6770905d24f/element'
10:27:54.882 [Forwarding findElement on session f66d4477adc068de78c9d6770905d24f to remote] DEBUG org.asynchttpclient.netty.request.NettyRequestSender - Using open Channel [id: 0x5aa1654e, L:/127.0.0.1:55256 - R:localhost/127.0.0.1:63288] for POST '/session/f66d4477adc068de78c9d6770905d24f/element'
10:27:54.894 [AsyncHttpClient-1-11] DEBUG org.asynchttpclient.netty.handler.HttpHandler - 

Request DefaultHttpRequest(decodeResult: success, version: HTTP/1.1)
POST /session/f66d4477adc068de78c9d6770905d24f/element HTTP/1.1
User-Agent: selenium/4.1.2 (java windows)
Content-Length: 73
Content-Type: application/json; charset=utf-8
host: localhost:63288
accept: */*

Response DefaultHttpResponse(decodeResult: success, version: HTTP/1.1)
HTTP/1.1 200 OK
Content-Type: application/json; charset=utf-8
cache-control: no-cache
content-length: 88

10:27:54.894 [AsyncHttpClient-1-11] DEBUG org.asynchttpclient.netty.channel.ChannelManager - Adding key: http://localhost:63288 for channel [id: 0x5aa1654e, L:/127.0.0.1:55256 - R:localhost/127.0.0.1:63288]
10:27:54.901 [Forwarding clickElement on session f66d4477adc068de78c9d6770905d24f to remote] DEBUG org.asynchttpclient.netty.request.NettyRequestSender - Using pooled Channel '[id: 0x5aa1654e, L:/127.0.0.1:55256 - R:localhost/127.0.0.1:63288]' for 'POST' to 'http://localhost:63288/session/f66d4477adc068de78c9d6770905d24f/element/d70847cf-81a1-44f8-8b03-0cf13ad30879/click'
10:27:54.901 [Forwarding clickElement on session f66d4477adc068de78c9d6770905d24f to remote] DEBUG org.asynchttpclient.netty.request.NettyRequestSender - Using open Channel [id: 0x5aa1654e, L:/127.0.0.1:55256 - R:localhost/127.0.0.1:63288] for POST '/session/f66d4477adc068de78c9d6770905d24f/element/d70847cf-81a1-44f8-8b03-0cf13ad30879/click'
10:27:55.076 [AsyncHttpClient-1-11] DEBUG org.asynchttpclient.netty.handler.HttpHandler - 

Request DefaultHttpRequest(decodeResult: success, version: HTTP/1.1)
POST /session/f66d4477adc068de78c9d6770905d24f/element/d70847cf-81a1-44f8-8b03-0cf13ad30879/click HTTP/1.1
User-Agent: selenium/4.1.2 (java windows)
Content-Length: 50
Content-Type: application/json; charset=utf-8
host: localhost:63288
accept: */*

Response DefaultHttpResponse(decodeResult: success, version: HTTP/1.1)
HTTP/1.1 200 OK
Content-Type: application/json; charset=utf-8
cache-control: no-cache
content-length: 14

10:27:55.077 [AsyncHttpClient-1-11] DEBUG org.asynchttpclient.netty.channel.ChannelManager - Adding key: http://localhost:63288 for channel [id: 0x5aa1654e, L:/127.0.0.1:55256 - R:localhost/127.0.0.1:63288]
10:27:55.087 [Forwarding screenshot on session f66d4477adc068de78c9d6770905d24f to remote] DEBUG org.asynchttpclient.netty.request.NettyRequestSender - Using pooled Channel '[id: 0x5aa1654e, L:/127.0.0.1:55256 - R:localhost/127.0.0.1:63288]' for 'GET' to 'http://localhost:63288/session/f66d4477adc068de78c9d6770905d24f/screenshot'
10:27:55.087 [Forwarding screenshot on session f66d4477adc068de78c9d6770905d24f to remote] DEBUG org.asynchttpclient.netty.request.NettyRequestSender - Using open Channel [id: 0x5aa1654e, L:/127.0.0.1:55256 - R:localhost/127.0.0.1:63288] for GET '/session/f66d4477adc068de78c9d6770905d24f/screenshot'
10:27:55.388 [AsyncHttpClient-1-11] DEBUG org.asynchttpclient.netty.handler.HttpHandler - 

Request DefaultFullHttpRequest(decodeResult: success, version: HTTP/1.1, content: EmptyByteBufBE)
GET /session/f66d4477adc068de78c9d6770905d24f/screenshot HTTP/1.1
User-Agent: selenium/4.1.2 (java windows)
Cache-Control: no-cache
Content-Type: application/json; charset=utf-8
host: localhost:63288
accept: */*

Response DefaultHttpResponse(decodeResult: success, version: HTTP/1.1)
HTTP/1.1 200 OK
Content-Type: application/json; charset=utf-8
cache-control: no-cache
content-length: 229528

10:27:55.389 [AsyncHttpClient-1-11] DEBUG org.asynchttpclient.netty.channel.ChannelManager - Adding key: http://localhost:63288 for channel [id: 0x5aa1654e, L:/127.0.0.1:55256 - R:localhost/127.0.0.1:63288]
10:27:55.399 [main] DEBUG net.serenitybdd.core.photography.Darkroom - Send negative for processing for target\site\serenity\5ba14b3347ab9bc0b74571c3d329e2a7848e281aecf334f4192b6381e5e25f1b.png
10:27:55.399 [main] DEBUG net.thucydides.core.steps.StepInterceptor - STEP DONE: openBooks
10:27:55.399 [Darkroom Processing Line] DEBUG net.serenitybdd.core.photography.DarkroomProcessingLine - Processing screenshot image in /var/screenshots/screenshot-9036281237072936351
10:27:55.399 [Darkroom Processing Line] DEBUG net.serenitybdd.core.photography.DarkroomProcessingLine - Saving screenshot to target\site\serenity\5ba14b3347ab9bc0b74571c3d329e2a7848e281aecf334f4192b6381e5e25f1b.png
10:27:55.404 [main] DEBUG net.thucydides.core.steps.StepInterceptor - STARTING STEP: LoginSteps.iAmOnTheLoginPage - clickLoginButton
10:27:55.410 [Forwarding findElement on session f66d4477adc068de78c9d6770905d24f to remote] DEBUG org.asynchttpclient.netty.request.NettyRequestSender - Using pooled Channel '[id: 0x5aa1654e, L:/127.0.0.1:55256 - R:localhost/127.0.0.1:63288]' for 'POST' to 'http://localhost:63288/session/f66d4477adc068de78c9d6770905d24f/element'
10:27:55.410 [Forwarding findElement on session f66d4477adc068de78c9d6770905d24f to remote] DEBUG org.asynchttpclient.netty.request.NettyRequestSender - Using open Channel [id: 0x5aa1654e, L:/127.0.0.1:55256 - R:localhost/127.0.0.1:63288] for POST '/session/f66d4477adc068de78c9d6770905d24f/element'
10:27:55.430 [AsyncHttpClient-1-11] DEBUG org.asynchttpclient.netty.handler.HttpHandler - 

Request DefaultHttpRequest(decodeResult: success, version: HTTP/1.1)
POST /session/f66d4477adc068de78c9d6770905d24f/element HTTP/1.1
User-Agent: selenium/4.1.2 (java windows)
Content-Length: 65
Content-Type: application/json; charset=utf-8
host: localhost:63288
accept: */*

Response DefaultHttpResponse(decodeResult: success, version: HTTP/1.1)
HTTP/1.1 200 OK
Content-Type: application/json; charset=utf-8
cache-control: no-cache
content-length: 88

10:27:55.430 [AsyncHttpClient-1-11] DEBUG org.asynchttpclient.netty.channel.ChannelManager - Adding key: http://localhost:63288 for channel [id: 0x5aa1654e, L:/127.0.0.1:55256 - R:localhost/127.0.0.1:63288]
10:27:55.433 [Forwarding getElementTagName on session f66d4477adc068de78c9d6770905d24f to remote] DEBUG org.asynchttpclient.netty.request.NettyRequestSender - Using pooled Channel '[id: 0x5aa1654e, L:/127.0.0.1:55256 - R:localhost/127.0.0.1:63288]' for 'GET' to 'http://localhost:63288/session/f66d4477adc068de78c9d6770905d24f/element/bcda93b3-6f3e-4d45-8ea6-a33fa1ddb71c/name'
10:27:55.433 [Forwarding getElementTagName on session f66d4477adc068de78c9d6770905d24f to remote] DEBUG org.asynchttpclient.netty.request.NettyRequestSender - Using open Channel [id: 0x5aa1654e, L:/127.0.0.1:55256 - R:localhost/127.0.0.1:63288] for GET '/session/f66d4477adc068de78c9d6770905d24f/element/bcda93b3-6f3e-4d45-8ea6-a33fa1ddb71c/name'
10:27:55.437 [AsyncHttpClient-1-11] DEBUG org.asynchttpclient.netty.handler.HttpHandler - 

Request DefaultFullHttpRequest(decodeResult: success, version: HTTP/1.1, content: EmptyByteBufBE)
GET /session/f66d4477adc068de78c9d6770905d24f/element/bcda93b3-6f3e-4d45-8ea6-a33fa1ddb71c/name HTTP/1.1
User-Agent: selenium/4.1.2 (java windows)
Cache-Control: no-cache
Content-Type: application/json; charset=utf-8
host: localhost:63288
accept: */*

Response DefaultHttpResponse(decodeResult: success, version: HTTP/1.1)
HTTP/1.1 200 OK
Content-Type: application/json; charset=utf-8
cache-control: no-cache
content-length: 18

10:27:55.438 [AsyncHttpClient-1-11] DEBUG org.asynchttpclient.netty.channel.ChannelManager - Adding key: http://localhost:63288 for channel [id: 0x5aa1654e, L:/127.0.0.1:55256 - R:localhost/127.0.0.1:63288]
10:27:55.440 [Forwarding getElementTagName on session f66d4477adc068de78c9d6770905d24f to remote] DEBUG org.asynchttpclient.netty.request.NettyRequestSender - Using pooled Channel '[id: 0x5aa1654e, L:/127.0.0.1:55256 - R:localhost/127.0.0.1:63288]' for 'GET' to 'http://localhost:63288/session/f66d4477adc068de78c9d6770905d24f/element/bcda93b3-6f3e-4d45-8ea6-a33fa1ddb71c/name'
10:27:55.440 [Forwarding getElementTagName on session f66d4477adc068de78c9d6770905d24f to remote] DEBUG org.asynchttpclient.netty.request.NettyRequestSender - Using open Channel [id: 0x5aa1654e, L:/127.0.0.1:55256 - R:localhost/127.0.0.1:63288] for GET '/session/f66d4477adc068de78c9d6770905d24f/element/bcda93b3-6f3e-4d45-8ea6-a33fa1ddb71c/name'
10:27:55.444 [AsyncHttpClient-1-11] DEBUG org.asynchttpclient.netty.handler.HttpHandler - 

Request DefaultFullHttpRequest(decodeResult: success, version: HTTP/1.1, content: EmptyByteBufBE)
GET /session/f66d4477adc068de78c9d6770905d24f/element/bcda93b3-6f3e-4d45-8ea6-a33fa1ddb71c/name HTTP/1.1
User-Agent: selenium/4.1.2 (java windows)
Cache-Control: no-cache
Content-Type: application/json; charset=utf-8
host: localhost:63288
accept: */*

Response DefaultHttpResponse(decodeResult: success, version: HTTP/1.1)
HTTP/1.1 200 OK
Content-Type: application/json; charset=utf-8
cache-control: no-cache
content-length: 18

10:27:55.444 [AsyncHttpClient-1-11] DEBUG org.asynchttpclient.netty.channel.ChannelManager - Adding key: http://localhost:63288 for channel [id: 0x5aa1654e, L:/127.0.0.1:55256 - R:localhost/127.0.0.1:63288]
10:27:55.448 [Forwarding isElementEnabled on session f66d4477adc068de78c9d6770905d24f to remote] DEBUG org.asynchttpclient.netty.request.NettyRequestSender - Using pooled Channel '[id: 0x5aa1654e, L:/127.0.0.1:55256 - R:localhost/127.0.0.1:63288]' for 'GET' to 'http://localhost:63288/session/f66d4477adc068de78c9d6770905d24f/element/bcda93b3-6f3e-4d45-8ea6-a33fa1ddb71c/enabled'
10:27:55.449 [Forwarding isElementEnabled on session f66d4477adc068de78c9d6770905d24f to remote] DEBUG org.asynchttpclient.netty.request.NettyRequestSender - Using open Channel [id: 0x5aa1654e, L:/127.0.0.1:55256 - R:localhost/127.0.0.1:63288] for GET '/session/f66d4477adc068de78c9d6770905d24f/element/bcda93b3-6f3e-4d45-8ea6-a33fa1ddb71c/enabled'
10:27:55.477 [AsyncHttpClient-1-11] DEBUG org.asynchttpclient.netty.handler.HttpHandler - 

Request DefaultFullHttpRequest(decodeResult: success, version: HTTP/1.1, content: EmptyByteBufBE)
GET /session/f66d4477adc068de78c9d6770905d24f/element/bcda93b3-6f3e-4d45-8ea6-a33fa1ddb71c/enabled HTTP/1.1
User-Agent: selenium/4.1.2 (java windows)
Cache-Control: no-cache
Content-Type: application/json; charset=utf-8
host: localhost:63288
accept: */*

Response DefaultHttpResponse(decodeResult: success, version: HTTP/1.1)
HTTP/1.1 200 OK
Content-Type: application/json; charset=utf-8
cache-control: no-cache
content-length: 14

10:27:55.477 [AsyncHttpClient-1-11] DEBUG org.asynchttpclient.netty.channel.ChannelManager - Adding key: http://localhost:63288 for channel [id: 0x5aa1654e, L:/127.0.0.1:55256 - R:localhost/127.0.0.1:63288]
10:27:55.479 [Forwarding isElementEnabled on session f66d4477adc068de78c9d6770905d24f to remote] DEBUG org.asynchttpclient.netty.request.NettyRequestSender - Using pooled Channel '[id: 0x5aa1654e, L:/127.0.0.1:55256 - R:localhost/127.0.0.1:63288]' for 'GET' to 'http://localhost:63288/session/f66d4477adc068de78c9d6770905d24f/element/bcda93b3-6f3e-4d45-8ea6-a33fa1ddb71c/enabled'
10:27:55.479 [Forwarding isElementEnabled on session f66d4477adc068de78c9d6770905d24f to remote] DEBUG org.asynchttpclient.netty.request.NettyRequestSender - Using open Channel [id: 0x5aa1654e, L:/127.0.0.1:55256 - R:localhost/127.0.0.1:63288] for GET '/session/f66d4477adc068de78c9d6770905d24f/element/bcda93b3-6f3e-4d45-8ea6-a33fa1ddb71c/enabled'
10:27:55.488 [AsyncHttpClient-1-11] DEBUG org.asynchttpclient.netty.handler.HttpHandler - 

Request DefaultFullHttpRequest(decodeResult: success, version: HTTP/1.1, content: EmptyByteBufBE)
GET /session/f66d4477adc068de78c9d6770905d24f/element/bcda93b3-6f3e-4d45-8ea6-a33fa1ddb71c/enabled HTTP/1.1
User-Agent: selenium/4.1.2 (java windows)
Cache-Control: no-cache
Content-Type: application/json; charset=utf-8
host: localhost:63288
accept: */*

Response DefaultHttpResponse(decodeResult: success, version: HTTP/1.1)
HTTP/1.1 200 OK
Content-Type: application/json; charset=utf-8
cache-control: no-cache
content-length: 14

10:27:55.489 [AsyncHttpClient-1-11] DEBUG org.asynchttpclient.netty.channel.ChannelManager - Adding key: http://localhost:63288 for channel [id: 0x5aa1654e, L:/127.0.0.1:55256 - R:localhost/127.0.0.1:63288]
10:27:55.492 [Forwarding findElement on session f66d4477adc068de78c9d6770905d24f to remote] DEBUG org.asynchttpclient.netty.request.NettyRequestSender - Using pooled Channel '[id: 0x5aa1654e, L:/127.0.0.1:55256 - R:localhost/127.0.0.1:63288]' for 'POST' to 'http://localhost:63288/session/f66d4477adc068de78c9d6770905d24f/element'
10:27:55.492 [Forwarding findElement on session f66d4477adc068de78c9d6770905d24f to remote] DEBUG org.asynchttpclient.netty.request.NettyRequestSender - Using open Channel [id: 0x5aa1654e, L:/127.0.0.1:55256 - R:localhost/127.0.0.1:63288] for POST '/session/f66d4477adc068de78c9d6770905d24f/element'
10:27:55.503 [AsyncHttpClient-1-11] DEBUG org.asynchttpclient.netty.handler.HttpHandler - 

Request DefaultHttpRequest(decodeResult: success, version: HTTP/1.1)
POST /session/f66d4477adc068de78c9d6770905d24f/element HTTP/1.1
User-Agent: selenium/4.1.2 (java windows)
Content-Length: 65
Content-Type: application/json; charset=utf-8
host: localhost:63288
accept: */*

Response DefaultHttpResponse(decodeResult: success, version: HTTP/1.1)
HTTP/1.1 200 OK
Content-Type: application/json; charset=utf-8
cache-control: no-cache
content-length: 88

10:27:55.504 [AsyncHttpClient-1-11] DEBUG org.asynchttpclient.netty.channel.ChannelManager - Adding key: http://localhost:63288 for channel [id: 0x5aa1654e, L:/127.0.0.1:55256 - R:localhost/127.0.0.1:63288]
10:27:55.506 [Forwarding clickElement on session f66d4477adc068de78c9d6770905d24f to remote] DEBUG org.asynchttpclient.netty.request.NettyRequestSender - Using pooled Channel '[id: 0x5aa1654e, L:/127.0.0.1:55256 - R:localhost/127.0.0.1:63288]' for 'POST' to 'http://localhost:63288/session/f66d4477adc068de78c9d6770905d24f/element/bcda93b3-6f3e-4d45-8ea6-a33fa1ddb71c/click'
10:27:55.506 [Forwarding clickElement on session f66d4477adc068de78c9d6770905d24f to remote] DEBUG org.asynchttpclient.netty.request.NettyRequestSender - Using open Channel [id: 0x5aa1654e, L:/127.0.0.1:55256 - R:localhost/127.0.0.1:63288] for POST '/session/f66d4477adc068de78c9d6770905d24f/element/bcda93b3-6f3e-4d45-8ea6-a33fa1ddb71c/click'
10:27:55.604 [AsyncHttpClient-1-11] DEBUG org.asynchttpclient.netty.handler.HttpHandler - 

Request DefaultHttpRequest(decodeResult: success, version: HTTP/1.1)
POST /session/f66d4477adc068de78c9d6770905d24f/element/bcda93b3-6f3e-4d45-8ea6-a33fa1ddb71c/click HTTP/1.1
User-Agent: selenium/4.1.2 (java windows)
Content-Length: 50
Content-Type: application/json; charset=utf-8
host: localhost:63288
accept: */*

Response DefaultHttpResponse(decodeResult: success, version: HTTP/1.1)
HTTP/1.1 200 OK
Content-Type: application/json; charset=utf-8
cache-control: no-cache
content-length: 14

10:27:55.604 [AsyncHttpClient-1-11] DEBUG org.asynchttpclient.netty.channel.ChannelManager - Adding key: http://localhost:63288 for channel [id: 0x5aa1654e, L:/127.0.0.1:55256 - R:localhost/127.0.0.1:63288]
10:27:55.615 [Forwarding screenshot on session f66d4477adc068de78c9d6770905d24f to remote] DEBUG org.asynchttpclient.netty.request.NettyRequestSender - Using pooled Channel '[id: 0x5aa1654e, L:/127.0.0.1:55256 - R:localhost/127.0.0.1:63288]' for 'GET' to 'http://localhost:63288/session/f66d4477adc068de78c9d6770905d24f/screenshot'
10:27:55.615 [Forwarding screenshot on session f66d4477adc068de78c9d6770905d24f to remote] DEBUG org.asynchttpclient.netty.request.NettyRequestSender - Using open Channel [id: 0x5aa1654e, L:/127.0.0.1:55256 - R:localhost/127.0.0.1:63288] for GET '/session/f66d4477adc068de78c9d6770905d24f/screenshot'
10:27:55.747 [AsyncHttpClient-1-1] DEBUG org.asynchttpclient.netty.channel.DefaultChannelPool - Entry count for : http://localhost:55257 : 1
10:27:55.842 [AsyncHttpClient-1-11] DEBUG org.asynchttpclient.netty.handler.HttpHandler - 

Request DefaultFullHttpRequest(decodeResult: success, version: HTTP/1.1, content: EmptyByteBufBE)
GET /session/f66d4477adc068de78c9d6770905d24f/screenshot HTTP/1.1
User-Agent: selenium/4.1.2 (java windows)
Cache-Control: no-cache
Content-Type: application/json; charset=utf-8
host: localhost:63288
accept: */*

Response DefaultHttpResponse(decodeResult: success, version: HTTP/1.1)
HTTP/1.1 200 OK
Content-Type: application/json; charset=utf-8
cache-control: no-cache
content-length: 317836

10:27:55.844 [AsyncHttpClient-1-11] DEBUG org.asynchttpclient.netty.channel.ChannelManager - Adding key: http://localhost:63288 for channel [id: 0x5aa1654e, L:/127.0.0.1:55256 - R:localhost/127.0.0.1:63288]
10:27:55.860 [main] DEBUG net.serenitybdd.core.photography.Darkroom - Send negative for processing for target\site\serenity\014de6d2a4a2cda169d1e188ab09b07228288c148f07437a969c4ab1205972d8.png
10:27:55.860 [main] DEBUG net.thucydides.core.steps.StepInterceptor - STEP DONE: clickLoginButton
10:27:55.860 [Darkroom Processing Line] DEBUG net.serenitybdd.core.photography.DarkroomProcessingLine - Processing screenshot image in /var/screenshots/screenshot-2071995584963484377
10:27:55.860 [Darkroom Processing Line] DEBUG net.serenitybdd.core.photography.DarkroomProcessingLine - Saving screenshot to target\site\serenity\014de6d2a4a2cda169d1e188ab09b07228288c148f07437a969c4ab1205972d8.png
10:27:55.867 [main] DEBUG net.thucydides.core.steps.StepInterceptor - STARTING STEP: LoginSteps.iAmOnTheLoginPage - validateOnLoginPage
10:27:55.869 [Forwarding findElement on session f66d4477adc068de78c9d6770905d24f to remote] DEBUG org.asynchttpclient.netty.request.NettyRequestSender - Using pooled Channel '[id: 0x5aa1654e, L:/127.0.0.1:55256 - R:localhost/127.0.0.1:63288]' for 'POST' to 'http://localhost:63288/session/f66d4477adc068de78c9d6770905d24f/element'
10:27:55.869 [Forwarding findElement on session f66d4477adc068de78c9d6770905d24f to remote] DEBUG org.asynchttpclient.netty.request.NettyRequestSender - Using open Channel [id: 0x5aa1654e, L:/127.0.0.1:55256 - R:localhost/127.0.0.1:63288] for POST '/session/f66d4477adc068de78c9d6770905d24f/element'
10:27:55.877 [AsyncHttpClient-1-11] DEBUG org.asynchttpclient.netty.handler.HttpHandler - 

Request DefaultHttpRequest(decodeResult: success, version: HTTP/1.1)
POST /session/f66d4477adc068de78c9d6770905d24f/element HTTP/1.1
User-Agent: selenium/4.1.2 (java windows)
Content-Length: 65
Content-Type: application/json; charset=utf-8
host: localhost:63288
accept: */*

Response DefaultHttpResponse(decodeResult: success, version: HTTP/1.1)
HTTP/1.1 200 OK
Content-Type: application/json; charset=utf-8
cache-control: no-cache
content-length: 88

10:27:55.877 [AsyncHttpClient-1-11] DEBUG org.asynchttpclient.netty.channel.ChannelManager - Adding key: http://localhost:63288 for channel [id: 0x5aa1654e, L:/127.0.0.1:55256 - R:localhost/127.0.0.1:63288]
10:27:55.880 [Forwarding isElementDisplayed on session f66d4477adc068de78c9d6770905d24f to remote] DEBUG org.asynchttpclient.netty.request.NettyRequestSender - Using pooled Channel '[id: 0x5aa1654e, L:/127.0.0.1:55256 - R:localhost/127.0.0.1:63288]' for 'POST' to 'http://localhost:63288/session/f66d4477adc068de78c9d6770905d24f/execute/sync'
10:27:55.880 [Forwarding isElementDisplayed on session f66d4477adc068de78c9d6770905d24f to remote] DEBUG org.asynchttpclient.netty.request.NettyRequestSender - Using open Channel [id: 0x5aa1654e, L:/127.0.0.1:55256 - R:localhost/127.0.0.1:63288] for POST '/session/f66d4477adc068de78c9d6770905d24f/execute/sync'
10:27:55.898 [AsyncHttpClient-1-11] DEBUG org.asynchttpclient.netty.handler.HttpHandler - 

Request DefaultHttpRequest(decodeResult: success, version: HTTP/1.1)
POST /session/f66d4477adc068de78c9d6770905d24f/execute/sync HTTP/1.1
User-Agent: selenium/4.1.2 (java windows)
Content-Length: 48780
Content-Type: application/json; charset=utf-8
host: localhost:63288
accept: */*

Response DefaultHttpResponse(decodeResult: success, version: HTTP/1.1)
HTTP/1.1 200 OK
Content-Type: application/json; charset=utf-8
cache-control: no-cache
content-length: 14

10:27:55.898 [AsyncHttpClient-1-11] DEBUG org.asynchttpclient.netty.channel.ChannelManager - Adding key: http://localhost:63288 for channel [id: 0x5aa1654e, L:/127.0.0.1:55256 - R:localhost/127.0.0.1:63288]
10:27:55.902 [main] DEBUG net.thucydides.core.steps.StepInterceptor - STEP DONE: validateOnLoginPage
  &amp#27;[32mGiven &amp#27;[0m&amp#27;[32mI am on the login page&amp#27;[0m                            &amp#27;[90m# starter.stepdefinitions.LoginSteps.iAmOnTheLoginPage()&amp#27;[0m
10:27:55.911 [Forwarding screenshot on session f66d4477adc068de78c9d6770905d24f to remote] DEBUG org.asynchttpclient.netty.request.NettyRequestSender - Using pooled Channel '[id: 0x5aa1654e, L:/127.0.0.1:55256 - R:localhost/127.0.0.1:63288]' for 'GET' to 'http://localhost:63288/session/f66d4477adc068de78c9d6770905d24f/screenshot'
10:27:55.911 [Forwarding screenshot on session f66d4477adc068de78c9d6770905d24f to remote] DEBUG org.asynchttpclient.netty.request.NettyRequestSender - Using open Channel [id: 0x5aa1654e, L:/127.0.0.1:55256 - R:localhost/127.0.0.1:63288] for GET '/session/f66d4477adc068de78c9d6770905d24f/screenshot'
10:27:56.094 [AsyncHttpClient-1-11] DEBUG org.asynchttpclient.netty.handler.HttpHandler - 

Request DefaultFullHttpRequest(decodeResult: success, version: HTTP/1.1, content: EmptyByteBufBE)
GET /session/f66d4477adc068de78c9d6770905d24f/screenshot HTTP/1.1
User-Agent: selenium/4.1.2 (java windows)
Cache-Control: no-cache
Content-Type: application/json; charset=utf-8
host: localhost:63288
accept: */*

Response DefaultHttpResponse(decodeResult: success, version: HTTP/1.1)
HTTP/1.1 200 OK
Content-Type: application/json; charset=utf-8
cache-control: no-cache
content-length: 317836

10:27:56.096 [AsyncHttpClient-1-11] DEBUG org.asynchttpclient.netty.channel.ChannelManager - Adding key: http://localhost:63288 for channel [id: 0x5aa1654e, L:/127.0.0.1:55256 - R:localhost/127.0.0.1:63288]
10:27:56.111 [main] DEBUG net.serenitybdd.core.photography.Darkroom - Send negative for processing for target\site\serenity\014de6d2a4a2cda169d1e188ab09b07228288c148f07437a969c4ab1205972d8.png
10:27:56.118 [main] DEBUG net.thucydides.core.steps.StepInterceptor - STARTING STEP: LoginSteps.iInputInvalidUsername - inputPassword
10:27:56.121 [Forwarding findElement on session f66d4477adc068de78c9d6770905d24f to remote] DEBUG org.asynchttpclient.netty.request.NettyRequestSender - Using pooled Channel '[id: 0x5aa1654e, L:/127.0.0.1:55256 - R:localhost/127.0.0.1:63288]' for 'POST' to 'http://localhost:63288/session/f66d4477adc068de78c9d6770905d24f/element'
10:27:56.121 [Forwarding findElement on session f66d4477adc068de78c9d6770905d24f to remote] DEBUG org.asynchttpclient.netty.request.NettyRequestSender - Using open Channel [id: 0x5aa1654e, L:/127.0.0.1:55256 - R:localhost/127.0.0.1:63288] for POST '/session/f66d4477adc068de78c9d6770905d24f/element'
10:27:56.136 [AsyncHttpClient-1-11] DEBUG org.asynchttpclient.netty.handler.HttpHandler - 

Request DefaultHttpRequest(decodeResult: success, version: HTTP/1.1)
POST /session/f66d4477adc068de78c9d6770905d24f/element HTTP/1.1
User-Agent: selenium/4.1.2 (java windows)
Content-Length: 53
Content-Type: application/json; charset=utf-8
host: localhost:63288
accept: */*

Response DefaultHttpResponse(decodeResult: success, version: HTTP/1.1)
HTTP/1.1 200 OK
Content-Type: application/json; charset=utf-8
cache-control: no-cache
content-length: 88

10:27:56.137 [AsyncHttpClient-1-11] DEBUG org.asynchttpclient.netty.channel.ChannelManager - Adding key: http://localhost:63288 for channel [id: 0x5aa1654e, L:/127.0.0.1:55256 - R:localhost/127.0.0.1:63288]
10:27:56.139 [Forwarding clearElement on session f66d4477adc068de78c9d6770905d24f to remote] DEBUG org.asynchttpclient.netty.request.NettyRequestSender - Using pooled Channel '[id: 0x5aa1654e, L:/127.0.0.1:55256 - R:localhost/127.0.0.1:63288]' for 'POST' to 'http://localhost:63288/session/f66d4477adc068de78c9d6770905d24f/element/d8aa8c9c-b1e2-4ae9-8a60-9bae468e899b/clear'
10:27:56.139 [Forwarding clearElement on session f66d4477adc068de78c9d6770905d24f to remote] DEBUG org.asynchttpclient.netty.request.NettyRequestSender - Using open Channel [id: 0x5aa1654e, L:/127.0.0.1:55256 - R:localhost/127.0.0.1:63288] for POST '/session/f66d4477adc068de78c9d6770905d24f/element/d8aa8c9c-b1e2-4ae9-8a60-9bae468e899b/clear'
10:27:56.180 [AsyncHttpClient-1-11] DEBUG org.asynchttpclient.netty.handler.HttpHandler - 

Request DefaultHttpRequest(decodeResult: success, version: HTTP/1.1)
POST /session/f66d4477adc068de78c9d6770905d24f/element/d8aa8c9c-b1e2-4ae9-8a60-9bae468e899b/clear HTTP/1.1
User-Agent: selenium/4.1.2 (java windows)
Content-Length: 50
Content-Type: application/json; charset=utf-8
host: localhost:63288
accept: */*

Response DefaultHttpResponse(decodeResult: success, version: HTTP/1.1)
HTTP/1.1 200 OK
Content-Type: application/json; charset=utf-8
cache-control: no-cache
content-length: 14

10:27:56.181 [AsyncHttpClient-1-11] DEBUG org.asynchttpclient.netty.channel.ChannelManager - Adding key: http://localhost:63288 for channel [id: 0x5aa1654e, L:/127.0.0.1:55256 - R:localhost/127.0.0.1:63288]
10:27:56.183 [Forwarding sendKeysToElement on session f66d4477adc068de78c9d6770905d24f to remote] DEBUG org.asynchttpclient.netty.request.NettyRequestSender - Using pooled Channel '[id: 0x5aa1654e, L:/127.0.0.1:55256 - R:localhost/127.0.0.1:63288]' for 'POST' to 'http://localhost:63288/session/f66d4477adc068de78c9d6770905d24f/element/d8aa8c9c-b1e2-4ae9-8a60-9bae468e899b/value'
10:27:56.183 [Forwarding sendKeysToElement on session f66d4477adc068de78c9d6770905d24f to remote] DEBUG org.asynchttpclient.netty.request.NettyRequestSender - Using open Channel [id: 0x5aa1654e, L:/127.0.0.1:55256 - R:localhost/127.0.0.1:63288] for POST '/session/f66d4477adc068de78c9d6770905d24f/element/d8aa8c9c-b1e2-4ae9-8a60-9bae468e899b/value'
10:27:56.263 [AsyncHttpClient-1-11] DEBUG org.asynchttpclient.netty.handler.HttpHandler - 

Request DefaultHttpRequest(decodeResult: success, version: HTTP/1.1)
POST /session/f66d4477adc068de78c9d6770905d24f/element/d8aa8c9c-b1e2-4ae9-8a60-9bae468e899b/value HTTP/1.1
User-Agent: selenium/4.1.2 (java windows)
Content-Length: 161
Content-Type: application/json; charset=utf-8
host: localhost:63288
accept: */*

Response DefaultHttpResponse(decodeResult: success, version: HTTP/1.1)
HTTP/1.1 200 OK
Content-Type: application/json; charset=utf-8
cache-control: no-cache
content-length: 14

10:27:56.264 [AsyncHttpClient-1-11] DEBUG org.asynchttpclient.netty.channel.ChannelManager - Adding key: http://localhost:63288 for channel [id: 0x5aa1654e, L:/127.0.0.1:55256 - R:localhost/127.0.0.1:63288]
10:27:56.270 [Forwarding screenshot on session f66d4477adc068de78c9d6770905d24f to remote] DEBUG org.asynchttpclient.netty.request.NettyRequestSender - Using pooled Channel '[id: 0x5aa1654e, L:/127.0.0.1:55256 - R:localhost/127.0.0.1:63288]' for 'GET' to 'http://localhost:63288/session/f66d4477adc068de78c9d6770905d24f/screenshot'
10:27:56.270 [Forwarding screenshot on session f66d4477adc068de78c9d6770905d24f to remote] DEBUG org.asynchttpclient.netty.request.NettyRequestSender - Using open Channel [id: 0x5aa1654e, L:/127.0.0.1:55256 - R:localhost/127.0.0.1:63288] for GET '/session/f66d4477adc068de78c9d6770905d24f/screenshot'
10:27:56.529 [AsyncHttpClient-1-11] DEBUG org.asynchttpclient.netty.handler.HttpHandler - 

Request DefaultFullHttpRequest(decodeResult: success, version: HTTP/1.1, content: EmptyByteBufBE)
GET /session/f66d4477adc068de78c9d6770905d24f/screenshot HTTP/1.1
User-Agent: selenium/4.1.2 (java windows)
Cache-Control: no-cache
Content-Type: application/json; charset=utf-8
host: localhost:63288
accept: */*

Response DefaultHttpResponse(decodeResult: success, version: HTTP/1.1)
HTTP/1.1 200 OK
Content-Type: application/json; charset=utf-8
cache-control: no-cache
content-length: 344876

10:27:56.530 [AsyncHttpClient-1-11] DEBUG org.asynchttpclient.netty.channel.ChannelManager - Adding key: http://localhost:63288 for channel [id: 0x5aa1654e, L:/127.0.0.1:55256 - R:localhost/127.0.0.1:63288]
10:27:56.543 [main] DEBUG net.serenitybdd.core.photography.Darkroom - Send negative for processing for target\site\serenity\c3d33c7ee68954ac4367d3df2850435317da819524bda83a07614a079f16b766.png
10:27:56.544 [main] DEBUG net.thucydides.core.steps.StepInterceptor - STEP DONE: inputPassword
  &amp#27;[32mWhen &amp#27;[0m&amp#27;[32mI input invalid username&amp#27;[0m                           &amp#27;[90m# starter.stepdefinitions.LoginSteps.iInputInvalidUsername()&amp#27;[0m
10:27:56.544 [Darkroom Processing Line] DEBUG net.serenitybdd.core.photography.DarkroomProcessingLine - Processing screenshot image in /var/screenshots/screenshot-13863525532260245084
10:27:56.544 [Darkroom Processing Line] DEBUG net.serenitybdd.core.photography.DarkroomProcessingLine - Saving screenshot to target\site\serenity\c3d33c7ee68954ac4367d3df2850435317da819524bda83a07614a079f16b766.png
10:27:56.560 [main] DEBUG net.thucydides.core.steps.StepInterceptor - STARTING STEP: LoginSteps.iInputInvalidPassword - inputPassword
10:27:56.563 [Forwarding findElement on session f66d4477adc068de78c9d6770905d24f to remote] DEBUG org.asynchttpclient.netty.request.NettyRequestSender - Using pooled Channel '[id: 0x5aa1654e, L:/127.0.0.1:55256 - R:localhost/127.0.0.1:63288]' for 'POST' to 'http://localhost:63288/session/f66d4477adc068de78c9d6770905d24f/element'
10:27:56.563 [Forwarding findElement on session f66d4477adc068de78c9d6770905d24f to remote] DEBUG org.asynchttpclient.netty.request.NettyRequestSender - Using open Channel [id: 0x5aa1654e, L:/127.0.0.1:55256 - R:localhost/127.0.0.1:63288] for POST '/session/f66d4477adc068de78c9d6770905d24f/element'
10:27:56.593 [AsyncHttpClient-1-11] DEBUG org.asynchttpclient.netty.handler.HttpHandler - 

Request DefaultHttpRequest(decodeResult: success, version: HTTP/1.1)
POST /session/f66d4477adc068de78c9d6770905d24f/element HTTP/1.1
User-Agent: selenium/4.1.2 (java windows)
Content-Length: 53
Content-Type: application/json; charset=utf-8
host: localhost:63288
accept: */*

Response DefaultHttpResponse(decodeResult: success, version: HTTP/1.1)
HTTP/1.1 200 OK
Content-Type: application/json; charset=utf-8
cache-control: no-cache
content-length: 88

10:27:56.594 [AsyncHttpClient-1-11] DEBUG org.asynchttpclient.netty.channel.ChannelManager - Adding key: http://localhost:63288 for channel [id: 0x5aa1654e, L:/127.0.0.1:55256 - R:localhost/127.0.0.1:63288]
10:27:56.597 [Forwarding clearElement on session f66d4477adc068de78c9d6770905d24f to remote] DEBUG org.asynchttpclient.netty.request.NettyRequestSender - Using pooled Channel '[id: 0x5aa1654e, L:/127.0.0.1:55256 - R:localhost/127.0.0.1:63288]' for 'POST' to 'http://localhost:63288/session/f66d4477adc068de78c9d6770905d24f/element/d8aa8c9c-b1e2-4ae9-8a60-9bae468e899b/clear'
10:27:56.597 [Forwarding clearElement on session f66d4477adc068de78c9d6770905d24f to remote] DEBUG org.asynchttpclient.netty.request.NettyRequestSender - Using open Channel [id: 0x5aa1654e, L:/127.0.0.1:55256 - R:localhost/127.0.0.1:63288] for POST '/session/f66d4477adc068de78c9d6770905d24f/element/d8aa8c9c-b1e2-4ae9-8a60-9bae468e899b/clear'
10:27:56.626 [AsyncHttpClient-1-11] DEBUG org.asynchttpclient.netty.handler.HttpHandler - 

Request DefaultHttpRequest(decodeResult: success, version: HTTP/1.1)
POST /session/f66d4477adc068de78c9d6770905d24f/element/d8aa8c9c-b1e2-4ae9-8a60-9bae468e899b/clear HTTP/1.1
User-Agent: selenium/4.1.2 (java windows)
Content-Length: 50
Content-Type: application/json; charset=utf-8
host: localhost:63288
accept: */*

Response DefaultHttpResponse(decodeResult: success, version: HTTP/1.1)
HTTP/1.1 200 OK
Content-Type: application/json; charset=utf-8
cache-control: no-cache
content-length: 14

10:27:56.626 [AsyncHttpClient-1-11] DEBUG org.asynchttpclient.netty.channel.ChannelManager - Adding key: http://localhost:63288 for channel [id: 0x5aa1654e, L:/127.0.0.1:55256 - R:localhost/127.0.0.1:63288]
10:27:56.630 [Forwarding sendKeysToElement on session f66d4477adc068de78c9d6770905d24f to remote] DEBUG org.asynchttpclient.netty.request.NettyRequestSender - Using pooled Channel '[id: 0x5aa1654e, L:/127.0.0.1:55256 - R:localhost/127.0.0.1:63288]' for 'POST' to 'http://localhost:63288/session/f66d4477adc068de78c9d6770905d24f/element/d8aa8c9c-b1e2-4ae9-8a60-9bae468e899b/value'
10:27:56.630 [Forwarding sendKeysToElement on session f66d4477adc068de78c9d6770905d24f to remote] DEBUG org.asynchttpclient.netty.request.NettyRequestSender - Using open Channel [id: 0x5aa1654e, L:/127.0.0.1:55256 - R:localhost/127.0.0.1:63288] for POST '/session/f66d4477adc068de78c9d6770905d24f/element/d8aa8c9c-b1e2-4ae9-8a60-9bae468e899b/value'
10:27:56.706 [AsyncHttpClient-1-11] DEBUG org.asynchttpclient.netty.handler.HttpHandler - 

Request DefaultHttpRequest(decodeResult: success, version: HTTP/1.1)
POST /session/f66d4477adc068de78c9d6770905d24f/element/d8aa8c9c-b1e2-4ae9-8a60-9bae468e899b/value HTTP/1.1
User-Agent: selenium/4.1.2 (java windows)
Content-Length: 161
Content-Type: application/json; charset=utf-8
host: localhost:63288
accept: */*

Response DefaultHttpResponse(decodeResult: success, version: HTTP/1.1)
HTTP/1.1 200 OK
Content-Type: application/json; charset=utf-8
cache-control: no-cache
content-length: 14

10:27:56.706 [AsyncHttpClient-1-11] DEBUG org.asynchttpclient.netty.channel.ChannelManager - Adding key: http://localhost:63288 for channel [id: 0x5aa1654e, L:/127.0.0.1:55256 - R:localhost/127.0.0.1:63288]
10:27:56.717 [Forwarding screenshot on session f66d4477adc068de78c9d6770905d24f to remote] DEBUG org.asynchttpclient.netty.request.NettyRequestSender - Using pooled Channel '[id: 0x5aa1654e, L:/127.0.0.1:55256 - R:localhost/127.0.0.1:63288]' for 'GET' to 'http://localhost:63288/session/f66d4477adc068de78c9d6770905d24f/screenshot'
10:27:56.717 [Forwarding screenshot on session f66d4477adc068de78c9d6770905d24f to remote] DEBUG org.asynchttpclient.netty.request.NettyRequestSender - Using open Channel [id: 0x5aa1654e, L:/127.0.0.1:55256 - R:localhost/127.0.0.1:63288] for GET '/session/f66d4477adc068de78c9d6770905d24f/screenshot'
10:27:56.837 [AsyncHttpClient-1-1] DEBUG org.asynchttpclient.netty.channel.DefaultChannelPool - Entry count for : http://localhost:55257 : 1
10:27:56.952 [AsyncHttpClient-1-11] DEBUG org.asynchttpclient.netty.handler.HttpHandler - 

Request DefaultFullHttpRequest(decodeResult: success, version: HTTP/1.1, content: EmptyByteBufBE)
GET /session/f66d4477adc068de78c9d6770905d24f/screenshot HTTP/1.1
User-Agent: selenium/4.1.2 (java windows)
Cache-Control: no-cache
Content-Type: application/json; charset=utf-8
host: localhost:63288
accept: */*

Response DefaultHttpResponse(decodeResult: success, version: HTTP/1.1)
HTTP/1.1 200 OK
Content-Type: application/json; charset=utf-8
cache-control: no-cache
content-length: 344868

10:27:56.954 [AsyncHttpClient-1-11] DEBUG org.asynchttpclient.netty.channel.ChannelManager - Adding key: http://localhost:63288 for channel [id: 0x5aa1654e, L:/127.0.0.1:55256 - R:localhost/127.0.0.1:63288]
10:27:56.970 [main] DEBUG net.serenitybdd.core.photography.Darkroom - Send negative for processing for target\site\serenity\bb84087fd6db1b3c0f76f1bc5803956965a4d0be97a7b2fdc88ba89b5643cced.png
10:27:56.970 [main] DEBUG net.thucydides.core.steps.StepInterceptor - STEP DONE: inputPassword
  &amp#27;[32mAnd &amp#27;[0m&amp#27;[32mI input invalid password&amp#27;[0m                            &amp#27;[90m# starter.stepdefinitions.LoginSteps.iInputInvalidPassword()&amp#27;[0m
10:27:56.970 [Darkroom Processing Line] DEBUG net.serenitybdd.core.photography.DarkroomProcessingLine - Processing screenshot image in /var/screenshots/screenshot-2765465507740994471
10:27:56.970 [Darkroom Processing Line] DEBUG net.serenitybdd.core.photography.DarkroomProcessingLine - Saving screenshot to target\site\serenity\bb84087fd6db1b3c0f76f1bc5803956965a4d0be97a7b2fdc88ba89b5643cced.png
10:27:56.991 [main] DEBUG net.thucydides.core.steps.StepInterceptor - STARTING STEP: LoginSteps.clickLoginButton - clickLoginButton
10:27:56.993 [Forwarding findElement on session f66d4477adc068de78c9d6770905d24f to remote] DEBUG org.asynchttpclient.netty.request.NettyRequestSender - Using pooled Channel '[id: 0x5aa1654e, L:/127.0.0.1:55256 - R:localhost/127.0.0.1:63288]' for 'POST' to 'http://localhost:63288/session/f66d4477adc068de78c9d6770905d24f/element'
10:27:56.994 [Forwarding findElement on session f66d4477adc068de78c9d6770905d24f to remote] DEBUG org.asynchttpclient.netty.request.NettyRequestSender - Using open Channel [id: 0x5aa1654e, L:/127.0.0.1:55256 - R:localhost/127.0.0.1:63288] for POST '/session/f66d4477adc068de78c9d6770905d24f/element'
10:27:57.003 [AsyncHttpClient-1-11] DEBUG org.asynchttpclient.netty.handler.HttpHandler - 

Request DefaultHttpRequest(decodeResult: success, version: HTTP/1.1)
POST /session/f66d4477adc068de78c9d6770905d24f/element HTTP/1.1
User-Agent: selenium/4.1.2 (java windows)
Content-Length: 65
Content-Type: application/json; charset=utf-8
host: localhost:63288
accept: */*

Response DefaultHttpResponse(decodeResult: success, version: HTTP/1.1)
HTTP/1.1 200 OK
Content-Type: application/json; charset=utf-8
cache-control: no-cache
content-length: 88

10:27:57.003 [AsyncHttpClient-1-11] DEBUG org.asynchttpclient.netty.channel.ChannelManager - Adding key: http://localhost:63288 for channel [id: 0x5aa1654e, L:/127.0.0.1:55256 - R:localhost/127.0.0.1:63288]
10:27:57.005 [Forwarding getElementTagName on session f66d4477adc068de78c9d6770905d24f to remote] DEBUG org.asynchttpclient.netty.request.NettyRequestSender - Using pooled Channel '[id: 0x5aa1654e, L:/127.0.0.1:55256 - R:localhost/127.0.0.1:63288]' for 'GET' to 'http://localhost:63288/session/f66d4477adc068de78c9d6770905d24f/element/a05fbaca-3938-46a6-a55c-f56757174a63/name'
10:27:57.005 [Forwarding getElementTagName on session f66d4477adc068de78c9d6770905d24f to remote] DEBUG org.asynchttpclient.netty.request.NettyRequestSender - Using open Channel [id: 0x5aa1654e, L:/127.0.0.1:55256 - R:localhost/127.0.0.1:63288] for GET '/session/f66d4477adc068de78c9d6770905d24f/element/a05fbaca-3938-46a6-a55c-f56757174a63/name'
10:27:57.009 [AsyncHttpClient-1-11] DEBUG org.asynchttpclient.netty.handler.HttpHandler - 

Request DefaultFullHttpRequest(decodeResult: success, version: HTTP/1.1, content: EmptyByteBufBE)
GET /session/f66d4477adc068de78c9d6770905d24f/element/a05fbaca-3938-46a6-a55c-f56757174a63/name HTTP/1.1
User-Agent: selenium/4.1.2 (java windows)
Cache-Control: no-cache
Content-Type: application/json; charset=utf-8
host: localhost:63288
accept: */*

Response DefaultHttpResponse(decodeResult: success, version: HTTP/1.1)
HTTP/1.1 200 OK
Content-Type: application/json; charset=utf-8
cache-control: no-cache
content-length: 18

10:27:57.009 [AsyncHttpClient-1-11] DEBUG org.asynchttpclient.netty.channel.ChannelManager - Adding key: http://localhost:63288 for channel [id: 0x5aa1654e, L:/127.0.0.1:55256 - R:localhost/127.0.0.1:63288]
10:27:57.011 [Forwarding getElementTagName on session f66d4477adc068de78c9d6770905d24f to remote] DEBUG org.asynchttpclient.netty.request.NettyRequestSender - Using pooled Channel '[id: 0x5aa1654e, L:/127.0.0.1:55256 - R:localhost/127.0.0.1:63288]' for 'GET' to 'http://localhost:63288/session/f66d4477adc068de78c9d6770905d24f/element/a05fbaca-3938-46a6-a55c-f56757174a63/name'
10:27:57.011 [Forwarding getElementTagName on session f66d4477adc068de78c9d6770905d24f to remote] DEBUG org.asynchttpclient.netty.request.NettyRequestSender - Using open Channel [id: 0x5aa1654e, L:/127.0.0.1:55256 - R:localhost/127.0.0.1:63288] for GET '/session/f66d4477adc068de78c9d6770905d24f/element/a05fbaca-3938-46a6-a55c-f56757174a63/name'
10:27:57.014 [AsyncHttpClient-1-11] DEBUG org.asynchttpclient.netty.handler.HttpHandler - 

Request DefaultFullHttpRequest(decodeResult: success, version: HTTP/1.1, content: EmptyByteBufBE)
GET /session/f66d4477adc068de78c9d6770905d24f/element/a05fbaca-3938-46a6-a55c-f56757174a63/name HTTP/1.1
User-Agent: selenium/4.1.2 (java windows)
Cache-Control: no-cache
Content-Type: application/json; charset=utf-8
host: localhost:63288
accept: */*

Response DefaultHttpResponse(decodeResult: success, version: HTTP/1.1)
HTTP/1.1 200 OK
Content-Type: application/json; charset=utf-8
cache-control: no-cache
content-length: 18

10:27:57.014 [AsyncHttpClient-1-11] DEBUG org.asynchttpclient.netty.channel.ChannelManager - Adding key: http://localhost:63288 for channel [id: 0x5aa1654e, L:/127.0.0.1:55256 - R:localhost/127.0.0.1:63288]
10:27:57.016 [Forwarding isElementEnabled on session f66d4477adc068de78c9d6770905d24f to remote] DEBUG org.asynchttpclient.netty.request.NettyRequestSender - Using pooled Channel '[id: 0x5aa1654e, L:/127.0.0.1:55256 - R:localhost/127.0.0.1:63288]' for 'GET' to 'http://localhost:63288/session/f66d4477adc068de78c9d6770905d24f/element/a05fbaca-3938-46a6-a55c-f56757174a63/enabled'
10:27:57.016 [Forwarding isElementEnabled on session f66d4477adc068de78c9d6770905d24f to remote] DEBUG org.asynchttpclient.netty.request.NettyRequestSender - Using open Channel [id: 0x5aa1654e, L:/127.0.0.1:55256 - R:localhost/127.0.0.1:63288] for GET '/session/f66d4477adc068de78c9d6770905d24f/element/a05fbaca-3938-46a6-a55c-f56757174a63/enabled'
10:27:57.023 [AsyncHttpClient-1-11] DEBUG org.asynchttpclient.netty.handler.HttpHandler - 

Request DefaultFullHttpRequest(decodeResult: success, version: HTTP/1.1, content: EmptyByteBufBE)
GET /session/f66d4477adc068de78c9d6770905d24f/element/a05fbaca-3938-46a6-a55c-f56757174a63/enabled HTTP/1.1
User-Agent: selenium/4.1.2 (java windows)
Cache-Control: no-cache
Content-Type: application/json; charset=utf-8
host: localhost:63288
accept: */*

Response DefaultHttpResponse(decodeResult: success, version: HTTP/1.1)
HTTP/1.1 200 OK
Content-Type: application/json; charset=utf-8
cache-control: no-cache
content-length: 14

10:27:57.023 [AsyncHttpClient-1-11] DEBUG org.asynchttpclient.netty.channel.ChannelManager - Adding key: http://localhost:63288 for channel [id: 0x5aa1654e, L:/127.0.0.1:55256 - R:localhost/127.0.0.1:63288]
10:27:57.024 [Forwarding isElementEnabled on session f66d4477adc068de78c9d6770905d24f to remote] DEBUG org.asynchttpclient.netty.request.NettyRequestSender - Using pooled Channel '[id: 0x5aa1654e, L:/127.0.0.1:55256 - R:localhost/127.0.0.1:63288]' for 'GET' to 'http://localhost:63288/session/f66d4477adc068de78c9d6770905d24f/element/a05fbaca-3938-46a6-a55c-f56757174a63/enabled'
10:27:57.025 [Forwarding isElementEnabled on session f66d4477adc068de78c9d6770905d24f to remote] DEBUG org.asynchttpclient.netty.request.NettyRequestSender - Using open Channel [id: 0x5aa1654e, L:/127.0.0.1:55256 - R:localhost/127.0.0.1:63288] for GET '/session/f66d4477adc068de78c9d6770905d24f/element/a05fbaca-3938-46a6-a55c-f56757174a63/enabled'
10:27:57.029 [AsyncHttpClient-1-11] DEBUG org.asynchttpclient.netty.handler.HttpHandler - 

Request DefaultFullHttpRequest(decodeResult: success, version: HTTP/1.1, content: EmptyByteBufBE)
GET /session/f66d4477adc068de78c9d6770905d24f/element/a05fbaca-3938-46a6-a55c-f56757174a63/enabled HTTP/1.1
User-Agent: selenium/4.1.2 (java windows)
Cache-Control: no-cache
Content-Type: application/json; charset=utf-8
host: localhost:63288
accept: */*

Response DefaultHttpResponse(decodeResult: success, version: HTTP/1.1)
HTTP/1.1 200 OK
Content-Type: application/json; charset=utf-8
cache-control: no-cache
content-length: 14

10:27:57.029 [AsyncHttpClient-1-11] DEBUG org.asynchttpclient.netty.channel.ChannelManager - Adding key: http://localhost:63288 for channel [id: 0x5aa1654e, L:/127.0.0.1:55256 - R:localhost/127.0.0.1:63288]
10:27:57.031 [Forwarding findElement on session f66d4477adc068de78c9d6770905d24f to remote] DEBUG org.asynchttpclient.netty.request.NettyRequestSender - Using pooled Channel '[id: 0x5aa1654e, L:/127.0.0.1:55256 - R:localhost/127.0.0.1:63288]' for 'POST' to 'http://localhost:63288/session/f66d4477adc068de78c9d6770905d24f/element'
10:27:57.031 [Forwarding findElement on session f66d4477adc068de78c9d6770905d24f to remote] DEBUG org.asynchttpclient.netty.request.NettyRequestSender - Using open Channel [id: 0x5aa1654e, L:/127.0.0.1:55256 - R:localhost/127.0.0.1:63288] for POST '/session/f66d4477adc068de78c9d6770905d24f/element'
10:27:57.036 [AsyncHttpClient-1-11] DEBUG org.asynchttpclient.netty.handler.HttpHandler - 

Request DefaultHttpRequest(decodeResult: success, version: HTTP/1.1)
POST /session/f66d4477adc068de78c9d6770905d24f/element HTTP/1.1
User-Agent: selenium/4.1.2 (java windows)
Content-Length: 65
Content-Type: application/json; charset=utf-8
host: localhost:63288
accept: */*

Response DefaultHttpResponse(decodeResult: success, version: HTTP/1.1)
HTTP/1.1 200 OK
Content-Type: application/json; charset=utf-8
cache-control: no-cache
content-length: 88

10:27:57.036 [AsyncHttpClient-1-11] DEBUG org.asynchttpclient.netty.channel.ChannelManager - Adding key: http://localhost:63288 for channel [id: 0x5aa1654e, L:/127.0.0.1:55256 - R:localhost/127.0.0.1:63288]
10:27:57.037 [Forwarding clickElement on session f66d4477adc068de78c9d6770905d24f to remote] DEBUG org.asynchttpclient.netty.request.NettyRequestSender - Using pooled Channel '[id: 0x5aa1654e, L:/127.0.0.1:55256 - R:localhost/127.0.0.1:63288]' for 'POST' to 'http://localhost:63288/session/f66d4477adc068de78c9d6770905d24f/element/a05fbaca-3938-46a6-a55c-f56757174a63/click'
10:27:57.037 [Forwarding clickElement on session f66d4477adc068de78c9d6770905d24f to remote] DEBUG org.asynchttpclient.netty.request.NettyRequestSender - Using open Channel [id: 0x5aa1654e, L:/127.0.0.1:55256 - R:localhost/127.0.0.1:63288] for POST '/session/f66d4477adc068de78c9d6770905d24f/element/a05fbaca-3938-46a6-a55c-f56757174a63/click'
10:27:57.072 [AsyncHttpClient-1-11] DEBUG org.asynchttpclient.netty.handler.HttpHandler - 

Request DefaultHttpRequest(decodeResult: success, version: HTTP/1.1)
POST /session/f66d4477adc068de78c9d6770905d24f/element/a05fbaca-3938-46a6-a55c-f56757174a63/click HTTP/1.1
User-Agent: selenium/4.1.2 (java windows)
Content-Length: 50
Content-Type: application/json; charset=utf-8
host: localhost:63288
accept: */*

Response DefaultHttpResponse(decodeResult: success, version: HTTP/1.1)
HTTP/1.1 200 OK
Content-Type: application/json; charset=utf-8
cache-control: no-cache
content-length: 14

10:27:57.072 [AsyncHttpClient-1-11] DEBUG org.asynchttpclient.netty.channel.ChannelManager - Adding key: http://localhost:63288 for channel [id: 0x5aa1654e, L:/127.0.0.1:55256 - R:localhost/127.0.0.1:63288]
10:27:57.076 [Forwarding screenshot on session f66d4477adc068de78c9d6770905d24f to remote] DEBUG org.asynchttpclient.netty.request.NettyRequestSender - Using pooled Channel '[id: 0x5aa1654e, L:/127.0.0.1:55256 - R:localhost/127.0.0.1:63288]' for 'GET' to 'http://localhost:63288/session/f66d4477adc068de78c9d6770905d24f/screenshot'
10:27:57.076 [Forwarding screenshot on session f66d4477adc068de78c9d6770905d24f to remote] DEBUG org.asynchttpclient.netty.request.NettyRequestSender - Using open Channel [id: 0x5aa1654e, L:/127.0.0.1:55256 - R:localhost/127.0.0.1:63288] for GET '/session/f66d4477adc068de78c9d6770905d24f/screenshot'
10:27:57.280 [AsyncHttpClient-1-11] DEBUG org.asynchttpclient.netty.handler.HttpHandler - 

Request DefaultFullHttpRequest(decodeResult: success, version: HTTP/1.1, content: EmptyByteBufBE)
GET /session/f66d4477adc068de78c9d6770905d24f/screenshot HTTP/1.1
User-Agent: selenium/4.1.2 (java windows)
Cache-Control: no-cache
Content-Type: application/json; charset=utf-8
host: localhost:63288
accept: */*

Response DefaultHttpResponse(decodeResult: success, version: HTTP/1.1)
HTTP/1.1 200 OK
Content-Type: application/json; charset=utf-8
cache-control: no-cache
content-length: 347084

10:27:57.282 [AsyncHttpClient-1-11] DEBUG org.asynchttpclient.netty.channel.ChannelManager - Adding key: http://localhost:63288 for channel [id: 0x5aa1654e, L:/127.0.0.1:55256 - R:localhost/127.0.0.1:63288]
10:27:57.300 [main] DEBUG net.serenitybdd.core.photography.Darkroom - Send negative for processing for target\site\serenity\ee9dbf118b6adc4fae7fed5a9665bf3cd1535a8a29d082b0270a106e3de35405.png
10:27:57.301 [main] DEBUG net.thucydides.core.steps.StepInterceptor - STEP DONE: clickLoginButton
  &amp#27;[32mAnd &amp#27;[0m&amp#27;[32mclick login button&amp#27;[0m                                  &amp#27;[90m# starter.stepdefinitions.LoginSteps.clickLoginButton()&amp#27;[0m
10:27:57.301 [Darkroom Processing Line] DEBUG net.serenitybdd.core.photography.DarkroomProcessingLine - Processing screenshot image in /var/screenshots/screenshot-18361379183906141060
10:27:57.301 [Darkroom Processing Line] DEBUG net.serenitybdd.core.photography.DarkroomProcessingLine - Saving screenshot to target\site\serenity\ee9dbf118b6adc4fae7fed5a9665bf3cd1535a8a29d082b0270a106e3de35405.png
10:27:57.323 [main] DEBUG net.thucydides.core.steps.StepInterceptor - STARTING STEP: LoginSteps.stillOnTheLoginPage - headerAppears
10:27:57.325 [Forwarding findElement on session f66d4477adc068de78c9d6770905d24f to remote] DEBUG org.asynchttpclient.netty.request.NettyRequestSender - Using pooled Channel '[id: 0x5aa1654e, L:/127.0.0.1:55256 - R:localhost/127.0.0.1:63288]' for 'POST' to 'http://localhost:63288/session/f66d4477adc068de78c9d6770905d24f/element'
10:27:57.325 [Forwarding findElement on session f66d4477adc068de78c9d6770905d24f to remote] DEBUG org.asynchttpclient.netty.request.NettyRequestSender - Using open Channel [id: 0x5aa1654e, L:/127.0.0.1:55256 - R:localhost/127.0.0.1:63288] for POST '/session/f66d4477adc068de78c9d6770905d24f/element'
10:27:57.342 [AsyncHttpClient-1-11] DEBUG org.asynchttpclient.netty.handler.HttpHandler - 

Request DefaultHttpRequest(decodeResult: success, version: HTTP/1.1)
POST /session/f66d4477adc068de78c9d6770905d24f/element HTTP/1.1
User-Agent: selenium/4.1.2 (java windows)
Content-Length: 102
Content-Type: application/json; charset=utf-8
host: localhost:63288
accept: */*

Response DefaultHttpResponse(decodeResult: success, version: HTTP/1.1)
HTTP/1.1 200 OK
Content-Type: application/json; charset=utf-8
cache-control: no-cache
content-length: 88

10:27:57.342 [AsyncHttpClient-1-11] DEBUG org.asynchttpclient.netty.channel.ChannelManager - Adding key: http://localhost:63288 for channel [id: 0x5aa1654e, L:/127.0.0.1:55256 - R:localhost/127.0.0.1:63288]
10:27:57.346 [Forwarding isElementDisplayed on session f66d4477adc068de78c9d6770905d24f to remote] DEBUG org.asynchttpclient.netty.request.NettyRequestSender - Using pooled Channel '[id: 0x5aa1654e, L:/127.0.0.1:55256 - R:localhost/127.0.0.1:63288]' for 'POST' to 'http://localhost:63288/session/f66d4477adc068de78c9d6770905d24f/execute/sync'
10:27:57.346 [Forwarding isElementDisplayed on session f66d4477adc068de78c9d6770905d24f to remote] DEBUG org.asynchttpclient.netty.request.NettyRequestSender - Using open Channel [id: 0x5aa1654e, L:/127.0.0.1:55256 - R:localhost/127.0.0.1:63288] for POST '/session/f66d4477adc068de78c9d6770905d24f/execute/sync'
10:27:57.358 [AsyncHttpClient-1-11] DEBUG org.asynchttpclient.netty.handler.HttpHandler - 

Request DefaultHttpRequest(decodeResult: success, version: HTTP/1.1)
POST /session/f66d4477adc068de78c9d6770905d24f/execute/sync HTTP/1.1
User-Agent: selenium/4.1.2 (java windows)
Content-Length: 48780
Content-Type: application/json; charset=utf-8
host: localhost:63288
accept: */*

Response DefaultHttpResponse(decodeResult: success, version: HTTP/1.1)
HTTP/1.1 200 OK
Content-Type: application/json; charset=utf-8
cache-control: no-cache
content-length: 14

10:27:57.359 [AsyncHttpClient-1-11] DEBUG org.asynchttpclient.netty.channel.ChannelManager - Adding key: http://localhost:63288 for channel [id: 0x5aa1654e, L:/127.0.0.1:55256 - R:localhost/127.0.0.1:63288]
10:27:57.362 [Forwarding screenshot on session f66d4477adc068de78c9d6770905d24f to remote] DEBUG org.asynchttpclient.netty.request.NettyRequestSender - Using pooled Channel '[id: 0x5aa1654e, L:/127.0.0.1:55256 - R:localhost/127.0.0.1:63288]' for 'GET' to 'http://localhost:63288/session/f66d4477adc068de78c9d6770905d24f/screenshot'
10:27:57.362 [Forwarding screenshot on session f66d4477adc068de78c9d6770905d24f to remote] DEBUG org.asynchttpclient.netty.request.NettyRequestSender - Using open Channel [id: 0x5aa1654e, L:/127.0.0.1:55256 - R:localhost/127.0.0.1:63288] for GET '/session/f66d4477adc068de78c9d6770905d24f/screenshot'
10:27:57.601 [AsyncHttpClient-1-11] DEBUG org.asynchttpclient.netty.handler.HttpHandler - 

Request DefaultFullHttpRequest(decodeResult: success, version: HTTP/1.1, content: EmptyByteBufBE)
GET /session/f66d4477adc068de78c9d6770905d24f/screenshot HTTP/1.1
User-Agent: selenium/4.1.2 (java windows)
Cache-Control: no-cache
Content-Type: application/json; charset=utf-8
host: localhost:63288
accept: */*

Response DefaultHttpResponse(decodeResult: success, version: HTTP/1.1)
HTTP/1.1 200 OK
Content-Type: application/json; charset=utf-8
cache-control: no-cache
content-length: 347176

10:27:57.602 [AsyncHttpClient-1-11] DEBUG org.asynchttpclient.netty.channel.ChannelManager - Adding key: http://localhost:63288 for channel [id: 0x5aa1654e, L:/127.0.0.1:55256 - R:localhost/127.0.0.1:63288]
10:27:57.617 [main] DEBUG net.serenitybdd.core.photography.Darkroom - Send negative for processing for target\site\serenity\f5f15afd892ab63325af98dabcac2a9f2dc4800c648278351535bee45aa6fdb3.png
10:27:57.617 [main] DEBUG net.thucydides.core.steps.StepInterceptor - STEP DONE: headerAppears
10:27:57.617 [Darkroom Processing Line] DEBUG net.serenitybdd.core.photography.DarkroomProcessingLine - Processing screenshot image in /var/screenshots/screenshot-17459143391058099186
10:27:57.617 [Darkroom Processing Line] DEBUG net.serenitybdd.core.photography.DarkroomProcessingLine - Saving screenshot to target\site\serenity\f5f15afd892ab63325af98dabcac2a9f2dc4800c648278351535bee45aa6fdb3.png
10:27:57.623 [main] DEBUG net.thucydides.core.steps.StepInterceptor - STARTING STEP: LoginSteps.stillOnTheLoginPage - headerTextEqual
10:27:57.626 [Forwarding findElement on session f66d4477adc068de78c9d6770905d24f to remote] DEBUG org.asynchttpclient.netty.request.NettyRequestSender - Using pooled Channel '[id: 0x5aa1654e, L:/127.0.0.1:55256 - R:localhost/127.0.0.1:63288]' for 'POST' to 'http://localhost:63288/session/f66d4477adc068de78c9d6770905d24f/element'
10:27:57.626 [Forwarding findElement on session f66d4477adc068de78c9d6770905d24f to remote] DEBUG org.asynchttpclient.netty.request.NettyRequestSender - Using open Channel [id: 0x5aa1654e, L:/127.0.0.1:55256 - R:localhost/127.0.0.1:63288] for POST '/session/f66d4477adc068de78c9d6770905d24f/element'
10:27:57.635 [AsyncHttpClient-1-11] DEBUG org.asynchttpclient.netty.handler.HttpHandler - 

Request DefaultHttpRequest(decodeResult: success, version: HTTP/1.1)
POST /session/f66d4477adc068de78c9d6770905d24f/element HTTP/1.1
User-Agent: selenium/4.1.2 (java windows)
Content-Length: 102
Content-Type: application/json; charset=utf-8
host: localhost:63288
accept: */*

Response DefaultHttpResponse(decodeResult: success, version: HTTP/1.1)
HTTP/1.1 200 OK
Content-Type: application/json; charset=utf-8
cache-control: no-cache
content-length: 88

10:27:57.635 [AsyncHttpClient-1-11] DEBUG org.asynchttpclient.netty.channel.ChannelManager - Adding key: http://localhost:63288 for channel [id: 0x5aa1654e, L:/127.0.0.1:55256 - R:localhost/127.0.0.1:63288]
10:27:57.636 [Forwarding getElementText on session f66d4477adc068de78c9d6770905d24f to remote] DEBUG org.asynchttpclient.netty.request.NettyRequestSender - Using pooled Channel '[id: 0x5aa1654e, L:/127.0.0.1:55256 - R:localhost/127.0.0.1:63288]' for 'GET' to 'http://localhost:63288/session/f66d4477adc068de78c9d6770905d24f/element/ba75bb80-4b30-4e4c-a26d-66ae8e06eb5e/text'
10:27:57.637 [Forwarding getElementText on session f66d4477adc068de78c9d6770905d24f to remote] DEBUG org.asynchttpclient.netty.request.NettyRequestSender - Using open Channel [id: 0x5aa1654e, L:/127.0.0.1:55256 - R:localhost/127.0.0.1:63288] for GET '/session/f66d4477adc068de78c9d6770905d24f/element/ba75bb80-4b30-4e4c-a26d-66ae8e06eb5e/text'
10:27:57.659 [AsyncHttpClient-1-11] DEBUG org.asynchttpclient.netty.handler.HttpHandler - 

Request DefaultFullHttpRequest(decodeResult: success, version: HTTP/1.1, content: EmptyByteBufBE)
GET /session/f66d4477adc068de78c9d6770905d24f/element/ba75bb80-4b30-4e4c-a26d-66ae8e06eb5e/text HTTP/1.1
User-Agent: selenium/4.1.2 (java windows)
Cache-Control: no-cache
Content-Type: application/json; charset=utf-8
host: localhost:63288
accept: */*

Response DefaultHttpResponse(decodeResult: success, version: HTTP/1.1)
HTTP/1.1 200 OK
Content-Type: application/json; charset=utf-8
cache-control: no-cache
content-length: 17

10:27:57.659 [AsyncHttpClient-1-11] DEBUG org.asynchttpclient.netty.channel.ChannelManager - Adding key: http://localhost:63288 for channel [id: 0x5aa1654e, L:/127.0.0.1:55256 - R:localhost/127.0.0.1:63288]
10:27:57.663 [main] DEBUG net.thucydides.core.steps.StepInterceptor - STEP DONE: headerTextEqual
  &amp#27;[32mThen &amp#27;[0m&amp#27;[32mI'm still on the login page&amp#27;[0m                        &amp#27;[90m# starter.stepdefinitions.LoginSteps.stillOnTheLoginPage()&amp#27;[0m
10:27:57.667 [main] INFO  - 
  _____   ___   ___   _____     ___     _     ___   ___   ___   ___  
 |_   _| | __| / __| |_   _|   | _ \   /_\   / __| / __| | __| |   \ 
   | |   | _|  \__ \   | |     |  _/  / _ \  \__ \ \__ \ | _|  | |) |
   |_|   |___| |___/   |_|     |_|   /_/ \_\ |___/ |___/ |___| |___/ 

Failed login with invalid username and password
----------------------------------------------------------------------
10:27:57.668 [Driver Command Executor] DEBUG org.asynchttpclient.netty.request.NettyRequestSender - Using pooled Channel '[id: 0x5aa1654e, L:/127.0.0.1:55256 - R:localhost/127.0.0.1:63288]' for 'DELETE' to 'http://localhost:63288/session/f66d4477adc068de78c9d6770905d24f'
10:27:57.668 [AsyncHttpClient-1-13] DEBUG org.asynchttpclient.netty.handler.WebSocketHandler - Channel Closed: [id: 0x851bed22, L:/127.0.0.1:55266 ! R:localhost/127.0.0.1:55257] with attribute NettyResponseFuture{currentRetry=5,
	isDone=1,
	isCancelled=0,
	asyncHandler=org.asynchttpclient.ws.WebSocketUpgradeHandler@4f9ae230,
	nettyRequest=org.asynchttpclient.netty.request.NettyRequest@a9875a7,
	future=java.util.concurrent.CompletableFuture@5be1c53d[Completed normally],
	uri=ws://localhost:55257/devtools/browser/04d9413b-eb40-4792-83b5-66d14600e427,
	keepAlive=true,
	redirectCount=0,
	timeoutsHolder=null,
	inAuth=0,
	touch=1648610865873}
10:27:57.668 [Driver Command Executor] DEBUG org.asynchttpclient.netty.request.NettyRequestSender - Using open Channel [id: 0x5aa1654e, L:/127.0.0.1:55256 - R:localhost/127.0.0.1:63288] for DELETE '/session/f66d4477adc068de78c9d6770905d24f'
10:27:57.668 [AsyncHttpClient-1-13] DEBUG org.asynchttpclient.netty.channel.ChannelManager - Closing Channel [id: 0x851bed22, L:/127.0.0.1:55266 ! R:localhost/127.0.0.1:55257] 
10:27:57.690 [AsyncHttpClient-1-12] DEBUG org.asynchttpclient.netty.handler.HttpHandler - Unexpected I/O exception on channel [id: 0x0d0a47a9, L:/127.0.0.1:55265 - R:localhost/127.0.0.1:55257]
java.net.SocketException: Connection reset
	at java.base/sun.nio.ch.SocketChannelImpl.throwConnectionReset(SocketChannelImpl.java:394)
	at java.base/sun.nio.ch.SocketChannelImpl.read(SocketChannelImpl.java:426)
	at io.netty.buffer.PooledByteBuf.setBytes(PooledByteBuf.java:258)
	at io.netty.buffer.AbstractByteBuf.writeBytes(AbstractByteBuf.java:1132)
	at io.netty.channel.socket.nio.NioSocketChannel.doReadBytes(NioSocketChannel.java:350)
	at io.netty.channel.nio.AbstractNioByteChannel$NioByteUnsafe.read(AbstractNioByteChannel.java:151)
	at io.netty.channel.nio.NioEventLoop.processSelectedKey(NioEventLoop.java:722)
	at io.netty.channel.nio.NioEventLoop.processSelectedKeysOptimized(NioEventLoop.java:658)
	at io.netty.channel.nio.NioEventLoop.processSelectedKeys(NioEventLoop.java:584)
	at io.netty.channel.nio.NioEventLoop.run(NioEventLoop.java:496)
	at io.netty.util.concurrent.SingleThreadEventExecutor$4.run(SingleThreadEventExecutor.java:986)
	at io.netty.util.internal.ThreadExecutorMap$2.run(ThreadExecutorMap.java:74)
	at io.netty.util.concurrent.FastThreadLocalRunnable.run(FastThreadLocalRunnable.java:30)
	at java.base/java.lang.Thread.run(Thread.java:833)
10:27:57.690 [AsyncHttpClient-1-12] DEBUG org.asynchttpclient.netty.channel.ChannelManager - Closing Channel [id: 0x0d0a47a9, L:/127.0.0.1:55265 - R:localhost/127.0.0.1:55257] 
10:27:57.690 [AsyncHttpClient-1-12] DEBUG org.asynchttpclient.netty.handler.HttpHandler - Channel Closed: [id: 0x0d0a47a9, L:/127.0.0.1:55265 ! R:localhost/127.0.0.1:55257] with attribute DISCARD
10:27:57.704 [AsyncHttpClient-1-11] DEBUG org.asynchttpclient.netty.handler.HttpHandler - 

Request DefaultFullHttpRequest(decodeResult: success, version: HTTP/1.1, content: EmptyByteBufBE)
DELETE /session/f66d4477adc068de78c9d6770905d24f HTTP/1.1
User-Agent: selenium/4.1.2 (java windows)
Content-Type: application/json; charset=utf-8
host: localhost:63288
accept: */*

Response DefaultHttpResponse(decodeResult: success, version: HTTP/1.1)
HTTP/1.1 200 OK
Content-Type: application/json; charset=utf-8
cache-control: no-cache
content-length: 14

10:27:57.705 [AsyncHttpClient-1-11] DEBUG org.asynchttpclient.netty.channel.ChannelManager - Adding key: http://localhost:63288 for channel [id: 0x5aa1654e, L:/127.0.0.1:55256 - R:localhost/127.0.0.1:63288]
10:27:57.767 [AsyncHttpClient-1-11] DEBUG org.asynchttpclient.netty.handler.HttpHandler - Channel Closed: [id: 0x5aa1654e, L:/127.0.0.1:55256 ! R:localhost/127.0.0.1:63288] with attribute DISCARD
]]></system-out>
    <system-err><![CDATA[Starting ChromeDriver 99.0.4844.51 (d537ec02474b5afe23684e7963d538896c63ac77-refs/branch-heads/4844@{#875}) on port 63288
Only local connections are allowed.
Please see https://chromedriver.chromium.org/security-considerations for suggestions on keeping ChromeDriver safe.
ChromeDriver was started successfully.
Mar 30, 2022 10:27:45 AM org.openqa.selenium.remote.ProtocolHandshake createSession
INFO: Detected dialect: W3C
Mar 30, 2022 10:27:45 AM org.openqa.selenium.devtools.CdpVersionFinder findNearestMatch
WARNING: Unable to find an exact match for CDP version 99, so returning the closest version found: 97
Mar 30, 2022 10:27:45 AM org.openqa.selenium.devtools.CdpVersionFinder findNearestMatch
INFO: Found CDP implementation for version 99 of 97
]]></system-err>
  </testcase>
  <testcase name="Failed login with empty username and password" classname="Login" time="10.927">
    <system-out><![CDATA[
Scenario: Failed login with empty username and password &amp#27;[90m# src/test/resources/features/Login.feature:34&amp#27;[0m
10:27:57.857 [main] INFO io.cucumber.core.plugin.SerenityReporter - Running feature from file:///D:/WebProgramming/section20/src/test/resources/features/Login.feature
10:27:57.860 [main] INFO  - 
  _____   ___   ___   _____     ___   _____     _     ___   _____   ___   ___  
 |_   _| | __| / __| |_   _|   / __| |_   _|   /_\   | _ \ |_   _| | __| |   \ 
   | |   | _|  \__ \   | |     \__ \   | |    / _ \  |   /   | |   | _|  | |) |
   |_|   |___| |___/   |_|     |___/   |_|   /_/ \_\ |_|_\   |_|   |___| |___/ 

Failed login with empty username and password(login;failed-login-with-empty-username-and-password)
--------------------------------------------------------------------------------
10:27:57.905 [main] DEBUG net.thucydides.core.steps.StepInterceptor - STARTING STEP: LoginSteps.iAmOnTheLoginPage - openUrl
10:27:57.907 [main] INFO net.serenitybdd.core.webdriver.driverproviders.ChromeDriverProvider - Using automatically driver download
10:27:57.945 [AsyncHttpClient-1-1] DEBUG org.asynchttpclient.netty.channel.DefaultChannelPool - Entry count for : http://localhost:63288 : 1
10:27:57.945 [AsyncHttpClient-1-1] DEBUG org.asynchttpclient.netty.channel.DefaultChannelPool - Entry count for : http://localhost:55257 : 1
10:27:57.946 [AsyncHttpClient-1-1] DEBUG org.asynchttpclient.netty.channel.DefaultChannelPool - Adding Candidate expired Channel [id: 0x5aa1654e, L:/127.0.0.1:55256 ! R:localhost/127.0.0.1:63288] isIdleTimeoutExpired=false isRemotelyClosed=true isTtlExpired=false
10:27:57.946 [AsyncHttpClient-1-1] DEBUG org.asynchttpclient.netty.channel.DefaultChannelPool - Closing Idle Channel [id: 0x5aa1654e, L:/127.0.0.1:55256 ! R:localhost/127.0.0.1:63288]
10:27:57.946 [AsyncHttpClient-1-1] DEBUG org.asynchttpclient.netty.channel.DefaultChannelPool - Adding Candidate expired Channel [id: 0x0d0a47a9, L:/127.0.0.1:55265 ! R:localhost/127.0.0.1:55257] isIdleTimeoutExpired=false isRemotelyClosed=true isTtlExpired=false
10:27:57.946 [AsyncHttpClient-1-1] DEBUG org.asynchttpclient.netty.channel.DefaultChannelPool - Closing Idle Channel [id: 0x0d0a47a9, L:/127.0.0.1:55265 ! R:localhost/127.0.0.1:55257]
10:27:57.946 [AsyncHttpClient-1-1] DEBUG org.asynchttpclient.netty.channel.DefaultChannelPool - Closed 2 connections out of 2 in 1 ms
10:27:58.356 [main] DEBUG io.github.bonigarcia.wdm.cache.ResolutionCache - Resolution chrome=99 in cache (valid until 11:23:23 30/03/2022 WIB)
10:27:58.360 [main] DEBUG io.github.bonigarcia.wdm.cache.ResolutionCache - Resolution chrome99=99.0.4844.51 in cache (valid until 10:23:23 31/03/2022 WIB)
10:27:58.362 [main] INFO io.github.bonigarcia.wdm.WebDriverManager - Using chromedriver 99.0.4844.51 (resolved driver for Chrome 99)
10:27:58.377 [main] DEBUG io.github.bonigarcia.wdm.WebDriverManager - Driver chromedriver 99.0.4844.51 found in cache
10:27:58.378 [main] INFO io.github.bonigarcia.wdm.WebDriverManager - Exporting webdriver.chrome.driver as C:\Users\USER\.cache\selenium\chromedriver\win32\99.0.4844.51\chromedriver.exe
10:27:58.576 [main] DEBUG net.serenitybdd.core.webdriver.driverproviders.ProvideNewDriver - Instantiating driver
10:27:58.576 [main] DEBUG net.serenitybdd.core.webdriver.driverproviders.ProvideNewDriver - Driver capabilities: Capabilities {acceptInsecureCerts: false, base.url: https://demoqa.com/, browserName: chrome, chrome.driver: src/test/resources/webdrive..., driver: chrome, goog:chromeOptions: {args: [], extensions: []}}
10:27:58.818 [AsyncHttpClient-1-14] DEBUG org.asynchttpclient.netty.channel.NettyConnectListener - Using new Channel '[id: 0x24f59d0f, L:/127.0.0.1:55323 - R:localhost/127.0.0.1:49218]' for 'POST' to '/session'
10:28:01.746 [AsyncHttpClient-1-14] DEBUG org.asynchttpclient.netty.handler.HttpHandler - 

Request DefaultHttpRequest(decodeResult: success, version: HTTP/1.1)
POST /session HTTP/1.1
User-Agent: selenium/4.1.2 (java windows)
Content-Length: 605
Content-Type: application/json; charset=utf-8
host: localhost:49218
accept: */*

Response DefaultHttpResponse(decodeResult: success, version: HTTP/1.1)
HTTP/1.1 200 OK
Content-Type: application/json; charset=utf-8
cache-control: no-cache
content-length: 786

10:28:01.746 [AsyncHttpClient-1-14] DEBUG org.asynchttpclient.netty.channel.ChannelManager - Adding key: http://localhost:49218 for channel [id: 0x24f59d0f, L:/127.0.0.1:55323 - R:localhost/127.0.0.1:49218]
10:28:01.757 [AsyncHttpClient-1-15] DEBUG org.asynchttpclient.netty.channel.NettyConnectListener - Using new Channel '[id: 0x0bbf577e, L:/127.0.0.1:55338 - R:localhost/127.0.0.1:55329]' for 'GET' to '/json/version'
10:28:01.763 [AsyncHttpClient-1-15] DEBUG org.asynchttpclient.netty.handler.HttpHandler - 

Request DefaultFullHttpRequest(decodeResult: success, version: HTTP/1.1, content: EmptyByteBufBE)
GET /json/version HTTP/1.1
User-Agent: selenium/4.1.2 (java windows)
host: localhost:55329
accept: */*

Response DefaultHttpResponse(decodeResult: success, version: HTTP/1.1)
HTTP/1.1 200 OK
Content-Type: application/json; charset=UTF-8
content-length: 424

10:28:01.763 [AsyncHttpClient-1-15] DEBUG org.asynchttpclient.netty.channel.ChannelManager - Adding key: http://localhost:55329 for channel [id: 0x0bbf577e, L:/127.0.0.1:55338 - R:localhost/127.0.0.1:55329]
10:28:01.770 [AsyncHttpClient-1-16] DEBUG org.asynchttpclient.netty.channel.NettyConnectListener - Using new Channel '[id: 0xf61c377b, L:/127.0.0.1:55339 - R:localhost/127.0.0.1:55329]' for 'GET' to '/devtools/browser/8bbd3d24-76d9-4cc0-b030-5bfabb9729bb'
10:28:01.780 [AsyncHttpClient-1-16] DEBUG org.asynchttpclient.netty.handler.WebSocketHandler - 

Request DefaultFullHttpRequest(decodeResult: success, version: HTTP/1.1, content: EmptyByteBufBE)
GET /devtools/browser/8bbd3d24-76d9-4cc0-b030-5bfabb9729bb HTTP/1.1
upgrade: websocket
connection: upgrade
sec-websocket-key: VAR+qH6nAi73G3BA+eKpDA==
sec-websocket-version: 13
origin: http://localhost:55329
host: localhost:55329
accept: */*
user-agent: AHC/2.1

Response DefaultHttpResponse(decodeResult: success, version: HTTP/1.1)
HTTP/1.1 101 WebSocket Protocol Handshake
Upgrade: WebSocket
Connection: Upgrade
Sec-WebSocket-Accept: yM586g7ZY4SRGCruPt43AJvHOXg=

10:28:01.786 [Forwarding get on session f1d208a3b5dec9eeb0a87ecbaffdc718 to remote] DEBUG org.asynchttpclient.netty.request.NettyRequestSender - Using pooled Channel '[id: 0x24f59d0f, L:/127.0.0.1:55323 - R:localhost/127.0.0.1:49218]' for 'POST' to 'http://localhost:49218/session/f1d208a3b5dec9eeb0a87ecbaffdc718/url'
10:28:01.786 [Forwarding get on session f1d208a3b5dec9eeb0a87ecbaffdc718 to remote] DEBUG org.asynchttpclient.netty.request.NettyRequestSender - Using open Channel [id: 0x24f59d0f, L:/127.0.0.1:55323 - R:localhost/127.0.0.1:49218] for POST '/session/f1d208a3b5dec9eeb0a87ecbaffdc718/url'
10:28:02.339 [AsyncHttpClient-1-1] DEBUG org.asynchttpclient.netty.channel.DefaultChannelPool - Entry count for : http://localhost:55329 : 1
10:28:03.439 [AsyncHttpClient-1-1] DEBUG org.asynchttpclient.netty.channel.DefaultChannelPool - Entry count for : http://localhost:55329 : 1
10:28:04.539 [AsyncHttpClient-1-1] DEBUG org.asynchttpclient.netty.channel.DefaultChannelPool - Entry count for : http://localhost:55329 : 1
10:28:05.639 [AsyncHttpClient-1-1] DEBUG org.asynchttpclient.netty.channel.DefaultChannelPool - Entry count for : http://localhost:55329 : 1
10:28:06.739 [AsyncHttpClient-1-1] DEBUG org.asynchttpclient.netty.channel.DefaultChannelPool - Entry count for : http://localhost:55329 : 1
10:28:07.040 [AsyncHttpClient-1-14] DEBUG org.asynchttpclient.netty.handler.HttpHandler - 

Request DefaultHttpRequest(decodeResult: success, version: HTTP/1.1)
POST /session/f1d208a3b5dec9eeb0a87ecbaffdc718/url HTTP/1.1
User-Agent: selenium/4.1.2 (java windows)
Content-Length: 49
Content-Type: application/json; charset=utf-8
host: localhost:49218
accept: */*

Response DefaultHttpResponse(decodeResult: success, version: HTTP/1.1)
HTTP/1.1 200 OK
Content-Type: application/json; charset=utf-8
cache-control: no-cache
content-length: 14

10:28:07.040 [AsyncHttpClient-1-14] DEBUG org.asynchttpclient.netty.channel.ChannelManager - Adding key: http://localhost:49218 for channel [id: 0x24f59d0f, L:/127.0.0.1:55323 - R:localhost/127.0.0.1:49218]
10:28:07.041 [Forwarding setTimeout on session f1d208a3b5dec9eeb0a87ecbaffdc718 to remote] DEBUG org.asynchttpclient.netty.request.NettyRequestSender - Using pooled Channel '[id: 0x24f59d0f, L:/127.0.0.1:55323 - R:localhost/127.0.0.1:49218]' for 'POST' to 'http://localhost:49218/session/f1d208a3b5dec9eeb0a87ecbaffdc718/timeouts'
10:28:07.041 [Forwarding setTimeout on session f1d208a3b5dec9eeb0a87ecbaffdc718 to remote] DEBUG org.asynchttpclient.netty.request.NettyRequestSender - Using open Channel [id: 0x24f59d0f, L:/127.0.0.1:55323 - R:localhost/127.0.0.1:49218] for POST '/session/f1d208a3b5dec9eeb0a87ecbaffdc718/timeouts'
10:28:07.042 [AsyncHttpClient-1-14] DEBUG org.asynchttpclient.netty.handler.HttpHandler - 

Request DefaultHttpRequest(decodeResult: success, version: HTTP/1.1)
POST /session/f1d208a3b5dec9eeb0a87ecbaffdc718/timeouts HTTP/1.1
User-Agent: selenium/4.1.2 (java windows)
Content-Length: 22
Content-Type: application/json; charset=utf-8
host: localhost:49218
accept: */*

Response DefaultHttpResponse(decodeResult: success, version: HTTP/1.1)
HTTP/1.1 200 OK
Content-Type: application/json; charset=utf-8
cache-control: no-cache
content-length: 14

10:28:07.042 [AsyncHttpClient-1-14] DEBUG org.asynchttpclient.netty.channel.ChannelManager - Adding key: http://localhost:49218 for channel [id: 0x24f59d0f, L:/127.0.0.1:55323 - R:localhost/127.0.0.1:49218]
10:28:07.044 [Forwarding getCurrentUrl on session f1d208a3b5dec9eeb0a87ecbaffdc718 to remote] DEBUG org.asynchttpclient.netty.request.NettyRequestSender - Using pooled Channel '[id: 0x24f59d0f, L:/127.0.0.1:55323 - R:localhost/127.0.0.1:49218]' for 'GET' to 'http://localhost:49218/session/f1d208a3b5dec9eeb0a87ecbaffdc718/url'
10:28:07.044 [Forwarding getCurrentUrl on session f1d208a3b5dec9eeb0a87ecbaffdc718 to remote] DEBUG org.asynchttpclient.netty.request.NettyRequestSender - Using open Channel [id: 0x24f59d0f, L:/127.0.0.1:55323 - R:localhost/127.0.0.1:49218] for GET '/session/f1d208a3b5dec9eeb0a87ecbaffdc718/url'
10:28:07.048 [AsyncHttpClient-1-14] DEBUG org.asynchttpclient.netty.handler.HttpHandler - 

Request DefaultFullHttpRequest(decodeResult: success, version: HTTP/1.1, content: EmptyByteBufBE)
GET /session/f1d208a3b5dec9eeb0a87ecbaffdc718/url HTTP/1.1
User-Agent: selenium/4.1.2 (java windows)
Cache-Control: no-cache
Content-Type: application/json; charset=utf-8
host: localhost:49218
accept: */*

Response DefaultHttpResponse(decodeResult: success, version: HTTP/1.1)
HTTP/1.1 200 OK
Content-Type: application/json; charset=utf-8
cache-control: no-cache
content-length: 31

10:28:07.048 [AsyncHttpClient-1-14] DEBUG org.asynchttpclient.netty.channel.ChannelManager - Adding key: http://localhost:49218 for channel [id: 0x24f59d0f, L:/127.0.0.1:55323 - R:localhost/127.0.0.1:49218]
10:28:07.051 [Forwarding getCurrentUrl on session f1d208a3b5dec9eeb0a87ecbaffdc718 to remote] DEBUG org.asynchttpclient.netty.request.NettyRequestSender - Using pooled Channel '[id: 0x24f59d0f, L:/127.0.0.1:55323 - R:localhost/127.0.0.1:49218]' for 'GET' to 'http://localhost:49218/session/f1d208a3b5dec9eeb0a87ecbaffdc718/url'
10:28:07.051 [Forwarding getCurrentUrl on session f1d208a3b5dec9eeb0a87ecbaffdc718 to remote] DEBUG org.asynchttpclient.netty.request.NettyRequestSender - Using open Channel [id: 0x24f59d0f, L:/127.0.0.1:55323 - R:localhost/127.0.0.1:49218] for GET '/session/f1d208a3b5dec9eeb0a87ecbaffdc718/url'
10:28:07.054 [AsyncHttpClient-1-14] DEBUG org.asynchttpclient.netty.handler.HttpHandler - 

Request DefaultFullHttpRequest(decodeResult: success, version: HTTP/1.1, content: EmptyByteBufBE)
GET /session/f1d208a3b5dec9eeb0a87ecbaffdc718/url HTTP/1.1
User-Agent: selenium/4.1.2 (java windows)
Cache-Control: no-cache
Content-Type: application/json; charset=utf-8
host: localhost:49218
accept: */*

Response DefaultHttpResponse(decodeResult: success, version: HTTP/1.1)
HTTP/1.1 200 OK
Content-Type: application/json; charset=utf-8
cache-control: no-cache
content-length: 31

10:28:07.054 [AsyncHttpClient-1-14] DEBUG org.asynchttpclient.netty.channel.ChannelManager - Adding key: http://localhost:49218 for channel [id: 0x24f59d0f, L:/127.0.0.1:55323 - R:localhost/127.0.0.1:49218]
10:28:07.057 [Forwarding screenshot on session f1d208a3b5dec9eeb0a87ecbaffdc718 to remote] DEBUG org.asynchttpclient.netty.request.NettyRequestSender - Using pooled Channel '[id: 0x24f59d0f, L:/127.0.0.1:55323 - R:localhost/127.0.0.1:49218]' for 'GET' to 'http://localhost:49218/session/f1d208a3b5dec9eeb0a87ecbaffdc718/screenshot'
10:28:07.057 [Forwarding screenshot on session f1d208a3b5dec9eeb0a87ecbaffdc718 to remote] DEBUG org.asynchttpclient.netty.request.NettyRequestSender - Using open Channel [id: 0x24f59d0f, L:/127.0.0.1:55323 - R:localhost/127.0.0.1:49218] for GET '/session/f1d208a3b5dec9eeb0a87ecbaffdc718/screenshot'
10:28:07.167 [AsyncHttpClient-1-14] DEBUG org.asynchttpclient.netty.handler.HttpHandler - 

Request DefaultFullHttpRequest(decodeResult: success, version: HTTP/1.1, content: EmptyByteBufBE)
GET /session/f1d208a3b5dec9eeb0a87ecbaffdc718/screenshot HTTP/1.1
User-Agent: selenium/4.1.2 (java windows)
Cache-Control: no-cache
Content-Type: application/json; charset=utf-8
host: localhost:49218
accept: */*

Response DefaultHttpResponse(decodeResult: success, version: HTTP/1.1)
HTTP/1.1 200 OK
Content-Type: application/json; charset=utf-8
cache-control: no-cache
content-length: 244944

10:28:07.168 [AsyncHttpClient-1-14] DEBUG org.asynchttpclient.netty.channel.ChannelManager - Adding key: http://localhost:49218 for channel [id: 0x24f59d0f, L:/127.0.0.1:55323 - R:localhost/127.0.0.1:49218]
10:28:07.173 [main] DEBUG net.serenitybdd.core.photography.Darkroom - Send negative for processing for target\site\serenity\058d9cc8fdc03c5c29a9dd98fcca815e9e4ebbf0488137e9bd7051148585694a.png
10:28:07.173 [main] DEBUG net.thucydides.core.steps.StepInterceptor - STEP DONE: openUrl
10:28:07.173 [Darkroom Processing Line] DEBUG net.serenitybdd.core.photography.DarkroomProcessingLine - Processing screenshot image in /var/screenshots/screenshot-610256369953732004
10:28:07.174 [Darkroom Processing Line] DEBUG net.serenitybdd.core.photography.DarkroomProcessingLine - Saving screenshot to target\site\serenity\058d9cc8fdc03c5c29a9dd98fcca815e9e4ebbf0488137e9bd7051148585694a.png
10:28:07.177 [main] DEBUG net.thucydides.core.steps.StepInterceptor - STARTING STEP: LoginSteps.iAmOnTheLoginPage - openBooks
10:28:07.178 [Forwarding findElement on session f1d208a3b5dec9eeb0a87ecbaffdc718 to remote] DEBUG org.asynchttpclient.netty.request.NettyRequestSender - Using pooled Channel '[id: 0x24f59d0f, L:/127.0.0.1:55323 - R:localhost/127.0.0.1:49218]' for 'POST' to 'http://localhost:49218/session/f1d208a3b5dec9eeb0a87ecbaffdc718/element'
10:28:07.179 [Forwarding findElement on session f1d208a3b5dec9eeb0a87ecbaffdc718 to remote] DEBUG org.asynchttpclient.netty.request.NettyRequestSender - Using open Channel [id: 0x24f59d0f, L:/127.0.0.1:55323 - R:localhost/127.0.0.1:49218] for POST '/session/f1d208a3b5dec9eeb0a87ecbaffdc718/element'
10:28:07.206 [AsyncHttpClient-1-14] DEBUG org.asynchttpclient.netty.handler.HttpHandler - 

Request DefaultHttpRequest(decodeResult: success, version: HTTP/1.1)
POST /session/f1d208a3b5dec9eeb0a87ecbaffdc718/element HTTP/1.1
User-Agent: selenium/4.1.2 (java windows)
Content-Length: 73
Content-Type: application/json; charset=utf-8
host: localhost:49218
accept: */*

Response DefaultHttpResponse(decodeResult: success, version: HTTP/1.1)
HTTP/1.1 200 OK
Content-Type: application/json; charset=utf-8
cache-control: no-cache
content-length: 88

10:28:07.207 [AsyncHttpClient-1-14] DEBUG org.asynchttpclient.netty.channel.ChannelManager - Adding key: http://localhost:49218 for channel [id: 0x24f59d0f, L:/127.0.0.1:55323 - R:localhost/127.0.0.1:49218]
10:28:07.208 [Forwarding getElementTagName on session f1d208a3b5dec9eeb0a87ecbaffdc718 to remote] DEBUG org.asynchttpclient.netty.request.NettyRequestSender - Using pooled Channel '[id: 0x24f59d0f, L:/127.0.0.1:55323 - R:localhost/127.0.0.1:49218]' for 'GET' to 'http://localhost:49218/session/f1d208a3b5dec9eeb0a87ecbaffdc718/element/c003d41a-398f-4da8-8f7e-89a130a4c0d5/name'
10:28:07.208 [Forwarding getElementTagName on session f1d208a3b5dec9eeb0a87ecbaffdc718 to remote] DEBUG org.asynchttpclient.netty.request.NettyRequestSender - Using open Channel [id: 0x24f59d0f, L:/127.0.0.1:55323 - R:localhost/127.0.0.1:49218] for GET '/session/f1d208a3b5dec9eeb0a87ecbaffdc718/element/c003d41a-398f-4da8-8f7e-89a130a4c0d5/name'
10:28:07.210 [AsyncHttpClient-1-14] DEBUG org.asynchttpclient.netty.handler.HttpHandler - 

Request DefaultFullHttpRequest(decodeResult: success, version: HTTP/1.1, content: EmptyByteBufBE)
GET /session/f1d208a3b5dec9eeb0a87ecbaffdc718/element/c003d41a-398f-4da8-8f7e-89a130a4c0d5/name HTTP/1.1
User-Agent: selenium/4.1.2 (java windows)
Cache-Control: no-cache
Content-Type: application/json; charset=utf-8
host: localhost:49218
accept: */*

Response DefaultHttpResponse(decodeResult: success, version: HTTP/1.1)
HTTP/1.1 200 OK
Content-Type: application/json; charset=utf-8
cache-control: no-cache
content-length: 15

10:28:07.211 [AsyncHttpClient-1-14] DEBUG org.asynchttpclient.netty.channel.ChannelManager - Adding key: http://localhost:49218 for channel [id: 0x24f59d0f, L:/127.0.0.1:55323 - R:localhost/127.0.0.1:49218]
10:28:07.212 [Forwarding getElementTagName on session f1d208a3b5dec9eeb0a87ecbaffdc718 to remote] DEBUG org.asynchttpclient.netty.request.NettyRequestSender - Using pooled Channel '[id: 0x24f59d0f, L:/127.0.0.1:55323 - R:localhost/127.0.0.1:49218]' for 'GET' to 'http://localhost:49218/session/f1d208a3b5dec9eeb0a87ecbaffdc718/element/c003d41a-398f-4da8-8f7e-89a130a4c0d5/name'
10:28:07.212 [Forwarding getElementTagName on session f1d208a3b5dec9eeb0a87ecbaffdc718 to remote] DEBUG org.asynchttpclient.netty.request.NettyRequestSender - Using open Channel [id: 0x24f59d0f, L:/127.0.0.1:55323 - R:localhost/127.0.0.1:49218] for GET '/session/f1d208a3b5dec9eeb0a87ecbaffdc718/element/c003d41a-398f-4da8-8f7e-89a130a4c0d5/name'
10:28:07.216 [AsyncHttpClient-1-14] DEBUG org.asynchttpclient.netty.handler.HttpHandler - 

Request DefaultFullHttpRequest(decodeResult: success, version: HTTP/1.1, content: EmptyByteBufBE)
GET /session/f1d208a3b5dec9eeb0a87ecbaffdc718/element/c003d41a-398f-4da8-8f7e-89a130a4c0d5/name HTTP/1.1
User-Agent: selenium/4.1.2 (java windows)
Cache-Control: no-cache
Content-Type: application/json; charset=utf-8
host: localhost:49218
accept: */*

Response DefaultHttpResponse(decodeResult: success, version: HTTP/1.1)
HTTP/1.1 200 OK
Content-Type: application/json; charset=utf-8
cache-control: no-cache
content-length: 15

10:28:07.216 [AsyncHttpClient-1-14] DEBUG org.asynchttpclient.netty.channel.ChannelManager - Adding key: http://localhost:49218 for channel [id: 0x24f59d0f, L:/127.0.0.1:55323 - R:localhost/127.0.0.1:49218]
10:28:07.218 [Forwarding findElement on session f1d208a3b5dec9eeb0a87ecbaffdc718 to remote] DEBUG org.asynchttpclient.netty.request.NettyRequestSender - Using pooled Channel '[id: 0x24f59d0f, L:/127.0.0.1:55323 - R:localhost/127.0.0.1:49218]' for 'POST' to 'http://localhost:49218/session/f1d208a3b5dec9eeb0a87ecbaffdc718/element'
10:28:07.218 [Forwarding findElement on session f1d208a3b5dec9eeb0a87ecbaffdc718 to remote] DEBUG org.asynchttpclient.netty.request.NettyRequestSender - Using open Channel [id: 0x24f59d0f, L:/127.0.0.1:55323 - R:localhost/127.0.0.1:49218] for POST '/session/f1d208a3b5dec9eeb0a87ecbaffdc718/element'
10:28:07.222 [AsyncHttpClient-1-14] DEBUG org.asynchttpclient.netty.handler.HttpHandler - 

Request DefaultHttpRequest(decodeResult: success, version: HTTP/1.1)
POST /session/f1d208a3b5dec9eeb0a87ecbaffdc718/element HTTP/1.1
User-Agent: selenium/4.1.2 (java windows)
Content-Length: 73
Content-Type: application/json; charset=utf-8
host: localhost:49218
accept: */*

Response DefaultHttpResponse(decodeResult: success, version: HTTP/1.1)
HTTP/1.1 200 OK
Content-Type: application/json; charset=utf-8
cache-control: no-cache
content-length: 88

10:28:07.223 [AsyncHttpClient-1-14] DEBUG org.asynchttpclient.netty.channel.ChannelManager - Adding key: http://localhost:49218 for channel [id: 0x24f59d0f, L:/127.0.0.1:55323 - R:localhost/127.0.0.1:49218]
10:28:07.224 [Forwarding clickElement on session f1d208a3b5dec9eeb0a87ecbaffdc718 to remote] DEBUG org.asynchttpclient.netty.request.NettyRequestSender - Using pooled Channel '[id: 0x24f59d0f, L:/127.0.0.1:55323 - R:localhost/127.0.0.1:49218]' for 'POST' to 'http://localhost:49218/session/f1d208a3b5dec9eeb0a87ecbaffdc718/element/c003d41a-398f-4da8-8f7e-89a130a4c0d5/click'
10:28:07.224 [Forwarding clickElement on session f1d208a3b5dec9eeb0a87ecbaffdc718 to remote] DEBUG org.asynchttpclient.netty.request.NettyRequestSender - Using open Channel [id: 0x24f59d0f, L:/127.0.0.1:55323 - R:localhost/127.0.0.1:49218] for POST '/session/f1d208a3b5dec9eeb0a87ecbaffdc718/element/c003d41a-398f-4da8-8f7e-89a130a4c0d5/click'
10:28:07.315 [AsyncHttpClient-1-14] DEBUG org.asynchttpclient.netty.handler.HttpHandler - 

Request DefaultHttpRequest(decodeResult: success, version: HTTP/1.1)
POST /session/f1d208a3b5dec9eeb0a87ecbaffdc718/element/c003d41a-398f-4da8-8f7e-89a130a4c0d5/click HTTP/1.1
User-Agent: selenium/4.1.2 (java windows)
Content-Length: 50
Content-Type: application/json; charset=utf-8
host: localhost:49218
accept: */*

Response DefaultHttpResponse(decodeResult: success, version: HTTP/1.1)
HTTP/1.1 200 OK
Content-Type: application/json; charset=utf-8
cache-control: no-cache
content-length: 14

10:28:07.315 [AsyncHttpClient-1-14] DEBUG org.asynchttpclient.netty.channel.ChannelManager - Adding key: http://localhost:49218 for channel [id: 0x24f59d0f, L:/127.0.0.1:55323 - R:localhost/127.0.0.1:49218]
10:28:07.322 [Forwarding screenshot on session f1d208a3b5dec9eeb0a87ecbaffdc718 to remote] DEBUG org.asynchttpclient.netty.request.NettyRequestSender - Using pooled Channel '[id: 0x24f59d0f, L:/127.0.0.1:55323 - R:localhost/127.0.0.1:49218]' for 'GET' to 'http://localhost:49218/session/f1d208a3b5dec9eeb0a87ecbaffdc718/screenshot'
10:28:07.322 [Forwarding screenshot on session f1d208a3b5dec9eeb0a87ecbaffdc718 to remote] DEBUG org.asynchttpclient.netty.request.NettyRequestSender - Using open Channel [id: 0x24f59d0f, L:/127.0.0.1:55323 - R:localhost/127.0.0.1:49218] for GET '/session/f1d208a3b5dec9eeb0a87ecbaffdc718/screenshot'
10:28:07.531 [AsyncHttpClient-1-14] DEBUG org.asynchttpclient.netty.handler.HttpHandler - 

Request DefaultFullHttpRequest(decodeResult: success, version: HTTP/1.1, content: EmptyByteBufBE)
GET /session/f1d208a3b5dec9eeb0a87ecbaffdc718/screenshot HTTP/1.1
User-Agent: selenium/4.1.2 (java windows)
Cache-Control: no-cache
Content-Type: application/json; charset=utf-8
host: localhost:49218
accept: */*

Response DefaultHttpResponse(decodeResult: success, version: HTTP/1.1)
HTTP/1.1 200 OK
Content-Type: application/json; charset=utf-8
cache-control: no-cache
content-length: 138028

10:28:07.531 [AsyncHttpClient-1-14] DEBUG org.asynchttpclient.netty.channel.ChannelManager - Adding key: http://localhost:49218 for channel [id: 0x24f59d0f, L:/127.0.0.1:55323 - R:localhost/127.0.0.1:49218]
10:28:07.537 [main] DEBUG net.serenitybdd.core.photography.Darkroom - Send negative for processing for target\site\serenity\6977e593467a4b761ecae01e9f25fe19a788d6c7150ceb94b9da23987dc0e29c.png
10:28:07.538 [main] DEBUG net.thucydides.core.steps.StepInterceptor - STEP DONE: openBooks
10:28:07.538 [Darkroom Processing Line] DEBUG net.serenitybdd.core.photography.DarkroomProcessingLine - Processing screenshot image in /var/screenshots/screenshot-9212208783655444848
10:28:07.538 [Darkroom Processing Line] DEBUG net.serenitybdd.core.photography.DarkroomProcessingLine - Saving screenshot to target\site\serenity\6977e593467a4b761ecae01e9f25fe19a788d6c7150ceb94b9da23987dc0e29c.png
10:28:07.545 [main] DEBUG net.thucydides.core.steps.StepInterceptor - STARTING STEP: LoginSteps.iAmOnTheLoginPage - clickLoginButton
10:28:07.548 [Forwarding findElement on session f1d208a3b5dec9eeb0a87ecbaffdc718 to remote] DEBUG org.asynchttpclient.netty.request.NettyRequestSender - Using pooled Channel '[id: 0x24f59d0f, L:/127.0.0.1:55323 - R:localhost/127.0.0.1:49218]' for 'POST' to 'http://localhost:49218/session/f1d208a3b5dec9eeb0a87ecbaffdc718/element'
10:28:07.548 [Forwarding findElement on session f1d208a3b5dec9eeb0a87ecbaffdc718 to remote] DEBUG org.asynchttpclient.netty.request.NettyRequestSender - Using open Channel [id: 0x24f59d0f, L:/127.0.0.1:55323 - R:localhost/127.0.0.1:49218] for POST '/session/f1d208a3b5dec9eeb0a87ecbaffdc718/element'
10:28:07.608 [AsyncHttpClient-1-14] DEBUG org.asynchttpclient.netty.handler.HttpHandler - 

Request DefaultHttpRequest(decodeResult: success, version: HTTP/1.1)
POST /session/f1d208a3b5dec9eeb0a87ecbaffdc718/element HTTP/1.1
User-Agent: selenium/4.1.2 (java windows)
Content-Length: 65
Content-Type: application/json; charset=utf-8
host: localhost:49218
accept: */*

Response DefaultHttpResponse(decodeResult: success, version: HTTP/1.1)
HTTP/1.1 200 OK
Content-Type: application/json; charset=utf-8
cache-control: no-cache
content-length: 88

10:28:07.608 [AsyncHttpClient-1-14] DEBUG org.asynchttpclient.netty.channel.ChannelManager - Adding key: http://localhost:49218 for channel [id: 0x24f59d0f, L:/127.0.0.1:55323 - R:localhost/127.0.0.1:49218]
10:28:07.609 [Forwarding getElementTagName on session f1d208a3b5dec9eeb0a87ecbaffdc718 to remote] DEBUG org.asynchttpclient.netty.request.NettyRequestSender - Using pooled Channel '[id: 0x24f59d0f, L:/127.0.0.1:55323 - R:localhost/127.0.0.1:49218]' for 'GET' to 'http://localhost:49218/session/f1d208a3b5dec9eeb0a87ecbaffdc718/element/b5c46ad0-6230-4f0a-8466-cadd4e45cf5e/name'
10:28:07.610 [Forwarding getElementTagName on session f1d208a3b5dec9eeb0a87ecbaffdc718 to remote] DEBUG org.asynchttpclient.netty.request.NettyRequestSender - Using open Channel [id: 0x24f59d0f, L:/127.0.0.1:55323 - R:localhost/127.0.0.1:49218] for GET '/session/f1d208a3b5dec9eeb0a87ecbaffdc718/element/b5c46ad0-6230-4f0a-8466-cadd4e45cf5e/name'
10:28:07.613 [AsyncHttpClient-1-14] DEBUG org.asynchttpclient.netty.handler.HttpHandler - 

Request DefaultFullHttpRequest(decodeResult: success, version: HTTP/1.1, content: EmptyByteBufBE)
GET /session/f1d208a3b5dec9eeb0a87ecbaffdc718/element/b5c46ad0-6230-4f0a-8466-cadd4e45cf5e/name HTTP/1.1
User-Agent: selenium/4.1.2 (java windows)
Cache-Control: no-cache
Content-Type: application/json; charset=utf-8
host: localhost:49218
accept: */*

Response DefaultHttpResponse(decodeResult: success, version: HTTP/1.1)
HTTP/1.1 200 OK
Content-Type: application/json; charset=utf-8
cache-control: no-cache
content-length: 18

10:28:07.613 [AsyncHttpClient-1-14] DEBUG org.asynchttpclient.netty.channel.ChannelManager - Adding key: http://localhost:49218 for channel [id: 0x24f59d0f, L:/127.0.0.1:55323 - R:localhost/127.0.0.1:49218]
10:28:07.615 [Forwarding getElementTagName on session f1d208a3b5dec9eeb0a87ecbaffdc718 to remote] DEBUG org.asynchttpclient.netty.request.NettyRequestSender - Using pooled Channel '[id: 0x24f59d0f, L:/127.0.0.1:55323 - R:localhost/127.0.0.1:49218]' for 'GET' to 'http://localhost:49218/session/f1d208a3b5dec9eeb0a87ecbaffdc718/element/b5c46ad0-6230-4f0a-8466-cadd4e45cf5e/name'
10:28:07.615 [Forwarding getElementTagName on session f1d208a3b5dec9eeb0a87ecbaffdc718 to remote] DEBUG org.asynchttpclient.netty.request.NettyRequestSender - Using open Channel [id: 0x24f59d0f, L:/127.0.0.1:55323 - R:localhost/127.0.0.1:49218] for GET '/session/f1d208a3b5dec9eeb0a87ecbaffdc718/element/b5c46ad0-6230-4f0a-8466-cadd4e45cf5e/name'
10:28:07.618 [AsyncHttpClient-1-14] DEBUG org.asynchttpclient.netty.handler.HttpHandler - 

Request DefaultFullHttpRequest(decodeResult: success, version: HTTP/1.1, content: EmptyByteBufBE)
GET /session/f1d208a3b5dec9eeb0a87ecbaffdc718/element/b5c46ad0-6230-4f0a-8466-cadd4e45cf5e/name HTTP/1.1
User-Agent: selenium/4.1.2 (java windows)
Cache-Control: no-cache
Content-Type: application/json; charset=utf-8
host: localhost:49218
accept: */*

Response DefaultHttpResponse(decodeResult: success, version: HTTP/1.1)
HTTP/1.1 200 OK
Content-Type: application/json; charset=utf-8
cache-control: no-cache
content-length: 18

10:28:07.618 [AsyncHttpClient-1-14] DEBUG org.asynchttpclient.netty.channel.ChannelManager - Adding key: http://localhost:49218 for channel [id: 0x24f59d0f, L:/127.0.0.1:55323 - R:localhost/127.0.0.1:49218]
10:28:07.620 [Forwarding isElementEnabled on session f1d208a3b5dec9eeb0a87ecbaffdc718 to remote] DEBUG org.asynchttpclient.netty.request.NettyRequestSender - Using pooled Channel '[id: 0x24f59d0f, L:/127.0.0.1:55323 - R:localhost/127.0.0.1:49218]' for 'GET' to 'http://localhost:49218/session/f1d208a3b5dec9eeb0a87ecbaffdc718/element/b5c46ad0-6230-4f0a-8466-cadd4e45cf5e/enabled'
10:28:07.620 [Forwarding isElementEnabled on session f1d208a3b5dec9eeb0a87ecbaffdc718 to remote] DEBUG org.asynchttpclient.netty.request.NettyRequestSender - Using open Channel [id: 0x24f59d0f, L:/127.0.0.1:55323 - R:localhost/127.0.0.1:49218] for GET '/session/f1d208a3b5dec9eeb0a87ecbaffdc718/element/b5c46ad0-6230-4f0a-8466-cadd4e45cf5e/enabled'
10:28:07.629 [AsyncHttpClient-1-14] DEBUG org.asynchttpclient.netty.handler.HttpHandler - 

Request DefaultFullHttpRequest(decodeResult: success, version: HTTP/1.1, content: EmptyByteBufBE)
GET /session/f1d208a3b5dec9eeb0a87ecbaffdc718/element/b5c46ad0-6230-4f0a-8466-cadd4e45cf5e/enabled HTTP/1.1
User-Agent: selenium/4.1.2 (java windows)
Cache-Control: no-cache
Content-Type: application/json; charset=utf-8
host: localhost:49218
accept: */*

Response DefaultHttpResponse(decodeResult: success, version: HTTP/1.1)
HTTP/1.1 200 OK
Content-Type: application/json; charset=utf-8
cache-control: no-cache
content-length: 14

10:28:07.629 [AsyncHttpClient-1-14] DEBUG org.asynchttpclient.netty.channel.ChannelManager - Adding key: http://localhost:49218 for channel [id: 0x24f59d0f, L:/127.0.0.1:55323 - R:localhost/127.0.0.1:49218]
10:28:07.631 [Forwarding isElementEnabled on session f1d208a3b5dec9eeb0a87ecbaffdc718 to remote] DEBUG org.asynchttpclient.netty.request.NettyRequestSender - Using pooled Channel '[id: 0x24f59d0f, L:/127.0.0.1:55323 - R:localhost/127.0.0.1:49218]' for 'GET' to 'http://localhost:49218/session/f1d208a3b5dec9eeb0a87ecbaffdc718/element/b5c46ad0-6230-4f0a-8466-cadd4e45cf5e/enabled'
10:28:07.631 [Forwarding isElementEnabled on session f1d208a3b5dec9eeb0a87ecbaffdc718 to remote] DEBUG org.asynchttpclient.netty.request.NettyRequestSender - Using open Channel [id: 0x24f59d0f, L:/127.0.0.1:55323 - R:localhost/127.0.0.1:49218] for GET '/session/f1d208a3b5dec9eeb0a87ecbaffdc718/element/b5c46ad0-6230-4f0a-8466-cadd4e45cf5e/enabled'
10:28:07.638 [AsyncHttpClient-1-14] DEBUG org.asynchttpclient.netty.handler.HttpHandler - 

Request DefaultFullHttpRequest(decodeResult: success, version: HTTP/1.1, content: EmptyByteBufBE)
GET /session/f1d208a3b5dec9eeb0a87ecbaffdc718/element/b5c46ad0-6230-4f0a-8466-cadd4e45cf5e/enabled HTTP/1.1
User-Agent: selenium/4.1.2 (java windows)
Cache-Control: no-cache
Content-Type: application/json; charset=utf-8
host: localhost:49218
accept: */*

Response DefaultHttpResponse(decodeResult: success, version: HTTP/1.1)
HTTP/1.1 200 OK
Content-Type: application/json; charset=utf-8
cache-control: no-cache
content-length: 14

10:28:07.639 [AsyncHttpClient-1-14] DEBUG org.asynchttpclient.netty.channel.ChannelManager - Adding key: http://localhost:49218 for channel [id: 0x24f59d0f, L:/127.0.0.1:55323 - R:localhost/127.0.0.1:49218]
10:28:07.642 [Forwarding findElement on session f1d208a3b5dec9eeb0a87ecbaffdc718 to remote] DEBUG org.asynchttpclient.netty.request.NettyRequestSender - Using pooled Channel '[id: 0x24f59d0f, L:/127.0.0.1:55323 - R:localhost/127.0.0.1:49218]' for 'POST' to 'http://localhost:49218/session/f1d208a3b5dec9eeb0a87ecbaffdc718/element'
10:28:07.642 [Forwarding findElement on session f1d208a3b5dec9eeb0a87ecbaffdc718 to remote] DEBUG org.asynchttpclient.netty.request.NettyRequestSender - Using open Channel [id: 0x24f59d0f, L:/127.0.0.1:55323 - R:localhost/127.0.0.1:49218] for POST '/session/f1d208a3b5dec9eeb0a87ecbaffdc718/element'
10:28:07.651 [AsyncHttpClient-1-14] DEBUG org.asynchttpclient.netty.handler.HttpHandler - 

Request DefaultHttpRequest(decodeResult: success, version: HTTP/1.1)
POST /session/f1d208a3b5dec9eeb0a87ecbaffdc718/element HTTP/1.1
User-Agent: selenium/4.1.2 (java windows)
Content-Length: 65
Content-Type: application/json; charset=utf-8
host: localhost:49218
accept: */*

Response DefaultHttpResponse(decodeResult: success, version: HTTP/1.1)
HTTP/1.1 200 OK
Content-Type: application/json; charset=utf-8
cache-control: no-cache
content-length: 88

10:28:07.651 [AsyncHttpClient-1-14] DEBUG org.asynchttpclient.netty.channel.ChannelManager - Adding key: http://localhost:49218 for channel [id: 0x24f59d0f, L:/127.0.0.1:55323 - R:localhost/127.0.0.1:49218]
10:28:07.653 [Forwarding clickElement on session f1d208a3b5dec9eeb0a87ecbaffdc718 to remote] DEBUG org.asynchttpclient.netty.request.NettyRequestSender - Using pooled Channel '[id: 0x24f59d0f, L:/127.0.0.1:55323 - R:localhost/127.0.0.1:49218]' for 'POST' to 'http://localhost:49218/session/f1d208a3b5dec9eeb0a87ecbaffdc718/element/b5c46ad0-6230-4f0a-8466-cadd4e45cf5e/click'
10:28:07.653 [Forwarding clickElement on session f1d208a3b5dec9eeb0a87ecbaffdc718 to remote] DEBUG org.asynchttpclient.netty.request.NettyRequestSender - Using open Channel [id: 0x24f59d0f, L:/127.0.0.1:55323 - R:localhost/127.0.0.1:49218] for POST '/session/f1d208a3b5dec9eeb0a87ecbaffdc718/element/b5c46ad0-6230-4f0a-8466-cadd4e45cf5e/click'
10:28:07.715 [AsyncHttpClient-1-14] DEBUG org.asynchttpclient.netty.handler.HttpHandler - 

Request DefaultHttpRequest(decodeResult: success, version: HTTP/1.1)
POST /session/f1d208a3b5dec9eeb0a87ecbaffdc718/element/b5c46ad0-6230-4f0a-8466-cadd4e45cf5e/click HTTP/1.1
User-Agent: selenium/4.1.2 (java windows)
Content-Length: 50
Content-Type: application/json; charset=utf-8
host: localhost:49218
accept: */*

Response DefaultHttpResponse(decodeResult: success, version: HTTP/1.1)
HTTP/1.1 200 OK
Content-Type: application/json; charset=utf-8
cache-control: no-cache
content-length: 14

10:28:07.715 [AsyncHttpClient-1-14] DEBUG org.asynchttpclient.netty.channel.ChannelManager - Adding key: http://localhost:49218 for channel [id: 0x24f59d0f, L:/127.0.0.1:55323 - R:localhost/127.0.0.1:49218]
10:28:07.721 [Forwarding screenshot on session f1d208a3b5dec9eeb0a87ecbaffdc718 to remote] DEBUG org.asynchttpclient.netty.request.NettyRequestSender - Using pooled Channel '[id: 0x24f59d0f, L:/127.0.0.1:55323 - R:localhost/127.0.0.1:49218]' for 'GET' to 'http://localhost:49218/session/f1d208a3b5dec9eeb0a87ecbaffdc718/screenshot'
10:28:07.721 [Forwarding screenshot on session f1d208a3b5dec9eeb0a87ecbaffdc718 to remote] DEBUG org.asynchttpclient.netty.request.NettyRequestSender - Using open Channel [id: 0x24f59d0f, L:/127.0.0.1:55323 - R:localhost/127.0.0.1:49218] for GET '/session/f1d208a3b5dec9eeb0a87ecbaffdc718/screenshot'
10:28:07.838 [AsyncHttpClient-1-1] DEBUG org.asynchttpclient.netty.channel.DefaultChannelPool - Entry count for : http://localhost:55329 : 1
10:28:07.857 [AsyncHttpClient-1-14] DEBUG org.asynchttpclient.netty.handler.HttpHandler - 

Request DefaultFullHttpRequest(decodeResult: success, version: HTTP/1.1, content: EmptyByteBufBE)
GET /session/f1d208a3b5dec9eeb0a87ecbaffdc718/screenshot HTTP/1.1
User-Agent: selenium/4.1.2 (java windows)
Cache-Control: no-cache
Content-Type: application/json; charset=utf-8
host: localhost:49218
accept: */*

Response DefaultHttpResponse(decodeResult: success, version: HTTP/1.1)
HTTP/1.1 200 OK
Content-Type: application/json; charset=utf-8
cache-control: no-cache
content-length: 199032

10:28:07.858 [AsyncHttpClient-1-14] DEBUG org.asynchttpclient.netty.channel.ChannelManager - Adding key: http://localhost:49218 for channel [id: 0x24f59d0f, L:/127.0.0.1:55323 - R:localhost/127.0.0.1:49218]
10:28:07.861 [main] DEBUG net.serenitybdd.core.photography.Darkroom - Send negative for processing for target\site\serenity\01132961a6f2adb302991a48c40444d090dfdc50ba2355aa12191043049f7a58.png
10:28:07.862 [main] DEBUG net.thucydides.core.steps.StepInterceptor - STEP DONE: clickLoginButton
10:28:07.862 [Darkroom Processing Line] DEBUG net.serenitybdd.core.photography.DarkroomProcessingLine - Processing screenshot image in /var/screenshots/screenshot-1176913793018628955
10:28:07.862 [Darkroom Processing Line] DEBUG net.serenitybdd.core.photography.DarkroomProcessingLine - Saving screenshot to target\site\serenity\01132961a6f2adb302991a48c40444d090dfdc50ba2355aa12191043049f7a58.png
10:28:07.866 [main] DEBUG net.thucydides.core.steps.StepInterceptor - STARTING STEP: LoginSteps.iAmOnTheLoginPage - validateOnLoginPage
10:28:07.867 [Forwarding findElement on session f1d208a3b5dec9eeb0a87ecbaffdc718 to remote] DEBUG org.asynchttpclient.netty.request.NettyRequestSender - Using pooled Channel '[id: 0x24f59d0f, L:/127.0.0.1:55323 - R:localhost/127.0.0.1:49218]' for 'POST' to 'http://localhost:49218/session/f1d208a3b5dec9eeb0a87ecbaffdc718/element'
10:28:07.867 [Forwarding findElement on session f1d208a3b5dec9eeb0a87ecbaffdc718 to remote] DEBUG org.asynchttpclient.netty.request.NettyRequestSender - Using open Channel [id: 0x24f59d0f, L:/127.0.0.1:55323 - R:localhost/127.0.0.1:49218] for POST '/session/f1d208a3b5dec9eeb0a87ecbaffdc718/element'
10:28:07.872 [AsyncHttpClient-1-14] DEBUG org.asynchttpclient.netty.handler.HttpHandler - 

Request DefaultHttpRequest(decodeResult: success, version: HTTP/1.1)
POST /session/f1d208a3b5dec9eeb0a87ecbaffdc718/element HTTP/1.1
User-Agent: selenium/4.1.2 (java windows)
Content-Length: 65
Content-Type: application/json; charset=utf-8
host: localhost:49218
accept: */*

Response DefaultHttpResponse(decodeResult: success, version: HTTP/1.1)
HTTP/1.1 200 OK
Content-Type: application/json; charset=utf-8
cache-control: no-cache
content-length: 88

10:28:07.872 [AsyncHttpClient-1-14] DEBUG org.asynchttpclient.netty.channel.ChannelManager - Adding key: http://localhost:49218 for channel [id: 0x24f59d0f, L:/127.0.0.1:55323 - R:localhost/127.0.0.1:49218]
10:28:07.875 [Forwarding isElementDisplayed on session f1d208a3b5dec9eeb0a87ecbaffdc718 to remote] DEBUG org.asynchttpclient.netty.request.NettyRequestSender - Using pooled Channel '[id: 0x24f59d0f, L:/127.0.0.1:55323 - R:localhost/127.0.0.1:49218]' for 'POST' to 'http://localhost:49218/session/f1d208a3b5dec9eeb0a87ecbaffdc718/execute/sync'
10:28:07.875 [Forwarding isElementDisplayed on session f1d208a3b5dec9eeb0a87ecbaffdc718 to remote] DEBUG org.asynchttpclient.netty.request.NettyRequestSender - Using open Channel [id: 0x24f59d0f, L:/127.0.0.1:55323 - R:localhost/127.0.0.1:49218] for POST '/session/f1d208a3b5dec9eeb0a87ecbaffdc718/execute/sync'
10:28:07.885 [AsyncHttpClient-1-14] DEBUG org.asynchttpclient.netty.handler.HttpHandler - 

Request DefaultHttpRequest(decodeResult: success, version: HTTP/1.1)
POST /session/f1d208a3b5dec9eeb0a87ecbaffdc718/execute/sync HTTP/1.1
User-Agent: selenium/4.1.2 (java windows)
Content-Length: 48780
Content-Type: application/json; charset=utf-8
host: localhost:49218
accept: */*

Response DefaultHttpResponse(decodeResult: success, version: HTTP/1.1)
HTTP/1.1 200 OK
Content-Type: application/json; charset=utf-8
cache-control: no-cache
content-length: 14

10:28:07.886 [AsyncHttpClient-1-14] DEBUG org.asynchttpclient.netty.channel.ChannelManager - Adding key: http://localhost:49218 for channel [id: 0x24f59d0f, L:/127.0.0.1:55323 - R:localhost/127.0.0.1:49218]
10:28:07.888 [main] DEBUG net.thucydides.core.steps.StepInterceptor - STEP DONE: validateOnLoginPage
  &amp#27;[32mGiven &amp#27;[0m&amp#27;[32mI am on the login page&amp#27;[0m                          &amp#27;[90m# starter.stepdefinitions.LoginSteps.iAmOnTheLoginPage()&amp#27;[0m
10:28:07.897 [main] DEBUG net.thucydides.core.steps.StepInterceptor - STARTING STEP: LoginSteps.iInputEmptyUsername - inputPassword
10:28:07.898 [Forwarding findElement on session f1d208a3b5dec9eeb0a87ecbaffdc718 to remote] DEBUG org.asynchttpclient.netty.request.NettyRequestSender - Using pooled Channel '[id: 0x24f59d0f, L:/127.0.0.1:55323 - R:localhost/127.0.0.1:49218]' for 'POST' to 'http://localhost:49218/session/f1d208a3b5dec9eeb0a87ecbaffdc718/element'
10:28:07.898 [Forwarding findElement on session f1d208a3b5dec9eeb0a87ecbaffdc718 to remote] DEBUG org.asynchttpclient.netty.request.NettyRequestSender - Using open Channel [id: 0x24f59d0f, L:/127.0.0.1:55323 - R:localhost/127.0.0.1:49218] for POST '/session/f1d208a3b5dec9eeb0a87ecbaffdc718/element'
10:28:07.906 [AsyncHttpClient-1-14] DEBUG org.asynchttpclient.netty.handler.HttpHandler - 

Request DefaultHttpRequest(decodeResult: success, version: HTTP/1.1)
POST /session/f1d208a3b5dec9eeb0a87ecbaffdc718/element HTTP/1.1
User-Agent: selenium/4.1.2 (java windows)
Content-Length: 53
Content-Type: application/json; charset=utf-8
host: localhost:49218
accept: */*

Response DefaultHttpResponse(decodeResult: success, version: HTTP/1.1)
HTTP/1.1 200 OK
Content-Type: application/json; charset=utf-8
cache-control: no-cache
content-length: 88

10:28:07.906 [AsyncHttpClient-1-14] DEBUG org.asynchttpclient.netty.channel.ChannelManager - Adding key: http://localhost:49218 for channel [id: 0x24f59d0f, L:/127.0.0.1:55323 - R:localhost/127.0.0.1:49218]
10:28:07.907 [Forwarding clearElement on session f1d208a3b5dec9eeb0a87ecbaffdc718 to remote] DEBUG org.asynchttpclient.netty.request.NettyRequestSender - Using pooled Channel '[id: 0x24f59d0f, L:/127.0.0.1:55323 - R:localhost/127.0.0.1:49218]' for 'POST' to 'http://localhost:49218/session/f1d208a3b5dec9eeb0a87ecbaffdc718/element/7e4e367c-1310-4d60-94b0-a5a59c1e8dc3/clear'
10:28:07.907 [Forwarding clearElement on session f1d208a3b5dec9eeb0a87ecbaffdc718 to remote] DEBUG org.asynchttpclient.netty.request.NettyRequestSender - Using open Channel [id: 0x24f59d0f, L:/127.0.0.1:55323 - R:localhost/127.0.0.1:49218] for POST '/session/f1d208a3b5dec9eeb0a87ecbaffdc718/element/7e4e367c-1310-4d60-94b0-a5a59c1e8dc3/clear'
10:28:07.933 [AsyncHttpClient-1-14] DEBUG org.asynchttpclient.netty.handler.HttpHandler - 

Request DefaultHttpRequest(decodeResult: success, version: HTTP/1.1)
POST /session/f1d208a3b5dec9eeb0a87ecbaffdc718/element/7e4e367c-1310-4d60-94b0-a5a59c1e8dc3/clear HTTP/1.1
User-Agent: selenium/4.1.2 (java windows)
Content-Length: 50
Content-Type: application/json; charset=utf-8
host: localhost:49218
accept: */*

Response DefaultHttpResponse(decodeResult: success, version: HTTP/1.1)
HTTP/1.1 200 OK
Content-Type: application/json; charset=utf-8
cache-control: no-cache
content-length: 14

10:28:07.933 [AsyncHttpClient-1-14] DEBUG org.asynchttpclient.netty.channel.ChannelManager - Adding key: http://localhost:49218 for channel [id: 0x24f59d0f, L:/127.0.0.1:55323 - R:localhost/127.0.0.1:49218]
10:28:07.934 [Forwarding sendKeysToElement on session f1d208a3b5dec9eeb0a87ecbaffdc718 to remote] DEBUG org.asynchttpclient.netty.request.NettyRequestSender - Using pooled Channel '[id: 0x24f59d0f, L:/127.0.0.1:55323 - R:localhost/127.0.0.1:49218]' for 'POST' to 'http://localhost:49218/session/f1d208a3b5dec9eeb0a87ecbaffdc718/element/7e4e367c-1310-4d60-94b0-a5a59c1e8dc3/value'
10:28:07.934 [Forwarding sendKeysToElement on session f1d208a3b5dec9eeb0a87ecbaffdc718 to remote] DEBUG org.asynchttpclient.netty.request.NettyRequestSender - Using open Channel [id: 0x24f59d0f, L:/127.0.0.1:55323 - R:localhost/127.0.0.1:49218] for POST '/session/f1d208a3b5dec9eeb0a87ecbaffdc718/element/7e4e367c-1310-4d60-94b0-a5a59c1e8dc3/value'
10:28:07.975 [AsyncHttpClient-1-14] DEBUG org.asynchttpclient.netty.handler.HttpHandler - 

Request DefaultHttpRequest(decodeResult: success, version: HTTP/1.1)
POST /session/f1d208a3b5dec9eeb0a87ecbaffdc718/element/7e4e367c-1310-4d60-94b0-a5a59c1e8dc3/value HTTP/1.1
User-Agent: selenium/4.1.2 (java windows)
Content-Length: 82
Content-Type: application/json; charset=utf-8
host: localhost:49218
accept: */*

Response DefaultHttpResponse(decodeResult: success, version: HTTP/1.1)
HTTP/1.1 200 OK
Content-Type: application/json; charset=utf-8
cache-control: no-cache
content-length: 14

10:28:07.975 [AsyncHttpClient-1-14] DEBUG org.asynchttpclient.netty.channel.ChannelManager - Adding key: http://localhost:49218 for channel [id: 0x24f59d0f, L:/127.0.0.1:55323 - R:localhost/127.0.0.1:49218]
10:28:07.982 [Forwarding screenshot on session f1d208a3b5dec9eeb0a87ecbaffdc718 to remote] DEBUG org.asynchttpclient.netty.request.NettyRequestSender - Using pooled Channel '[id: 0x24f59d0f, L:/127.0.0.1:55323 - R:localhost/127.0.0.1:49218]' for 'GET' to 'http://localhost:49218/session/f1d208a3b5dec9eeb0a87ecbaffdc718/screenshot'
10:28:07.982 [Forwarding screenshot on session f1d208a3b5dec9eeb0a87ecbaffdc718 to remote] DEBUG org.asynchttpclient.netty.request.NettyRequestSender - Using open Channel [id: 0x24f59d0f, L:/127.0.0.1:55323 - R:localhost/127.0.0.1:49218] for GET '/session/f1d208a3b5dec9eeb0a87ecbaffdc718/screenshot'
10:28:08.115 [AsyncHttpClient-1-14] DEBUG org.asynchttpclient.netty.handler.HttpHandler - 

Request DefaultFullHttpRequest(decodeResult: success, version: HTTP/1.1, content: EmptyByteBufBE)
GET /session/f1d208a3b5dec9eeb0a87ecbaffdc718/screenshot HTTP/1.1
User-Agent: selenium/4.1.2 (java windows)
Cache-Control: no-cache
Content-Type: application/json; charset=utf-8
host: localhost:49218
accept: */*

Response DefaultHttpResponse(decodeResult: success, version: HTTP/1.1)
HTTP/1.1 200 OK
Content-Type: application/json; charset=utf-8
cache-control: no-cache
content-length: 224036

10:28:08.116 [AsyncHttpClient-1-14] DEBUG org.asynchttpclient.netty.channel.ChannelManager - Adding key: http://localhost:49218 for channel [id: 0x24f59d0f, L:/127.0.0.1:55323 - R:localhost/127.0.0.1:49218]
10:28:08.120 [main] DEBUG net.serenitybdd.core.photography.Darkroom - Send negative for processing for target\site\serenity\e8d821b8d74393323679b829001a55b86d2c3a3feaa8199c2e9ed334584eec6a.png
10:28:08.120 [main] DEBUG net.thucydides.core.steps.StepInterceptor - STEP DONE: inputPassword
  &amp#27;[32mWhen &amp#27;[0m&amp#27;[32mI input empty username&amp#27;[0m                           &amp#27;[90m# starter.stepdefinitions.LoginSteps.iInputEmptyUsername()&amp#27;[0m
10:28:08.120 [Darkroom Processing Line] DEBUG net.serenitybdd.core.photography.DarkroomProcessingLine - Processing screenshot image in /var/screenshots/screenshot-2527742150421115653
10:28:08.121 [Darkroom Processing Line] DEBUG net.serenitybdd.core.photography.DarkroomProcessingLine - Saving screenshot to target\site\serenity\e8d821b8d74393323679b829001a55b86d2c3a3feaa8199c2e9ed334584eec6a.png
10:28:08.129 [main] DEBUG net.thucydides.core.steps.StepInterceptor - STARTING STEP: LoginSteps.iInputEmptyPassword - inputPassword
10:28:08.131 [Forwarding findElement on session f1d208a3b5dec9eeb0a87ecbaffdc718 to remote] DEBUG org.asynchttpclient.netty.request.NettyRequestSender - Using pooled Channel '[id: 0x24f59d0f, L:/127.0.0.1:55323 - R:localhost/127.0.0.1:49218]' for 'POST' to 'http://localhost:49218/session/f1d208a3b5dec9eeb0a87ecbaffdc718/element'
10:28:08.131 [Forwarding findElement on session f1d208a3b5dec9eeb0a87ecbaffdc718 to remote] DEBUG org.asynchttpclient.netty.request.NettyRequestSender - Using open Channel [id: 0x24f59d0f, L:/127.0.0.1:55323 - R:localhost/127.0.0.1:49218] for POST '/session/f1d208a3b5dec9eeb0a87ecbaffdc718/element'
10:28:08.136 [AsyncHttpClient-1-14] DEBUG org.asynchttpclient.netty.handler.HttpHandler - 

Request DefaultHttpRequest(decodeResult: success, version: HTTP/1.1)
POST /session/f1d208a3b5dec9eeb0a87ecbaffdc718/element HTTP/1.1
User-Agent: selenium/4.1.2 (java windows)
Content-Length: 53
Content-Type: application/json; charset=utf-8
host: localhost:49218
accept: */*

Response DefaultHttpResponse(decodeResult: success, version: HTTP/1.1)
HTTP/1.1 200 OK
Content-Type: application/json; charset=utf-8
cache-control: no-cache
content-length: 88

10:28:08.136 [AsyncHttpClient-1-14] DEBUG org.asynchttpclient.netty.channel.ChannelManager - Adding key: http://localhost:49218 for channel [id: 0x24f59d0f, L:/127.0.0.1:55323 - R:localhost/127.0.0.1:49218]
10:28:08.136 [Forwarding clearElement on session f1d208a3b5dec9eeb0a87ecbaffdc718 to remote] DEBUG org.asynchttpclient.netty.request.NettyRequestSender - Using pooled Channel '[id: 0x24f59d0f, L:/127.0.0.1:55323 - R:localhost/127.0.0.1:49218]' for 'POST' to 'http://localhost:49218/session/f1d208a3b5dec9eeb0a87ecbaffdc718/element/7e4e367c-1310-4d60-94b0-a5a59c1e8dc3/clear'
10:28:08.137 [Forwarding clearElement on session f1d208a3b5dec9eeb0a87ecbaffdc718 to remote] DEBUG org.asynchttpclient.netty.request.NettyRequestSender - Using open Channel [id: 0x24f59d0f, L:/127.0.0.1:55323 - R:localhost/127.0.0.1:49218] for POST '/session/f1d208a3b5dec9eeb0a87ecbaffdc718/element/7e4e367c-1310-4d60-94b0-a5a59c1e8dc3/clear'
10:28:08.146 [AsyncHttpClient-1-14] DEBUG org.asynchttpclient.netty.handler.HttpHandler - 

Request DefaultHttpRequest(decodeResult: success, version: HTTP/1.1)
POST /session/f1d208a3b5dec9eeb0a87ecbaffdc718/element/7e4e367c-1310-4d60-94b0-a5a59c1e8dc3/clear HTTP/1.1
User-Agent: selenium/4.1.2 (java windows)
Content-Length: 50
Content-Type: application/json; charset=utf-8
host: localhost:49218
accept: */*

Response DefaultHttpResponse(decodeResult: success, version: HTTP/1.1)
HTTP/1.1 200 OK
Content-Type: application/json; charset=utf-8
cache-control: no-cache
content-length: 14

10:28:08.146 [AsyncHttpClient-1-14] DEBUG org.asynchttpclient.netty.channel.ChannelManager - Adding key: http://localhost:49218 for channel [id: 0x24f59d0f, L:/127.0.0.1:55323 - R:localhost/127.0.0.1:49218]
10:28:08.148 [Forwarding sendKeysToElement on session f1d208a3b5dec9eeb0a87ecbaffdc718 to remote] DEBUG org.asynchttpclient.netty.request.NettyRequestSender - Using pooled Channel '[id: 0x24f59d0f, L:/127.0.0.1:55323 - R:localhost/127.0.0.1:49218]' for 'POST' to 'http://localhost:49218/session/f1d208a3b5dec9eeb0a87ecbaffdc718/element/7e4e367c-1310-4d60-94b0-a5a59c1e8dc3/value'
10:28:08.148 [Forwarding sendKeysToElement on session f1d208a3b5dec9eeb0a87ecbaffdc718 to remote] DEBUG org.asynchttpclient.netty.request.NettyRequestSender - Using open Channel [id: 0x24f59d0f, L:/127.0.0.1:55323 - R:localhost/127.0.0.1:49218] for POST '/session/f1d208a3b5dec9eeb0a87ecbaffdc718/element/7e4e367c-1310-4d60-94b0-a5a59c1e8dc3/value'
10:28:08.156 [AsyncHttpClient-1-14] DEBUG org.asynchttpclient.netty.handler.HttpHandler - 

Request DefaultHttpRequest(decodeResult: success, version: HTTP/1.1)
POST /session/f1d208a3b5dec9eeb0a87ecbaffdc718/element/7e4e367c-1310-4d60-94b0-a5a59c1e8dc3/value HTTP/1.1
User-Agent: selenium/4.1.2 (java windows)
Content-Length: 82
Content-Type: application/json; charset=utf-8
host: localhost:49218
accept: */*

Response DefaultHttpResponse(decodeResult: success, version: HTTP/1.1)
HTTP/1.1 200 OK
Content-Type: application/json; charset=utf-8
cache-control: no-cache
content-length: 14

10:28:08.156 [AsyncHttpClient-1-14] DEBUG org.asynchttpclient.netty.channel.ChannelManager - Adding key: http://localhost:49218 for channel [id: 0x24f59d0f, L:/127.0.0.1:55323 - R:localhost/127.0.0.1:49218]
10:28:08.159 [main] DEBUG net.thucydides.core.steps.StepInterceptor - STEP DONE: inputPassword
  &amp#27;[32mAnd &amp#27;[0m&amp#27;[32mI input empty password&amp#27;[0m                            &amp#27;[90m# starter.stepdefinitions.LoginSteps.iInputEmptyPassword()&amp#27;[0m
10:28:08.168 [main] DEBUG net.thucydides.core.steps.StepInterceptor - STARTING STEP: LoginSteps.clickLoginButton - clickLoginButton
10:28:08.170 [Forwarding findElement on session f1d208a3b5dec9eeb0a87ecbaffdc718 to remote] DEBUG org.asynchttpclient.netty.request.NettyRequestSender - Using pooled Channel '[id: 0x24f59d0f, L:/127.0.0.1:55323 - R:localhost/127.0.0.1:49218]' for 'POST' to 'http://localhost:49218/session/f1d208a3b5dec9eeb0a87ecbaffdc718/element'
10:28:08.170 [Forwarding findElement on session f1d208a3b5dec9eeb0a87ecbaffdc718 to remote] DEBUG org.asynchttpclient.netty.request.NettyRequestSender - Using open Channel [id: 0x24f59d0f, L:/127.0.0.1:55323 - R:localhost/127.0.0.1:49218] for POST '/session/f1d208a3b5dec9eeb0a87ecbaffdc718/element'
10:28:08.176 [AsyncHttpClient-1-14] DEBUG org.asynchttpclient.netty.handler.HttpHandler - 

Request DefaultHttpRequest(decodeResult: success, version: HTTP/1.1)
POST /session/f1d208a3b5dec9eeb0a87ecbaffdc718/element HTTP/1.1
User-Agent: selenium/4.1.2 (java windows)
Content-Length: 65
Content-Type: application/json; charset=utf-8
host: localhost:49218
accept: */*

Response DefaultHttpResponse(decodeResult: success, version: HTTP/1.1)
HTTP/1.1 200 OK
Content-Type: application/json; charset=utf-8
cache-control: no-cache
content-length: 88

10:28:08.176 [AsyncHttpClient-1-14] DEBUG org.asynchttpclient.netty.channel.ChannelManager - Adding key: http://localhost:49218 for channel [id: 0x24f59d0f, L:/127.0.0.1:55323 - R:localhost/127.0.0.1:49218]
10:28:08.177 [Forwarding getElementTagName on session f1d208a3b5dec9eeb0a87ecbaffdc718 to remote] DEBUG org.asynchttpclient.netty.request.NettyRequestSender - Using pooled Channel '[id: 0x24f59d0f, L:/127.0.0.1:55323 - R:localhost/127.0.0.1:49218]' for 'GET' to 'http://localhost:49218/session/f1d208a3b5dec9eeb0a87ecbaffdc718/element/0a11e567-e29a-4cec-915c-5623462d7d37/name'
10:28:08.177 [Forwarding getElementTagName on session f1d208a3b5dec9eeb0a87ecbaffdc718 to remote] DEBUG org.asynchttpclient.netty.request.NettyRequestSender - Using open Channel [id: 0x24f59d0f, L:/127.0.0.1:55323 - R:localhost/127.0.0.1:49218] for GET '/session/f1d208a3b5dec9eeb0a87ecbaffdc718/element/0a11e567-e29a-4cec-915c-5623462d7d37/name'
10:28:08.180 [AsyncHttpClient-1-14] DEBUG org.asynchttpclient.netty.handler.HttpHandler - 

Request DefaultFullHttpRequest(decodeResult: success, version: HTTP/1.1, content: EmptyByteBufBE)
GET /session/f1d208a3b5dec9eeb0a87ecbaffdc718/element/0a11e567-e29a-4cec-915c-5623462d7d37/name HTTP/1.1
User-Agent: selenium/4.1.2 (java windows)
Cache-Control: no-cache
Content-Type: application/json; charset=utf-8
host: localhost:49218
accept: */*

Response DefaultHttpResponse(decodeResult: success, version: HTTP/1.1)
HTTP/1.1 200 OK
Content-Type: application/json; charset=utf-8
cache-control: no-cache
content-length: 18

10:28:08.180 [AsyncHttpClient-1-14] DEBUG org.asynchttpclient.netty.channel.ChannelManager - Adding key: http://localhost:49218 for channel [id: 0x24f59d0f, L:/127.0.0.1:55323 - R:localhost/127.0.0.1:49218]
10:28:08.181 [Forwarding getElementTagName on session f1d208a3b5dec9eeb0a87ecbaffdc718 to remote] DEBUG org.asynchttpclient.netty.request.NettyRequestSender - Using pooled Channel '[id: 0x24f59d0f, L:/127.0.0.1:55323 - R:localhost/127.0.0.1:49218]' for 'GET' to 'http://localhost:49218/session/f1d208a3b5dec9eeb0a87ecbaffdc718/element/0a11e567-e29a-4cec-915c-5623462d7d37/name'
10:28:08.181 [Forwarding getElementTagName on session f1d208a3b5dec9eeb0a87ecbaffdc718 to remote] DEBUG org.asynchttpclient.netty.request.NettyRequestSender - Using open Channel [id: 0x24f59d0f, L:/127.0.0.1:55323 - R:localhost/127.0.0.1:49218] for GET '/session/f1d208a3b5dec9eeb0a87ecbaffdc718/element/0a11e567-e29a-4cec-915c-5623462d7d37/name'
10:28:08.184 [AsyncHttpClient-1-14] DEBUG org.asynchttpclient.netty.handler.HttpHandler - 

Request DefaultFullHttpRequest(decodeResult: success, version: HTTP/1.1, content: EmptyByteBufBE)
GET /session/f1d208a3b5dec9eeb0a87ecbaffdc718/element/0a11e567-e29a-4cec-915c-5623462d7d37/name HTTP/1.1
User-Agent: selenium/4.1.2 (java windows)
Cache-Control: no-cache
Content-Type: application/json; charset=utf-8
host: localhost:49218
accept: */*

Response DefaultHttpResponse(decodeResult: success, version: HTTP/1.1)
HTTP/1.1 200 OK
Content-Type: application/json; charset=utf-8
cache-control: no-cache
content-length: 18

10:28:08.184 [AsyncHttpClient-1-14] DEBUG org.asynchttpclient.netty.channel.ChannelManager - Adding key: http://localhost:49218 for channel [id: 0x24f59d0f, L:/127.0.0.1:55323 - R:localhost/127.0.0.1:49218]
10:28:08.185 [Forwarding isElementEnabled on session f1d208a3b5dec9eeb0a87ecbaffdc718 to remote] DEBUG org.asynchttpclient.netty.request.NettyRequestSender - Using pooled Channel '[id: 0x24f59d0f, L:/127.0.0.1:55323 - R:localhost/127.0.0.1:49218]' for 'GET' to 'http://localhost:49218/session/f1d208a3b5dec9eeb0a87ecbaffdc718/element/0a11e567-e29a-4cec-915c-5623462d7d37/enabled'
10:28:08.185 [Forwarding isElementEnabled on session f1d208a3b5dec9eeb0a87ecbaffdc718 to remote] DEBUG org.asynchttpclient.netty.request.NettyRequestSender - Using open Channel [id: 0x24f59d0f, L:/127.0.0.1:55323 - R:localhost/127.0.0.1:49218] for GET '/session/f1d208a3b5dec9eeb0a87ecbaffdc718/element/0a11e567-e29a-4cec-915c-5623462d7d37/enabled'
10:28:08.191 [AsyncHttpClient-1-14] DEBUG org.asynchttpclient.netty.handler.HttpHandler - 

Request DefaultFullHttpRequest(decodeResult: success, version: HTTP/1.1, content: EmptyByteBufBE)
GET /session/f1d208a3b5dec9eeb0a87ecbaffdc718/element/0a11e567-e29a-4cec-915c-5623462d7d37/enabled HTTP/1.1
User-Agent: selenium/4.1.2 (java windows)
Cache-Control: no-cache
Content-Type: application/json; charset=utf-8
host: localhost:49218
accept: */*

Response DefaultHttpResponse(decodeResult: success, version: HTTP/1.1)
HTTP/1.1 200 OK
Content-Type: application/json; charset=utf-8
cache-control: no-cache
content-length: 14

10:28:08.191 [AsyncHttpClient-1-14] DEBUG org.asynchttpclient.netty.channel.ChannelManager - Adding key: http://localhost:49218 for channel [id: 0x24f59d0f, L:/127.0.0.1:55323 - R:localhost/127.0.0.1:49218]
10:28:08.192 [Forwarding isElementEnabled on session f1d208a3b5dec9eeb0a87ecbaffdc718 to remote] DEBUG org.asynchttpclient.netty.request.NettyRequestSender - Using pooled Channel '[id: 0x24f59d0f, L:/127.0.0.1:55323 - R:localhost/127.0.0.1:49218]' for 'GET' to 'http://localhost:49218/session/f1d208a3b5dec9eeb0a87ecbaffdc718/element/0a11e567-e29a-4cec-915c-5623462d7d37/enabled'
10:28:08.192 [Forwarding isElementEnabled on session f1d208a3b5dec9eeb0a87ecbaffdc718 to remote] DEBUG org.asynchttpclient.netty.request.NettyRequestSender - Using open Channel [id: 0x24f59d0f, L:/127.0.0.1:55323 - R:localhost/127.0.0.1:49218] for GET '/session/f1d208a3b5dec9eeb0a87ecbaffdc718/element/0a11e567-e29a-4cec-915c-5623462d7d37/enabled'
10:28:08.195 [AsyncHttpClient-1-14] DEBUG org.asynchttpclient.netty.handler.HttpHandler - 

Request DefaultFullHttpRequest(decodeResult: success, version: HTTP/1.1, content: EmptyByteBufBE)
GET /session/f1d208a3b5dec9eeb0a87ecbaffdc718/element/0a11e567-e29a-4cec-915c-5623462d7d37/enabled HTTP/1.1
User-Agent: selenium/4.1.2 (java windows)
Cache-Control: no-cache
Content-Type: application/json; charset=utf-8
host: localhost:49218
accept: */*

Response DefaultHttpResponse(decodeResult: success, version: HTTP/1.1)
HTTP/1.1 200 OK
Content-Type: application/json; charset=utf-8
cache-control: no-cache
content-length: 14

10:28:08.195 [AsyncHttpClient-1-14] DEBUG org.asynchttpclient.netty.channel.ChannelManager - Adding key: http://localhost:49218 for channel [id: 0x24f59d0f, L:/127.0.0.1:55323 - R:localhost/127.0.0.1:49218]
10:28:08.196 [Forwarding findElement on session f1d208a3b5dec9eeb0a87ecbaffdc718 to remote] DEBUG org.asynchttpclient.netty.request.NettyRequestSender - Using pooled Channel '[id: 0x24f59d0f, L:/127.0.0.1:55323 - R:localhost/127.0.0.1:49218]' for 'POST' to 'http://localhost:49218/session/f1d208a3b5dec9eeb0a87ecbaffdc718/element'
10:28:08.196 [Forwarding findElement on session f1d208a3b5dec9eeb0a87ecbaffdc718 to remote] DEBUG org.asynchttpclient.netty.request.NettyRequestSender - Using open Channel [id: 0x24f59d0f, L:/127.0.0.1:55323 - R:localhost/127.0.0.1:49218] for POST '/session/f1d208a3b5dec9eeb0a87ecbaffdc718/element'
10:28:08.201 [AsyncHttpClient-1-14] DEBUG org.asynchttpclient.netty.handler.HttpHandler - 

Request DefaultHttpRequest(decodeResult: success, version: HTTP/1.1)
POST /session/f1d208a3b5dec9eeb0a87ecbaffdc718/element HTTP/1.1
User-Agent: selenium/4.1.2 (java windows)
Content-Length: 65
Content-Type: application/json; charset=utf-8
host: localhost:49218
accept: */*

Response DefaultHttpResponse(decodeResult: success, version: HTTP/1.1)
HTTP/1.1 200 OK
Content-Type: application/json; charset=utf-8
cache-control: no-cache
content-length: 88

10:28:08.201 [AsyncHttpClient-1-14] DEBUG org.asynchttpclient.netty.channel.ChannelManager - Adding key: http://localhost:49218 for channel [id: 0x24f59d0f, L:/127.0.0.1:55323 - R:localhost/127.0.0.1:49218]
10:28:08.202 [Forwarding clickElement on session f1d208a3b5dec9eeb0a87ecbaffdc718 to remote] DEBUG org.asynchttpclient.netty.request.NettyRequestSender - Using pooled Channel '[id: 0x24f59d0f, L:/127.0.0.1:55323 - R:localhost/127.0.0.1:49218]' for 'POST' to 'http://localhost:49218/session/f1d208a3b5dec9eeb0a87ecbaffdc718/element/0a11e567-e29a-4cec-915c-5623462d7d37/click'
10:28:08.202 [Forwarding clickElement on session f1d208a3b5dec9eeb0a87ecbaffdc718 to remote] DEBUG org.asynchttpclient.netty.request.NettyRequestSender - Using open Channel [id: 0x24f59d0f, L:/127.0.0.1:55323 - R:localhost/127.0.0.1:49218] for POST '/session/f1d208a3b5dec9eeb0a87ecbaffdc718/element/0a11e567-e29a-4cec-915c-5623462d7d37/click'
10:28:08.233 [AsyncHttpClient-1-14] DEBUG org.asynchttpclient.netty.handler.HttpHandler - 

Request DefaultHttpRequest(decodeResult: success, version: HTTP/1.1)
POST /session/f1d208a3b5dec9eeb0a87ecbaffdc718/element/0a11e567-e29a-4cec-915c-5623462d7d37/click HTTP/1.1
User-Agent: selenium/4.1.2 (java windows)
Content-Length: 50
Content-Type: application/json; charset=utf-8
host: localhost:49218
accept: */*

Response DefaultHttpResponse(decodeResult: success, version: HTTP/1.1)
HTTP/1.1 200 OK
Content-Type: application/json; charset=utf-8
cache-control: no-cache
content-length: 14

10:28:08.234 [AsyncHttpClient-1-14] DEBUG org.asynchttpclient.netty.channel.ChannelManager - Adding key: http://localhost:49218 for channel [id: 0x24f59d0f, L:/127.0.0.1:55323 - R:localhost/127.0.0.1:49218]
10:28:08.238 [Forwarding screenshot on session f1d208a3b5dec9eeb0a87ecbaffdc718 to remote] DEBUG org.asynchttpclient.netty.request.NettyRequestSender - Using pooled Channel '[id: 0x24f59d0f, L:/127.0.0.1:55323 - R:localhost/127.0.0.1:49218]' for 'GET' to 'http://localhost:49218/session/f1d208a3b5dec9eeb0a87ecbaffdc718/screenshot'
10:28:08.238 [Forwarding screenshot on session f1d208a3b5dec9eeb0a87ecbaffdc718 to remote] DEBUG org.asynchttpclient.netty.request.NettyRequestSender - Using open Channel [id: 0x24f59d0f, L:/127.0.0.1:55323 - R:localhost/127.0.0.1:49218] for GET '/session/f1d208a3b5dec9eeb0a87ecbaffdc718/screenshot'
10:28:08.364 [AsyncHttpClient-1-14] DEBUG org.asynchttpclient.netty.handler.HttpHandler - 

Request DefaultFullHttpRequest(decodeResult: success, version: HTTP/1.1, content: EmptyByteBufBE)
GET /session/f1d208a3b5dec9eeb0a87ecbaffdc718/screenshot HTTP/1.1
User-Agent: selenium/4.1.2 (java windows)
Cache-Control: no-cache
Content-Type: application/json; charset=utf-8
host: localhost:49218
accept: */*

Response DefaultHttpResponse(decodeResult: success, version: HTTP/1.1)
HTTP/1.1 200 OK
Content-Type: application/json; charset=utf-8
cache-control: no-cache
content-length: 226748

10:28:08.364 [AsyncHttpClient-1-14] DEBUG org.asynchttpclient.netty.channel.ChannelManager - Adding key: http://localhost:49218 for channel [id: 0x24f59d0f, L:/127.0.0.1:55323 - R:localhost/127.0.0.1:49218]
10:28:08.368 [main] DEBUG net.serenitybdd.core.photography.Darkroom - Send negative for processing for target\site\serenity\3c3fde7a49a4cf20a97e275592055bdf0910e84ef2d4177d8779941b2c46c6f3.png
10:28:08.369 [main] DEBUG net.thucydides.core.steps.StepInterceptor - STEP DONE: clickLoginButton
10:28:08.369 [Darkroom Processing Line] DEBUG net.serenitybdd.core.photography.DarkroomProcessingLine - Processing screenshot image in /var/screenshots/screenshot-1098593295676149882
  &amp#27;[32mAnd &amp#27;[0m&amp#27;[32mclick login button&amp#27;[0m                                &amp#27;[90m# starter.stepdefinitions.LoginSteps.clickLoginButton()&amp#27;[0m
10:28:08.369 [Darkroom Processing Line] DEBUG net.serenitybdd.core.photography.DarkroomProcessingLine - Saving screenshot to target\site\serenity\3c3fde7a49a4cf20a97e275592055bdf0910e84ef2d4177d8779941b2c46c6f3.png
10:28:08.380 [main] DEBUG net.thucydides.core.steps.StepInterceptor - STARTING STEP: LoginSteps.stillOnTheLoginPage - headerAppears
10:28:08.381 [Forwarding findElement on session f1d208a3b5dec9eeb0a87ecbaffdc718 to remote] DEBUG org.asynchttpclient.netty.request.NettyRequestSender - Using pooled Channel '[id: 0x24f59d0f, L:/127.0.0.1:55323 - R:localhost/127.0.0.1:49218]' for 'POST' to 'http://localhost:49218/session/f1d208a3b5dec9eeb0a87ecbaffdc718/element'
10:28:08.381 [Forwarding findElement on session f1d208a3b5dec9eeb0a87ecbaffdc718 to remote] DEBUG org.asynchttpclient.netty.request.NettyRequestSender - Using open Channel [id: 0x24f59d0f, L:/127.0.0.1:55323 - R:localhost/127.0.0.1:49218] for POST '/session/f1d208a3b5dec9eeb0a87ecbaffdc718/element'
10:28:08.390 [AsyncHttpClient-1-14] DEBUG org.asynchttpclient.netty.handler.HttpHandler - 

Request DefaultHttpRequest(decodeResult: success, version: HTTP/1.1)
POST /session/f1d208a3b5dec9eeb0a87ecbaffdc718/element HTTP/1.1
User-Agent: selenium/4.1.2 (java windows)
Content-Length: 102
Content-Type: application/json; charset=utf-8
host: localhost:49218
accept: */*

Response DefaultHttpResponse(decodeResult: success, version: HTTP/1.1)
HTTP/1.1 200 OK
Content-Type: application/json; charset=utf-8
cache-control: no-cache
content-length: 88

10:28:08.390 [AsyncHttpClient-1-14] DEBUG org.asynchttpclient.netty.channel.ChannelManager - Adding key: http://localhost:49218 for channel [id: 0x24f59d0f, L:/127.0.0.1:55323 - R:localhost/127.0.0.1:49218]
10:28:08.392 [Forwarding isElementDisplayed on session f1d208a3b5dec9eeb0a87ecbaffdc718 to remote] DEBUG org.asynchttpclient.netty.request.NettyRequestSender - Using pooled Channel '[id: 0x24f59d0f, L:/127.0.0.1:55323 - R:localhost/127.0.0.1:49218]' for 'POST' to 'http://localhost:49218/session/f1d208a3b5dec9eeb0a87ecbaffdc718/execute/sync'
10:28:08.393 [Forwarding isElementDisplayed on session f1d208a3b5dec9eeb0a87ecbaffdc718 to remote] DEBUG org.asynchttpclient.netty.request.NettyRequestSender - Using open Channel [id: 0x24f59d0f, L:/127.0.0.1:55323 - R:localhost/127.0.0.1:49218] for POST '/session/f1d208a3b5dec9eeb0a87ecbaffdc718/execute/sync'
10:28:08.401 [AsyncHttpClient-1-14] DEBUG org.asynchttpclient.netty.handler.HttpHandler - 

Request DefaultHttpRequest(decodeResult: success, version: HTTP/1.1)
POST /session/f1d208a3b5dec9eeb0a87ecbaffdc718/execute/sync HTTP/1.1
User-Agent: selenium/4.1.2 (java windows)
Content-Length: 48780
Content-Type: application/json; charset=utf-8
host: localhost:49218
accept: */*

Response DefaultHttpResponse(decodeResult: success, version: HTTP/1.1)
HTTP/1.1 200 OK
Content-Type: application/json; charset=utf-8
cache-control: no-cache
content-length: 14

10:28:08.401 [AsyncHttpClient-1-14] DEBUG org.asynchttpclient.netty.channel.ChannelManager - Adding key: http://localhost:49218 for channel [id: 0x24f59d0f, L:/127.0.0.1:55323 - R:localhost/127.0.0.1:49218]
10:28:08.404 [main] DEBUG net.thucydides.core.steps.StepInterceptor - STEP DONE: headerAppears
10:28:08.407 [main] DEBUG net.thucydides.core.steps.StepInterceptor - STARTING STEP: LoginSteps.stillOnTheLoginPage - headerTextEqual
10:28:08.408 [Forwarding findElement on session f1d208a3b5dec9eeb0a87ecbaffdc718 to remote] DEBUG org.asynchttpclient.netty.request.NettyRequestSender - Using pooled Channel '[id: 0x24f59d0f, L:/127.0.0.1:55323 - R:localhost/127.0.0.1:49218]' for 'POST' to 'http://localhost:49218/session/f1d208a3b5dec9eeb0a87ecbaffdc718/element'
10:28:08.408 [Forwarding findElement on session f1d208a3b5dec9eeb0a87ecbaffdc718 to remote] DEBUG org.asynchttpclient.netty.request.NettyRequestSender - Using open Channel [id: 0x24f59d0f, L:/127.0.0.1:55323 - R:localhost/127.0.0.1:49218] for POST '/session/f1d208a3b5dec9eeb0a87ecbaffdc718/element'
10:28:08.412 [AsyncHttpClient-1-14] DEBUG org.asynchttpclient.netty.handler.HttpHandler - 

Request DefaultHttpRequest(decodeResult: success, version: HTTP/1.1)
POST /session/f1d208a3b5dec9eeb0a87ecbaffdc718/element HTTP/1.1
User-Agent: selenium/4.1.2 (java windows)
Content-Length: 102
Content-Type: application/json; charset=utf-8
host: localhost:49218
accept: */*

Response DefaultHttpResponse(decodeResult: success, version: HTTP/1.1)
HTTP/1.1 200 OK
Content-Type: application/json; charset=utf-8
cache-control: no-cache
content-length: 88

10:28:08.412 [AsyncHttpClient-1-14] DEBUG org.asynchttpclient.netty.channel.ChannelManager - Adding key: http://localhost:49218 for channel [id: 0x24f59d0f, L:/127.0.0.1:55323 - R:localhost/127.0.0.1:49218]
10:28:08.413 [Forwarding getElementText on session f1d208a3b5dec9eeb0a87ecbaffdc718 to remote] DEBUG org.asynchttpclient.netty.request.NettyRequestSender - Using pooled Channel '[id: 0x24f59d0f, L:/127.0.0.1:55323 - R:localhost/127.0.0.1:49218]' for 'GET' to 'http://localhost:49218/session/f1d208a3b5dec9eeb0a87ecbaffdc718/element/5f315904-6d69-4c40-be9a-90eee5f7b163/text'
10:28:08.413 [Forwarding getElementText on session f1d208a3b5dec9eeb0a87ecbaffdc718 to remote] DEBUG org.asynchttpclient.netty.request.NettyRequestSender - Using open Channel [id: 0x24f59d0f, L:/127.0.0.1:55323 - R:localhost/127.0.0.1:49218] for GET '/session/f1d208a3b5dec9eeb0a87ecbaffdc718/element/5f315904-6d69-4c40-be9a-90eee5f7b163/text'
10:28:08.421 [AsyncHttpClient-1-14] DEBUG org.asynchttpclient.netty.handler.HttpHandler - 

Request DefaultFullHttpRequest(decodeResult: success, version: HTTP/1.1, content: EmptyByteBufBE)
GET /session/f1d208a3b5dec9eeb0a87ecbaffdc718/element/5f315904-6d69-4c40-be9a-90eee5f7b163/text HTTP/1.1
User-Agent: selenium/4.1.2 (java windows)
Cache-Control: no-cache
Content-Type: application/json; charset=utf-8
host: localhost:49218
accept: */*

Response DefaultHttpResponse(decodeResult: success, version: HTTP/1.1)
HTTP/1.1 200 OK
Content-Type: application/json; charset=utf-8
cache-control: no-cache
content-length: 17

10:28:08.421 [AsyncHttpClient-1-14] DEBUG org.asynchttpclient.netty.channel.ChannelManager - Adding key: http://localhost:49218 for channel [id: 0x24f59d0f, L:/127.0.0.1:55323 - R:localhost/127.0.0.1:49218]
10:28:08.424 [Forwarding screenshot on session f1d208a3b5dec9eeb0a87ecbaffdc718 to remote] DEBUG org.asynchttpclient.netty.request.NettyRequestSender - Using pooled Channel '[id: 0x24f59d0f, L:/127.0.0.1:55323 - R:localhost/127.0.0.1:49218]' for 'GET' to 'http://localhost:49218/session/f1d208a3b5dec9eeb0a87ecbaffdc718/screenshot'
10:28:08.424 [Forwarding screenshot on session f1d208a3b5dec9eeb0a87ecbaffdc718 to remote] DEBUG org.asynchttpclient.netty.request.NettyRequestSender - Using open Channel [id: 0x24f59d0f, L:/127.0.0.1:55323 - R:localhost/127.0.0.1:49218] for GET '/session/f1d208a3b5dec9eeb0a87ecbaffdc718/screenshot'
10:28:08.531 [AsyncHttpClient-1-14] DEBUG org.asynchttpclient.netty.handler.HttpHandler - 

Request DefaultFullHttpRequest(decodeResult: success, version: HTTP/1.1, content: EmptyByteBufBE)
GET /session/f1d208a3b5dec9eeb0a87ecbaffdc718/screenshot HTTP/1.1
User-Agent: selenium/4.1.2 (java windows)
Cache-Control: no-cache
Content-Type: application/json; charset=utf-8
host: localhost:49218
accept: */*

Response DefaultHttpResponse(decodeResult: success, version: HTTP/1.1)
HTTP/1.1 200 OK
Content-Type: application/json; charset=utf-8
cache-control: no-cache
content-length: 226712

10:28:08.532 [AsyncHttpClient-1-14] DEBUG org.asynchttpclient.netty.channel.ChannelManager - Adding key: http://localhost:49218 for channel [id: 0x24f59d0f, L:/127.0.0.1:55323 - R:localhost/127.0.0.1:49218]
10:28:08.536 [main] DEBUG net.serenitybdd.core.photography.Darkroom - Send negative for processing for target\site\serenity\dcf14fd066e6fe60e14fa13186370dd13536a7e9c5e28471efd6419ee0ad0cb2.png
10:28:08.536 [main] DEBUG net.thucydides.core.steps.StepInterceptor - STEP DONE: headerTextEqual
  &amp#27;[32mThen &amp#27;[0m&amp#27;[32mI'm still on the login page&amp#27;[0m                      &amp#27;[90m# starter.stepdefinitions.LoginSteps.stillOnTheLoginPage()&amp#27;[0m
10:28:08.536 [Darkroom Processing Line] DEBUG net.serenitybdd.core.photography.DarkroomProcessingLine - Processing screenshot image in /var/screenshots/screenshot-18440767562404981543
10:28:08.536 [Darkroom Processing Line] DEBUG net.serenitybdd.core.photography.DarkroomProcessingLine - Saving screenshot to target\site\serenity\dcf14fd066e6fe60e14fa13186370dd13536a7e9c5e28471efd6419ee0ad0cb2.png
10:28:08.542 [main] INFO  - 
  _____   ___   ___   _____     ___     _     ___   ___   ___   ___  
 |_   _| | __| / __| |_   _|   | _ \   /_\   / __| / __| | __| |   \ 
   | |   | _|  \__ \   | |     |  _/  / _ \  \__ \ \__ \ | _|  | |) |
   |_|   |___| |___/   |_|     |_|   /_/ \_\ |___/ |___/ |___| |___/ 

Failed login with empty username and password
----------------------------------------------------------------------
10:28:08.543 [AsyncHttpClient-1-16] DEBUG org.asynchttpclient.netty.handler.WebSocketHandler - Channel Closed: [id: 0xf61c377b, L:/127.0.0.1:55339 ! R:localhost/127.0.0.1:55329] with attribute NettyResponseFuture{currentRetry=5,
	isDone=1,
	isCancelled=0,
	asyncHandler=org.asynchttpclient.ws.WebSocketUpgradeHandler@31017274,
	nettyRequest=org.asynchttpclient.netty.request.NettyRequest@7403ea30,
	future=java.util.concurrent.CompletableFuture@7c1fc8d[Completed normally],
	uri=ws://localhost:55329/devtools/browser/8bbd3d24-76d9-4cc0-b030-5bfabb9729bb,
	keepAlive=true,
	redirectCount=0,
	timeoutsHolder=null,
	inAuth=0,
	touch=1648610881781}
10:28:08.543 [AsyncHttpClient-1-16] DEBUG org.asynchttpclient.netty.channel.ChannelManager - Closing Channel [id: 0xf61c377b, L:/127.0.0.1:55339 ! R:localhost/127.0.0.1:55329] 
10:28:08.543 [Driver Command Executor] DEBUG org.asynchttpclient.netty.request.NettyRequestSender - Using pooled Channel '[id: 0x24f59d0f, L:/127.0.0.1:55323 - R:localhost/127.0.0.1:49218]' for 'DELETE' to 'http://localhost:49218/session/f1d208a3b5dec9eeb0a87ecbaffdc718'
10:28:08.543 [Driver Command Executor] DEBUG org.asynchttpclient.netty.request.NettyRequestSender - Using open Channel [id: 0x24f59d0f, L:/127.0.0.1:55323 - R:localhost/127.0.0.1:49218] for DELETE '/session/f1d208a3b5dec9eeb0a87ecbaffdc718'
10:28:08.560 [AsyncHttpClient-1-15] DEBUG org.asynchttpclient.netty.handler.HttpHandler - Unexpected I/O exception on channel [id: 0x0bbf577e, L:/127.0.0.1:55338 - R:localhost/127.0.0.1:55329]
java.net.SocketException: Connection reset
	at java.base/sun.nio.ch.SocketChannelImpl.throwConnectionReset(SocketChannelImpl.java:394)
	at java.base/sun.nio.ch.SocketChannelImpl.read(SocketChannelImpl.java:426)
	at io.netty.buffer.PooledByteBuf.setBytes(PooledByteBuf.java:258)
	at io.netty.buffer.AbstractByteBuf.writeBytes(AbstractByteBuf.java:1132)
	at io.netty.channel.socket.nio.NioSocketChannel.doReadBytes(NioSocketChannel.java:350)
	at io.netty.channel.nio.AbstractNioByteChannel$NioByteUnsafe.read(AbstractNioByteChannel.java:151)
	at io.netty.channel.nio.NioEventLoop.processSelectedKey(NioEventLoop.java:722)
	at io.netty.channel.nio.NioEventLoop.processSelectedKeysOptimized(NioEventLoop.java:658)
	at io.netty.channel.nio.NioEventLoop.processSelectedKeys(NioEventLoop.java:584)
	at io.netty.channel.nio.NioEventLoop.run(NioEventLoop.java:496)
	at io.netty.util.concurrent.SingleThreadEventExecutor$4.run(SingleThreadEventExecutor.java:986)
	at io.netty.util.internal.ThreadExecutorMap$2.run(ThreadExecutorMap.java:74)
	at io.netty.util.concurrent.FastThreadLocalRunnable.run(FastThreadLocalRunnable.java:30)
	at java.base/java.lang.Thread.run(Thread.java:833)
10:28:08.560 [AsyncHttpClient-1-15] DEBUG org.asynchttpclient.netty.channel.ChannelManager - Closing Channel [id: 0x0bbf577e, L:/127.0.0.1:55338 - R:localhost/127.0.0.1:55329] 
10:28:08.561 [AsyncHttpClient-1-15] DEBUG org.asynchttpclient.netty.handler.HttpHandler - Channel Closed: [id: 0x0bbf577e, L:/127.0.0.1:55338 ! R:localhost/127.0.0.1:55329] with attribute DISCARD
10:28:08.575 [AsyncHttpClient-1-14] DEBUG org.asynchttpclient.netty.handler.HttpHandler - 

Request DefaultFullHttpRequest(decodeResult: success, version: HTTP/1.1, content: EmptyByteBufBE)
DELETE /session/f1d208a3b5dec9eeb0a87ecbaffdc718 HTTP/1.1
User-Agent: selenium/4.1.2 (java windows)
Content-Type: application/json; charset=utf-8
host: localhost:49218
accept: */*

Response DefaultHttpResponse(decodeResult: success, version: HTTP/1.1)
HTTP/1.1 200 OK
Content-Type: application/json; charset=utf-8
cache-control: no-cache
content-length: 14

10:28:08.576 [AsyncHttpClient-1-14] DEBUG org.asynchttpclient.netty.channel.ChannelManager - Adding key: http://localhost:49218 for channel [id: 0x24f59d0f, L:/127.0.0.1:55323 - R:localhost/127.0.0.1:49218]
10:28:08.691 [AsyncHttpClient-1-14] DEBUG org.asynchttpclient.netty.handler.HttpHandler - Channel Closed: [id: 0x24f59d0f, L:/127.0.0.1:55323 ! R:localhost/127.0.0.1:49218] with attribute DISCARD
]]></system-out>
    <system-err><![CDATA[Starting ChromeDriver 99.0.4844.51 (d537ec02474b5afe23684e7963d538896c63ac77-refs/branch-heads/4844@{#875}) on port 49218
Only local connections are allowed.
Please see https://chromedriver.chromium.org/security-considerations for suggestions on keeping ChromeDriver safe.
ChromeDriver was started successfully.
Mar 30, 2022 10:28:01 AM org.openqa.selenium.remote.ProtocolHandshake createSession
INFO: Detected dialect: W3C
Mar 30, 2022 10:28:01 AM org.openqa.selenium.devtools.CdpVersionFinder findNearestMatch
WARNING: Unable to find an exact match for CDP version 99, so returning the closest version found: 97
Mar 30, 2022 10:28:01 AM org.openqa.selenium.devtools.CdpVersionFinder findNearestMatch
INFO: Found CDP implementation for version 99 of 97
]]></system-err>
  </testcase>
</testsuite>